# JRE version: Java(TM) SE Runtime Environment (7.0_79-b15) (build 1.7.0_79-b15)
# Java VM: Java HotSpot(TM) 64-Bit Server VM (24.79-b02 mixed mode windows-amd64 compressed oops)
Heap
 PSYoungGen      total 276992K, used 16174K [0x00000007d6a80000, 0x00000007ea180000, 0x0000000800000000)
  eden space 252416K, 6% used [0x00000007d6a80000,0x00000007d7a4bb30,0x00000007e6100000)
  from space 24576K, 0% used [0x00000007e7e80000,0x00000007e7e80000,0x00000007e9680000)
  to   space 30208K, 0% used [0x00000007e6100000,0x00000007e6100000,0x00000007e7e80000)
 ParOldGen       total 156160K, used 119129K [0x0000000784000000, 0x000000078d880000, 0x00000007d6a80000)
  object space 156160K, 76% used [0x0000000784000000,0x000000078b4565e8,0x000000078d880000)
 PSPermGen       total 83968K, used 42744K [0x000000077ee00000, 0x0000000784000000, 0x0000000784000000)
  object space 83968K, 50% used [0x000000077ee00000,0x00000007817be358,0x0000000784000000)
GC Heap History (10 events):
Event: 19.699 GC heap before
{Heap before GC invocations=11 (full 1):
 PSYoungGen      total 282624K, used 282592K [0x00000007d6a80000, 0x00000007ea180000, 0x0000000800000000)
  eden space 252416K, 100% used [0x00000007d6a80000,0x00000007e6100000,0x00000007e6100000)
  from space 30208K, 99% used [0x00000007e6100000,0x00000007e7e78040,0x00000007e7e80000)
  to   space 24576K, 0% used [0x00000007e7e80000,0x00000007e7e80000,0x00000007e9680000)
 ParOldGen       total 156160K, used 113173K [0x0000000784000000, 0x000000078d880000, 0x00000007d6a80000)
  object space 156160K, 72% used [0x0000000784000000,0x000000078ae854d0,0x000000078d880000)
 PSPermGen       total 83456K, used 42600K [0x000000077ee00000, 0x0000000783f80000, 0x0000000784000000)
  object space 83456K, 51% used [0x000000077ee00000,0x000000078179a110,0x0000000783f80000)
Event: 19.849 GC heap after
Heap after GC invocations=11 (full 1):
 PSYoungGen      total 276992K, used 24544K [0x00000007d6a80000, 0x00000007ea180000, 0x0000000800000000)
  eden space 252416K, 0% used [0x00000007d6a80000,0x00000007d6a80000,0x00000007e6100000)
  from space 24576K, 99% used [0x00000007e7e80000,0x00000007e9678040,0x00000007e9680000)
  to   space 30208K, 0% used [0x00000007e6100000,0x00000007e6100000,0x00000007e7e80000)
 ParOldGen       total 156160K, used 152197K [0x0000000784000000, 0x000000078d880000, 0x00000007d6a80000)
  object space 156160K, 97% used [0x0000000784000000,0x000000078d4a14d0,0x000000078d880000)
 PSPermGen       total 83456K, used 42600K [0x000000077ee00000, 0x0000000783f80000, 0x0000000784000000)
  object space 83456K, 51% used [0x000000077ee00000,0x000000078179a110,0x0000000783f80000)
}
Event: 19.849 GC heap before
{Heap before GC invocations=12 (full 2):
 PSYoungGen      total 276992K, used 24544K [0x00000007d6a80000, 0x00000007ea180000, 0x0000000800000000)
  eden space 252416K, 0% used [0x00000007d6a80000,0x00000007d6a80000,0x00000007e6100000)
  from space 24576K, 99% used [0x00000007e7e80000,0x00000007e9678040,0x00000007e9680000)
  to   space 30208K, 0% used [0x00000007e6100000,0x00000007e6100000,0x00000007e7e80000)
 ParOldGen       total 156160K, used 152197K [0x0000000784000000, 0x000000078d880000, 0x00000007d6a80000)
  object space 156160K, 97% used [0x0000000784000000,0x000000078d4a14d0,0x000000078d880000)
 PSPermGen       total 83456K, used 42600K [0x000000077ee00000, 0x0000000783f80000, 0x0000000784000000)
  object space 83456K, 51% used [0x000000077ee00000,0x000000078179a110,0x0000000783f80000)
Event: 20.712 GC heap after
Heap after GC invocations=12 (full 2):
 PSYoungGen      total 276992K, used 0K [0x00000007d6a80000, 0x00000007ea180000, 0x0000000800000000)
  eden space 252416K, 0% used [0x00000007d6a80000,0x00000007d6a80000,0x00000007e6100000)
  from space 24576K, 0% used [0x00000007e7e80000,0x00000007e7e80000,0x00000007e9680000)
  to   space 30208K, 0% used [0x00000007e6100000,0x00000007e6100000,0x00000007e7e80000)
 ParOldGen       total 156160K, used 56521K [0x0000000784000000, 0x000000078d880000, 0x00000007d6a80000)
  object space 156160K, 36% used [0x0000000784000000,0x00000007877326b0,0x000000078d880000)
 PSPermGen       total 83456K, used 42599K [0x000000077ee00000, 0x0000000783f80000, 0x0000000784000000)
  object space 83456K, 51% used [0x000000077ee00000,0x0000000781799e38,0x0000000783f80000)
}
Event: 21.592 GC heap before
{Heap before GC invocations=13 (full 2):
 PSYoungGen      total 276992K, used 252416K [0x00000007d6a80000, 0x00000007ea180000, 0x0000000800000000)
  eden space 252416K, 100% used [0x00000007d6a80000,0x00000007e6100000,0x00000007e6100000)
  from space 24576K, 0% used [0x00000007e7e80000,0x00000007e7e80000,0x00000007e9680000)
  to   space 30208K, 0% used [0x00000007e6100000,0x00000007e6100000,0x00000007e7e80000)
 ParOldGen       total 156160K, used 56521K [0x0000000784000000, 0x000000078d880000, 0x00000007d6a80000)
  object space 156160K, 36% used [0x0000000784000000,0x00000007877326b0,0x000000078d880000)
 PSPermGen       total 83456K, used 42599K [0x000000077ee00000, 0x0000000783f80000, 0x0000000784000000)
  object space 83456K, 51% used [0x000000077ee00000,0x0000000781799e38,0x0000000783f80000)
Event: 21.690 GC heap after
Heap after GC invocations=13 (full 2):
 PSYoungGen      total 282624K, used 30176K [0x00000007d6a80000, 0x00000007ea180000, 0x0000000800000000)
  eden space 252416K, 0% used [0x00000007d6a80000,0x00000007d6a80000,0x00000007e6100000)
  from space 30208K, 99% used [0x00000007e6100000,0x00000007e7e78010,0x00000007e7e80000)
  to   space 24576K, 0% used [0x00000007e7e80000,0x00000007e7e80000,0x00000007e9680000)
 ParOldGen       total 156160K, used 68761K [0x0000000784000000, 0x000000078d880000, 0x00000007d6a80000)
  object space 156160K, 44% used [0x0000000784000000,0x00000007883266b0,0x000000078d880000)
 PSPermGen       total 83456K, used 42599K [0x000000077ee00000, 0x0000000783f80000, 0x0000000784000000)
  object space 83456K, 51% used [0x000000077ee00000,0x0000000781799e38,0x0000000783f80000)
}
Event: 22.984 GC heap before
{Heap before GC invocations=14 (full 2):
 PSYoungGen      total 282624K, used 282592K [0x00000007d6a80000, 0x00000007ea180000, 0x0000000800000000)
  eden space 252416K, 100% used [0x00000007d6a80000,0x00000007e6100000,0x00000007e6100000)
  from space 30208K, 99% used [0x00000007e6100000,0x00000007e7e78010,0x00000007e7e80000)
  to   space 24576K, 0% used [0x00000007e7e80000,0x00000007e7e80000,0x00000007e9680000)
 ParOldGen       total 156160K, used 68761K [0x0000000784000000, 0x000000078d880000, 0x00000007d6a80000)
  object space 156160K, 44% used [0x0000000784000000,0x00000007883266b0,0x000000078d880000)
 PSPermGen       total 83456K, used 42599K [0x000000077ee00000, 0x0000000783f80000, 0x0000000784000000)
  object space 83456K, 51% used [0x000000077ee00000,0x0000000781799fc0,0x0000000783f80000)
Event: 23.167 GC heap after
Heap after GC invocations=14 (full 2):
 PSYoungGen      total 276992K, used 24544K [0x00000007d6a80000, 0x00000007ea180000, 0x0000000800000000)
  eden space 252416K, 0% used [0x00000007d6a80000,0x00000007d6a80000,0x00000007e6100000)
  from space 24576K, 99% used [0x00000007e7e80000,0x00000007e9678010,0x00000007e9680000)
  to   space 30208K, 0% used [0x00000007e6100000,0x00000007e6100000,0x00000007e7e80000)
 ParOldGen       total 156160K, used 119409K [0x0000000784000000, 0x000000078d880000, 0x00000007d6a80000)
  object space 156160K, 76% used [0x0000000784000000,0x000000078b49c6d0,0x000000078d880000)
 PSPermGen       total 83456K, used 42599K [0x000000077ee00000, 0x0000000783f80000, 0x0000000784000000)
  object space 83456K, 51% used [0x000000077ee00000,0x0000000781799fc0,0x0000000783f80000)
}
Event: 23.167 GC heap before
{Heap before GC invocations=15 (full 3):
 PSYoungGen      total 276992K, used 24544K [0x00000007d6a80000, 0x00000007ea180000, 0x0000000800000000)
  eden space 252416K, 0% used [0x00000007d6a80000,0x00000007d6a80000,0x00000007e6100000)
  from space 24576K, 99% used [0x00000007e7e80000,0x00000007e9678010,0x00000007e9680000)
  to   space 30208K, 0% used [0x00000007e6100000,0x00000007e6100000,0x00000007e7e80000)
 ParOldGen       total 156160K, used 119409K [0x0000000784000000, 0x000000078d880000, 0x00000007d6a80000)
  object space 156160K, 76% used [0x0000000784000000,0x000000078b49c6d0,0x000000078d880000)
 PSPermGen       total 83456K, used 42599K [0x000000077ee00000, 0x0000000783f80000, 0x0000000784000000)
  object space 83456K, 51% used [0x000000077ee00000,0x0000000781799fc0,0x0000000783f80000)
Event: 24.400 GC heap after
Heap after GC invocations=15 (full 3):
 PSYoungGen      total 276992K, used 0K [0x00000007d6a80000, 0x00000007ea180000, 0x0000000800000000)
  eden space 252416K, 0% used [0x00000007d6a80000,0x00000007d6a80000,0x00000007e6100000)
  from space 24576K, 0% used [0x00000007e7e80000,0x00000007e7e80000,0x00000007e9680000)
  to   space 30208K, 0% used [0x00000007e6100000,0x00000007e6100000,0x00000007e7e80000)
 ParOldGen       total 156160K, used 119129K [0x0000000784000000, 0x000000078d880000, 0x00000007d6a80000)
  object space 156160K, 76% used [0x0000000784000000,0x000000078b4565e8,0x000000078d880000)
 PSPermGen       total 83968K, used 42599K [0x000000077ee00000, 0x0000000784000000, 0x0000000784000000)
  object space 83968K, 50% used [0x000000077ee00000,0x0000000781799fc0,0x0000000784000000)
}

# JRE version: Java(TM) SE Runtime Environment (7.0_79-b15) (build 1.7.0_79-b15)
# Java VM: Java HotSpot(TM) 64-Bit Server VM (24.79-b02 mixed mode windows-amd64 compressed oops)
Heap
 PSYoungGen      total 276992K, used 16174K [0x00000007d6a80000, 0x00000007ea180000, 0x0000000800000000)
  eden space 252416K, 6% used [0x00000007d6a80000,0x00000007d7a4bb30,0x00000007e6100000)
  from space 24576K, 0% used [0x00000007e7e80000,0x00000007e7e80000,0x00000007e9680000)
  to   space 30208K, 0% used [0x00000007e6100000,0x00000007e6100000,0x00000007e7e80000)
 ParOldGen       total 156160K, used 119129K [0x0000000784000000, 0x000000078d880000, 0x00000007d6a80000)
  object space 156160K, 76% used [0x0000000784000000,0x000000078b4565e8,0x000000078d880000)
 PSPermGen       total 83968K, used 42744K [0x000000077ee00000, 0x0000000784000000, 0x0000000784000000)
  object space 83968K, 50% used [0x000000077ee00000,0x00000007817be358,0x0000000784000000)
GC Heap History (10 events):
Event: 19.699 GC heap before
{Heap before GC invocations=11 (full 1):
 PSYoungGen      total 282624K, used 282592K [0x00000007d6a80000, 0x00000007ea180000, 0x0000000800000000)
  eden space 252416K, 100% used [0x00000007d6a80000,0x00000007e6100000,0x00000007e6100000)
  from space 30208K, 99% used [0x00000007e6100000,0x00000007e7e78040,0x00000007e7e80000)
  to   space 24576K, 0% used [0x00000007e7e80000,0x00000007e7e80000,0x00000007e9680000)
 ParOldGen       total 156160K, used 113173K [0x0000000784000000, 0x000000078d880000, 0x00000007d6a80000)
  object space 156160K, 72% used [0x0000000784000000,0x000000078ae854d0,0x000000078d880000)
 PSPermGen       total 83456K, used 42600K [0x000000077ee00000, 0x0000000783f80000, 0x0000000784000000)
  object space 83456K, 51% used [0x000000077ee00000,0x000000078179a110,0x0000000783f80000)
Event: 19.849 GC heap after
Heap after GC invocations=11 (full 1):
 PSYoungGen      total 276992K, used 24544K [0x00000007d6a80000, 0x00000007ea180000, 0x0000000800000000)
  eden space 252416K, 0% used [0x00000007d6a80000,0x00000007d6a80000,0x00000007e6100000)
  from space 24576K, 99% used [0x00000007e7e80000,0x00000007e9678040,0x00000007e9680000)
  to   space 30208K, 0% used [0x00000007e6100000,0x00000007e6100000,0x00000007e7e80000)
 ParOldGen       total 156160K, used 152197K [0x0000000784000000, 0x000000078d880000, 0x00000007d6a80000)
  object space 156160K, 97% used [0x0000000784000000,0x000000078d4a14d0,0x000000078d880000)
 PSPermGen       total 83456K, used 42600K [0x000000077ee00000, 0x0000000783f80000, 0x0000000784000000)
  object space 83456K, 51% used [0x000000077ee00000,0x000000078179a110,0x0000000783f80000)
}
Event: 19.849 GC heap before
{Heap before GC invocations=12 (full 2):
 PSYoungGen      total 276992K, used 24544K [0x00000007d6a80000, 0x00000007ea180000, 0x0000000800000000)
  eden space 252416K, 0% used [0x00000007d6a80000,0x00000007d6a80000,0x00000007e6100000)
  from space 24576K, 99% used [0x00000007e7e80000,0x00000007e9678040,0x00000007e9680000)
  to   space 30208K, 0% used [0x00000007e6100000,0x00000007e6100000,0x00000007e7e80000)
 ParOldGen       total 156160K, used 152197K [0x0000000784000000, 0x000000078d880000, 0x00000007d6a80000)
  object space 156160K, 97% used [0x0000000784000000,0x000000078d4a14d0,0x000000078d880000)
 PSPermGen       total 83456K, used 42600K [0x000000077ee00000, 0x0000000783f80000, 0x0000000784000000)
  object space 83456K, 51% used [0x000000077ee00000,0x000000078179a110,0x0000000783f80000)
Event: 20.712 GC heap after
Heap after GC invocations=12 (full 2):
 PSYoungGen      total 276992K, used 0K [0x00000007d6a80000, 0x00000007ea180000, 0x0000000800000000)
  eden space 252416K, 0% used [0x00000007d6a80000,0x00000007d6a80000,0x00000007e6100000)
  from space 24576K, 0% used [0x00000007e7e80000,0x00000007e7e80000,0x00000007e9680000)
  to   space 30208K, 0% used [0x00000007e6100000,0x00000007e6100000,0x00000007e7e80000)
 ParOldGen       total 156160K, used 56521K [0x0000000784000000, 0x000000078d880000, 0x00000007d6a80000)
  object space 156160K, 36% used [0x0000000784000000,0x00000007877326b0,0x000000078d880000)
 PSPermGen       total 83456K, used 42599K [0x000000077ee00000, 0x0000000783f80000, 0x0000000784000000)
  object space 83456K, 51% used [0x000000077ee00000,0x0000000781799e38,0x0000000783f80000)
}
Event: 21.592 GC heap before
{Heap before GC invocations=13 (full 2):
 PSYoungGen      total 276992K, used 252416K [0x00000007d6a80000, 0x00000007ea180000, 0x0000000800000000)
  eden space 252416K, 100% used [0x00000007d6a80000,0x00000007e6100000,0x00000007e6100000)
  from space 24576K, 0% used [0x00000007e7e80000,0x00000007e7e80000,0x00000007e9680000)
  to   space 30208K, 0% used [0x00000007e6100000,0x00000007e6100000,0x00000007e7e80000)
 ParOldGen       total 156160K, used 56521K [0x0000000784000000, 0x000000078d880000, 0x00000007d6a80000)
  object space 156160K, 36% used [0x0000000784000000,0x00000007877326b0,0x000000078d880000)
 PSPermGen       total 83456K, used 42599K [0x000000077ee00000, 0x0000000783f80000, 0x0000000784000000)
  object space 83456K, 51% used [0x000000077ee00000,0x0000000781799e38,0x0000000783f80000)
Event: 21.690 GC heap after
Heap after GC invocations=13 (full 2):
 PSYoungGen      total 282624K, used 30176K [0x00000007d6a80000, 0x00000007ea180000, 0x0000000800000000)
  eden space 252416K, 0% used [0x00000007d6a80000,0x00000007d6a80000,0x00000007e6100000)
  from space 30208K, 99% used [0x00000007e6100000,0x00000007e7e78010,0x00000007e7e80000)
  to   space 24576K, 0% used [0x00000007e7e80000,0x00000007e7e80000,0x00000007e9680000)
 ParOldGen       total 156160K, used 68761K [0x0000000784000000, 0x000000078d880000, 0x00000007d6a80000)
  object space 156160K, 44% used [0x0000000784000000,0x00000007883266b0,0x000000078d880000)
 PSPermGen       total 83456K, used 42599K [0x000000077ee00000, 0x0000000783f80000, 0x0000000784000000)
  object space 83456K, 51% used [0x000000077ee00000,0x0000000781799e38,0x0000000783f80000)
}
Event: 22.984 GC heap before
{Heap before GC invocations=14 (full 2):
 PSYoungGen      total 282624K, used 282592K [0x00000007d6a80000, 0x00000007ea180000, 0x0000000800000000)
  eden space 252416K, 100% used [0x00000007d6a80000,0x00000007e6100000,0x00000007e6100000)
  from space 30208K, 99% used [0x00000007e6100000,0x00000007e7e78010,0x00000007e7e80000)
  to   space 24576K, 0% used [0x00000007e7e80000,0x00000007e7e80000,0x00000007e9680000)
 ParOldGen       total 156160K, used 68761K [0x0000000784000000, 0x000000078d880000, 0x00000007d6a80000)
  object space 156160K, 44% used [0x0000000784000000,0x00000007883266b0,0x000000078d880000)
 PSPermGen       total 83456K, used 42599K [0x000000077ee00000, 0x0000000783f80000, 0x0000000784000000)
  object space 83456K, 51% used [0x000000077ee00000,0x0000000781799fc0,0x0000000783f80000)
Event: 23.167 GC heap after
Heap after GC invocations=14 (full 2):
 PSYoungGen      total 276992K, used 24544K [0x00000007d6a80000, 0x00000007ea180000, 0x0000000800000000)
  eden space 252416K, 0% used [0x00000007d6a80000,0x00000007d6a80000,0x00000007e6100000)
  from space 24576K, 99% used [0x00000007e7e80000,0x00000007e9678010,0x00000007e9680000)
  to   space 30208K, 0% used [0x00000007e6100000,0x00000007e6100000,0x00000007e7e80000)
 ParOldGen       total 156160K, used 119409K [0x0000000784000000, 0x000000078d880000, 0x00000007d6a80000)
  object space 156160K, 76% used [0x0000000784000000,0x000000078b49c6d0,0x000000078d880000)
 PSPermGen       total 83456K, used 42599K [0x000000077ee00000, 0x0000000783f80000, 0x0000000784000000)
  object space 83456K, 51% used [0x000000077ee00000,0x0000000781799fc0,0x0000000783f80000)
}
Event: 23.167 GC heap before
{Heap before GC invocations=15 (full 3):
 PSYoungGen      total 276992K, used 24544K [0x00000007d6a80000, 0x00000007ea180000, 0x0000000800000000)
  eden space 252416K, 0% used [0x00000007d6a80000,0x00000007d6a80000,0x00000007e6100000)
  from space 24576K, 99% used [0x00000007e7e80000,0x00000007e9678010,0x00000007e9680000)
  to   space 30208K, 0% used [0x00000007e6100000,0x00000007e6100000,0x00000007e7e80000)
 ParOldGen       total 156160K, used 119409K [0x0000000784000000, 0x000000078d880000, 0x00000007d6a80000)
  object space 156160K, 76% used [0x0000000784000000,0x000000078b49c6d0,0x000000078d880000)
 PSPermGen       total 83456K, used 42599K [0x000000077ee00000, 0x0000000783f80000, 0x0000000784000000)
  object space 83456K, 51% used [0x000000077ee00000,0x0000000781799fc0,0x0000000783f80000)
Event: 24.400 GC heap after
Heap after GC invocations=15 (full 3):
 PSYoungGen      total 276992K, used 0K [0x00000007d6a80000, 0x00000007ea180000, 0x0000000800000000)
  eden space 252416K, 0% used [0x00000007d6a80000,0x00000007d6a80000,0x00000007e6100000)
  from space 24576K, 0% used [0x00000007e7e80000,0x00000007e7e80000,0x00000007e9680000)
  to   space 30208K, 0% used [0x00000007e6100000,0x00000007e6100000,0x00000007e7e80000)
 ParOldGen       total 156160K, used 119129K [0x0000000784000000, 0x000000078d880000, 0x00000007d6a80000)
  object space 156160K, 76% used [0x0000000784000000,0x000000078b4565e8,0x000000078d880000)
 PSPermGen       total 83968K, used 42599K [0x000000077ee00000, 0x0000000784000000, 0x0000000784000000)
  object space 83968K, 50% used [0x000000077ee00000,0x0000000781799fc0,0x0000000784000000)
}

# JRE version: Java(TM) SE Runtime Environment (7.0_79-b15) (build 1.7.0_79-b15)
# Java VM: Java HotSpot(TM) 64-Bit Server VM (24.79-b02 mixed mode windows-amd64 compressed oops)
Heap
 PSYoungGen      total 276992K, used 16174K [0x00000007d6a80000, 0x00000007ea180000, 0x0000000800000000)
  eden space 252416K, 6% used [0x00000007d6a80000,0x00000007d7a4bb30,0x00000007e6100000)
  from space 24576K, 0% used [0x00000007e7e80000,0x00000007e7e80000,0x00000007e9680000)
  to   space 30208K, 0% used [0x00000007e6100000,0x00000007e6100000,0x00000007e7e80000)
 ParOldGen       total 156160K, used 119129K [0x0000000784000000, 0x000000078d880000, 0x00000007d6a80000)
  object space 156160K, 76% used [0x0000000784000000,0x000000078b4565e8,0x000000078d880000)
 PSPermGen       total 83968K, used 42744K [0x000000077ee00000, 0x0000000784000000, 0x0000000784000000)
  object space 83968K, 50% used [0x000000077ee00000,0x00000007817be358,0x0000000784000000)
GC Heap History (10 events):
Event: 19.699 GC heap before
{Heap before GC invocations=11 (full 1):
 PSYoungGen      total 282624K, used 282592K [0x00000007d6a80000, 0x00000007ea180000, 0x0000000800000000)
  eden space 252416K, 100% used [0x00000007d6a80000,0x00000007e6100000,0x00000007e6100000)
  from space 30208K, 99% used [0x00000007e6100000,0x00000007e7e78040,0x00000007e7e80000)
  to   space 24576K, 0% used [0x00000007e7e80000,0x00000007e7e80000,0x00000007e9680000)
 ParOldGen       total 156160K, used 113173K [0x0000000784000000, 0x000000078d880000, 0x00000007d6a80000)
  object space 156160K, 72% used [0x0000000784000000,0x000000078ae854d0,0x000000078d880000)
 PSPermGen       total 83456K, used 42600K [0x000000077ee00000, 0x0000000783f80000, 0x0000000784000000)
  object space 83456K, 51% used [0x000000077ee00000,0x000000078179a110,0x0000000783f80000)
Event: 19.849 GC heap after
Heap after GC invocations=11 (full 1):
 PSYoungGen      total 276992K, used 24544K [0x00000007d6a80000, 0x00000007ea180000, 0x0000000800000000)
  eden space 252416K, 0% used [0x00000007d6a80000,0x00000007d6a80000,0x00000007e6100000)
  from space 24576K, 99% used [0x00000007e7e80000,0x00000007e9678040,0x00000007e9680000)
  to   space 30208K, 0% used [0x00000007e6100000,0x00000007e6100000,0x00000007e7e80000)
 ParOldGen       total 156160K, used 152197K [0x0000000784000000, 0x000000078d880000, 0x00000007d6a80000)
  object space 156160K, 97% used [0x0000000784000000,0x000000078d4a14d0,0x000000078d880000)
 PSPermGen       total 83456K, used 42600K [0x000000077ee00000, 0x0000000783f80000, 0x0000000784000000)
  object space 83456K, 51% used [0x000000077ee00000,0x000000078179a110,0x0000000783f80000)
}
Event: 19.849 GC heap before
{Heap before GC invocations=12 (full 2):
 PSYoungGen      total 276992K, used 24544K [0x00000007d6a80000, 0x00000007ea180000, 0x0000000800000000)
  eden space 252416K, 0% used [0x00000007d6a80000,0x00000007d6a80000,0x00000007e6100000)
  from space 24576K, 99% used [0x00000007e7e80000,0x00000007e9678040,0x00000007e9680000)
  to   space 30208K, 0% used [0x00000007e6100000,0x00000007e6100000,0x00000007e7e80000)
 ParOldGen       total 156160K, used 152197K [0x0000000784000000, 0x000000078d880000, 0x00000007d6a80000)
  object space 156160K, 97% used [0x0000000784000000,0x000000078d4a14d0,0x000000078d880000)
 PSPermGen       total 83456K, used 42600K [0x000000077ee00000, 0x0000000783f80000, 0x0000000784000000)
  object space 83456K, 51% used [0x000000077ee00000,0x000000078179a110,0x0000000783f80000)
Event: 20.712 GC heap after
Heap after GC invocations=12 (full 2):
 PSYoungGen      total 276992K, used 0K [0x00000007d6a80000, 0x00000007ea180000, 0x0000000800000000)
  eden space 252416K, 0% used [0x00000007d6a80000,0x00000007d6a80000,0x00000007e6100000)
  from space 24576K, 0% used [0x00000007e7e80000,0x00000007e7e80000,0x00000007e9680000)
  to   space 30208K, 0% used [0x00000007e6100000,0x00000007e6100000,0x00000007e7e80000)
 ParOldGen       total 156160K, used 56521K [0x0000000784000000, 0x000000078d880000, 0x00000007d6a80000)
  object space 156160K, 36% used [0x0000000784000000,0x00000007877326b0,0x000000078d880000)
 PSPermGen       total 83456K, used 42599K [0x000000077ee00000, 0x0000000783f80000, 0x0000000784000000)
  object space 83456K, 51% used [0x000000077ee00000,0x0000000781799e38,0x0000000783f80000)
}
Event: 21.592 GC heap before
{Heap before GC invocations=13 (full 2):
 PSYoungGen      total 276992K, used 252416K [0x00000007d6a80000, 0x00000007ea180000, 0x0000000800000000)
  eden space 252416K, 100% used [0x00000007d6a80000,0x00000007e6100000,0x00000007e6100000)
  from space 24576K, 0% used [0x00000007e7e80000,0x00000007e7e80000,0x00000007e9680000)
  to   space 30208K, 0% used [0x00000007e6100000,0x00000007e6100000,0x00000007e7e80000)
 ParOldGen       total 156160K, used 56521K [0x0000000784000000, 0x000000078d880000, 0x00000007d6a80000)
  object space 156160K, 36% used [0x0000000784000000,0x00000007877326b0,0x000000078d880000)
 PSPermGen       total 83456K, used 42599K [0x000000077ee00000, 0x0000000783f80000, 0x0000000784000000)
  object space 83456K, 51% used [0x000000077ee00000,0x0000000781799e38,0x0000000783f80000)
Event: 21.690 GC heap after
Heap after GC invocations=13 (full 2):
 PSYoungGen      total 282624K, used 30176K [0x00000007d6a80000, 0x00000007ea180000, 0x0000000800000000)
  eden space 252416K, 0% used [0x00000007d6a80000,0x00000007d6a80000,0x00000007e6100000)
  from space 30208K, 99% used [0x00000007e6100000,0x00000007e7e78010,0x00000007e7e80000)
  to   space 24576K, 0% used [0x00000007e7e80000,0x00000007e7e80000,0x00000007e9680000)
 ParOldGen       total 156160K, used 68761K [0x0000000784000000, 0x000000078d880000, 0x00000007d6a80000)
  object space 156160K, 44% used [0x0000000784000000,0x00000007883266b0,0x000000078d880000)
 PSPermGen       total 83456K, used 42599K [0x000000077ee00000, 0x0000000783f80000, 0x0000000784000000)
  object space 83456K, 51% used [0x000000077ee00000,0x0000000781799e38,0x0000000783f80000)
}
Event: 22.984 GC heap before
{Heap before GC invocations=14 (full 2):
 PSYoungGen      total 282624K, used 282592K [0x00000007d6a80000, 0x00000007ea180000, 0x0000000800000000)
  eden space 252416K, 100% used [0x00000007d6a80000,0x00000007e6100000,0x00000007e6100000)
  from space 30208K, 99% used [0x00000007e6100000,0x00000007e7e78010,0x00000007e7e80000)
  to   space 24576K, 0% used [0x00000007e7e80000,0x00000007e7e80000,0x00000007e9680000)
 ParOldGen       total 156160K, used 68761K [0x0000000784000000, 0x000000078d880000, 0x00000007d6a80000)
  object space 156160K, 44% used [0x0000000784000000,0x00000007883266b0,0x000000078d880000)
 PSPermGen       total 83456K, used 42599K [0x000000077ee00000, 0x0000000783f80000, 0x0000000784000000)
  object space 83456K, 51% used [0x000000077ee00000,0x0000000781799fc0,0x0000000783f80000)
Event: 23.167 GC heap after
Heap after GC invocations=14 (full 2):
 PSYoungGen      total 276992K, used 24544K [0x00000007d6a80000, 0x00000007ea180000, 0x0000000800000000)
  eden space 252416K, 0% used [0x00000007d6a80000,0x00000007d6a80000,0x00000007e6100000)
  from space 24576K, 99% used [0x00000007e7e80000,0x00000007e9678010,0x00000007e9680000)
  to   space 30208K, 0% used [0x00000007e6100000,0x00000007e6100000,0x00000007e7e80000)
 ParOldGen       total 156160K, used 119409K [0x0000000784000000, 0x000000078d880000, 0x00000007d6a80000)
  object space 156160K, 76% used [0x0000000784000000,0x000000078b49c6d0,0x000000078d880000)
 PSPermGen       total 83456K, used 42599K [0x000000077ee00000, 0x0000000783f80000, 0x0000000784000000)
  object space 83456K, 51% used [0x000000077ee00000,0x0000000781799fc0,0x0000000783f80000)
}
Event: 23.167 GC heap before
{Heap before GC invocations=15 (full 3):
 PSYoungGen      total 276992K, used 24544K [0x00000007d6a80000, 0x00000007ea180000, 0x0000000800000000)
  eden space 252416K, 0% used [0x00000007d6a80000,0x00000007d6a80000,0x00000007e6100000)
  from space 24576K, 99% used [0x00000007e7e80000,0x00000007e9678010,0x00000007e9680000)
  to   space 30208K, 0% used [0x00000007e6100000,0x00000007e6100000,0x00000007e7e80000)
 ParOldGen       total 156160K, used 119409K [0x0000000784000000, 0x000000078d880000, 0x00000007d6a80000)
  object space 156160K, 76% used [0x0000000784000000,0x000000078b49c6d0,0x000000078d880000)
 PSPermGen       total 83456K, used 42599K [0x000000077ee00000, 0x0000000783f80000, 0x0000000784000000)
  object space 83456K, 51% used [0x000000077ee00000,0x0000000781799fc0,0x0000000783f80000)
Event: 24.400 GC heap after
Heap after GC invocations=15 (full 3):
 PSYoungGen      total 276992K, used 0K [0x00000007d6a80000, 0x00000007ea180000, 0x0000000800000000)
  eden space 252416K, 0% used [0x00000007d6a80000,0x00000007d6a80000,0x00000007e6100000)
  from space 24576K, 0% used [0x00000007e7e80000,0x00000007e7e80000,0x00000007e9680000)
  to   space 30208K, 0% used [0x00000007e6100000,0x00000007e6100000,0x00000007e7e80000)
 ParOldGen       total 156160K, used 119129K [0x0000000784000000, 0x000000078d880000, 0x00000007d6a80000)
  object space 156160K, 76% used [0x0000000784000000,0x000000078b4565e8,0x000000078d880000)
 PSPermGen       total 83968K, used 42599K [0x000000077ee00000, 0x0000000784000000, 0x0000000784000000)
  object space 83968K, 50% used [0x000000077ee00000,0x0000000781799fc0,0x0000000784000000)
}

# JRE version: Java(TM) SE Runtime Environment (7.0_79-b15) (build 1.7.0_79-b15)
# Java VM: Java HotSpot(TM) 64-Bit Server VM (24.79-b02 mixed mode windows-amd64 compressed oops)
Heap
 PSYoungGen      total 276992K, used 16174K [0x00000007d6a80000, 0x00000007ea180000, 0x0000000800000000)
  eden space 252416K, 6% used [0x00000007d6a80000,0x00000007d7a4bb30,0x00000007e6100000)
  from space 24576K, 0% used [0x00000007e7e80000,0x00000007e7e80000,0x00000007e9680000)
  to   space 30208K, 0% used [0x00000007e6100000,0x00000007e6100000,0x00000007e7e80000)
 ParOldGen       total 156160K, used 119129K [0x0000000784000000, 0x000000078d880000, 0x00000007d6a80000)
  object space 156160K, 76% used [0x0000000784000000,0x000000078b4565e8,0x000000078d880000)
 PSPermGen       total 83968K, used 42744K [0x000000077ee00000, 0x0000000784000000, 0x0000000784000000)
  object space 83968K, 50% used [0x000000077ee00000,0x00000007817be358,0x0000000784000000)
GC Heap History (10 events):
Event: 19.699 GC heap before
{Heap before GC invocations=11 (full 1):
 PSYoungGen      total 282624K, used 282592K [0x00000007d6a80000, 0x00000007ea180000, 0x0000000800000000)
  eden space 252416K, 100% used [0x00000007d6a80000,0x00000007e6100000,0x00000007e6100000)
  from space 30208K, 99% used [0x00000007e6100000,0x00000007e7e78040,0x00000007e7e80000)
  to   space 24576K, 0% used [0x00000007e7e80000,0x00000007e7e80000,0x00000007e9680000)
 ParOldGen       total 156160K, used 113173K [0x0000000784000000, 0x000000078d880000, 0x00000007d6a80000)
  object space 156160K, 72% used [0x0000000784000000,0x000000078ae854d0,0x000000078d880000)
 PSPermGen       total 83456K, used 42600K [0x000000077ee00000, 0x0000000783f80000, 0x0000000784000000)
  object space 83456K, 51% used [0x000000077ee00000,0x000000078179a110,0x0000000783f80000)
Event: 19.849 GC heap after
Heap after GC invocations=11 (full 1):
 PSYoungGen      total 276992K, used 24544K [0x00000007d6a80000, 0x00000007ea180000, 0x0000000800000000)
  eden space 252416K, 0% used [0x00000007d6a80000,0x00000007d6a80000,0x00000007e6100000)
  from space 24576K, 99% used [0x00000007e7e80000,0x00000007e9678040,0x00000007e9680000)
  to   space 30208K, 0% used [0x00000007e6100000,0x00000007e6100000,0x00000007e7e80000)
 ParOldGen       total 156160K, used 152197K [0x0000000784000000, 0x000000078d880000, 0x00000007d6a80000)
  object space 156160K, 97% used [0x0000000784000000,0x000000078d4a14d0,0x000000078d880000)
 PSPermGen       total 83456K, used 42600K [0x000000077ee00000, 0x0000000783f80000, 0x0000000784000000)
  object space 83456K, 51% used [0x000000077ee00000,0x000000078179a110,0x0000000783f80000)
}
Event: 19.849 GC heap before
{Heap before GC invocations=12 (full 2):
 PSYoungGen      total 276992K, used 24544K [0x00000007d6a80000, 0x00000007ea180000, 0x0000000800000000)
  eden space 252416K, 0% used [0x00000007d6a80000,0x00000007d6a80000,0x00000007e6100000)
  from space 24576K, 99% used [0x00000007e7e80000,0x00000007e9678040,0x00000007e9680000)
  to   space 30208K, 0% used [0x00000007e6100000,0x00000007e6100000,0x00000007e7e80000)
 ParOldGen       total 156160K, used 152197K [0x0000000784000000, 0x000000078d880000, 0x00000007d6a80000)
  object space 156160K, 97% used [0x0000000784000000,0x000000078d4a14d0,0x000000078d880000)
 PSPermGen       total 83456K, used 42600K [0x000000077ee00000, 0x0000000783f80000, 0x0000000784000000)
  object space 83456K, 51% used [0x000000077ee00000,0x000000078179a110,0x0000000783f80000)
Event: 20.712 GC heap after
Heap after GC invocations=12 (full 2):
 PSYoungGen      total 276992K, used 0K [0x00000007d6a80000, 0x00000007ea180000, 0x0000000800000000)
  eden space 252416K, 0% used [0x00000007d6a80000,0x00000007d6a80000,0x00000007e6100000)
  from space 24576K, 0% used [0x00000007e7e80000,0x00000007e7e80000,0x00000007e9680000)
  to   space 30208K, 0% used [0x00000007e6100000,0x00000007e6100000,0x00000007e7e80000)
 ParOldGen       total 156160K, used 56521K [0x0000000784000000, 0x000000078d880000, 0x00000007d6a80000)
  object space 156160K, 36% used [0x0000000784000000,0x00000007877326b0,0x000000078d880000)
 PSPermGen       total 83456K, used 42599K [0x000000077ee00000, 0x0000000783f80000, 0x0000000784000000)
  object space 83456K, 51% used [0x000000077ee00000,0x0000000781799e38,0x0000000783f80000)
}
Event: 21.592 GC heap before
{Heap before GC invocations=13 (full 2):
 PSYoungGen      total 276992K, used 252416K [0x00000007d6a80000, 0x00000007ea180000, 0x0000000800000000)
  eden space 252416K, 100% used [0x00000007d6a80000,0x00000007e6100000,0x00000007e6100000)
  from space 24576K, 0% used [0x00000007e7e80000,0x00000007e7e80000,0x00000007e9680000)
  to   space 30208K, 0% used [0x00000007e6100000,0x00000007e6100000,0x00000007e7e80000)
 ParOldGen       total 156160K, used 56521K [0x0000000784000000, 0x000000078d880000, 0x00000007d6a80000)
  object space 156160K, 36% used [0x0000000784000000,0x00000007877326b0,0x000000078d880000)
 PSPermGen       total 83456K, used 42599K [0x000000077ee00000, 0x0000000783f80000, 0x0000000784000000)
  object space 83456K, 51% used [0x000000077ee00000,0x0000000781799e38,0x0000000783f80000)
Event: 21.690 GC heap after
Heap after GC invocations=13 (full 2):
 PSYoungGen      total 282624K, used 30176K [0x00000007d6a80000, 0x00000007ea180000, 0x0000000800000000)
  eden space 252416K, 0% used [0x00000007d6a80000,0x00000007d6a80000,0x00000007e6100000)
  from space 30208K, 99% used [0x00000007e6100000,0x00000007e7e78010,0x00000007e7e80000)
  to   space 24576K, 0% used [0x00000007e7e80000,0x00000007e7e80000,0x00000007e9680000)
 ParOldGen       total 156160K, used 68761K [0x0000000784000000, 0x000000078d880000, 0x00000007d6a80000)
  object space 156160K, 44% used [0x0000000784000000,0x00000007883266b0,0x000000078d880000)
 PSPermGen       total 83456K, used 42599K [0x000000077ee00000, 0x0000000783f80000, 0x0000000784000000)
  object space 83456K, 51% used [0x000000077ee00000,0x0000000781799e38,0x0000000783f80000)
}
Event: 22.984 GC heap before
{Heap before GC invocations=14 (full 2):
 PSYoungGen      total 282624K, used 282592K [0x00000007d6a80000, 0x00000007ea180000, 0x0000000800000000)
  eden space 252416K, 100% used [0x00000007d6a80000,0x00000007e6100000,0x00000007e6100000)
  from space 30208K, 99% used [0x00000007e6100000,0x00000007e7e78010,0x00000007e7e80000)
  to   space 24576K, 0% used [0x00000007e7e80000,0x00000007e7e80000,0x00000007e9680000)
 ParOldGen       total 156160K, used 68761K [0x0000000784000000, 0x000000078d880000, 0x00000007d6a80000)
  object space 156160K, 44% used [0x0000000784000000,0x00000007883266b0,0x000000078d880000)
 PSPermGen       total 83456K, used 42599K [0x000000077ee00000, 0x0000000783f80000, 0x0000000784000000)
  object space 83456K, 51% used [0x000000077ee00000,0x0000000781799fc0,0x0000000783f80000)
Event: 23.167 GC heap after
Heap after GC invocations=14 (full 2):
 PSYoungGen      total 276992K, used 24544K [0x00000007d6a80000, 0x00000007ea180000, 0x0000000800000000)
  eden space 252416K, 0% used [0x00000007d6a80000,0x00000007d6a80000,0x00000007e6100000)
  from space 24576K, 99% used [0x00000007e7e80000,0x00000007e9678010,0x00000007e9680000)
  to   space 30208K, 0% used [0x00000007e6100000,0x00000007e6100000,0x00000007e7e80000)
 ParOldGen       total 156160K, used 119409K [0x0000000784000000, 0x000000078d880000, 0x00000007d6a80000)
  object space 156160K, 76% used [0x0000000784000000,0x000000078b49c6d0,0x000000078d880000)
 PSPermGen       total 83456K, used 42599K [0x000000077ee00000, 0x0000000783f80000, 0x0000000784000000)
  object space 83456K, 51% used [0x000000077ee00000,0x0000000781799fc0,0x0000000783f80000)
}
Event: 23.167 GC heap before
{Heap before GC invocations=15 (full 3):
 PSYoungGen      total 276992K, used 24544K [0x00000007d6a80000, 0x00000007ea180000, 0x0000000800000000)
  eden space 252416K, 0% used [0x00000007d6a80000,0x00000007d6a80000,0x00000007e6100000)
  from space 24576K, 99% used [0x00000007e7e80000,0x00000007e9678010,0x00000007e9680000)
  to   space 30208K, 0% used [0x00000007e6100000,0x00000007e6100000,0x00000007e7e80000)
 ParOldGen       total 156160K, used 119409K [0x0000000784000000, 0x000000078d880000, 0x00000007d6a80000)
  object space 156160K, 76% used [0x0000000784000000,0x000000078b49c6d0,0x000000078d880000)
 PSPermGen       total 83456K, used 42599K [0x000000077ee00000, 0x0000000783f80000, 0x0000000784000000)
  object space 83456K, 51% used [0x000000077ee00000,0x0000000781799fc0,0x0000000783f80000)
Event: 24.400 GC heap after
Heap after GC invocations=15 (full 3):
 PSYoungGen      total 276992K, used 0K [0x00000007d6a80000, 0x00000007ea180000, 0x0000000800000000)
  eden space 252416K, 0% used [0x00000007d6a80000,0x00000007d6a80000,0x00000007e6100000)
  from space 24576K, 0% used [0x00000007e7e80000,0x00000007e7e80000,0x00000007e9680000)
  to   space 30208K, 0% used [0x00000007e6100000,0x00000007e6100000,0x00000007e7e80000)
 ParOldGen       total 156160K, used 119129K [0x0000000784000000, 0x000000078d880000, 0x00000007d6a80000)
  object space 156160K, 76% used [0x0000000784000000,0x000000078b4565e8,0x000000078d880000)
 PSPermGen       total 83968K, used 42599K [0x000000077ee00000, 0x0000000784000000, 0x0000000784000000)
  object space 83968K, 50% used [0x000000077ee00000,0x0000000781799fc0,0x0000000784000000)
}

# JRE version: Java(TM) SE Runtime Environment (7.0_79-b15) (build 1.7.0_79-b15)
# Java VM: Java HotSpot(TM) 64-Bit Server VM (24.79-b02 mixed mode windows-amd64 compressed oops)
Heap
 PSYoungGen      total 276992K, used 16174K [0x00000007d6a80000, 0x00000007ea180000, 0x0000000800000000)
  eden space 252416K, 6% used [0x00000007d6a80000,0x00000007d7a4bb30,0x00000007e6100000)
  from space 24576K, 0% used [0x00000007e7e80000,0x00000007e7e80000,0x00000007e9680000)
  to   space 30208K, 0% used [0x00000007e6100000,0x00000007e6100000,0x00000007e7e80000)
 ParOldGen       total 156160K, used 119129K [0x0000000784000000, 0x000000078d880000, 0x00000007d6a80000)
  object space 156160K, 76% used [0x0000000784000000,0x000000078b4565e8,0x000000078d880000)
 PSPermGen       total 83968K, used 42744K [0x000000077ee00000, 0x0000000784000000, 0x0000000784000000)
  object space 83968K, 50% used [0x000000077ee00000,0x00000007817be358,0x0000000784000000)
GC Heap History (10 events):
Event: 19.699 GC heap before
{Heap before GC invocations=11 (full 1):
 PSYoungGen      total 282624K, used 282592K [0x00000007d6a80000, 0x00000007ea180000, 0x0000000800000000)
  eden space 252416K, 100% used [0x00000007d6a80000,0x00000007e6100000,0x00000007e6100000)
  from space 30208K, 99% used [0x00000007e6100000,0x00000007e7e78040,0x00000007e7e80000)
  to   space 24576K, 0% used [0x00000007e7e80000,0x00000007e7e80000,0x00000007e9680000)
 ParOldGen       total 156160K, used 113173K [0x0000000784000000, 0x000000078d880000, 0x00000007d6a80000)
  object space 156160K, 72% used [0x0000000784000000,0x000000078ae854d0,0x000000078d880000)
 PSPermGen       total 83456K, used 42600K [0x000000077ee00000, 0x0000000783f80000, 0x0000000784000000)
  object space 83456K, 51% used [0x000000077ee00000,0x000000078179a110,0x0000000783f80000)
Event: 19.849 GC heap after
Heap after GC invocations=11 (full 1):
 PSYoungGen      total 276992K, used 24544K [0x00000007d6a80000, 0x00000007ea180000, 0x0000000800000000)
  eden space 252416K, 0% used [0x00000007d6a80000,0x00000007d6a80000,0x00000007e6100000)
  from space 24576K, 99% used [0x00000007e7e80000,0x00000007e9678040,0x00000007e9680000)
  to   space 30208K, 0% used [0x00000007e6100000,0x00000007e6100000,0x00000007e7e80000)
 ParOldGen       total 156160K, used 152197K [0x0000000784000000, 0x000000078d880000, 0x00000007d6a80000)
  object space 156160K, 97% used [0x0000000784000000,0x000000078d4a14d0,0x000000078d880000)
 PSPermGen       total 83456K, used 42600K [0x000000077ee00000, 0x0000000783f80000, 0x0000000784000000)
  object space 83456K, 51% used [0x000000077ee00000,0x000000078179a110,0x0000000783f80000)
}
Event: 19.849 GC heap before
{Heap before GC invocations=12 (full 2):
 PSYoungGen      total 276992K, used 24544K [0x00000007d6a80000, 0x00000007ea180000, 0x0000000800000000)
  eden space 252416K, 0% used [0x00000007d6a80000,0x00000007d6a80000,0x00000007e6100000)
  from space 24576K, 99% used [0x00000007e7e80000,0x00000007e9678040,0x00000007e9680000)
  to   space 30208K, 0% used [0x00000007e6100000,0x00000007e6100000,0x00000007e7e80000)
 ParOldGen       total 156160K, used 152197K [0x0000000784000000, 0x000000078d880000, 0x00000007d6a80000)
  object space 156160K, 97% used [0x0000000784000000,0x000000078d4a14d0,0x000000078d880000)
 PSPermGen       total 83456K, used 42600K [0x000000077ee00000, 0x0000000783f80000, 0x0000000784000000)
  object space 83456K, 51% used [0x000000077ee00000,0x000000078179a110,0x0000000783f80000)
Event: 20.712 GC heap after
Heap after GC invocations=12 (full 2):
 PSYoungGen      total 276992K, used 0K [0x00000007d6a80000, 0x00000007ea180000, 0x0000000800000000)
  eden space 252416K, 0% used [0x00000007d6a80000,0x00000007d6a80000,0x00000007e6100000)
  from space 24576K, 0% used [0x00000007e7e80000,0x00000007e7e80000,0x00000007e9680000)
  to   space 30208K, 0% used [0x00000007e6100000,0x00000007e6100000,0x00000007e7e80000)
 ParOldGen       total 156160K, used 56521K [0x0000000784000000, 0x000000078d880000, 0x00000007d6a80000)
  object space 156160K, 36% used [0x0000000784000000,0x00000007877326b0,0x000000078d880000)
 PSPermGen       total 83456K, used 42599K [0x000000077ee00000, 0x0000000783f80000, 0x0000000784000000)
  object space 83456K, 51% used [0x000000077ee00000,0x0000000781799e38,0x0000000783f80000)
}
Event: 21.592 GC heap before
{Heap before GC invocations=13 (full 2):
 PSYoungGen      total 276992K, used 252416K [0x00000007d6a80000, 0x00000007ea180000, 0x0000000800000000)
  eden space 252416K, 100% used [0x00000007d6a80000,0x00000007e6100000,0x00000007e6100000)
  from space 24576K, 0% used [0x00000007e7e80000,0x00000007e7e80000,0x00000007e9680000)
  to   space 30208K, 0% used [0x00000007e6100000,0x00000007e6100000,0x00000007e7e80000)
 ParOldGen       total 156160K, used 56521K [0x0000000784000000, 0x000000078d880000, 0x00000007d6a80000)
  object space 156160K, 36% used [0x0000000784000000,0x00000007877326b0,0x000000078d880000)
 PSPermGen       total 83456K, used 42599K [0x000000077ee00000, 0x0000000783f80000, 0x0000000784000000)
  object space 83456K, 51% used [0x000000077ee00000,0x0000000781799e38,0x0000000783f80000)
Event: 21.690 GC heap after
Heap after GC invocations=13 (full 2):
 PSYoungGen      total 282624K, used 30176K [0x00000007d6a80000, 0x00000007ea180000, 0x0000000800000000)
  eden space 252416K, 0% used [0x00000007d6a80000,0x00000007d6a80000,0x00000007e6100000)
  from space 30208K, 99% used [0x00000007e6100000,0x00000007e7e78010,0x00000007e7e80000)
  to   space 24576K, 0% used [0x00000007e7e80000,0x00000007e7e80000,0x00000007e9680000)
 ParOldGen       total 156160K, used 68761K [0x0000000784000000, 0x000000078d880000, 0x00000007d6a80000)
  object space 156160K, 44% used [0x0000000784000000,0x00000007883266b0,0x000000078d880000)
 PSPermGen       total 83456K, used 42599K [0x000000077ee00000, 0x0000000783f80000, 0x0000000784000000)
  object space 83456K, 51% used [0x000000077ee00000,0x0000000781799e38,0x0000000783f80000)
}
Event: 22.984 GC heap before
{Heap before GC invocations=14 (full 2):
 PSYoungGen      total 282624K, used 282592K [0x00000007d6a80000, 0x00000007ea180000, 0x0000000800000000)
  eden space 252416K, 100% used [0x00000007d6a80000,0x00000007e6100000,0x00000007e6100000)
  from space 30208K, 99% used [0x00000007e6100000,0x00000007e7e78010,0x00000007e7e80000)
  to   space 24576K, 0% used [0x00000007e7e80000,0x00000007e7e80000,0x00000007e9680000)
 ParOldGen       total 156160K, used 68761K [0x0000000784000000, 0x000000078d880000, 0x00000007d6a80000)
  object space 156160K, 44% used [0x0000000784000000,0x00000007883266b0,0x000000078d880000)
 PSPermGen       total 83456K, used 42599K [0x000000077ee00000, 0x0000000783f80000, 0x0000000784000000)
  object space 83456K, 51% used [0x000000077ee00000,0x0000000781799fc0,0x0000000783f80000)
Event: 23.167 GC heap after
Heap after GC invocations=14 (full 2):
 PSYoungGen      total 276992K, used 24544K [0x00000007d6a80000, 0x00000007ea180000, 0x0000000800000000)
  eden space 252416K, 0% used [0x00000007d6a80000,0x00000007d6a80000,0x00000007e6100000)
  from space 24576K, 99% used [0x00000007e7e80000,0x00000007e9678010,0x00000007e9680000)
  to   space 30208K, 0% used [0x00000007e6100000,0x00000007e6100000,0x00000007e7e80000)
 ParOldGen       total 156160K, used 119409K [0x0000000784000000, 0x000000078d880000, 0x00000007d6a80000)
  object space 156160K, 76% used [0x0000000784000000,0x000000078b49c6d0,0x000000078d880000)
 PSPermGen       total 83456K, used 42599K [0x000000077ee00000, 0x0000000783f80000, 0x0000000784000000)
  object space 83456K, 51% used [0x000000077ee00000,0x0000000781799fc0,0x0000000783f80000)
}
Event: 23.167 GC heap before
{Heap before GC invocations=15 (full 3):
 PSYoungGen      total 276992K, used 24544K [0x00000007d6a80000, 0x00000007ea180000, 0x0000000800000000)
  eden space 252416K, 0% used [0x00000007d6a80000,0x00000007d6a80000,0x00000007e6100000)
  from space 24576K, 99% used [0x00000007e7e80000,0x00000007e9678010,0x00000007e9680000)
  to   space 30208K, 0% used [0x00000007e6100000,0x00000007e6100000,0x00000007e7e80000)
 ParOldGen       total 156160K, used 119409K [0x0000000784000000, 0x000000078d880000, 0x00000007d6a80000)
  object space 156160K, 76% used [0x0000000784000000,0x000000078b49c6d0,0x000000078d880000)
 PSPermGen       total 83456K, used 42599K [0x000000077ee00000, 0x0000000783f80000, 0x0000000784000000)
  object space 83456K, 51% used [0x000000077ee00000,0x0000000781799fc0,0x0000000783f80000)
Event: 24.400 GC heap after
Heap after GC invocations=15 (full 3):
 PSYoungGen      total 276992K, used 0K [0x00000007d6a80000, 0x00000007ea180000, 0x0000000800000000)
  eden space 252416K, 0% used [0x00000007d6a80000,0x00000007d6a80000,0x00000007e6100000)
  from space 24576K, 0% used [0x00000007e7e80000,0x00000007e7e80000,0x00000007e9680000)
  to   space 30208K, 0% used [0x00000007e6100000,0x00000007e6100000,0x00000007e7e80000)
 ParOldGen       total 156160K, used 119129K [0x0000000784000000, 0x000000078d880000, 0x00000007d6a80000)
  object space 156160K, 76% used [0x0000000784000000,0x000000078b4565e8,0x000000078d880000)
 PSPermGen       total 83968K, used 42599K [0x000000077ee00000, 0x0000000784000000, 0x0000000784000000)
  object space 83968K, 50% used [0x000000077ee00000,0x0000000781799fc0,0x0000000784000000)
}

# JRE version: Java(TM) SE Runtime Environment (7.0_79-b15) (build 1.7.0_79-b15)
# Java VM: Java HotSpot(TM) 64-Bit Server VM (24.79-b02 mixed mode windows-amd64 compressed oops)
Heap
 PSYoungGen      total 276992K, used 16174K [0x00000007d6a80000, 0x00000007ea180000, 0x0000000800000000)
  eden space 252416K, 6% used [0x00000007d6a80000,0x00000007d7a4bb30,0x00000007e6100000)
  from space 24576K, 0% used [0x00000007e7e80000,0x00000007e7e80000,0x00000007e9680000)
  to   space 30208K, 0% used [0x00000007e6100000,0x00000007e6100000,0x00000007e7e80000)
 ParOldGen       total 156160K, used 119129K [0x0000000784000000, 0x000000078d880000, 0x00000007d6a80000)
  object space 156160K, 76% used [0x0000000784000000,0x000000078b4565e8,0x000000078d880000)
 PSPermGen       total 83968K, used 42744K [0x000000077ee00000, 0x0000000784000000, 0x0000000784000000)
  object space 83968K, 50% used [0x000000077ee00000,0x00000007817be358,0x0000000784000000)
GC Heap History (10 events):
Event: 19.699 GC heap before
{Heap before GC invocations=11 (full 1):
 PSYoungGen      total 282624K, used 282592K [0x00000007d6a80000, 0x00000007ea180000, 0x0000000800000000)
  eden space 252416K, 100% used [0x00000007d6a80000,0x00000007e6100000,0x00000007e6100000)
  from space 30208K, 99% used [0x00000007e6100000,0x00000007e7e78040,0x00000007e7e80000)
  to   space 24576K, 0% used [0x00000007e7e80000,0x00000007e7e80000,0x00000007e9680000)
 ParOldGen       total 156160K, used 113173K [0x0000000784000000, 0x000000078d880000, 0x00000007d6a80000)
  object space 156160K, 72% used [0x0000000784000000,0x000000078ae854d0,0x000000078d880000)
 PSPermGen       total 83456K, used 42600K [0x000000077ee00000, 0x0000000783f80000, 0x0000000784000000)
  object space 83456K, 51% used [0x000000077ee00000,0x000000078179a110,0x0000000783f80000)
Event: 19.849 GC heap after
Heap after GC invocations=11 (full 1):
 PSYoungGen      total 276992K, used 24544K [0x00000007d6a80000, 0x00000007ea180000, 0x0000000800000000)
  eden space 252416K, 0% used [0x00000007d6a80000,0x00000007d6a80000,0x00000007e6100000)
  from space 24576K, 99% used [0x00000007e7e80000,0x00000007e9678040,0x00000007e9680000)
  to   space 30208K, 0% used [0x00000007e6100000,0x00000007e6100000,0x00000007e7e80000)
 ParOldGen       total 156160K, used 152197K [0x0000000784000000, 0x000000078d880000, 0x00000007d6a80000)
  object space 156160K, 97% used [0x0000000784000000,0x000000078d4a14d0,0x000000078d880000)
 PSPermGen       total 83456K, used 42600K [0x000000077ee00000, 0x0000000783f80000, 0x0000000784000000)
  object space 83456K, 51% used [0x000000077ee00000,0x000000078179a110,0x0000000783f80000)
}
Event: 19.849 GC heap before
{Heap before GC invocations=12 (full 2):
 PSYoungGen      total 276992K, used 24544K [0x00000007d6a80000, 0x00000007ea180000, 0x0000000800000000)
  eden space 252416K, 0% used [0x00000007d6a80000,0x00000007d6a80000,0x00000007e6100000)
  from space 24576K, 99% used [0x00000007e7e80000,0x00000007e9678040,0x00000007e9680000)
  to   space 30208K, 0% used [0x00000007e6100000,0x00000007e6100000,0x00000007e7e80000)
 ParOldGen       total 156160K, used 152197K [0x0000000784000000, 0x000000078d880000, 0x00000007d6a80000)
  object space 156160K, 97% used [0x0000000784000000,0x000000078d4a14d0,0x000000078d880000)
 PSPermGen       total 83456K, used 42600K [0x000000077ee00000, 0x0000000783f80000, 0x0000000784000000)
  object space 83456K, 51% used [0x000000077ee00000,0x000000078179a110,0x0000000783f80000)
Event: 20.712 GC heap after
Heap after GC invocations=12 (full 2):
 PSYoungGen      total 276992K, used 0K [0x00000007d6a80000, 0x00000007ea180000, 0x0000000800000000)
  eden space 252416K, 0% used [0x00000007d6a80000,0x00000007d6a80000,0x00000007e6100000)
  from space 24576K, 0% used [0x00000007e7e80000,0x00000007e7e80000,0x00000007e9680000)
  to   space 30208K, 0% used [0x00000007e6100000,0x00000007e6100000,0x00000007e7e80000)
 ParOldGen       total 156160K, used 56521K [0x0000000784000000, 0x000000078d880000, 0x00000007d6a80000)
  object space 156160K, 36% used [0x0000000784000000,0x00000007877326b0,0x000000078d880000)
 PSPermGen       total 83456K, used 42599K [0x000000077ee00000, 0x0000000783f80000, 0x0000000784000000)
  object space 83456K, 51% used [0x000000077ee00000,0x0000000781799e38,0x0000000783f80000)
}
Event: 21.592 GC heap before
{Heap before GC invocations=13 (full 2):
 PSYoungGen      total 276992K, used 252416K [0x00000007d6a80000, 0x00000007ea180000, 0x0000000800000000)
  eden space 252416K, 100% used [0x00000007d6a80000,0x00000007e6100000,0x00000007e6100000)
  from space 24576K, 0% used [0x00000007e7e80000,0x00000007e7e80000,0x00000007e9680000)
  to   space 30208K, 0% used [0x00000007e6100000,0x00000007e6100000,0x00000007e7e80000)
 ParOldGen       total 156160K, used 56521K [0x0000000784000000, 0x000000078d880000, 0x00000007d6a80000)
  object space 156160K, 36% used [0x0000000784000000,0x00000007877326b0,0x000000078d880000)
 PSPermGen       total 83456K, used 42599K [0x000000077ee00000, 0x0000000783f80000, 0x0000000784000000)
  object space 83456K, 51% used [0x000000077ee00000,0x0000000781799e38,0x0000000783f80000)
Event: 21.690 GC heap after
Heap after GC invocations=13 (full 2):
 PSYoungGen      total 282624K, used 30176K [0x00000007d6a80000, 0x00000007ea180000, 0x0000000800000000)
  eden space 252416K, 0% used [0x00000007d6a80000,0x00000007d6a80000,0x00000007e6100000)
  from space 30208K, 99% used [0x00000007e6100000,0x00000007e7e78010,0x00000007e7e80000)
  to   space 24576K, 0% used [0x00000007e7e80000,0x00000007e7e80000,0x00000007e9680000)
 ParOldGen       total 156160K, used 68761K [0x0000000784000000, 0x000000078d880000, 0x00000007d6a80000)
  object space 156160K, 44% used [0x0000000784000000,0x00000007883266b0,0x000000078d880000)
 PSPermGen       total 83456K, used 42599K [0x000000077ee00000, 0x0000000783f80000, 0x0000000784000000)
  object space 83456K, 51% used [0x000000077ee00000,0x0000000781799e38,0x0000000783f80000)
}
Event: 22.984 GC heap before
{Heap before GC invocations=14 (full 2):
 PSYoungGen      total 282624K, used 282592K [0x00000007d6a80000, 0x00000007ea180000, 0x0000000800000000)
  eden space 252416K, 100% used [0x00000007d6a80000,0x00000007e6100000,0x00000007e6100000)
  from space 30208K, 99% used [0x00000007e6100000,0x00000007e7e78010,0x00000007e7e80000)
  to   space 24576K, 0% used [0x00000007e7e80000,0x00000007e7e80000,0x00000007e9680000)
 ParOldGen       total 156160K, used 68761K [0x0000000784000000, 0x000000078d880000, 0x00000007d6a80000)
  object space 156160K, 44% used [0x0000000784000000,0x00000007883266b0,0x000000078d880000)
 PSPermGen       total 83456K, used 42599K [0x000000077ee00000, 0x0000000783f80000, 0x0000000784000000)
  object space 83456K, 51% used [0x000000077ee00000,0x0000000781799fc0,0x0000000783f80000)
Event: 23.167 GC heap after
Heap after GC invocations=14 (full 2):
 PSYoungGen      total 276992K, used 24544K [0x00000007d6a80000, 0x00000007ea180000, 0x0000000800000000)
  eden space 252416K, 0% used [0x00000007d6a80000,0x00000007d6a80000,0x00000007e6100000)
  from space 24576K, 99% used [0x00000007e7e80000,0x00000007e9678010,0x00000007e9680000)
  to   space 30208K, 0% used [0x00000007e6100000,0x00000007e6100000,0x00000007e7e80000)
 ParOldGen       total 156160K, used 119409K [0x0000000784000000, 0x000000078d880000, 0x00000007d6a80000)
  object space 156160K, 76% used [0x0000000784000000,0x000000078b49c6d0,0x000000078d880000)
 PSPermGen       total 83456K, used 42599K [0x000000077ee00000, 0x0000000783f80000, 0x0000000784000000)
  object space 83456K, 51% used [0x000000077ee00000,0x0000000781799fc0,0x0000000783f80000)
}
Event: 23.167 GC heap before
{Heap before GC invocations=15 (full 3):
 PSYoungGen      total 276992K, used 24544K [0x00000007d6a80000, 0x00000007ea180000, 0x0000000800000000)
  eden space 252416K, 0% used [0x00000007d6a80000,0x00000007d6a80000,0x00000007e6100000)
  from space 24576K, 99% used [0x00000007e7e80000,0x00000007e9678010,0x00000007e9680000)
  to   space 30208K, 0% used [0x00000007e6100000,0x00000007e6100000,0x00000007e7e80000)
 ParOldGen       total 156160K, used 119409K [0x0000000784000000, 0x000000078d880000, 0x00000007d6a80000)
  object space 156160K, 76% used [0x0000000784000000,0x000000078b49c6d0,0x000000078d880000)
 PSPermGen       total 83456K, used 42599K [0x000000077ee00000, 0x0000000783f80000, 0x0000000784000000)
  object space 83456K, 51% used [0x000000077ee00000,0x0000000781799fc0,0x0000000783f80000)
Event: 24.400 GC heap after
Heap after GC invocations=15 (full 3):
 PSYoungGen      total 276992K, used 0K [0x00000007d6a80000, 0x00000007ea180000, 0x0000000800000000)
  eden space 252416K, 0% used [0x00000007d6a80000,0x00000007d6a80000,0x00000007e6100000)
  from space 24576K, 0% used [0x00000007e7e80000,0x00000007e7e80000,0x00000007e9680000)
  to   space 30208K, 0% used [0x00000007e6100000,0x00000007e6100000,0x00000007e7e80000)
 ParOldGen       total 156160K, used 119129K [0x0000000784000000, 0x000000078d880000, 0x00000007d6a80000)
  object space 156160K, 76% used [0x0000000784000000,0x000000078b4565e8,0x000000078d880000)
 PSPermGen       total 83968K, used 42599K [0x000000077ee00000, 0x0000000784000000, 0x0000000784000000)
  object space 83968K, 50% used [0x000000077ee00000,0x0000000781799fc0,0x0000000784000000)
}

# JRE version: Java(TM) SE Runtime Environment (7.0_79-b15) (build 1.7.0_79-b15)
# Java VM: Java HotSpot(TM) 64-Bit Server VM (24.79-b02 mixed mode windows-amd64 compressed oops)
Heap
 PSYoungGen      total 276992K, used 16174K [0x00000007d6a80000, 0x00000007ea180000, 0x0000000800000000)
  eden space 252416K, 6% used [0x00000007d6a80000,0x00000007d7a4bb30,0x00000007e6100000)
  from space 24576K, 0% used [0x00000007e7e80000,0x00000007e7e80000,0x00000007e9680000)
  to   space 30208K, 0% used [0x00000007e6100000,0x00000007e6100000,0x00000007e7e80000)
 ParOldGen       total 156160K, used 119129K [0x0000000784000000, 0x000000078d880000, 0x00000007d6a80000)
  object space 156160K, 76% used [0x0000000784000000,0x000000078b4565e8,0x000000078d880000)
 PSPermGen       total 83968K, used 42744K [0x000000077ee00000, 0x0000000784000000, 0x0000000784000000)
  object space 83968K, 50% used [0x000000077ee00000,0x00000007817be358,0x0000000784000000)
GC Heap History (10 events):
Event: 19.699 GC heap before
{Heap before GC invocations=11 (full 1):
 PSYoungGen      total 282624K, used 282592K [0x00000007d6a80000, 0x00000007ea180000, 0x0000000800000000)
  eden space 252416K, 100% used [0x00000007d6a80000,0x00000007e6100000,0x00000007e6100000)
  from space 30208K, 99% used [0x00000007e6100000,0x00000007e7e78040,0x00000007e7e80000)
  to   space 24576K, 0% used [0x00000007e7e80000,0x00000007e7e80000,0x00000007e9680000)
 ParOldGen       total 156160K, used 113173K [0x0000000784000000, 0x000000078d880000, 0x00000007d6a80000)
  object space 156160K, 72% used [0x0000000784000000,0x000000078ae854d0,0x000000078d880000)
 PSPermGen       total 83456K, used 42600K [0x000000077ee00000, 0x0000000783f80000, 0x0000000784000000)
  object space 83456K, 51% used [0x000000077ee00000,0x000000078179a110,0x0000000783f80000)
Event: 19.849 GC heap after
Heap after GC invocations=11 (full 1):
 PSYoungGen      total 276992K, used 24544K [0x00000007d6a80000, 0x00000007ea180000, 0x0000000800000000)
  eden space 252416K, 0% used [0x00000007d6a80000,0x00000007d6a80000,0x00000007e6100000)
  from space 24576K, 99% used [0x00000007e7e80000,0x00000007e9678040,0x00000007e9680000)
  to   space 30208K, 0% used [0x00000007e6100000,0x00000007e6100000,0x00000007e7e80000)
 ParOldGen       total 156160K, used 152197K [0x0000000784000000, 0x000000078d880000, 0x00000007d6a80000)
  object space 156160K, 97% used [0x0000000784000000,0x000000078d4a14d0,0x000000078d880000)
 PSPermGen       total 83456K, used 42600K [0x000000077ee00000, 0x0000000783f80000, 0x0000000784000000)
  object space 83456K, 51% used [0x000000077ee00000,0x000000078179a110,0x0000000783f80000)
}
Event: 19.849 GC heap before
{Heap before GC invocations=12 (full 2):
 PSYoungGen      total 276992K, used 24544K [0x00000007d6a80000, 0x00000007ea180000, 0x0000000800000000)
  eden space 252416K, 0% used [0x00000007d6a80000,0x00000007d6a80000,0x00000007e6100000)
  from space 24576K, 99% used [0x00000007e7e80000,0x00000007e9678040,0x00000007e9680000)
  to   space 30208K, 0% used [0x00000007e6100000,0x00000007e6100000,0x00000007e7e80000)
 ParOldGen       total 156160K, used 152197K [0x0000000784000000, 0x000000078d880000, 0x00000007d6a80000)
  object space 156160K, 97% used [0x0000000784000000,0x000000078d4a14d0,0x000000078d880000)
 PSPermGen       total 83456K, used 42600K [0x000000077ee00000, 0x0000000783f80000, 0x0000000784000000)
  object space 83456K, 51% used [0x000000077ee00000,0x000000078179a110,0x0000000783f80000)
Event: 20.712 GC heap after
Heap after GC invocations=12 (full 2):
 PSYoungGen      total 276992K, used 0K [0x00000007d6a80000, 0x00000007ea180000, 0x0000000800000000)
  eden space 252416K, 0% used [0x00000007d6a80000,0x00000007d6a80000,0x00000007e6100000)
  from space 24576K, 0% used [0x00000007e7e80000,0x00000007e7e80000,0x00000007e9680000)
  to   space 30208K, 0% used [0x00000007e6100000,0x00000007e6100000,0x00000007e7e80000)
 ParOldGen       total 156160K, used 56521K [0x0000000784000000, 0x000000078d880000, 0x00000007d6a80000)
  object space 156160K, 36% used [0x0000000784000000,0x00000007877326b0,0x000000078d880000)
 PSPermGen       total 83456K, used 42599K [0x000000077ee00000, 0x0000000783f80000, 0x0000000784000000)
  object space 83456K, 51% used [0x000000077ee00000,0x0000000781799e38,0x0000000783f80000)
}
Event: 21.592 GC heap before
{Heap before GC invocations=13 (full 2):
 PSYoungGen      total 276992K, used 252416K [0x00000007d6a80000, 0x00000007ea180000, 0x0000000800000000)
  eden space 252416K, 100% used [0x00000007d6a80000,0x00000007e6100000,0x00000007e6100000)
  from space 24576K, 0% used [0x00000007e7e80000,0x00000007e7e80000,0x00000007e9680000)
  to   space 30208K, 0% used [0x00000007e6100000,0x00000007e6100000,0x00000007e7e80000)
 ParOldGen       total 156160K, used 56521K [0x0000000784000000, 0x000000078d880000, 0x00000007d6a80000)
  object space 156160K, 36% used [0x0000000784000000,0x00000007877326b0,0x000000078d880000)
 PSPermGen       total 83456K, used 42599K [0x000000077ee00000, 0x0000000783f80000, 0x0000000784000000)
  object space 83456K, 51% used [0x000000077ee00000,0x0000000781799e38,0x0000000783f80000)
Event: 21.690 GC heap after
Heap after GC invocations=13 (full 2):
 PSYoungGen      total 282624K, used 30176K [0x00000007d6a80000, 0x00000007ea180000, 0x0000000800000000)
  eden space 252416K, 0% used [0x00000007d6a80000,0x00000007d6a80000,0x00000007e6100000)
  from space 30208K, 99% used [0x00000007e6100000,0x00000007e7e78010,0x00000007e7e80000)
  to   space 24576K, 0% used [0x00000007e7e80000,0x00000007e7e80000,0x00000007e9680000)
 ParOldGen       total 156160K, used 68761K [0x0000000784000000, 0x000000078d880000, 0x00000007d6a80000)
  object space 156160K, 44% used [0x0000000784000000,0x00000007883266b0,0x000000078d880000)
 PSPermGen       total 83456K, used 42599K [0x000000077ee00000, 0x0000000783f80000, 0x0000000784000000)
  object space 83456K, 51% used [0x000000077ee00000,0x0000000781799e38,0x0000000783f80000)
}
Event: 22.984 GC heap before
{Heap before GC invocations=14 (full 2):
 PSYoungGen      total 282624K, used 282592K [0x00000007d6a80000, 0x00000007ea180000, 0x0000000800000000)
  eden space 252416K, 100% used [0x00000007d6a80000,0x00000007e6100000,0x00000007e6100000)
  from space 30208K, 99% used [0x00000007e6100000,0x00000007e7e78010,0x00000007e7e80000)
  to   space 24576K, 0% used [0x00000007e7e80000,0x00000007e7e80000,0x00000007e9680000)
 ParOldGen       total 156160K, used 68761K [0x0000000784000000, 0x000000078d880000, 0x00000007d6a80000)
  object space 156160K, 44% used [0x0000000784000000,0x00000007883266b0,0x000000078d880000)
 PSPermGen       total 83456K, used 42599K [0x000000077ee00000, 0x0000000783f80000, 0x0000000784000000)
  object space 83456K, 51% used [0x000000077ee00000,0x0000000781799fc0,0x0000000783f80000)
Event: 23.167 GC heap after
Heap after GC invocations=14 (full 2):
 PSYoungGen      total 276992K, used 24544K [0x00000007d6a80000, 0x00000007ea180000, 0x0000000800000000)
  eden space 252416K, 0% used [0x00000007d6a80000,0x00000007d6a80000,0x00000007e6100000)
  from space 24576K, 99% used [0x00000007e7e80000,0x00000007e9678010,0x00000007e9680000)
  to   space 30208K, 0% used [0x00000007e6100000,0x00000007e6100000,0x00000007e7e80000)
 ParOldGen       total 156160K, used 119409K [0x0000000784000000, 0x000000078d880000, 0x00000007d6a80000)
  object space 156160K, 76% used [0x0000000784000000,0x000000078b49c6d0,0x000000078d880000)
 PSPermGen       total 83456K, used 42599K [0x000000077ee00000, 0x0000000783f80000, 0x0000000784000000)
  object space 83456K, 51% used [0x000000077ee00000,0x0000000781799fc0,0x0000000783f80000)
}
Event: 23.167 GC heap before
{Heap before GC invocations=15 (full 3):
 PSYoungGen      total 276992K, used 24544K [0x00000007d6a80000, 0x00000007ea180000, 0x0000000800000000)
  eden space 252416K, 0% used [0x00000007d6a80000,0x00000007d6a80000,0x00000007e6100000)
  from space 24576K, 99% used [0x00000007e7e80000,0x00000007e9678010,0x00000007e9680000)
  to   space 30208K, 0% used [0x00000007e6100000,0x00000007e6100000,0x00000007e7e80000)
 ParOldGen       total 156160K, used 119409K [0x0000000784000000, 0x000000078d880000, 0x00000007d6a80000)
  object space 156160K, 76% used [0x0000000784000000,0x000000078b49c6d0,0x000000078d880000)
 PSPermGen       total 83456K, used 42599K [0x000000077ee00000, 0x0000000783f80000, 0x0000000784000000)
  object space 83456K, 51% used [0x000000077ee00000,0x0000000781799fc0,0x0000000783f80000)
Event: 24.400 GC heap after
Heap after GC invocations=15 (full 3):
 PSYoungGen      total 276992K, used 0K [0x00000007d6a80000, 0x00000007ea180000, 0x0000000800000000)
  eden space 252416K, 0% used [0x00000007d6a80000,0x00000007d6a80000,0x00000007e6100000)
  from space 24576K, 0% used [0x00000007e7e80000,0x00000007e7e80000,0x00000007e9680000)
  to   space 30208K, 0% used [0x00000007e6100000,0x00000007e6100000,0x00000007e7e80000)
 ParOldGen       total 156160K, used 119129K [0x0000000784000000, 0x000000078d880000, 0x00000007d6a80000)
  object space 156160K, 76% used [0x0000000784000000,0x000000078b4565e8,0x000000078d880000)
 PSPermGen       total 83968K, used 42599K [0x000000077ee00000, 0x0000000784000000, 0x0000000784000000)
  object space 83968K, 50% used [0x000000077ee00000,0x0000000781799fc0,0x0000000784000000)
}

# JRE version: Java(TM) SE Runtime Environment (7.0_79-b15) (build 1.7.0_79-b15)
# Java VM: Java HotSpot(TM) 64-Bit Server VM (24.79-b02 mixed mode windows-amd64 compressed oops)
Heap
 PSYoungGen      total 276992K, used 16174K [0x00000007d6a80000, 0x00000007ea180000, 0x0000000800000000)
  eden space 252416K, 6% used [0x00000007d6a80000,0x00000007d7a4bb30,0x00000007e6100000)
  from space 24576K, 0% used [0x00000007e7e80000,0x00000007e7e80000,0x00000007e9680000)
  to   space 30208K, 0% used [0x00000007e6100000,0x00000007e6100000,0x00000007e7e80000)
 ParOldGen       total 156160K, used 119129K [0x0000000784000000, 0x000000078d880000, 0x00000007d6a80000)
  object space 156160K, 76% used [0x0000000784000000,0x000000078b4565e8,0x000000078d880000)
 PSPermGen       total 83968K, used 42744K [0x000000077ee00000, 0x0000000784000000, 0x0000000784000000)
  object space 83968K, 50% used [0x000000077ee00000,0x00000007817be358,0x0000000784000000)
GC Heap History (10 events):
Event: 19.699 GC heap before
{Heap before GC invocations=11 (full 1):
 PSYoungGen      total 282624K, used 282592K [0x00000007d6a80000, 0x00000007ea180000, 0x0000000800000000)
  eden space 252416K, 100% used [0x00000007d6a80000,0x00000007e6100000,0x00000007e6100000)
  from space 30208K, 99% used [0x00000007e6100000,0x00000007e7e78040,0x00000007e7e80000)
  to   space 24576K, 0% used [0x00000007e7e80000,0x00000007e7e80000,0x00000007e9680000)
 ParOldGen       total 156160K, used 113173K [0x0000000784000000, 0x000000078d880000, 0x00000007d6a80000)
  object space 156160K, 72% used [0x0000000784000000,0x000000078ae854d0,0x000000078d880000)
 PSPermGen       total 83456K, used 42600K [0x000000077ee00000, 0x0000000783f80000, 0x0000000784000000)
  object space 83456K, 51% used [0x000000077ee00000,0x000000078179a110,0x0000000783f80000)
Event: 19.849 GC heap after
Heap after GC invocations=11 (full 1):
 PSYoungGen      total 276992K, used 24544K [0x00000007d6a80000, 0x00000007ea180000, 0x0000000800000000)
  eden space 252416K, 0% used [0x00000007d6a80000,0x00000007d6a80000,0x00000007e6100000)
  from space 24576K, 99% used [0x00000007e7e80000,0x00000007e9678040,0x00000007e9680000)
  to   space 30208K, 0% used [0x00000007e6100000,0x00000007e6100000,0x00000007e7e80000)
 ParOldGen       total 156160K, used 152197K [0x0000000784000000, 0x000000078d880000, 0x00000007d6a80000)
  object space 156160K, 97% used [0x0000000784000000,0x000000078d4a14d0,0x000000078d880000)
 PSPermGen       total 83456K, used 42600K [0x000000077ee00000, 0x0000000783f80000, 0x0000000784000000)
  object space 83456K, 51% used [0x000000077ee00000,0x000000078179a110,0x0000000783f80000)
}
Event: 19.849 GC heap before
{Heap before GC invocations=12 (full 2):
 PSYoungGen      total 276992K, used 24544K [0x00000007d6a80000, 0x00000007ea180000, 0x0000000800000000)
  eden space 252416K, 0% used [0x00000007d6a80000,0x00000007d6a80000,0x00000007e6100000)
  from space 24576K, 99% used [0x00000007e7e80000,0x00000007e9678040,0x00000007e9680000)
  to   space 30208K, 0% used [0x00000007e6100000,0x00000007e6100000,0x00000007e7e80000)
 ParOldGen       total 156160K, used 152197K [0x0000000784000000, 0x000000078d880000, 0x00000007d6a80000)
  object space 156160K, 97% used [0x0000000784000000,0x000000078d4a14d0,0x000000078d880000)
 PSPermGen       total 83456K, used 42600K [0x000000077ee00000, 0x0000000783f80000, 0x0000000784000000)
  object space 83456K, 51% used [0x000000077ee00000,0x000000078179a110,0x0000000783f80000)
Event: 20.712 GC heap after
Heap after GC invocations=12 (full 2):
 PSYoungGen      total 276992K, used 0K [0x00000007d6a80000, 0x00000007ea180000, 0x0000000800000000)
  eden space 252416K, 0% used [0x00000007d6a80000,0x00000007d6a80000,0x00000007e6100000)
  from space 24576K, 0% used [0x00000007e7e80000,0x00000007e7e80000,0x00000007e9680000)
  to   space 30208K, 0% used [0x00000007e6100000,0x00000007e6100000,0x00000007e7e80000)
 ParOldGen       total 156160K, used 56521K [0x0000000784000000, 0x000000078d880000, 0x00000007d6a80000)
  object space 156160K, 36% used [0x0000000784000000,0x00000007877326b0,0x000000078d880000)
 PSPermGen       total 83456K, used 42599K [0x000000077ee00000, 0x0000000783f80000, 0x0000000784000000)
  object space 83456K, 51% used [0x000000077ee00000,0x0000000781799e38,0x0000000783f80000)
}
Event: 21.592 GC heap before
{Heap before GC invocations=13 (full 2):
 PSYoungGen      total 276992K, used 252416K [0x00000007d6a80000, 0x00000007ea180000, 0x0000000800000000)
  eden space 252416K, 100% used [0x00000007d6a80000,0x00000007e6100000,0x00000007e6100000)
  from space 24576K, 0% used [0x00000007e7e80000,0x00000007e7e80000,0x00000007e9680000)
  to   space 30208K, 0% used [0x00000007e6100000,0x00000007e6100000,0x00000007e7e80000)
 ParOldGen       total 156160K, used 56521K [0x0000000784000000, 0x000000078d880000, 0x00000007d6a80000)
  object space 156160K, 36% used [0x0000000784000000,0x00000007877326b0,0x000000078d880000)
 PSPermGen       total 83456K, used 42599K [0x000000077ee00000, 0x0000000783f80000, 0x0000000784000000)
  object space 83456K, 51% used [0x000000077ee00000,0x0000000781799e38,0x0000000783f80000)
Event: 21.690 GC heap after
Heap after GC invocations=13 (full 2):
 PSYoungGen      total 282624K, used 30176K [0x00000007d6a80000, 0x00000007ea180000, 0x0000000800000000)
  eden space 252416K, 0% used [0x00000007d6a80000,0x00000007d6a80000,0x00000007e6100000)
  from space 30208K, 99% used [0x00000007e6100000,0x00000007e7e78010,0x00000007e7e80000)
  to   space 24576K, 0% used [0x00000007e7e80000,0x00000007e7e80000,0x00000007e9680000)
 ParOldGen       total 156160K, used 68761K [0x0000000784000000, 0x000000078d880000, 0x00000007d6a80000)
  object space 156160K, 44% used [0x0000000784000000,0x00000007883266b0,0x000000078d880000)
 PSPermGen       total 83456K, used 42599K [0x000000077ee00000, 0x0000000783f80000, 0x0000000784000000)
  object space 83456K, 51% used [0x000000077ee00000,0x0000000781799e38,0x0000000783f80000)
}
Event: 22.984 GC heap before
{Heap before GC invocations=14 (full 2):
 PSYoungGen      total 282624K, used 282592K [0x00000007d6a80000, 0x00000007ea180000, 0x0000000800000000)
  eden space 252416K, 100% used [0x00000007d6a80000,0x00000007e6100000,0x00000007e6100000)
  from space 30208K, 99% used [0x00000007e6100000,0x00000007e7e78010,0x00000007e7e80000)
  to   space 24576K, 0% used [0x00000007e7e80000,0x00000007e7e80000,0x00000007e9680000)
 ParOldGen       total 156160K, used 68761K [0x0000000784000000, 0x000000078d880000, 0x00000007d6a80000)
  object space 156160K, 44% used [0x0000000784000000,0x00000007883266b0,0x000000078d880000)
 PSPermGen       total 83456K, used 42599K [0x000000077ee00000, 0x0000000783f80000, 0x0000000784000000)
  object space 83456K, 51% used [0x000000077ee00000,0x0000000781799fc0,0x0000000783f80000)
Event: 23.167 GC heap after
Heap after GC invocations=14 (full 2):
 PSYoungGen      total 276992K, used 24544K [0x00000007d6a80000, 0x00000007ea180000, 0x0000000800000000)
  eden space 252416K, 0% used [0x00000007d6a80000,0x00000007d6a80000,0x00000007e6100000)
  from space 24576K, 99% used [0x00000007e7e80000,0x00000007e9678010,0x00000007e9680000)
  to   space 30208K, 0% used [0x00000007e6100000,0x00000007e6100000,0x00000007e7e80000)
 ParOldGen       total 156160K, used 119409K [0x0000000784000000, 0x000000078d880000, 0x00000007d6a80000)
  object space 156160K, 76% used [0x0000000784000000,0x000000078b49c6d0,0x000000078d880000)
 PSPermGen       total 83456K, used 42599K [0x000000077ee00000, 0x0000000783f80000, 0x0000000784000000)
  object space 83456K, 51% used [0x000000077ee00000,0x0000000781799fc0,0x0000000783f80000)
}
Event: 23.167 GC heap before
{Heap before GC invocations=15 (full 3):
 PSYoungGen      total 276992K, used 24544K [0x00000007d6a80000, 0x00000007ea180000, 0x0000000800000000)
  eden space 252416K, 0% used [0x00000007d6a80000,0x00000007d6a80000,0x00000007e6100000)
  from space 24576K, 99% used [0x00000007e7e80000,0x00000007e9678010,0x00000007e9680000)
  to   space 30208K, 0% used [0x00000007e6100000,0x00000007e6100000,0x00000007e7e80000)
 ParOldGen       total 156160K, used 119409K [0x0000000784000000, 0x000000078d880000, 0x00000007d6a80000)
  object space 156160K, 76% used [0x0000000784000000,0x000000078b49c6d0,0x000000078d880000)
 PSPermGen       total 83456K, used 42599K [0x000000077ee00000, 0x0000000783f80000, 0x0000000784000000)
  object space 83456K, 51% used [0x000000077ee00000,0x0000000781799fc0,0x0000000783f80000)
Event: 24.400 GC heap after
Heap after GC invocations=15 (full 3):
 PSYoungGen      total 276992K, used 0K [0x00000007d6a80000, 0x00000007ea180000, 0x0000000800000000)
  eden space 252416K, 0% used [0x00000007d6a80000,0x00000007d6a80000,0x00000007e6100000)
  from space 24576K, 0% used [0x00000007e7e80000,0x00000007e7e80000,0x00000007e9680000)
  to   space 30208K, 0% used [0x00000007e6100000,0x00000007e6100000,0x00000007e7e80000)
 ParOldGen       total 156160K, used 119129K [0x0000000784000000, 0x000000078d880000, 0x00000007d6a80000)
  object space 156160K, 76% used [0x0000000784000000,0x000000078b4565e8,0x000000078d880000)
 PSPermGen       total 83968K, used 42599K [0x000000077ee00000, 0x0000000784000000, 0x0000000784000000)
  object space 83968K, 50% used [0x000000077ee00000,0x0000000781799fc0,0x0000000784000000)
}

# JRE version: Java(TM) SE Runtime Environment (7.0_79-b15) (build 1.7.0_79-b15)
# Java VM: Java HotSpot(TM) 64-Bit Server VM (24.79-b02 mixed mode windows-amd64 compressed oops)
Heap
 PSYoungGen      total 276992K, used 16174K [0x00000007d6a80000, 0x00000007ea180000, 0x0000000800000000)
  eden space 252416K, 6% used [0x00000007d6a80000,0x00000007d7a4bb30,0x00000007e6100000)
  from space 24576K, 0% used [0x00000007e7e80000,0x00000007e7e80000,0x00000007e9680000)
  to   space 30208K, 0% used [0x00000007e6100000,0x00000007e6100000,0x00000007e7e80000)
 ParOldGen       total 156160K, used 119129K [0x0000000784000000, 0x000000078d880000, 0x00000007d6a80000)
  object space 156160K, 76% used [0x0000000784000000,0x000000078b4565e8,0x000000078d880000)
 PSPermGen       total 83968K, used 42744K [0x000000077ee00000, 0x0000000784000000, 0x0000000784000000)
  object space 83968K, 50% used [0x000000077ee00000,0x00000007817be358,0x0000000784000000)
GC Heap History (10 events):
Event: 19.699 GC heap before
{Heap before GC invocations=11 (full 1):
 PSYoungGen      total 282624K, used 282592K [0x00000007d6a80000, 0x00000007ea180000, 0x0000000800000000)
  eden space 252416K, 100% used [0x00000007d6a80000,0x00000007e6100000,0x00000007e6100000)
  from space 30208K, 99% used [0x00000007e6100000,0x00000007e7e78040,0x00000007e7e80000)
  to   space 24576K, 0% used [0x00000007e7e80000,0x00000007e7e80000,0x00000007e9680000)
 ParOldGen       total 156160K, used 113173K [0x0000000784000000, 0x000000078d880000, 0x00000007d6a80000)
  object space 156160K, 72% used [0x0000000784000000,0x000000078ae854d0,0x000000078d880000)
 PSPermGen       total 83456K, used 42600K [0x000000077ee00000, 0x0000000783f80000, 0x0000000784000000)
  object space 83456K, 51% used [0x000000077ee00000,0x000000078179a110,0x0000000783f80000)
Event: 19.849 GC heap after
Heap after GC invocations=11 (full 1):
 PSYoungGen      total 276992K, used 24544K [0x00000007d6a80000, 0x00000007ea180000, 0x0000000800000000)
  eden space 252416K, 0% used [0x00000007d6a80000,0x00000007d6a80000,0x00000007e6100000)
  from space 24576K, 99% used [0x00000007e7e80000,0x00000007e9678040,0x00000007e9680000)
  to   space 30208K, 0% used [0x00000007e6100000,0x00000007e6100000,0x00000007e7e80000)
 ParOldGen       total 156160K, used 152197K [0x0000000784000000, 0x000000078d880000, 0x00000007d6a80000)
  object space 156160K, 97% used [0x0000000784000000,0x000000078d4a14d0,0x000000078d880000)
 PSPermGen       total 83456K, used 42600K [0x000000077ee00000, 0x0000000783f80000, 0x0000000784000000)
  object space 83456K, 51% used [0x000000077ee00000,0x000000078179a110,0x0000000783f80000)
}
Event: 19.849 GC heap before
{Heap before GC invocations=12 (full 2):
 PSYoungGen      total 276992K, used 24544K [0x00000007d6a80000, 0x00000007ea180000, 0x0000000800000000)
  eden space 252416K, 0% used [0x00000007d6a80000,0x00000007d6a80000,0x00000007e6100000)
  from space 24576K, 99% used [0x00000007e7e80000,0x00000007e9678040,0x00000007e9680000)
  to   space 30208K, 0% used [0x00000007e6100000,0x00000007e6100000,0x00000007e7e80000)
 ParOldGen       total 156160K, used 152197K [0x0000000784000000, 0x000000078d880000, 0x00000007d6a80000)
  object space 156160K, 97% used [0x0000000784000000,0x000000078d4a14d0,0x000000078d880000)
 PSPermGen       total 83456K, used 42600K [0x000000077ee00000, 0x0000000783f80000, 0x0000000784000000)
  object space 83456K, 51% used [0x000000077ee00000,0x000000078179a110,0x0000000783f80000)
Event: 20.712 GC heap after
Heap after GC invocations=12 (full 2):
 PSYoungGen      total 276992K, used 0K [0x00000007d6a80000, 0x00000007ea180000, 0x0000000800000000)
  eden space 252416K, 0% used [0x00000007d6a80000,0x00000007d6a80000,0x00000007e6100000)
  from space 24576K, 0% used [0x00000007e7e80000,0x00000007e7e80000,0x00000007e9680000)
  to   space 30208K, 0% used [0x00000007e6100000,0x00000007e6100000,0x00000007e7e80000)
 ParOldGen       total 156160K, used 56521K [0x0000000784000000, 0x000000078d880000, 0x00000007d6a80000)
  object space 156160K, 36% used [0x0000000784000000,0x00000007877326b0,0x000000078d880000)
 PSPermGen       total 83456K, used 42599K [0x000000077ee00000, 0x0000000783f80000, 0x0000000784000000)
  object space 83456K, 51% used [0x000000077ee00000,0x0000000781799e38,0x0000000783f80000)
}
Event: 21.592 GC heap before
{Heap before GC invocations=13 (full 2):
 PSYoungGen      total 276992K, used 252416K [0x00000007d6a80000, 0x00000007ea180000, 0x0000000800000000)
  eden space 252416K, 100% used [0x00000007d6a80000,0x00000007e6100000,0x00000007e6100000)
  from space 24576K, 0% used [0x00000007e7e80000,0x00000007e7e80000,0x00000007e9680000)
  to   space 30208K, 0% used [0x00000007e6100000,0x00000007e6100000,0x00000007e7e80000)
 ParOldGen       total 156160K, used 56521K [0x0000000784000000, 0x000000078d880000, 0x00000007d6a80000)
  object space 156160K, 36% used [0x0000000784000000,0x00000007877326b0,0x000000078d880000)
 PSPermGen       total 83456K, used 42599K [0x000000077ee00000, 0x0000000783f80000, 0x0000000784000000)
  object space 83456K, 51% used [0x000000077ee00000,0x0000000781799e38,0x0000000783f80000)
Event: 21.690 GC heap after
Heap after GC invocations=13 (full 2):
 PSYoungGen      total 282624K, used 30176K [0x00000007d6a80000, 0x00000007ea180000, 0x0000000800000000)
  eden space 252416K, 0% used [0x00000007d6a80000,0x00000007d6a80000,0x00000007e6100000)
  from space 30208K, 99% used [0x00000007e6100000,0x00000007e7e78010,0x00000007e7e80000)
  to   space 24576K, 0% used [0x00000007e7e80000,0x00000007e7e80000,0x00000007e9680000)
 ParOldGen       total 156160K, used 68761K [0x0000000784000000, 0x000000078d880000, 0x00000007d6a80000)
  object space 156160K, 44% used [0x0000000784000000,0x00000007883266b0,0x000000078d880000)
 PSPermGen       total 83456K, used 42599K [0x000000077ee00000, 0x0000000783f80000, 0x0000000784000000)
  object space 83456K, 51% used [0x000000077ee00000,0x0000000781799e38,0x0000000783f80000)
}
Event: 22.984 GC heap before
{Heap before GC invocations=14 (full 2):
 PSYoungGen      total 282624K, used 282592K [0x00000007d6a80000, 0x00000007ea180000, 0x0000000800000000)
  eden space 252416K, 100% used [0x00000007d6a80000,0x00000007e6100000,0x00000007e6100000)
  from space 30208K, 99% used [0x00000007e6100000,0x00000007e7e78010,0x00000007e7e80000)
  to   space 24576K, 0% used [0x00000007e7e80000,0x00000007e7e80000,0x00000007e9680000)
 ParOldGen       total 156160K, used 68761K [0x0000000784000000, 0x000000078d880000, 0x00000007d6a80000)
  object space 156160K, 44% used [0x0000000784000000,0x00000007883266b0,0x000000078d880000)
 PSPermGen       total 83456K, used 42599K [0x000000077ee00000, 0x0000000783f80000, 0x0000000784000000)
  object space 83456K, 51% used [0x000000077ee00000,0x0000000781799fc0,0x0000000783f80000)
Event: 23.167 GC heap after
Heap after GC invocations=14 (full 2):
 PSYoungGen      total 276992K, used 24544K [0x00000007d6a80000, 0x00000007ea180000, 0x0000000800000000)
  eden space 252416K, 0% used [0x00000007d6a80000,0x00000007d6a80000,0x00000007e6100000)
  from space 24576K, 99% used [0x00000007e7e80000,0x00000007e9678010,0x00000007e9680000)
  to   space 30208K, 0% used [0x00000007e6100000,0x00000007e6100000,0x00000007e7e80000)
 ParOldGen       total 156160K, used 119409K [0x0000000784000000, 0x000000078d880000, 0x00000007d6a80000)
  object space 156160K, 76% used [0x0000000784000000,0x000000078b49c6d0,0x000000078d880000)
 PSPermGen       total 83456K, used 42599K [0x000000077ee00000, 0x0000000783f80000, 0x0000000784000000)
  object space 83456K, 51% used [0x000000077ee00000,0x0000000781799fc0,0x0000000783f80000)
}
Event: 23.167 GC heap before
{Heap before GC invocations=15 (full 3):
 PSYoungGen      total 276992K, used 24544K [0x00000007d6a80000, 0x00000007ea180000, 0x0000000800000000)
  eden space 252416K, 0% used [0x00000007d6a80000,0x00000007d6a80000,0x00000007e6100000)
  from space 24576K, 99% used [0x00000007e7e80000,0x00000007e9678010,0x00000007e9680000)
  to   space 30208K, 0% used [0x00000007e6100000,0x00000007e6100000,0x00000007e7e80000)
 ParOldGen       total 156160K, used 119409K [0x0000000784000000, 0x000000078d880000, 0x00000007d6a80000)
  object space 156160K, 76% used [0x0000000784000000,0x000000078b49c6d0,0x000000078d880000)
 PSPermGen       total 83456K, used 42599K [0x000000077ee00000, 0x0000000783f80000, 0x0000000784000000)
  object space 83456K, 51% used [0x000000077ee00000,0x0000000781799fc0,0x0000000783f80000)
Event: 24.400 GC heap after
Heap after GC invocations=15 (full 3):
 PSYoungGen      total 276992K, used 0K [0x00000007d6a80000, 0x00000007ea180000, 0x0000000800000000)
  eden space 252416K, 0% used [0x00000007d6a80000,0x00000007d6a80000,0x00000007e6100000)
  from space 24576K, 0% used [0x00000007e7e80000,0x00000007e7e80000,0x00000007e9680000)
  to   space 30208K, 0% used [0x00000007e6100000,0x00000007e6100000,0x00000007e7e80000)
 ParOldGen       total 156160K, used 119129K [0x0000000784000000, 0x000000078d880000, 0x00000007d6a80000)
  object space 156160K, 76% used [0x0000000784000000,0x000000078b4565e8,0x000000078d880000)
 PSPermGen       total 83968K, used 42599K [0x000000077ee00000, 0x0000000784000000, 0x0000000784000000)
  object space 83968K, 50% used [0x000000077ee00000,0x0000000781799fc0,0x0000000784000000)
}

# JRE version: Java(TM) SE Runtime Environment (7.0_79-b15) (build 1.7.0_79-b15)
# Java VM: Java HotSpot(TM) 64-Bit Server VM (24.79-b02 mixed mode windows-amd64 compressed oops)
Heap
 PSYoungGen      total 276992K, used 16174K [0x00000007d6a80000, 0x00000007ea180000, 0x0000000800000000)
  eden space 252416K, 6% used [0x00000007d6a80000,0x00000007d7a4bb30,0x00000007e6100000)
  from space 24576K, 0% used [0x00000007e7e80000,0x00000007e7e80000,0x00000007e9680000)
  to   space 30208K, 0% used [0x00000007e6100000,0x00000007e6100000,0x00000007e7e80000)
 ParOldGen       total 156160K, used 119129K [0x0000000784000000, 0x000000078d880000, 0x00000007d6a80000)
  object space 156160K, 76% used [0x0000000784000000,0x000000078b4565e8,0x000000078d880000)
 PSPermGen       total 83968K, used 42744K [0x000000077ee00000, 0x0000000784000000, 0x0000000784000000)
  object space 83968K, 50% used [0x000000077ee00000,0x00000007817be358,0x0000000784000000)
GC Heap History (10 events):
Event: 19.699 GC heap before
{Heap before GC invocations=11 (full 1):
 PSYoungGen      total 282624K, used 282592K [0x00000007d6a80000, 0x00000007ea180000, 0x0000000800000000)
  eden space 252416K, 100% used [0x00000007d6a80000,0x00000007e6100000,0x00000007e6100000)
  from space 30208K, 99% used [0x00000007e6100000,0x00000007e7e78040,0x00000007e7e80000)
  to   space 24576K, 0% used [0x00000007e7e80000,0x00000007e7e80000,0x00000007e9680000)
 ParOldGen       total 156160K, used 113173K [0x0000000784000000, 0x000000078d880000, 0x00000007d6a80000)
  object space 156160K, 72% used [0x0000000784000000,0x000000078ae854d0,0x000000078d880000)
 PSPermGen       total 83456K, used 42600K [0x000000077ee00000, 0x0000000783f80000, 0x0000000784000000)
  object space 83456K, 51% used [0x000000077ee00000,0x000000078179a110,0x0000000783f80000)
Event: 19.849 GC heap after
Heap after GC invocations=11 (full 1):
 PSYoungGen      total 276992K, used 24544K [0x00000007d6a80000, 0x00000007ea180000, 0x0000000800000000)
  eden space 252416K, 0% used [0x00000007d6a80000,0x00000007d6a80000,0x00000007e6100000)
  from space 24576K, 99% used [0x00000007e7e80000,0x00000007e9678040,0x00000007e9680000)
  to   space 30208K, 0% used [0x00000007e6100000,0x00000007e6100000,0x00000007e7e80000)
 ParOldGen       total 156160K, used 152197K [0x0000000784000000, 0x000000078d880000, 0x00000007d6a80000)
  object space 156160K, 97% used [0x0000000784000000,0x000000078d4a14d0,0x000000078d880000)
 PSPermGen       total 83456K, used 42600K [0x000000077ee00000, 0x0000000783f80000, 0x0000000784000000)
  object space 83456K, 51% used [0x000000077ee00000,0x000000078179a110,0x0000000783f80000)
}
Event: 19.849 GC heap before
{Heap before GC invocations=12 (full 2):
 PSYoungGen      total 276992K, used 24544K [0x00000007d6a80000, 0x00000007ea180000, 0x0000000800000000)
  eden space 252416K, 0% used [0x00000007d6a80000,0x00000007d6a80000,0x00000007e6100000)
  from space 24576K, 99% used [0x00000007e7e80000,0x00000007e9678040,0x00000007e9680000)
  to   space 30208K, 0% used [0x00000007e6100000,0x00000007e6100000,0x00000007e7e80000)
 ParOldGen       total 156160K, used 152197K [0x0000000784000000, 0x000000078d880000, 0x00000007d6a80000)
  object space 156160K, 97% used [0x0000000784000000,0x000000078d4a14d0,0x000000078d880000)
 PSPermGen       total 83456K, used 42600K [0x000000077ee00000, 0x0000000783f80000, 0x0000000784000000)
  object space 83456K, 51% used [0x000000077ee00000,0x000000078179a110,0x0000000783f80000)
Event: 20.712 GC heap after
Heap after GC invocations=12 (full 2):
 PSYoungGen      total 276992K, used 0K [0x00000007d6a80000, 0x00000007ea180000, 0x0000000800000000)
  eden space 252416K, 0% used [0x00000007d6a80000,0x00000007d6a80000,0x00000007e6100000)
  from space 24576K, 0% used [0x00000007e7e80000,0x00000007e7e80000,0x00000007e9680000)
  to   space 30208K, 0% used [0x00000007e6100000,0x00000007e6100000,0x00000007e7e80000)
 ParOldGen       total 156160K, used 56521K [0x0000000784000000, 0x000000078d880000, 0x00000007d6a80000)
  object space 156160K, 36% used [0x0000000784000000,0x00000007877326b0,0x000000078d880000)
 PSPermGen       total 83456K, used 42599K [0x000000077ee00000, 0x0000000783f80000, 0x0000000784000000)
  object space 83456K, 51% used [0x000000077ee00000,0x0000000781799e38,0x0000000783f80000)
}
Event: 21.592 GC heap before
{Heap before GC invocations=13 (full 2):
 PSYoungGen      total 276992K, used 252416K [0x00000007d6a80000, 0x00000007ea180000, 0x0000000800000000)
  eden space 252416K, 100% used [0x00000007d6a80000,0x00000007e6100000,0x00000007e6100000)
  from space 24576K, 0% used [0x00000007e7e80000,0x00000007e7e80000,0x00000007e9680000)
  to   space 30208K, 0% used [0x00000007e6100000,0x00000007e6100000,0x00000007e7e80000)
 ParOldGen       total 156160K, used 56521K [0x0000000784000000, 0x000000078d880000, 0x00000007d6a80000)
  object space 156160K, 36% used [0x0000000784000000,0x00000007877326b0,0x000000078d880000)
 PSPermGen       total 83456K, used 42599K [0x000000077ee00000, 0x0000000783f80000, 0x0000000784000000)
  object space 83456K, 51% used [0x000000077ee00000,0x0000000781799e38,0x0000000783f80000)
Event: 21.690 GC heap after
Heap after GC invocations=13 (full 2):
 PSYoungGen      total 282624K, used 30176K [0x00000007d6a80000, 0x00000007ea180000, 0x0000000800000000)
  eden space 252416K, 0% used [0x00000007d6a80000,0x00000007d6a80000,0x00000007e6100000)
  from space 30208K, 99% used [0x00000007e6100000,0x00000007e7e78010,0x00000007e7e80000)
  to   space 24576K, 0% used [0x00000007e7e80000,0x00000007e7e80000,0x00000007e9680000)
 ParOldGen       total 156160K, used 68761K [0x0000000784000000, 0x000000078d880000, 0x00000007d6a80000)
  object space 156160K, 44% used [0x0000000784000000,0x00000007883266b0,0x000000078d880000)
 PSPermGen       total 83456K, used 42599K [0x000000077ee00000, 0x0000000783f80000, 0x0000000784000000)
  object space 83456K, 51% used [0x000000077ee00000,0x0000000781799e38,0x0000000783f80000)
}
Event: 22.984 GC heap before
{Heap before GC invocations=14 (full 2):
 PSYoungGen      total 282624K, used 282592K [0x00000007d6a80000, 0x00000007ea180000, 0x0000000800000000)
  eden space 252416K, 100% used [0x00000007d6a80000,0x00000007e6100000,0x00000007e6100000)
  from space 30208K, 99% used [0x00000007e6100000,0x00000007e7e78010,0x00000007e7e80000)
  to   space 24576K, 0% used [0x00000007e7e80000,0x00000007e7e80000,0x00000007e9680000)
 ParOldGen       total 156160K, used 68761K [0x0000000784000000, 0x000000078d880000, 0x00000007d6a80000)
  object space 156160K, 44% used [0x0000000784000000,0x00000007883266b0,0x000000078d880000)
 PSPermGen       total 83456K, used 42599K [0x000000077ee00000, 0x0000000783f80000, 0x0000000784000000)
  object space 83456K, 51% used [0x000000077ee00000,0x0000000781799fc0,0x0000000783f80000)
Event: 23.167 GC heap after
Heap after GC invocations=14 (full 2):
 PSYoungGen      total 276992K, used 24544K [0x00000007d6a80000, 0x00000007ea180000, 0x0000000800000000)
  eden space 252416K, 0% used [0x00000007d6a80000,0x00000007d6a80000,0x00000007e6100000)
  from space 24576K, 99% used [0x00000007e7e80000,0x00000007e9678010,0x00000007e9680000)
  to   space 30208K, 0% used [0x00000007e6100000,0x00000007e6100000,0x00000007e7e80000)
 ParOldGen       total 156160K, used 119409K [0x0000000784000000, 0x000000078d880000, 0x00000007d6a80000)
  object space 156160K, 76% used [0x0000000784000000,0x000000078b49c6d0,0x000000078d880000)
 PSPermGen       total 83456K, used 42599K [0x000000077ee00000, 0x0000000783f80000, 0x0000000784000000)
  object space 83456K, 51% used [0x000000077ee00000,0x0000000781799fc0,0x0000000783f80000)
}
Event: 23.167 GC heap before
{Heap before GC invocations=15 (full 3):
 PSYoungGen      total 276992K, used 24544K [0x00000007d6a80000, 0x00000007ea180000, 0x0000000800000000)
  eden space 252416K, 0% used [0x00000007d6a80000,0x00000007d6a80000,0x00000007e6100000)
  from space 24576K, 99% used [0x00000007e7e80000,0x00000007e9678010,0x00000007e9680000)
  to   space 30208K, 0% used [0x00000007e6100000,0x00000007e6100000,0x00000007e7e80000)
 ParOldGen       total 156160K, used 119409K [0x0000000784000000, 0x000000078d880000, 0x00000007d6a80000)
  object space 156160K, 76% used [0x0000000784000000,0x000000078b49c6d0,0x000000078d880000)
 PSPermGen       total 83456K, used 42599K [0x000000077ee00000, 0x0000000783f80000, 0x0000000784000000)
  object space 83456K, 51% used [0x000000077ee00000,0x0000000781799fc0,0x0000000783f80000)
Event: 24.400 GC heap after
Heap after GC invocations=15 (full 3):
 PSYoungGen      total 276992K, used 0K [0x00000007d6a80000, 0x00000007ea180000, 0x0000000800000000)
  eden space 252416K, 0% used [0x00000007d6a80000,0x00000007d6a80000,0x00000007e6100000)
  from space 24576K, 0% used [0x00000007e7e80000,0x00000007e7e80000,0x00000007e9680000)
  to   space 30208K, 0% used [0x00000007e6100000,0x00000007e6100000,0x00000007e7e80000)
 ParOldGen       total 156160K, used 119129K [0x0000000784000000, 0x000000078d880000, 0x00000007d6a80000)
  object space 156160K, 76% used [0x0000000784000000,0x000000078b4565e8,0x000000078d880000)
 PSPermGen       total 83968K, used 42599K [0x000000077ee00000, 0x0000000784000000, 0x0000000784000000)
  object space 83968K, 50% used [0x000000077ee00000,0x0000000781799fc0,0x0000000784000000)
}

# JRE version: Java(TM) SE Runtime Environment (7.0_79-b15) (build 1.7.0_79-b15)
# Java VM: Java HotSpot(TM) 64-Bit Server VM (24.79-b02 mixed mode windows-amd64 compressed oops)
Heap
 PSYoungGen      total 276992K, used 16174K [0x00000007d6a80000, 0x00000007ea180000, 0x0000000800000000)
  eden space 252416K, 6% used [0x00000007d6a80000,0x00000007d7a4bb30,0x00000007e6100000)
  from space 24576K, 0% used [0x00000007e7e80000,0x00000007e7e80000,0x00000007e9680000)
  to   space 30208K, 0% used [0x00000007e6100000,0x00000007e6100000,0x00000007e7e80000)
 ParOldGen       total 156160K, used 119129K [0x0000000784000000, 0x000000078d880000, 0x00000007d6a80000)
  object space 156160K, 76% used [0x0000000784000000,0x000000078b4565e8,0x000000078d880000)
 PSPermGen       total 83968K, used 42744K [0x000000077ee00000, 0x0000000784000000, 0x0000000784000000)
  object space 83968K, 50% used [0x000000077ee00000,0x00000007817be358,0x0000000784000000)
GC Heap History (10 events):
Event: 19.699 GC heap before
{Heap before GC invocations=11 (full 1):
 PSYoungGen      total 282624K, used 282592K [0x00000007d6a80000, 0x00000007ea180000, 0x0000000800000000)
  eden space 252416K, 100% used [0x00000007d6a80000,0x00000007e6100000,0x00000007e6100000)
  from space 30208K, 99% used [0x00000007e6100000,0x00000007e7e78040,0x00000007e7e80000)
  to   space 24576K, 0% used [0x00000007e7e80000,0x00000007e7e80000,0x00000007e9680000)
 ParOldGen       total 156160K, used 113173K [0x0000000784000000, 0x000000078d880000, 0x00000007d6a80000)
  object space 156160K, 72% used [0x0000000784000000,0x000000078ae854d0,0x000000078d880000)
 PSPermGen       total 83456K, used 42600K [0x000000077ee00000, 0x0000000783f80000, 0x0000000784000000)
  object space 83456K, 51% used [0x000000077ee00000,0x000000078179a110,0x0000000783f80000)
Event: 19.849 GC heap after
Heap after GC invocations=11 (full 1):
 PSYoungGen      total 276992K, used 24544K [0x00000007d6a80000, 0x00000007ea180000, 0x0000000800000000)
  eden space 252416K, 0% used [0x00000007d6a80000,0x00000007d6a80000,0x00000007e6100000)
  from space 24576K, 99% used [0x00000007e7e80000,0x00000007e9678040,0x00000007e9680000)
  to   space 30208K, 0% used [0x00000007e6100000,0x00000007e6100000,0x00000007e7e80000)
 ParOldGen       total 156160K, used 152197K [0x0000000784000000, 0x000000078d880000, 0x00000007d6a80000)
  object space 156160K, 97% used [0x0000000784000000,0x000000078d4a14d0,0x000000078d880000)
 PSPermGen       total 83456K, used 42600K [0x000000077ee00000, 0x0000000783f80000, 0x0000000784000000)
  object space 83456K, 51% used [0x000000077ee00000,0x000000078179a110,0x0000000783f80000)
}
Event: 19.849 GC heap before
{Heap before GC invocations=12 (full 2):
 PSYoungGen      total 276992K, used 24544K [0x00000007d6a80000, 0x00000007ea180000, 0x0000000800000000)
  eden space 252416K, 0% used [0x00000007d6a80000,0x00000007d6a80000,0x00000007e6100000)
  from space 24576K, 99% used [0x00000007e7e80000,0x00000007e9678040,0x00000007e9680000)
  to   space 30208K, 0% used [0x00000007e6100000,0x00000007e6100000,0x00000007e7e80000)
 ParOldGen       total 156160K, used 152197K [0x0000000784000000, 0x000000078d880000, 0x00000007d6a80000)
  object space 156160K, 97% used [0x0000000784000000,0x000000078d4a14d0,0x000000078d880000)
 PSPermGen       total 83456K, used 42600K [0x000000077ee00000, 0x0000000783f80000, 0x0000000784000000)
  object space 83456K, 51% used [0x000000077ee00000,0x000000078179a110,0x0000000783f80000)
Event: 20.712 GC heap after
Heap after GC invocations=12 (full 2):
 PSYoungGen      total 276992K, used 0K [0x00000007d6a80000, 0x00000007ea180000, 0x0000000800000000)
  eden space 252416K, 0% used [0x00000007d6a80000,0x00000007d6a80000,0x00000007e6100000)
  from space 24576K, 0% used [0x00000007e7e80000,0x00000007e7e80000,0x00000007e9680000)
  to   space 30208K, 0% used [0x00000007e6100000,0x00000007e6100000,0x00000007e7e80000)
 ParOldGen       total 156160K, used 56521K [0x0000000784000000, 0x000000078d880000, 0x00000007d6a80000)
  object space 156160K, 36% used [0x0000000784000000,0x00000007877326b0,0x000000078d880000)
 PSPermGen       total 83456K, used 42599K [0x000000077ee00000, 0x0000000783f80000, 0x0000000784000000)
  object space 83456K, 51% used [0x000000077ee00000,0x0000000781799e38,0x0000000783f80000)
}
Event: 21.592 GC heap before
{Heap before GC invocations=13 (full 2):
 PSYoungGen      total 276992K, used 252416K [0x00000007d6a80000, 0x00000007ea180000, 0x0000000800000000)
  eden space 252416K, 100% used [0x00000007d6a80000,0x00000007e6100000,0x00000007e6100000)
  from space 24576K, 0% used [0x00000007e7e80000,0x00000007e7e80000,0x00000007e9680000)
  to   space 30208K, 0% used [0x00000007e6100000,0x00000007e6100000,0x00000007e7e80000)
 ParOldGen       total 156160K, used 56521K [0x0000000784000000, 0x000000078d880000, 0x00000007d6a80000)
  object space 156160K, 36% used [0x0000000784000000,0x00000007877326b0,0x000000078d880000)
 PSPermGen       total 83456K, used 42599K [0x000000077ee00000, 0x0000000783f80000, 0x0000000784000000)
  object space 83456K, 51% used [0x000000077ee00000,0x0000000781799e38,0x0000000783f80000)
Event: 21.690 GC heap after
Heap after GC invocations=13 (full 2):
 PSYoungGen      total 282624K, used 30176K [0x00000007d6a80000, 0x00000007ea180000, 0x0000000800000000)
  eden space 252416K, 0% used [0x00000007d6a80000,0x00000007d6a80000,0x00000007e6100000)
  from space 30208K, 99% used [0x00000007e6100000,0x00000007e7e78010,0x00000007e7e80000)
  to   space 24576K, 0% used [0x00000007e7e80000,0x00000007e7e80000,0x00000007e9680000)
 ParOldGen       total 156160K, used 68761K [0x0000000784000000, 0x000000078d880000, 0x00000007d6a80000)
  object space 156160K, 44% used [0x0000000784000000,0x00000007883266b0,0x000000078d880000)
 PSPermGen       total 83456K, used 42599K [0x000000077ee00000, 0x0000000783f80000, 0x0000000784000000)
  object space 83456K, 51% used [0x000000077ee00000,0x0000000781799e38,0x0000000783f80000)
}
Event: 22.984 GC heap before
{Heap before GC invocations=14 (full 2):
 PSYoungGen      total 282624K, used 282592K [0x00000007d6a80000, 0x00000007ea180000, 0x0000000800000000)
  eden space 252416K, 100% used [0x00000007d6a80000,0x00000007e6100000,0x00000007e6100000)
  from space 30208K, 99% used [0x00000007e6100000,0x00000007e7e78010,0x00000007e7e80000)
  to   space 24576K, 0% used [0x00000007e7e80000,0x00000007e7e80000,0x00000007e9680000)
 ParOldGen       total 156160K, used 68761K [0x0000000784000000, 0x000000078d880000, 0x00000007d6a80000)
  object space 156160K, 44% used [0x0000000784000000,0x00000007883266b0,0x000000078d880000)
 PSPermGen       total 83456K, used 42599K [0x000000077ee00000, 0x0000000783f80000, 0x0000000784000000)
  object space 83456K, 51% used [0x000000077ee00000,0x0000000781799fc0,0x0000000783f80000)
Event: 23.167 GC heap after
Heap after GC invocations=14 (full 2):
 PSYoungGen      total 276992K, used 24544K [0x00000007d6a80000, 0x00000007ea180000, 0x0000000800000000)
  eden space 252416K, 0% used [0x00000007d6a80000,0x00000007d6a80000,0x00000007e6100000)
  from space 24576K, 99% used [0x00000007e7e80000,0x00000007e9678010,0x00000007e9680000)
  to   space 30208K, 0% used [0x00000007e6100000,0x00000007e6100000,0x00000007e7e80000)
 ParOldGen       total 156160K, used 119409K [0x0000000784000000, 0x000000078d880000, 0x00000007d6a80000)
  object space 156160K, 76% used [0x0000000784000000,0x000000078b49c6d0,0x000000078d880000)
 PSPermGen       total 83456K, used 42599K [0x000000077ee00000, 0x0000000783f80000, 0x0000000784000000)
  object space 83456K, 51% used [0x000000077ee00000,0x0000000781799fc0,0x0000000783f80000)
}
Event: 23.167 GC heap before
{Heap before GC invocations=15 (full 3):
 PSYoungGen      total 276992K, used 24544K [0x00000007d6a80000, 0x00000007ea180000, 0x0000000800000000)
  eden space 252416K, 0% used [0x00000007d6a80000,0x00000007d6a80000,0x00000007e6100000)
  from space 24576K, 99% used [0x00000007e7e80000,0x00000007e9678010,0x00000007e9680000)
  to   space 30208K, 0% used [0x00000007e6100000,0x00000007e6100000,0x00000007e7e80000)
 ParOldGen       total 156160K, used 119409K [0x0000000784000000, 0x000000078d880000, 0x00000007d6a80000)
  object space 156160K, 76% used [0x0000000784000000,0x000000078b49c6d0,0x000000078d880000)
 PSPermGen       total 83456K, used 42599K [0x000000077ee00000, 0x0000000783f80000, 0x0000000784000000)
  object space 83456K, 51% used [0x000000077ee00000,0x0000000781799fc0,0x0000000783f80000)
Event: 24.400 GC heap after
Heap after GC invocations=15 (full 3):
 PSYoungGen      total 276992K, used 0K [0x00000007d6a80000, 0x00000007ea180000, 0x0000000800000000)
  eden space 252416K, 0% used [0x00000007d6a80000,0x00000007d6a80000,0x00000007e6100000)
  from space 24576K, 0% used [0x00000007e7e80000,0x00000007e7e80000,0x00000007e9680000)
  to   space 30208K, 0% used [0x00000007e6100000,0x00000007e6100000,0x00000007e7e80000)
 ParOldGen       total 156160K, used 119129K [0x0000000784000000, 0x000000078d880000, 0x00000007d6a80000)
  object space 156160K, 76% used [0x0000000784000000,0x000000078b4565e8,0x000000078d880000)
 PSPermGen       total 83968K, used 42599K [0x000000077ee00000, 0x0000000784000000, 0x0000000784000000)
  object space 83968K, 50% used [0x000000077ee00000,0x0000000781799fc0,0x0000000784000000)
}

# JRE version: Java(TM) SE Runtime Environment (7.0_79-b15) (build 1.7.0_79-b15)
# Java VM: Java HotSpot(TM) 64-Bit Server VM (24.79-b02 mixed mode windows-amd64 compressed oops)
Heap
 PSYoungGen      total 276992K, used 16174K [0x00000007d6a80000, 0x00000007ea180000, 0x0000000800000000)
  eden space 252416K, 6% used [0x00000007d6a80000,0x00000007d7a4bb30,0x00000007e6100000)
  from space 24576K, 0% used [0x00000007e7e80000,0x00000007e7e80000,0x00000007e9680000)
  to   space 30208K, 0% used [0x00000007e6100000,0x00000007e6100000,0x00000007e7e80000)
 ParOldGen       total 156160K, used 119129K [0x0000000784000000, 0x000000078d880000, 0x00000007d6a80000)
  object space 156160K, 76% used [0x0000000784000000,0x000000078b4565e8,0x000000078d880000)
 PSPermGen       total 83968K, used 42744K [0x000000077ee00000, 0x0000000784000000, 0x0000000784000000)
  object space 83968K, 50% used [0x000000077ee00000,0x00000007817be358,0x0000000784000000)
GC Heap History (10 events):
Event: 19.699 GC heap before
{Heap before GC invocations=11 (full 1):
 PSYoungGen      total 282624K, used 282592K [0x00000007d6a80000, 0x00000007ea180000, 0x0000000800000000)
  eden space 252416K, 100% used [0x00000007d6a80000,0x00000007e6100000,0x00000007e6100000)
  from space 30208K, 99% used [0x00000007e6100000,0x00000007e7e78040,0x00000007e7e80000)
  to   space 24576K, 0% used [0x00000007e7e80000,0x00000007e7e80000,0x00000007e9680000)
 ParOldGen       total 156160K, used 113173K [0x0000000784000000, 0x000000078d880000, 0x00000007d6a80000)
  object space 156160K, 72% used [0x0000000784000000,0x000000078ae854d0,0x000000078d880000)
 PSPermGen       total 83456K, used 42600K [0x000000077ee00000, 0x0000000783f80000, 0x0000000784000000)
  object space 83456K, 51% used [0x000000077ee00000,0x000000078179a110,0x0000000783f80000)
Event: 19.849 GC heap after
Heap after GC invocations=11 (full 1):
 PSYoungGen      total 276992K, used 24544K [0x00000007d6a80000, 0x00000007ea180000, 0x0000000800000000)
  eden space 252416K, 0% used [0x00000007d6a80000,0x00000007d6a80000,0x00000007e6100000)
  from space 24576K, 99% used [0x00000007e7e80000,0x00000007e9678040,0x00000007e9680000)
  to   space 30208K, 0% used [0x00000007e6100000,0x00000007e6100000,0x00000007e7e80000)
 ParOldGen       total 156160K, used 152197K [0x0000000784000000, 0x000000078d880000, 0x00000007d6a80000)
  object space 156160K, 97% used [0x0000000784000000,0x000000078d4a14d0,0x000000078d880000)
 PSPermGen       total 83456K, used 42600K [0x000000077ee00000, 0x0000000783f80000, 0x0000000784000000)
  object space 83456K, 51% used [0x000000077ee00000,0x000000078179a110,0x0000000783f80000)
}
Event: 19.849 GC heap before
{Heap before GC invocations=12 (full 2):
 PSYoungGen      total 276992K, used 24544K [0x00000007d6a80000, 0x00000007ea180000, 0x0000000800000000)
  eden space 252416K, 0% used [0x00000007d6a80000,0x00000007d6a80000,0x00000007e6100000)
  from space 24576K, 99% used [0x00000007e7e80000,0x00000007e9678040,0x00000007e9680000)
  to   space 30208K, 0% used [0x00000007e6100000,0x00000007e6100000,0x00000007e7e80000)
 ParOldGen       total 156160K, used 152197K [0x0000000784000000, 0x000000078d880000, 0x00000007d6a80000)
  object space 156160K, 97% used [0x0000000784000000,0x000000078d4a14d0,0x000000078d880000)
 PSPermGen       total 83456K, used 42600K [0x000000077ee00000, 0x0000000783f80000, 0x0000000784000000)
  object space 83456K, 51% used [0x000000077ee00000,0x000000078179a110,0x0000000783f80000)
Event: 20.712 GC heap after
Heap after GC invocations=12 (full 2):
 PSYoungGen      total 276992K, used 0K [0x00000007d6a80000, 0x00000007ea180000, 0x0000000800000000)
  eden space 252416K, 0% used [0x00000007d6a80000,0x00000007d6a80000,0x00000007e6100000)
  from space 24576K, 0% used [0x00000007e7e80000,0x00000007e7e80000,0x00000007e9680000)
  to   space 30208K, 0% used [0x00000007e6100000,0x00000007e6100000,0x00000007e7e80000)
 ParOldGen       total 156160K, used 56521K [0x0000000784000000, 0x000000078d880000, 0x00000007d6a80000)
  object space 156160K, 36% used [0x0000000784000000,0x00000007877326b0,0x000000078d880000)
 PSPermGen       total 83456K, used 42599K [0x000000077ee00000, 0x0000000783f80000, 0x0000000784000000)
  object space 83456K, 51% used [0x000000077ee00000,0x0000000781799e38,0x0000000783f80000)
}
Event: 21.592 GC heap before
{Heap before GC invocations=13 (full 2):
 PSYoungGen      total 276992K, used 252416K [0x00000007d6a80000, 0x00000007ea180000, 0x0000000800000000)
  eden space 252416K, 100% used [0x00000007d6a80000,0x00000007e6100000,0x00000007e6100000)
  from space 24576K, 0% used [0x00000007e7e80000,0x00000007e7e80000,0x00000007e9680000)
  to   space 30208K, 0% used [0x00000007e6100000,0x00000007e6100000,0x00000007e7e80000)
 ParOldGen       total 156160K, used 56521K [0x0000000784000000, 0x000000078d880000, 0x00000007d6a80000)
  object space 156160K, 36% used [0x0000000784000000,0x00000007877326b0,0x000000078d880000)
 PSPermGen       total 83456K, used 42599K [0x000000077ee00000, 0x0000000783f80000, 0x0000000784000000)
  object space 83456K, 51% used [0x000000077ee00000,0x0000000781799e38,0x0000000783f80000)
Event: 21.690 GC heap after
Heap after GC invocations=13 (full 2):
 PSYoungGen      total 282624K, used 30176K [0x00000007d6a80000, 0x00000007ea180000, 0x0000000800000000)
  eden space 252416K, 0% used [0x00000007d6a80000,0x00000007d6a80000,0x00000007e6100000)
  from space 30208K, 99% used [0x00000007e6100000,0x00000007e7e78010,0x00000007e7e80000)
  to   space 24576K, 0% used [0x00000007e7e80000,0x00000007e7e80000,0x00000007e9680000)
 ParOldGen       total 156160K, used 68761K [0x0000000784000000, 0x000000078d880000, 0x00000007d6a80000)
  object space 156160K, 44% used [0x0000000784000000,0x00000007883266b0,0x000000078d880000)
 PSPermGen       total 83456K, used 42599K [0x000000077ee00000, 0x0000000783f80000, 0x0000000784000000)
  object space 83456K, 51% used [0x000000077ee00000,0x0000000781799e38,0x0000000783f80000)
}
Event: 22.984 GC heap before
{Heap before GC invocations=14 (full 2):
 PSYoungGen      total 282624K, used 282592K [0x00000007d6a80000, 0x00000007ea180000, 0x0000000800000000)
  eden space 252416K, 100% used [0x00000007d6a80000,0x00000007e6100000,0x00000007e6100000)
  from space 30208K, 99% used [0x00000007e6100000,0x00000007e7e78010,0x00000007e7e80000)
  to   space 24576K, 0% used [0x00000007e7e80000,0x00000007e7e80000,0x00000007e9680000)
 ParOldGen       total 156160K, used 68761K [0x0000000784000000, 0x000000078d880000, 0x00000007d6a80000)
  object space 156160K, 44% used [0x0000000784000000,0x00000007883266b0,0x000000078d880000)
 PSPermGen       total 83456K, used 42599K [0x000000077ee00000, 0x0000000783f80000, 0x0000000784000000)
  object space 83456K, 51% used [0x000000077ee00000,0x0000000781799fc0,0x0000000783f80000)
Event: 23.167 GC heap after
Heap after GC invocations=14 (full 2):
 PSYoungGen      total 276992K, used 24544K [0x00000007d6a80000, 0x00000007ea180000, 0x0000000800000000)
  eden space 252416K, 0% used [0x00000007d6a80000,0x00000007d6a80000,0x00000007e6100000)
  from space 24576K, 99% used [0x00000007e7e80000,0x00000007e9678010,0x00000007e9680000)
  to   space 30208K, 0% used [0x00000007e6100000,0x00000007e6100000,0x00000007e7e80000)
 ParOldGen       total 156160K, used 119409K [0x0000000784000000, 0x000000078d880000, 0x00000007d6a80000)
  object space 156160K, 76% used [0x0000000784000000,0x000000078b49c6d0,0x000000078d880000)
 PSPermGen       total 83456K, used 42599K [0x000000077ee00000, 0x0000000783f80000, 0x0000000784000000)
  object space 83456K, 51% used [0x000000077ee00000,0x0000000781799fc0,0x0000000783f80000)
}
Event: 23.167 GC heap before
{Heap before GC invocations=15 (full 3):
 PSYoungGen      total 276992K, used 24544K [0x00000007d6a80000, 0x00000007ea180000, 0x0000000800000000)
  eden space 252416K, 0% used [0x00000007d6a80000,0x00000007d6a80000,0x00000007e6100000)
  from space 24576K, 99% used [0x00000007e7e80000,0x00000007e9678010,0x00000007e9680000)
  to   space 30208K, 0% used [0x00000007e6100000,0x00000007e6100000,0x00000007e7e80000)
 ParOldGen       total 156160K, used 119409K [0x0000000784000000, 0x000000078d880000, 0x00000007d6a80000)
  object space 156160K, 76% used [0x0000000784000000,0x000000078b49c6d0,0x000000078d880000)
 PSPermGen       total 83456K, used 42599K [0x000000077ee00000, 0x0000000783f80000, 0x0000000784000000)
  object space 83456K, 51% used [0x000000077ee00000,0x0000000781799fc0,0x0000000783f80000)
Event: 24.400 GC heap after
Heap after GC invocations=15 (full 3):
 PSYoungGen      total 276992K, used 0K [0x00000007d6a80000, 0x00000007ea180000, 0x0000000800000000)
  eden space 252416K, 0% used [0x00000007d6a80000,0x00000007d6a80000,0x00000007e6100000)
  from space 24576K, 0% used [0x00000007e7e80000,0x00000007e7e80000,0x00000007e9680000)
  to   space 30208K, 0% used [0x00000007e6100000,0x00000007e6100000,0x00000007e7e80000)
 ParOldGen       total 156160K, used 119129K [0x0000000784000000, 0x000000078d880000, 0x00000007d6a80000)
  object space 156160K, 76% used [0x0000000784000000,0x000000078b4565e8,0x000000078d880000)
 PSPermGen       total 83968K, used 42599K [0x000000077ee00000, 0x0000000784000000, 0x0000000784000000)
  object space 83968K, 50% used [0x000000077ee00000,0x0000000781799fc0,0x0000000784000000)
}

# JRE version: Java(TM) SE Runtime Environment (7.0_79-b15) (build 1.7.0_79-b15)
# Java VM: Java HotSpot(TM) 64-Bit Server VM (24.79-b02 mixed mode windows-amd64 compressed oops)
Heap
 PSYoungGen      total 276992K, used 16174K [0x00000007d6a80000, 0x00000007ea180000, 0x0000000800000000)
  eden space 252416K, 6% used [0x00000007d6a80000,0x00000007d7a4bb30,0x00000007e6100000)
  from space 24576K, 0% used [0x00000007e7e80000,0x00000007e7e80000,0x00000007e9680000)
  to   space 30208K, 0% used [0x00000007e6100000,0x00000007e6100000,0x00000007e7e80000)
 ParOldGen       total 156160K, used 119129K [0x0000000784000000, 0x000000078d880000, 0x00000007d6a80000)
  object space 156160K, 76% used [0x0000000784000000,0x000000078b4565e8,0x000000078d880000)
 PSPermGen       total 83968K, used 42744K [0x000000077ee00000, 0x0000000784000000, 0x0000000784000000)
  object space 83968K, 50% used [0x000000077ee00000,0x00000007817be358,0x0000000784000000)
GC Heap History (10 events):
Event: 19.699 GC heap before
{Heap before GC invocations=11 (full 1):
 PSYoungGen      total 282624K, used 282592K [0x00000007d6a80000, 0x00000007ea180000, 0x0000000800000000)
  eden space 252416K, 100% used [0x00000007d6a80000,0x00000007e6100000,0x00000007e6100000)
  from space 30208K, 99% used [0x00000007e6100000,0x00000007e7e78040,0x00000007e7e80000)
  to   space 24576K, 0% used [0x00000007e7e80000,0x00000007e7e80000,0x00000007e9680000)
 ParOldGen       total 156160K, used 113173K [0x0000000784000000, 0x000000078d880000, 0x00000007d6a80000)
  object space 156160K, 72% used [0x0000000784000000,0x000000078ae854d0,0x000000078d880000)
 PSPermGen       total 83456K, used 42600K [0x000000077ee00000, 0x0000000783f80000, 0x0000000784000000)
  object space 83456K, 51% used [0x000000077ee00000,0x000000078179a110,0x0000000783f80000)
Event: 19.849 GC heap after
Heap after GC invocations=11 (full 1):
 PSYoungGen      total 276992K, used 24544K [0x00000007d6a80000, 0x00000007ea180000, 0x0000000800000000)
  eden space 252416K, 0% used [0x00000007d6a80000,0x00000007d6a80000,0x00000007e6100000)
  from space 24576K, 99% used [0x00000007e7e80000,0x00000007e9678040,0x00000007e9680000)
  to   space 30208K, 0% used [0x00000007e6100000,0x00000007e6100000,0x00000007e7e80000)
 ParOldGen       total 156160K, used 152197K [0x0000000784000000, 0x000000078d880000, 0x00000007d6a80000)
  object space 156160K, 97% used [0x0000000784000000,0x000000078d4a14d0,0x000000078d880000)
 PSPermGen       total 83456K, used 42600K [0x000000077ee00000, 0x0000000783f80000, 0x0000000784000000)
  object space 83456K, 51% used [0x000000077ee00000,0x000000078179a110,0x0000000783f80000)
}
Event: 19.849 GC heap before
{Heap before GC invocations=12 (full 2):
 PSYoungGen      total 276992K, used 24544K [0x00000007d6a80000, 0x00000007ea180000, 0x0000000800000000)
  eden space 252416K, 0% used [0x00000007d6a80000,0x00000007d6a80000,0x00000007e6100000)
  from space 24576K, 99% used [0x00000007e7e80000,0x00000007e9678040,0x00000007e9680000)
  to   space 30208K, 0% used [0x00000007e6100000,0x00000007e6100000,0x00000007e7e80000)
 ParOldGen       total 156160K, used 152197K [0x0000000784000000, 0x000000078d880000, 0x00000007d6a80000)
  object space 156160K, 97% used [0x0000000784000000,0x000000078d4a14d0,0x000000078d880000)
 PSPermGen       total 83456K, used 42600K [0x000000077ee00000, 0x0000000783f80000, 0x0000000784000000)
  object space 83456K, 51% used [0x000000077ee00000,0x000000078179a110,0x0000000783f80000)
Event: 20.712 GC heap after
Heap after GC invocations=12 (full 2):
 PSYoungGen      total 276992K, used 0K [0x00000007d6a80000, 0x00000007ea180000, 0x0000000800000000)
  eden space 252416K, 0% used [0x00000007d6a80000,0x00000007d6a80000,0x00000007e6100000)
  from space 24576K, 0% used [0x00000007e7e80000,0x00000007e7e80000,0x00000007e9680000)
  to   space 30208K, 0% used [0x00000007e6100000,0x00000007e6100000,0x00000007e7e80000)
 ParOldGen       total 156160K, used 56521K [0x0000000784000000, 0x000000078d880000, 0x00000007d6a80000)
  object space 156160K, 36% used [0x0000000784000000,0x00000007877326b0,0x000000078d880000)
 PSPermGen       total 83456K, used 42599K [0x000000077ee00000, 0x0000000783f80000, 0x0000000784000000)
  object space 83456K, 51% used [0x000000077ee00000,0x0000000781799e38,0x0000000783f80000)
}
Event: 21.592 GC heap before
{Heap before GC invocations=13 (full 2):
 PSYoungGen      total 276992K, used 252416K [0x00000007d6a80000, 0x00000007ea180000, 0x0000000800000000)
  eden space 252416K, 100% used [0x00000007d6a80000,0x00000007e6100000,0x00000007e6100000)
  from space 24576K, 0% used [0x00000007e7e80000,0x00000007e7e80000,0x00000007e9680000)
  to   space 30208K, 0% used [0x00000007e6100000,0x00000007e6100000,0x00000007e7e80000)
 ParOldGen       total 156160K, used 56521K [0x0000000784000000, 0x000000078d880000, 0x00000007d6a80000)
  object space 156160K, 36% used [0x0000000784000000,0x00000007877326b0,0x000000078d880000)
 PSPermGen       total 83456K, used 42599K [0x000000077ee00000, 0x0000000783f80000, 0x0000000784000000)
  object space 83456K, 51% used [0x000000077ee00000,0x0000000781799e38,0x0000000783f80000)
Event: 21.690 GC heap after
Heap after GC invocations=13 (full 2):
 PSYoungGen      total 282624K, used 30176K [0x00000007d6a80000, 0x00000007ea180000, 0x0000000800000000)
  eden space 252416K, 0% used [0x00000007d6a80000,0x00000007d6a80000,0x00000007e6100000)
  from space 30208K, 99% used [0x00000007e6100000,0x00000007e7e78010,0x00000007e7e80000)
  to   space 24576K, 0% used [0x00000007e7e80000,0x00000007e7e80000,0x00000007e9680000)
 ParOldGen       total 156160K, used 68761K [0x0000000784000000, 0x000000078d880000, 0x00000007d6a80000)
  object space 156160K, 44% used [0x0000000784000000,0x00000007883266b0,0x000000078d880000)
 PSPermGen       total 83456K, used 42599K [0x000000077ee00000, 0x0000000783f80000, 0x0000000784000000)
  object space 83456K, 51% used [0x000000077ee00000,0x0000000781799e38,0x0000000783f80000)
}
Event: 22.984 GC heap before
{Heap before GC invocations=14 (full 2):
 PSYoungGen      total 282624K, used 282592K [0x00000007d6a80000, 0x00000007ea180000, 0x0000000800000000)
  eden space 252416K, 100% used [0x00000007d6a80000,0x00000007e6100000,0x00000007e6100000)
  from space 30208K, 99% used [0x00000007e6100000,0x00000007e7e78010,0x00000007e7e80000)
  to   space 24576K, 0% used [0x00000007e7e80000,0x00000007e7e80000,0x00000007e9680000)
 ParOldGen       total 156160K, used 68761K [0x0000000784000000, 0x000000078d880000, 0x00000007d6a80000)
  object space 156160K, 44% used [0x0000000784000000,0x00000007883266b0,0x000000078d880000)
 PSPermGen       total 83456K, used 42599K [0x000000077ee00000, 0x0000000783f80000, 0x0000000784000000)
  object space 83456K, 51% used [0x000000077ee00000,0x0000000781799fc0,0x0000000783f80000)
Event: 23.167 GC heap after
Heap after GC invocations=14 (full 2):
 PSYoungGen      total 276992K, used 24544K [0x00000007d6a80000, 0x00000007ea180000, 0x0000000800000000)
  eden space 252416K, 0% used [0x00000007d6a80000,0x00000007d6a80000,0x00000007e6100000)
  from space 24576K, 99% used [0x00000007e7e80000,0x00000007e9678010,0x00000007e9680000)
  to   space 30208K, 0% used [0x00000007e6100000,0x00000007e6100000,0x00000007e7e80000)
 ParOldGen       total 156160K, used 119409K [0x0000000784000000, 0x000000078d880000, 0x00000007d6a80000)
  object space 156160K, 76% used [0x0000000784000000,0x000000078b49c6d0,0x000000078d880000)
 PSPermGen       total 83456K, used 42599K [0x000000077ee00000, 0x0000000783f80000, 0x0000000784000000)
  object space 83456K, 51% used [0x000000077ee00000,0x0000000781799fc0,0x0000000783f80000)
}
Event: 23.167 GC heap before
{Heap before GC invocations=15 (full 3):
 PSYoungGen      total 276992K, used 24544K [0x00000007d6a80000, 0x00000007ea180000, 0x0000000800000000)
  eden space 252416K, 0% used [0x00000007d6a80000,0x00000007d6a80000,0x00000007e6100000)
  from space 24576K, 99% used [0x00000007e7e80000,0x00000007e9678010,0x00000007e9680000)
  to   space 30208K, 0% used [0x00000007e6100000,0x00000007e6100000,0x00000007e7e80000)
 ParOldGen       total 156160K, used 119409K [0x0000000784000000, 0x000000078d880000, 0x00000007d6a80000)
  object space 156160K, 76% used [0x0000000784000000,0x000000078b49c6d0,0x000000078d880000)
 PSPermGen       total 83456K, used 42599K [0x000000077ee00000, 0x0000000783f80000, 0x0000000784000000)
  object space 83456K, 51% used [0x000000077ee00000,0x0000000781799fc0,0x0000000783f80000)
Event: 24.400 GC heap after
Heap after GC invocations=15 (full 3):
 PSYoungGen      total 276992K, used 0K [0x00000007d6a80000, 0x00000007ea180000, 0x0000000800000000)
  eden space 252416K, 0% used [0x00000007d6a80000,0x00000007d6a80000,0x00000007e6100000)
  from space 24576K, 0% used [0x00000007e7e80000,0x00000007e7e80000,0x00000007e9680000)
  to   space 30208K, 0% used [0x00000007e6100000,0x00000007e6100000,0x00000007e7e80000)
 ParOldGen       total 156160K, used 119129K [0x0000000784000000, 0x000000078d880000, 0x00000007d6a80000)
  object space 156160K, 76% used [0x0000000784000000,0x000000078b4565e8,0x000000078d880000)
 PSPermGen       total 83968K, used 42599K [0x000000077ee00000, 0x0000000784000000, 0x0000000784000000)
  object space 83968K, 50% used [0x000000077ee00000,0x0000000781799fc0,0x0000000784000000)
}

# JRE version: Java(TM) SE Runtime Environment (7.0_79-b15) (build 1.7.0_79-b15)
# Java VM: Java HotSpot(TM) 64-Bit Server VM (24.79-b02 mixed mode windows-amd64 compressed oops)
Heap
 PSYoungGen      total 276992K, used 16174K [0x00000007d6a80000, 0x00000007ea180000, 0x0000000800000000)
  eden space 252416K, 6% used [0x00000007d6a80000,0x00000007d7a4bb30,0x00000007e6100000)
  from space 24576K, 0% used [0x00000007e7e80000,0x00000007e7e80000,0x00000007e9680000)
  to   space 30208K, 0% used [0x00000007e6100000,0x00000007e6100000,0x00000007e7e80000)
 ParOldGen       total 156160K, used 119129K [0x0000000784000000, 0x000000078d880000, 0x00000007d6a80000)
  object space 156160K, 76% used [0x0000000784000000,0x000000078b4565e8,0x000000078d880000)
 PSPermGen       total 83968K, used 42744K [0x000000077ee00000, 0x0000000784000000, 0x0000000784000000)
  object space 83968K, 50% used [0x000000077ee00000,0x00000007817be358,0x0000000784000000)
GC Heap History (10 events):
Event: 19.699 GC heap before
{Heap before GC invocations=11 (full 1):
 PSYoungGen      total 282624K, used 282592K [0x00000007d6a80000, 0x00000007ea180000, 0x0000000800000000)
  eden space 252416K, 100% used [0x00000007d6a80000,0x00000007e6100000,0x00000007e6100000)
  from space 30208K, 99% used [0x00000007e6100000,0x00000007e7e78040,0x00000007e7e80000)
  to   space 24576K, 0% used [0x00000007e7e80000,0x00000007e7e80000,0x00000007e9680000)
 ParOldGen       total 156160K, used 113173K [0x0000000784000000, 0x000000078d880000, 0x00000007d6a80000)
  object space 156160K, 72% used [0x0000000784000000,0x000000078ae854d0,0x000000078d880000)
 PSPermGen       total 83456K, used 42600K [0x000000077ee00000, 0x0000000783f80000, 0x0000000784000000)
  object space 83456K, 51% used [0x000000077ee00000,0x000000078179a110,0x0000000783f80000)
Event: 19.849 GC heap after
Heap after GC invocations=11 (full 1):
 PSYoungGen      total 276992K, used 24544K [0x00000007d6a80000, 0x00000007ea180000, 0x0000000800000000)
  eden space 252416K, 0% used [0x00000007d6a80000,0x00000007d6a80000,0x00000007e6100000)
  from space 24576K, 99% used [0x00000007e7e80000,0x00000007e9678040,0x00000007e9680000)
  to   space 30208K, 0% used [0x00000007e6100000,0x00000007e6100000,0x00000007e7e80000)
 ParOldGen       total 156160K, used 152197K [0x0000000784000000, 0x000000078d880000, 0x00000007d6a80000)
  object space 156160K, 97% used [0x0000000784000000,0x000000078d4a14d0,0x000000078d880000)
 PSPermGen       total 83456K, used 42600K [0x000000077ee00000, 0x0000000783f80000, 0x0000000784000000)
  object space 83456K, 51% used [0x000000077ee00000,0x000000078179a110,0x0000000783f80000)
}
Event: 19.849 GC heap before
{Heap before GC invocations=12 (full 2):
 PSYoungGen      total 276992K, used 24544K [0x00000007d6a80000, 0x00000007ea180000, 0x0000000800000000)
  eden space 252416K, 0% used [0x00000007d6a80000,0x00000007d6a80000,0x00000007e6100000)
  from space 24576K, 99% used [0x00000007e7e80000,0x00000007e9678040,0x00000007e9680000)
  to   space 30208K, 0% used [0x00000007e6100000,0x00000007e6100000,0x00000007e7e80000)
 ParOldGen       total 156160K, used 152197K [0x0000000784000000, 0x000000078d880000, 0x00000007d6a80000)
  object space 156160K, 97% used [0x0000000784000000,0x000000078d4a14d0,0x000000078d880000)
 PSPermGen       total 83456K, used 42600K [0x000000077ee00000, 0x0000000783f80000, 0x0000000784000000)
  object space 83456K, 51% used [0x000000077ee00000,0x000000078179a110,0x0000000783f80000)
Event: 20.712 GC heap after
Heap after GC invocations=12 (full 2):
 PSYoungGen      total 276992K, used 0K [0x00000007d6a80000, 0x00000007ea180000, 0x0000000800000000)
  eden space 252416K, 0% used [0x00000007d6a80000,0x00000007d6a80000,0x00000007e6100000)
  from space 24576K, 0% used [0x00000007e7e80000,0x00000007e7e80000,0x00000007e9680000)
  to   space 30208K, 0% used [0x00000007e6100000,0x00000007e6100000,0x00000007e7e80000)
 ParOldGen       total 156160K, used 56521K [0x0000000784000000, 0x000000078d880000, 0x00000007d6a80000)
  object space 156160K, 36% used [0x0000000784000000,0x00000007877326b0,0x000000078d880000)
 PSPermGen       total 83456K, used 42599K [0x000000077ee00000, 0x0000000783f80000, 0x0000000784000000)
  object space 83456K, 51% used [0x000000077ee00000,0x0000000781799e38,0x0000000783f80000)
}
Event: 21.592 GC heap before
{Heap before GC invocations=13 (full 2):
 PSYoungGen      total 276992K, used 252416K [0x00000007d6a80000, 0x00000007ea180000, 0x0000000800000000)
  eden space 252416K, 100% used [0x00000007d6a80000,0x00000007e6100000,0x00000007e6100000)
  from space 24576K, 0% used [0x00000007e7e80000,0x00000007e7e80000,0x00000007e9680000)
  to   space 30208K, 0% used [0x00000007e6100000,0x00000007e6100000,0x00000007e7e80000)
 ParOldGen       total 156160K, used 56521K [0x0000000784000000, 0x000000078d880000, 0x00000007d6a80000)
  object space 156160K, 36% used [0x0000000784000000,0x00000007877326b0,0x000000078d880000)
 PSPermGen       total 83456K, used 42599K [0x000000077ee00000, 0x0000000783f80000, 0x0000000784000000)
  object space 83456K, 51% used [0x000000077ee00000,0x0000000781799e38,0x0000000783f80000)
Event: 21.690 GC heap after
Heap after GC invocations=13 (full 2):
 PSYoungGen      total 282624K, used 30176K [0x00000007d6a80000, 0x00000007ea180000, 0x0000000800000000)
  eden space 252416K, 0% used [0x00000007d6a80000,0x00000007d6a80000,0x00000007e6100000)
  from space 30208K, 99% used [0x00000007e6100000,0x00000007e7e78010,0x00000007e7e80000)
  to   space 24576K, 0% used [0x00000007e7e80000,0x00000007e7e80000,0x00000007e9680000)
 ParOldGen       total 156160K, used 68761K [0x0000000784000000, 0x000000078d880000, 0x00000007d6a80000)
  object space 156160K, 44% used [0x0000000784000000,0x00000007883266b0,0x000000078d880000)
 PSPermGen       total 83456K, used 42599K [0x000000077ee00000, 0x0000000783f80000, 0x0000000784000000)
  object space 83456K, 51% used [0x000000077ee00000,0x0000000781799e38,0x0000000783f80000)
}
Event: 22.984 GC heap before
{Heap before GC invocations=14 (full 2):
 PSYoungGen      total 282624K, used 282592K [0x00000007d6a80000, 0x00000007ea180000, 0x0000000800000000)
  eden space 252416K, 100% used [0x00000007d6a80000,0x00000007e6100000,0x00000007e6100000)
  from space 30208K, 99% used [0x00000007e6100000,0x00000007e7e78010,0x00000007e7e80000)
  to   space 24576K, 0% used [0x00000007e7e80000,0x00000007e7e80000,0x00000007e9680000)
 ParOldGen       total 156160K, used 68761K [0x0000000784000000, 0x000000078d880000, 0x00000007d6a80000)
  object space 156160K, 44% used [0x0000000784000000,0x00000007883266b0,0x000000078d880000)
 PSPermGen       total 83456K, used 42599K [0x000000077ee00000, 0x0000000783f80000, 0x0000000784000000)
  object space 83456K, 51% used [0x000000077ee00000,0x0000000781799fc0,0x0000000783f80000)
Event: 23.167 GC heap after
Heap after GC invocations=14 (full 2):
 PSYoungGen      total 276992K, used 24544K [0x00000007d6a80000, 0x00000007ea180000, 0x0000000800000000)
  eden space 252416K, 0% used [0x00000007d6a80000,0x00000007d6a80000,0x00000007e6100000)
  from space 24576K, 99% used [0x00000007e7e80000,0x00000007e9678010,0x00000007e9680000)
  to   space 30208K, 0% used [0x00000007e6100000,0x00000007e6100000,0x00000007e7e80000)
 ParOldGen       total 156160K, used 119409K [0x0000000784000000, 0x000000078d880000, 0x00000007d6a80000)
  object space 156160K, 76% used [0x0000000784000000,0x000000078b49c6d0,0x000000078d880000)
 PSPermGen       total 83456K, used 42599K [0x000000077ee00000, 0x0000000783f80000, 0x0000000784000000)
  object space 83456K, 51% used [0x000000077ee00000,0x0000000781799fc0,0x0000000783f80000)
}
Event: 23.167 GC heap before
{Heap before GC invocations=15 (full 3):
 PSYoungGen      total 276992K, used 24544K [0x00000007d6a80000, 0x00000007ea180000, 0x0000000800000000)
  eden space 252416K, 0% used [0x00000007d6a80000,0x00000007d6a80000,0x00000007e6100000)
  from space 24576K, 99% used [0x00000007e7e80000,0x00000007e9678010,0x00000007e9680000)
  to   space 30208K, 0% used [0x00000007e6100000,0x00000007e6100000,0x00000007e7e80000)
 ParOldGen       total 156160K, used 119409K [0x0000000784000000, 0x000000078d880000, 0x00000007d6a80000)
  object space 156160K, 76% used [0x0000000784000000,0x000000078b49c6d0,0x000000078d880000)
 PSPermGen       total 83456K, used 42599K [0x000000077ee00000, 0x0000000783f80000, 0x0000000784000000)
  object space 83456K, 51% used [0x000000077ee00000,0x0000000781799fc0,0x0000000783f80000)
Event: 24.400 GC heap after
Heap after GC invocations=15 (full 3):
 PSYoungGen      total 276992K, used 0K [0x00000007d6a80000, 0x00000007ea180000, 0x0000000800000000)
  eden space 252416K, 0% used [0x00000007d6a80000,0x00000007d6a80000,0x00000007e6100000)
  from space 24576K, 0% used [0x00000007e7e80000,0x00000007e7e80000,0x00000007e9680000)
  to   space 30208K, 0% used [0x00000007e6100000,0x00000007e6100000,0x00000007e7e80000)
 ParOldGen       total 156160K, used 119129K [0x0000000784000000, 0x000000078d880000, 0x00000007d6a80000)
  object space 156160K, 76% used [0x0000000784000000,0x000000078b4565e8,0x000000078d880000)
 PSPermGen       total 83968K, used 42599K [0x000000077ee00000, 0x0000000784000000, 0x0000000784000000)
  object space 83968K, 50% used [0x000000077ee00000,0x0000000781799fc0,0x0000000784000000)
}

# JRE version: Java(TM) SE Runtime Environment (7.0_79-b15) (build 1.7.0_79-b15)
# Java VM: Java HotSpot(TM) 64-Bit Server VM (24.79-b02 mixed mode windows-amd64 compressed oops)
Heap
 PSYoungGen      total 276992K, used 16174K [0x00000007d6a80000, 0x00000007ea180000, 0x0000000800000000)
  eden space 252416K, 6% used [0x00000007d6a80000,0x00000007d7a4bb30,0x00000007e6100000)
  from space 24576K, 0% used [0x00000007e7e80000,0x00000007e7e80000,0x00000007e9680000)
  to   space 30208K, 0% used [0x00000007e6100000,0x00000007e6100000,0x00000007e7e80000)
 ParOldGen       total 156160K, used 119129K [0x0000000784000000, 0x000000078d880000, 0x00000007d6a80000)
  object space 156160K, 76% used [0x0000000784000000,0x000000078b4565e8,0x000000078d880000)
 PSPermGen       total 83968K, used 42744K [0x000000077ee00000, 0x0000000784000000, 0x0000000784000000)
  object space 83968K, 50% used [0x000000077ee00000,0x00000007817be358,0x0000000784000000)
GC Heap History (10 events):
Event: 19.699 GC heap before
{Heap before GC invocations=11 (full 1):
 PSYoungGen      total 282624K, used 282592K [0x00000007d6a80000, 0x00000007ea180000, 0x0000000800000000)
  eden space 252416K, 100% used [0x00000007d6a80000,0x00000007e6100000,0x00000007e6100000)
  from space 30208K, 99% used [0x00000007e6100000,0x00000007e7e78040,0x00000007e7e80000)
  to   space 24576K, 0% used [0x00000007e7e80000,0x00000007e7e80000,0x00000007e9680000)
 ParOldGen       total 156160K, used 113173K [0x0000000784000000, 0x000000078d880000, 0x00000007d6a80000)
  object space 156160K, 72% used [0x0000000784000000,0x000000078ae854d0,0x000000078d880000)
 PSPermGen       total 83456K, used 42600K [0x000000077ee00000, 0x0000000783f80000, 0x0000000784000000)
  object space 83456K, 51% used [0x000000077ee00000,0x000000078179a110,0x0000000783f80000)
Event: 19.849 GC heap after
Heap after GC invocations=11 (full 1):
 PSYoungGen      total 276992K, used 24544K [0x00000007d6a80000, 0x00000007ea180000, 0x0000000800000000)
  eden space 252416K, 0% used [0x00000007d6a80000,0x00000007d6a80000,0x00000007e6100000)
  from space 24576K, 99% used [0x00000007e7e80000,0x00000007e9678040,0x00000007e9680000)
  to   space 30208K, 0% used [0x00000007e6100000,0x00000007e6100000,0x00000007e7e80000)
 ParOldGen       total 156160K, used 152197K [0x0000000784000000, 0x000000078d880000, 0x00000007d6a80000)
  object space 156160K, 97% used [0x0000000784000000,0x000000078d4a14d0,0x000000078d880000)
 PSPermGen       total 83456K, used 42600K [0x000000077ee00000, 0x0000000783f80000, 0x0000000784000000)
  object space 83456K, 51% used [0x000000077ee00000,0x000000078179a110,0x0000000783f80000)
}
Event: 19.849 GC heap before
{Heap before GC invocations=12 (full 2):
 PSYoungGen      total 276992K, used 24544K [0x00000007d6a80000, 0x00000007ea180000, 0x0000000800000000)
  eden space 252416K, 0% used [0x00000007d6a80000,0x00000007d6a80000,0x00000007e6100000)
  from space 24576K, 99% used [0x00000007e7e80000,0x00000007e9678040,0x00000007e9680000)
  to   space 30208K, 0% used [0x00000007e6100000,0x00000007e6100000,0x00000007e7e80000)
 ParOldGen       total 156160K, used 152197K [0x0000000784000000, 0x000000078d880000, 0x00000007d6a80000)
  object space 156160K, 97% used [0x0000000784000000,0x000000078d4a14d0,0x000000078d880000)
 PSPermGen       total 83456K, used 42600K [0x000000077ee00000, 0x0000000783f80000, 0x0000000784000000)
  object space 83456K, 51% used [0x000000077ee00000,0x000000078179a110,0x0000000783f80000)
Event: 20.712 GC heap after
Heap after GC invocations=12 (full 2):
 PSYoungGen      total 276992K, used 0K [0x00000007d6a80000, 0x00000007ea180000, 0x0000000800000000)
  eden space 252416K, 0% used [0x00000007d6a80000,0x00000007d6a80000,0x00000007e6100000)
  from space 24576K, 0% used [0x00000007e7e80000,0x00000007e7e80000,0x00000007e9680000)
  to   space 30208K, 0% used [0x00000007e6100000,0x00000007e6100000,0x00000007e7e80000)
 ParOldGen       total 156160K, used 56521K [0x0000000784000000, 0x000000078d880000, 0x00000007d6a80000)
  object space 156160K, 36% used [0x0000000784000000,0x00000007877326b0,0x000000078d880000)
 PSPermGen       total 83456K, used 42599K [0x000000077ee00000, 0x0000000783f80000, 0x0000000784000000)
  object space 83456K, 51% used [0x000000077ee00000,0x0000000781799e38,0x0000000783f80000)
}
Event: 21.592 GC heap before
{Heap before GC invocations=13 (full 2):
 PSYoungGen      total 276992K, used 252416K [0x00000007d6a80000, 0x00000007ea180000, 0x0000000800000000)
  eden space 252416K, 100% used [0x00000007d6a80000,0x00000007e6100000,0x00000007e6100000)
  from space 24576K, 0% used [0x00000007e7e80000,0x00000007e7e80000,0x00000007e9680000)
  to   space 30208K, 0% used [0x00000007e6100000,0x00000007e6100000,0x00000007e7e80000)
 ParOldGen       total 156160K, used 56521K [0x0000000784000000, 0x000000078d880000, 0x00000007d6a80000)
  object space 156160K, 36% used [0x0000000784000000,0x00000007877326b0,0x000000078d880000)
 PSPermGen       total 83456K, used 42599K [0x000000077ee00000, 0x0000000783f80000, 0x0000000784000000)
  object space 83456K, 51% used [0x000000077ee00000,0x0000000781799e38,0x0000000783f80000)
Event: 21.690 GC heap after
Heap after GC invocations=13 (full 2):
 PSYoungGen      total 282624K, used 30176K [0x00000007d6a80000, 0x00000007ea180000, 0x0000000800000000)
  eden space 252416K, 0% used [0x00000007d6a80000,0x00000007d6a80000,0x00000007e6100000)
  from space 30208K, 99% used [0x00000007e6100000,0x00000007e7e78010,0x00000007e7e80000)
  to   space 24576K, 0% used [0x00000007e7e80000,0x00000007e7e80000,0x00000007e9680000)
 ParOldGen       total 156160K, used 68761K [0x0000000784000000, 0x000000078d880000, 0x00000007d6a80000)
  object space 156160K, 44% used [0x0000000784000000,0x00000007883266b0,0x000000078d880000)
 PSPermGen       total 83456K, used 42599K [0x000000077ee00000, 0x0000000783f80000, 0x0000000784000000)
  object space 83456K, 51% used [0x000000077ee00000,0x0000000781799e38,0x0000000783f80000)
}
Event: 22.984 GC heap before
{Heap before GC invocations=14 (full 2):
 PSYoungGen      total 282624K, used 282592K [0x00000007d6a80000, 0x00000007ea180000, 0x0000000800000000)
  eden space 252416K, 100% used [0x00000007d6a80000,0x00000007e6100000,0x00000007e6100000)
  from space 30208K, 99% used [0x00000007e6100000,0x00000007e7e78010,0x00000007e7e80000)
  to   space 24576K, 0% used [0x00000007e7e80000,0x00000007e7e80000,0x00000007e9680000)
 ParOldGen       total 156160K, used 68761K [0x0000000784000000, 0x000000078d880000, 0x00000007d6a80000)
  object space 156160K, 44% used [0x0000000784000000,0x00000007883266b0,0x000000078d880000)
 PSPermGen       total 83456K, used 42599K [0x000000077ee00000, 0x0000000783f80000, 0x0000000784000000)
  object space 83456K, 51% used [0x000000077ee00000,0x0000000781799fc0,0x0000000783f80000)
Event: 23.167 GC heap after
Heap after GC invocations=14 (full 2):
 PSYoungGen      total 276992K, used 24544K [0x00000007d6a80000, 0x00000007ea180000, 0x0000000800000000)
  eden space 252416K, 0% used [0x00000007d6a80000,0x00000007d6a80000,0x00000007e6100000)
  from space 24576K, 99% used [0x00000007e7e80000,0x00000007e9678010,0x00000007e9680000)
  to   space 30208K, 0% used [0x00000007e6100000,0x00000007e6100000,0x00000007e7e80000)
 ParOldGen       total 156160K, used 119409K [0x0000000784000000, 0x000000078d880000, 0x00000007d6a80000)
  object space 156160K, 76% used [0x0000000784000000,0x000000078b49c6d0,0x000000078d880000)
 PSPermGen       total 83456K, used 42599K [0x000000077ee00000, 0x0000000783f80000, 0x0000000784000000)
  object space 83456K, 51% used [0x000000077ee00000,0x0000000781799fc0,0x0000000783f80000)
}
Event: 23.167 GC heap before
{Heap before GC invocations=15 (full 3):
 PSYoungGen      total 276992K, used 24544K [0x00000007d6a80000, 0x00000007ea180000, 0x0000000800000000)
  eden space 252416K, 0% used [0x00000007d6a80000,0x00000007d6a80000,0x00000007e6100000)
  from space 24576K, 99% used [0x00000007e7e80000,0x00000007e9678010,0x00000007e9680000)
  to   space 30208K, 0% used [0x00000007e6100000,0x00000007e6100000,0x00000007e7e80000)
 ParOldGen       total 156160K, used 119409K [0x0000000784000000, 0x000000078d880000, 0x00000007d6a80000)
  object space 156160K, 76% used [0x0000000784000000,0x000000078b49c6d0,0x000000078d880000)
 PSPermGen       total 83456K, used 42599K [0x000000077ee00000, 0x0000000783f80000, 0x0000000784000000)
  object space 83456K, 51% used [0x000000077ee00000,0x0000000781799fc0,0x0000000783f80000)
Event: 24.400 GC heap after
Heap after GC invocations=15 (full 3):
 PSYoungGen      total 276992K, used 0K [0x00000007d6a80000, 0x00000007ea180000, 0x0000000800000000)
  eden space 252416K, 0% used [0x00000007d6a80000,0x00000007d6a80000,0x00000007e6100000)
  from space 24576K, 0% used [0x00000007e7e80000,0x00000007e7e80000,0x00000007e9680000)
  to   space 30208K, 0% used [0x00000007e6100000,0x00000007e6100000,0x00000007e7e80000)
 ParOldGen       total 156160K, used 119129K [0x0000000784000000, 0x000000078d880000, 0x00000007d6a80000)
  object space 156160K, 76% used [0x0000000784000000,0x000000078b4565e8,0x000000078d880000)
 PSPermGen       total 83968K, used 42599K [0x000000077ee00000, 0x0000000784000000, 0x0000000784000000)
  object space 83968K, 50% used [0x000000077ee00000,0x0000000781799fc0,0x0000000784000000)
}

# JRE version: Java(TM) SE Runtime Environment (7.0_79-b15) (build 1.7.0_79-b15)
# Java VM: Java HotSpot(TM) 64-Bit Server VM (24.79-b02 mixed mode windows-amd64 compressed oops)
Heap
 PSYoungGen      total 276992K, used 16174K [0x00000007d6a80000, 0x00000007ea180000, 0x0000000800000000)
  eden space 252416K, 6% used [0x00000007d6a80000,0x00000007d7a4bb30,0x00000007e6100000)
  from space 24576K, 0% used [0x00000007e7e80000,0x00000007e7e80000,0x00000007e9680000)
  to   space 30208K, 0% used [0x00000007e6100000,0x00000007e6100000,0x00000007e7e80000)
 ParOldGen       total 156160K, used 119129K [0x0000000784000000, 0x000000078d880000, 0x00000007d6a80000)
  object space 156160K, 76% used [0x0000000784000000,0x000000078b4565e8,0x000000078d880000)
 PSPermGen       total 83968K, used 42744K [0x000000077ee00000, 0x0000000784000000, 0x0000000784000000)
  object space 83968K, 50% used [0x000000077ee00000,0x00000007817be358,0x0000000784000000)
GC Heap History (10 events):
Event: 19.699 GC heap before
{Heap before GC invocations=11 (full 1):
 PSYoungGen      total 282624K, used 282592K [0x00000007d6a80000, 0x00000007ea180000, 0x0000000800000000)
  eden space 252416K, 100% used [0x00000007d6a80000,0x00000007e6100000,0x00000007e6100000)
  from space 30208K, 99% used [0x00000007e6100000,0x00000007e7e78040,0x00000007e7e80000)
  to   space 24576K, 0% used [0x00000007e7e80000,0x00000007e7e80000,0x00000007e9680000)
 ParOldGen       total 156160K, used 113173K [0x0000000784000000, 0x000000078d880000, 0x00000007d6a80000)
  object space 156160K, 72% used [0x0000000784000000,0x000000078ae854d0,0x000000078d880000)
 PSPermGen       total 83456K, used 42600K [0x000000077ee00000, 0x0000000783f80000, 0x0000000784000000)
  object space 83456K, 51% used [0x000000077ee00000,0x000000078179a110,0x0000000783f80000)
Event: 19.849 GC heap after
Heap after GC invocations=11 (full 1):
 PSYoungGen      total 276992K, used 24544K [0x00000007d6a80000, 0x00000007ea180000, 0x0000000800000000)
  eden space 252416K, 0% used [0x00000007d6a80000,0x00000007d6a80000,0x00000007e6100000)
  from space 24576K, 99% used [0x00000007e7e80000,0x00000007e9678040,0x00000007e9680000)
  to   space 30208K, 0% used [0x00000007e6100000,0x00000007e6100000,0x00000007e7e80000)
 ParOldGen       total 156160K, used 152197K [0x0000000784000000, 0x000000078d880000, 0x00000007d6a80000)
  object space 156160K, 97% used [0x0000000784000000,0x000000078d4a14d0,0x000000078d880000)
 PSPermGen       total 83456K, used 42600K [0x000000077ee00000, 0x0000000783f80000, 0x0000000784000000)
  object space 83456K, 51% used [0x000000077ee00000,0x000000078179a110,0x0000000783f80000)
}
Event: 19.849 GC heap before
{Heap before GC invocations=12 (full 2):
 PSYoungGen      total 276992K, used 24544K [0x00000007d6a80000, 0x00000007ea180000, 0x0000000800000000)
  eden space 252416K, 0% used [0x00000007d6a80000,0x00000007d6a80000,0x00000007e6100000)
  from space 24576K, 99% used [0x00000007e7e80000,0x00000007e9678040,0x00000007e9680000)
  to   space 30208K, 0% used [0x00000007e6100000,0x00000007e6100000,0x00000007e7e80000)
 ParOldGen       total 156160K, used 152197K [0x0000000784000000, 0x000000078d880000, 0x00000007d6a80000)
  object space 156160K, 97% used [0x0000000784000000,0x000000078d4a14d0,0x000000078d880000)
 PSPermGen       total 83456K, used 42600K [0x000000077ee00000, 0x0000000783f80000, 0x0000000784000000)
  object space 83456K, 51% used [0x000000077ee00000,0x000000078179a110,0x0000000783f80000)
Event: 20.712 GC heap after
Heap after GC invocations=12 (full 2):
 PSYoungGen      total 276992K, used 0K [0x00000007d6a80000, 0x00000007ea180000, 0x0000000800000000)
  eden space 252416K, 0% used [0x00000007d6a80000,0x00000007d6a80000,0x00000007e6100000)
  from space 24576K, 0% used [0x00000007e7e80000,0x00000007e7e80000,0x00000007e9680000)
  to   space 30208K, 0% used [0x00000007e6100000,0x00000007e6100000,0x00000007e7e80000)
 ParOldGen       total 156160K, used 56521K [0x0000000784000000, 0x000000078d880000, 0x00000007d6a80000)
  object space 156160K, 36% used [0x0000000784000000,0x00000007877326b0,0x000000078d880000)
 PSPermGen       total 83456K, used 42599K [0x000000077ee00000, 0x0000000783f80000, 0x0000000784000000)
  object space 83456K, 51% used [0x000000077ee00000,0x0000000781799e38,0x0000000783f80000)
}
Event: 21.592 GC heap before
{Heap before GC invocations=13 (full 2):
 PSYoungGen      total 276992K, used 252416K [0x00000007d6a80000, 0x00000007ea180000, 0x0000000800000000)
  eden space 252416K, 100% used [0x00000007d6a80000,0x00000007e6100000,0x00000007e6100000)
  from space 24576K, 0% used [0x00000007e7e80000,0x00000007e7e80000,0x00000007e9680000)
  to   space 30208K, 0% used [0x00000007e6100000,0x00000007e6100000,0x00000007e7e80000)
 ParOldGen       total 156160K, used 56521K [0x0000000784000000, 0x000000078d880000, 0x00000007d6a80000)
  object space 156160K, 36% used [0x0000000784000000,0x00000007877326b0,0x000000078d880000)
 PSPermGen       total 83456K, used 42599K [0x000000077ee00000, 0x0000000783f80000, 0x0000000784000000)
  object space 83456K, 51% used [0x000000077ee00000,0x0000000781799e38,0x0000000783f80000)
Event: 21.690 GC heap after
Heap after GC invocations=13 (full 2):
 PSYoungGen      total 282624K, used 30176K [0x00000007d6a80000, 0x00000007ea180000, 0x0000000800000000)
  eden space 252416K, 0% used [0x00000007d6a80000,0x00000007d6a80000,0x00000007e6100000)
  from space 30208K, 99% used [0x00000007e6100000,0x00000007e7e78010,0x00000007e7e80000)
  to   space 24576K, 0% used [0x00000007e7e80000,0x00000007e7e80000,0x00000007e9680000)
 ParOldGen       total 156160K, used 68761K [0x0000000784000000, 0x000000078d880000, 0x00000007d6a80000)
  object space 156160K, 44% used [0x0000000784000000,0x00000007883266b0,0x000000078d880000)
 PSPermGen       total 83456K, used 42599K [0x000000077ee00000, 0x0000000783f80000, 0x0000000784000000)
  object space 83456K, 51% used [0x000000077ee00000,0x0000000781799e38,0x0000000783f80000)
}
Event: 22.984 GC heap before
{Heap before GC invocations=14 (full 2):
 PSYoungGen      total 282624K, used 282592K [0x00000007d6a80000, 0x00000007ea180000, 0x0000000800000000)
  eden space 252416K, 100% used [0x00000007d6a80000,0x00000007e6100000,0x00000007e6100000)
  from space 30208K, 99% used [0x00000007e6100000,0x00000007e7e78010,0x00000007e7e80000)
  to   space 24576K, 0% used [0x00000007e7e80000,0x00000007e7e80000,0x00000007e9680000)
 ParOldGen       total 156160K, used 68761K [0x0000000784000000, 0x000000078d880000, 0x00000007d6a80000)
  object space 156160K, 44% used [0x0000000784000000,0x00000007883266b0,0x000000078d880000)
 PSPermGen       total 83456K, used 42599K [0x000000077ee00000, 0x0000000783f80000, 0x0000000784000000)
  object space 83456K, 51% used [0x000000077ee00000,0x0000000781799fc0,0x0000000783f80000)
Event: 23.167 GC heap after
Heap after GC invocations=14 (full 2):
 PSYoungGen      total 276992K, used 24544K [0x00000007d6a80000, 0x00000007ea180000, 0x0000000800000000)
  eden space 252416K, 0% used [0x00000007d6a80000,0x00000007d6a80000,0x00000007e6100000)
  from space 24576K, 99% used [0x00000007e7e80000,0x00000007e9678010,0x00000007e9680000)
  to   space 30208K, 0% used [0x00000007e6100000,0x00000007e6100000,0x00000007e7e80000)
 ParOldGen       total 156160K, used 119409K [0x0000000784000000, 0x000000078d880000, 0x00000007d6a80000)
  object space 156160K, 76% used [0x0000000784000000,0x000000078b49c6d0,0x000000078d880000)
 PSPermGen       total 83456K, used 42599K [0x000000077ee00000, 0x0000000783f80000, 0x0000000784000000)
  object space 83456K, 51% used [0x000000077ee00000,0x0000000781799fc0,0x0000000783f80000)
}
Event: 23.167 GC heap before
{Heap before GC invocations=15 (full 3):
 PSYoungGen      total 276992K, used 24544K [0x00000007d6a80000, 0x00000007ea180000, 0x0000000800000000)
  eden space 252416K, 0% used [0x00000007d6a80000,0x00000007d6a80000,0x00000007e6100000)
  from space 24576K, 99% used [0x00000007e7e80000,0x00000007e9678010,0x00000007e9680000)
  to   space 30208K, 0% used [0x00000007e6100000,0x00000007e6100000,0x00000007e7e80000)
 ParOldGen       total 156160K, used 119409K [0x0000000784000000, 0x000000078d880000, 0x00000007d6a80000)
  object space 156160K, 76% used [0x0000000784000000,0x000000078b49c6d0,0x000000078d880000)
 PSPermGen       total 83456K, used 42599K [0x000000077ee00000, 0x0000000783f80000, 0x0000000784000000)
  object space 83456K, 51% used [0x000000077ee00000,0x0000000781799fc0,0x0000000783f80000)
Event: 24.400 GC heap after
Heap after GC invocations=15 (full 3):
 PSYoungGen      total 276992K, used 0K [0x00000007d6a80000, 0x00000007ea180000, 0x0000000800000000)
  eden space 252416K, 0% used [0x00000007d6a80000,0x00000007d6a80000,0x00000007e6100000)
  from space 24576K, 0% used [0x00000007e7e80000,0x00000007e7e80000,0x00000007e9680000)
  to   space 30208K, 0% used [0x00000007e6100000,0x00000007e6100000,0x00000007e7e80000)
 ParOldGen       total 156160K, used 119129K [0x0000000784000000, 0x000000078d880000, 0x00000007d6a80000)
  object space 156160K, 76% used [0x0000000784000000,0x000000078b4565e8,0x000000078d880000)
 PSPermGen       total 83968K, used 42599K [0x000000077ee00000, 0x0000000784000000, 0x0000000784000000)
  object space 83968K, 50% used [0x000000077ee00000,0x0000000781799fc0,0x0000000784000000)
}

# JRE version: Java(TM) SE Runtime Environment (7.0_79-b15) (build 1.7.0_79-b15)
# Java VM: Java HotSpot(TM) 64-Bit Server VM (24.79-b02 mixed mode windows-amd64 compressed oops)
Heap
 PSYoungGen      total 276992K, used 16174K [0x00000007d6a80000, 0x00000007ea180000, 0x0000000800000000)
  eden space 252416K, 6% used [0x00000007d6a80000,0x00000007d7a4bb30,0x00000007e6100000)
  from space 24576K, 0% used [0x00000007e7e80000,0x00000007e7e80000,0x00000007e9680000)
  to   space 30208K, 0% used [0x00000007e6100000,0x00000007e6100000,0x00000007e7e80000)
 ParOldGen       total 156160K, used 119129K [0x0000000784000000, 0x000000078d880000, 0x00000007d6a80000)
  object space 156160K, 76% used [0x0000000784000000,0x000000078b4565e8,0x000000078d880000)
 PSPermGen       total 83968K, used 42744K [0x000000077ee00000, 0x0000000784000000, 0x0000000784000000)
  object space 83968K, 50% used [0x000000077ee00000,0x00000007817be358,0x0000000784000000)
GC Heap History (10 events):
Event: 19.699 GC heap before
{Heap before GC invocations=11 (full 1):
 PSYoungGen      total 282624K, used 282592K [0x00000007d6a80000, 0x00000007ea180000, 0x0000000800000000)
  eden space 252416K, 100% used [0x00000007d6a80000,0x00000007e6100000,0x00000007e6100000)
  from space 30208K, 99% used [0x00000007e6100000,0x00000007e7e78040,0x00000007e7e80000)
  to   space 24576K, 0% used [0x00000007e7e80000,0x00000007e7e80000,0x00000007e9680000)
 ParOldGen       total 156160K, used 113173K [0x0000000784000000, 0x000000078d880000, 0x00000007d6a80000)
  object space 156160K, 72% used [0x0000000784000000,0x000000078ae854d0,0x000000078d880000)
 PSPermGen       total 83456K, used 42600K [0x000000077ee00000, 0x0000000783f80000, 0x0000000784000000)
  object space 83456K, 51% used [0x000000077ee00000,0x000000078179a110,0x0000000783f80000)
Event: 19.849 GC heap after
Heap after GC invocations=11 (full 1):
 PSYoungGen      total 276992K, used 24544K [0x00000007d6a80000, 0x00000007ea180000, 0x0000000800000000)
  eden space 252416K, 0% used [0x00000007d6a80000,0x00000007d6a80000,0x00000007e6100000)
  from space 24576K, 99% used [0x00000007e7e80000,0x00000007e9678040,0x00000007e9680000)
  to   space 30208K, 0% used [0x00000007e6100000,0x00000007e6100000,0x00000007e7e80000)
 ParOldGen       total 156160K, used 152197K [0x0000000784000000, 0x000000078d880000, 0x00000007d6a80000)
  object space 156160K, 97% used [0x0000000784000000,0x000000078d4a14d0,0x000000078d880000)
 PSPermGen       total 83456K, used 42600K [0x000000077ee00000, 0x0000000783f80000, 0x0000000784000000)
  object space 83456K, 51% used [0x000000077ee00000,0x000000078179a110,0x0000000783f80000)
}
Event: 19.849 GC heap before
{Heap before GC invocations=12 (full 2):
 PSYoungGen      total 276992K, used 24544K [0x00000007d6a80000, 0x00000007ea180000, 0x0000000800000000)
  eden space 252416K, 0% used [0x00000007d6a80000,0x00000007d6a80000,0x00000007e6100000)
  from space 24576K, 99% used [0x00000007e7e80000,0x00000007e9678040,0x00000007e9680000)
  to   space 30208K, 0% used [0x00000007e6100000,0x00000007e6100000,0x00000007e7e80000)
 ParOldGen       total 156160K, used 152197K [0x0000000784000000, 0x000000078d880000, 0x00000007d6a80000)
  object space 156160K, 97% used [0x0000000784000000,0x000000078d4a14d0,0x000000078d880000)
 PSPermGen       total 83456K, used 42600K [0x000000077ee00000, 0x0000000783f80000, 0x0000000784000000)
  object space 83456K, 51% used [0x000000077ee00000,0x000000078179a110,0x0000000783f80000)
Event: 20.712 GC heap after
Heap after GC invocations=12 (full 2):
 PSYoungGen      total 276992K, used 0K [0x00000007d6a80000, 0x00000007ea180000, 0x0000000800000000)
  eden space 252416K, 0% used [0x00000007d6a80000,0x00000007d6a80000,0x00000007e6100000)
  from space 24576K, 0% used [0x00000007e7e80000,0x00000007e7e80000,0x00000007e9680000)
  to   space 30208K, 0% used [0x00000007e6100000,0x00000007e6100000,0x00000007e7e80000)
 ParOldGen       total 156160K, used 56521K [0x0000000784000000, 0x000000078d880000, 0x00000007d6a80000)
  object space 156160K, 36% used [0x0000000784000000,0x00000007877326b0,0x000000078d880000)
 PSPermGen       total 83456K, used 42599K [0x000000077ee00000, 0x0000000783f80000, 0x0000000784000000)
  object space 83456K, 51% used [0x000000077ee00000,0x0000000781799e38,0x0000000783f80000)
}
Event: 21.592 GC heap before
{Heap before GC invocations=13 (full 2):
 PSYoungGen      total 276992K, used 252416K [0x00000007d6a80000, 0x00000007ea180000, 0x0000000800000000)
  eden space 252416K, 100% used [0x00000007d6a80000,0x00000007e6100000,0x00000007e6100000)
  from space 24576K, 0% used [0x00000007e7e80000,0x00000007e7e80000,0x00000007e9680000)
  to   space 30208K, 0% used [0x00000007e6100000,0x00000007e6100000,0x00000007e7e80000)
 ParOldGen       total 156160K, used 56521K [0x0000000784000000, 0x000000078d880000, 0x00000007d6a80000)
  object space 156160K, 36% used [0x0000000784000000,0x00000007877326b0,0x000000078d880000)
 PSPermGen       total 83456K, used 42599K [0x000000077ee00000, 0x0000000783f80000, 0x0000000784000000)
  object space 83456K, 51% used [0x000000077ee00000,0x0000000781799e38,0x0000000783f80000)
Event: 21.690 GC heap after
Heap after GC invocations=13 (full 2):
 PSYoungGen      total 282624K, used 30176K [0x00000007d6a80000, 0x00000007ea180000, 0x0000000800000000)
  eden space 252416K, 0% used [0x00000007d6a80000,0x00000007d6a80000,0x00000007e6100000)
  from space 30208K, 99% used [0x00000007e6100000,0x00000007e7e78010,0x00000007e7e80000)
  to   space 24576K, 0% used [0x00000007e7e80000,0x00000007e7e80000,0x00000007e9680000)
 ParOldGen       total 156160K, used 68761K [0x0000000784000000, 0x000000078d880000, 0x00000007d6a80000)
  object space 156160K, 44% used [0x0000000784000000,0x00000007883266b0,0x000000078d880000)
 PSPermGen       total 83456K, used 42599K [0x000000077ee00000, 0x0000000783f80000, 0x0000000784000000)
  object space 83456K, 51% used [0x000000077ee00000,0x0000000781799e38,0x0000000783f80000)
}
Event: 22.984 GC heap before
{Heap before GC invocations=14 (full 2):
 PSYoungGen      total 282624K, used 282592K [0x00000007d6a80000, 0x00000007ea180000, 0x0000000800000000)
  eden space 252416K, 100% used [0x00000007d6a80000,0x00000007e6100000,0x00000007e6100000)
  from space 30208K, 99% used [0x00000007e6100000,0x00000007e7e78010,0x00000007e7e80000)
  to   space 24576K, 0% used [0x00000007e7e80000,0x00000007e7e80000,0x00000007e9680000)
 ParOldGen       total 156160K, used 68761K [0x0000000784000000, 0x000000078d880000, 0x00000007d6a80000)
  object space 156160K, 44% used [0x0000000784000000,0x00000007883266b0,0x000000078d880000)
 PSPermGen       total 83456K, used 42599K [0x000000077ee00000, 0x0000000783f80000, 0x0000000784000000)
  object space 83456K, 51% used [0x000000077ee00000,0x0000000781799fc0,0x0000000783f80000)
Event: 23.167 GC heap after
Heap after GC invocations=14 (full 2):
 PSYoungGen      total 276992K, used 24544K [0x00000007d6a80000, 0x00000007ea180000, 0x0000000800000000)
  eden space 252416K, 0% used [0x00000007d6a80000,0x00000007d6a80000,0x00000007e6100000)
  from space 24576K, 99% used [0x00000007e7e80000,0x00000007e9678010,0x00000007e9680000)
  to   space 30208K, 0% used [0x00000007e6100000,0x00000007e6100000,0x00000007e7e80000)
 ParOldGen       total 156160K, used 119409K [0x0000000784000000, 0x000000078d880000, 0x00000007d6a80000)
  object space 156160K, 76% used [0x0000000784000000,0x000000078b49c6d0,0x000000078d880000)
 PSPermGen       total 83456K, used 42599K [0x000000077ee00000, 0x0000000783f80000, 0x0000000784000000)
  object space 83456K, 51% used [0x000000077ee00000,0x0000000781799fc0,0x0000000783f80000)
}
Event: 23.167 GC heap before
{Heap before GC invocations=15 (full 3):
 PSYoungGen      total 276992K, used 24544K [0x00000007d6a80000, 0x00000007ea180000, 0x0000000800000000)
  eden space 252416K, 0% used [0x00000007d6a80000,0x00000007d6a80000,0x00000007e6100000)
  from space 24576K, 99% used [0x00000007e7e80000,0x00000007e9678010,0x00000007e9680000)
  to   space 30208K, 0% used [0x00000007e6100000,0x00000007e6100000,0x00000007e7e80000)
 ParOldGen       total 156160K, used 119409K [0x0000000784000000, 0x000000078d880000, 0x00000007d6a80000)
  object space 156160K, 76% used [0x0000000784000000,0x000000078b49c6d0,0x000000078d880000)
 PSPermGen       total 83456K, used 42599K [0x000000077ee00000, 0x0000000783f80000, 0x0000000784000000)
  object space 83456K, 51% used [0x000000077ee00000,0x0000000781799fc0,0x0000000783f80000)
Event: 24.400 GC heap after
Heap after GC invocations=15 (full 3):
 PSYoungGen      total 276992K, used 0K [0x00000007d6a80000, 0x00000007ea180000, 0x0000000800000000)
  eden space 252416K, 0% used [0x00000007d6a80000,0x00000007d6a80000,0x00000007e6100000)
  from space 24576K, 0% used [0x00000007e7e80000,0x00000007e7e80000,0x00000007e9680000)
  to   space 30208K, 0% used [0x00000007e6100000,0x00000007e6100000,0x00000007e7e80000)
 ParOldGen       total 156160K, used 119129K [0x0000000784000000, 0x000000078d880000, 0x00000007d6a80000)
  object space 156160K, 76% used [0x0000000784000000,0x000000078b4565e8,0x000000078d880000)
 PSPermGen       total 83968K, used 42599K [0x000000077ee00000, 0x0000000784000000, 0x0000000784000000)
  object space 83968K, 50% used [0x000000077ee00000,0x0000000781799fc0,0x0000000784000000)
}

# JRE version: Java(TM) SE Runtime Environment (7.0_79-b15) (build 1.7.0_79-b15)
# Java VM: Java HotSpot(TM) 64-Bit Server VM (24.79-b02 mixed mode windows-amd64 compressed oops)
Heap
 PSYoungGen      total 276992K, used 16174K [0x00000007d6a80000, 0x00000007ea180000, 0x0000000800000000)
  eden space 252416K, 6% used [0x00000007d6a80000,0x00000007d7a4bb30,0x00000007e6100000)
  from space 24576K, 0% used [0x00000007e7e80000,0x00000007e7e80000,0x00000007e9680000)
  to   space 30208K, 0% used [0x00000007e6100000,0x00000007e6100000,0x00000007e7e80000)
 ParOldGen       total 156160K, used 119129K [0x0000000784000000, 0x000000078d880000, 0x00000007d6a80000)
  object space 156160K, 76% used [0x0000000784000000,0x000000078b4565e8,0x000000078d880000)
 PSPermGen       total 83968K, used 42744K [0x000000077ee00000, 0x0000000784000000, 0x0000000784000000)
  object space 83968K, 50% used [0x000000077ee00000,0x00000007817be358,0x0000000784000000)
GC Heap History (10 events):
Event: 19.699 GC heap before
{Heap before GC invocations=11 (full 1):
 PSYoungGen      total 282624K, used 282592K [0x00000007d6a80000, 0x00000007ea180000, 0x0000000800000000)
  eden space 252416K, 100% used [0x00000007d6a80000,0x00000007e6100000,0x00000007e6100000)
  from space 30208K, 99% used [0x00000007e6100000,0x00000007e7e78040,0x00000007e7e80000)
  to   space 24576K, 0% used [0x00000007e7e80000,0x00000007e7e80000,0x00000007e9680000)
 ParOldGen       total 156160K, used 113173K [0x0000000784000000, 0x000000078d880000, 0x00000007d6a80000)
  object space 156160K, 72% used [0x0000000784000000,0x000000078ae854d0,0x000000078d880000)
 PSPermGen       total 83456K, used 42600K [0x000000077ee00000, 0x0000000783f80000, 0x0000000784000000)
  object space 83456K, 51% used [0x000000077ee00000,0x000000078179a110,0x0000000783f80000)
Event: 19.849 GC heap after
Heap after GC invocations=11 (full 1):
 PSYoungGen      total 276992K, used 24544K [0x00000007d6a80000, 0x00000007ea180000, 0x0000000800000000)
  eden space 252416K, 0% used [0x00000007d6a80000,0x00000007d6a80000,0x00000007e6100000)
  from space 24576K, 99% used [0x00000007e7e80000,0x00000007e9678040,0x00000007e9680000)
  to   space 30208K, 0% used [0x00000007e6100000,0x00000007e6100000,0x00000007e7e80000)
 ParOldGen       total 156160K, used 152197K [0x0000000784000000, 0x000000078d880000, 0x00000007d6a80000)
  object space 156160K, 97% used [0x0000000784000000,0x000000078d4a14d0,0x000000078d880000)
 PSPermGen       total 83456K, used 42600K [0x000000077ee00000, 0x0000000783f80000, 0x0000000784000000)
  object space 83456K, 51% used [0x000000077ee00000,0x000000078179a110,0x0000000783f80000)
}
Event: 19.849 GC heap before
{Heap before GC invocations=12 (full 2):
 PSYoungGen      total 276992K, used 24544K [0x00000007d6a80000, 0x00000007ea180000, 0x0000000800000000)
  eden space 252416K, 0% used [0x00000007d6a80000,0x00000007d6a80000,0x00000007e6100000)
  from space 24576K, 99% used [0x00000007e7e80000,0x00000007e9678040,0x00000007e9680000)
  to   space 30208K, 0% used [0x00000007e6100000,0x00000007e6100000,0x00000007e7e80000)
 ParOldGen       total 156160K, used 152197K [0x0000000784000000, 0x000000078d880000, 0x00000007d6a80000)
  object space 156160K, 97% used [0x0000000784000000,0x000000078d4a14d0,0x000000078d880000)
 PSPermGen       total 83456K, used 42600K [0x000000077ee00000, 0x0000000783f80000, 0x0000000784000000)
  object space 83456K, 51% used [0x000000077ee00000,0x000000078179a110,0x0000000783f80000)
Event: 20.712 GC heap after
Heap after GC invocations=12 (full 2):
 PSYoungGen      total 276992K, used 0K [0x00000007d6a80000, 0x00000007ea180000, 0x0000000800000000)
  eden space 252416K, 0% used [0x00000007d6a80000,0x00000007d6a80000,0x00000007e6100000)
  from space 24576K, 0% used [0x00000007e7e80000,0x00000007e7e80000,0x00000007e9680000)
  to   space 30208K, 0% used [0x00000007e6100000,0x00000007e6100000,0x00000007e7e80000)
 ParOldGen       total 156160K, used 56521K [0x0000000784000000, 0x000000078d880000, 0x00000007d6a80000)
  object space 156160K, 36% used [0x0000000784000000,0x00000007877326b0,0x000000078d880000)
 PSPermGen       total 83456K, used 42599K [0x000000077ee00000, 0x0000000783f80000, 0x0000000784000000)
  object space 83456K, 51% used [0x000000077ee00000,0x0000000781799e38,0x0000000783f80000)
}
Event: 21.592 GC heap before
{Heap before GC invocations=13 (full 2):
 PSYoungGen      total 276992K, used 252416K [0x00000007d6a80000, 0x00000007ea180000, 0x0000000800000000)
  eden space 252416K, 100% used [0x00000007d6a80000,0x00000007e6100000,0x00000007e6100000)
  from space 24576K, 0% used [0x00000007e7e80000,0x00000007e7e80000,0x00000007e9680000)
  to   space 30208K, 0% used [0x00000007e6100000,0x00000007e6100000,0x00000007e7e80000)
 ParOldGen       total 156160K, used 56521K [0x0000000784000000, 0x000000078d880000, 0x00000007d6a80000)
  object space 156160K, 36% used [0x0000000784000000,0x00000007877326b0,0x000000078d880000)
 PSPermGen       total 83456K, used 42599K [0x000000077ee00000, 0x0000000783f80000, 0x0000000784000000)
  object space 83456K, 51% used [0x000000077ee00000,0x0000000781799e38,0x0000000783f80000)
Event: 21.690 GC heap after
Heap after GC invocations=13 (full 2):
 PSYoungGen      total 282624K, used 30176K [0x00000007d6a80000, 0x00000007ea180000, 0x0000000800000000)
  eden space 252416K, 0% used [0x00000007d6a80000,0x00000007d6a80000,0x00000007e6100000)
  from space 30208K, 99% used [0x00000007e6100000,0x00000007e7e78010,0x00000007e7e80000)
  to   space 24576K, 0% used [0x00000007e7e80000,0x00000007e7e80000,0x00000007e9680000)
 ParOldGen       total 156160K, used 68761K [0x0000000784000000, 0x000000078d880000, 0x00000007d6a80000)
  object space 156160K, 44% used [0x0000000784000000,0x00000007883266b0,0x000000078d880000)
 PSPermGen       total 83456K, used 42599K [0x000000077ee00000, 0x0000000783f80000, 0x0000000784000000)
  object space 83456K, 51% used [0x000000077ee00000,0x0000000781799e38,0x0000000783f80000)
}
Event: 22.984 GC heap before
{Heap before GC invocations=14 (full 2):
 PSYoungGen      total 282624K, used 282592K [0x00000007d6a80000, 0x00000007ea180000, 0x0000000800000000)
  eden space 252416K, 100% used [0x00000007d6a80000,0x00000007e6100000,0x00000007e6100000)
  from space 30208K, 99% used [0x00000007e6100000,0x00000007e7e78010,0x00000007e7e80000)
  to   space 24576K, 0% used [0x00000007e7e80000,0x00000007e7e80000,0x00000007e9680000)
 ParOldGen       total 156160K, used 68761K [0x0000000784000000, 0x000000078d880000, 0x00000007d6a80000)
  object space 156160K, 44% used [0x0000000784000000,0x00000007883266b0,0x000000078d880000)
 PSPermGen       total 83456K, used 42599K [0x000000077ee00000, 0x0000000783f80000, 0x0000000784000000)
  object space 83456K, 51% used [0x000000077ee00000,0x0000000781799fc0,0x0000000783f80000)
Event: 23.167 GC heap after
Heap after GC invocations=14 (full 2):
 PSYoungGen      total 276992K, used 24544K [0x00000007d6a80000, 0x00000007ea180000, 0x0000000800000000)
  eden space 252416K, 0% used [0x00000007d6a80000,0x00000007d6a80000,0x00000007e6100000)
  from space 24576K, 99% used [0x00000007e7e80000,0x00000007e9678010,0x00000007e9680000)
  to   space 30208K, 0% used [0x00000007e6100000,0x00000007e6100000,0x00000007e7e80000)
 ParOldGen       total 156160K, used 119409K [0x0000000784000000, 0x000000078d880000, 0x00000007d6a80000)
  object space 156160K, 76% used [0x0000000784000000,0x000000078b49c6d0,0x000000078d880000)
 PSPermGen       total 83456K, used 42599K [0x000000077ee00000, 0x0000000783f80000, 0x0000000784000000)
  object space 83456K, 51% used [0x000000077ee00000,0x0000000781799fc0,0x0000000783f80000)
}
Event: 23.167 GC heap before
{Heap before GC invocations=15 (full 3):
 PSYoungGen      total 276992K, used 24544K [0x00000007d6a80000, 0x00000007ea180000, 0x0000000800000000)
  eden space 252416K, 0% used [0x00000007d6a80000,0x00000007d6a80000,0x00000007e6100000)
  from space 24576K, 99% used [0x00000007e7e80000,0x00000007e9678010,0x00000007e9680000)
  to   space 30208K, 0% used [0x00000007e6100000,0x00000007e6100000,0x00000007e7e80000)
 ParOldGen       total 156160K, used 119409K [0x0000000784000000, 0x000000078d880000, 0x00000007d6a80000)
  object space 156160K, 76% used [0x0000000784000000,0x000000078b49c6d0,0x000000078d880000)
 PSPermGen       total 83456K, used 42599K [0x000000077ee00000, 0x0000000783f80000, 0x0000000784000000)
  object space 83456K, 51% used [0x000000077ee00000,0x0000000781799fc0,0x0000000783f80000)
Event: 24.400 GC heap after
Heap after GC invocations=15 (full 3):
 PSYoungGen      total 276992K, used 0K [0x00000007d6a80000, 0x00000007ea180000, 0x0000000800000000)
  eden space 252416K, 0% used [0x00000007d6a80000,0x00000007d6a80000,0x00000007e6100000)
  from space 24576K, 0% used [0x00000007e7e80000,0x00000007e7e80000,0x00000007e9680000)
  to   space 30208K, 0% used [0x00000007e6100000,0x00000007e6100000,0x00000007e7e80000)
 ParOldGen       total 156160K, used 119129K [0x0000000784000000, 0x000000078d880000, 0x00000007d6a80000)
  object space 156160K, 76% used [0x0000000784000000,0x000000078b4565e8,0x000000078d880000)
 PSPermGen       total 83968K, used 42599K [0x000000077ee00000, 0x0000000784000000, 0x0000000784000000)
  object space 83968K, 50% used [0x000000077ee00000,0x0000000781799fc0,0x0000000784000000)
}

# JRE version: Java(TM) SE Runtime Environment (7.0_79-b15) (build 1.7.0_79-b15)
# Java VM: Java HotSpot(TM) 64-Bit Server VM (24.79-b02 mixed mode windows-amd64 compressed oops)
Heap
 PSYoungGen      total 276992K, used 16174K [0x00000007d6a80000, 0x00000007ea180000, 0x0000000800000000)
  eden space 252416K, 6% used [0x00000007d6a80000,0x00000007d7a4bb30,0x00000007e6100000)
  from space 24576K, 0% used [0x00000007e7e80000,0x00000007e7e80000,0x00000007e9680000)
  to   space 30208K, 0% used [0x00000007e6100000,0x00000007e6100000,0x00000007e7e80000)
 ParOldGen       total 156160K, used 119129K [0x0000000784000000, 0x000000078d880000, 0x00000007d6a80000)
  object space 156160K, 76% used [0x0000000784000000,0x000000078b4565e8,0x000000078d880000)
 PSPermGen       total 83968K, used 42744K [0x000000077ee00000, 0x0000000784000000, 0x0000000784000000)
  object space 83968K, 50% used [0x000000077ee00000,0x00000007817be358,0x0000000784000000)
GC Heap History (10 events):
Event: 19.699 GC heap before
{Heap before GC invocations=11 (full 1):
 PSYoungGen      total 282624K, used 282592K [0x00000007d6a80000, 0x00000007ea180000, 0x0000000800000000)
  eden space 252416K, 100% used [0x00000007d6a80000,0x00000007e6100000,0x00000007e6100000)
  from space 30208K, 99% used [0x00000007e6100000,0x00000007e7e78040,0x00000007e7e80000)
  to   space 24576K, 0% used [0x00000007e7e80000,0x00000007e7e80000,0x00000007e9680000)
 ParOldGen       total 156160K, used 113173K [0x0000000784000000, 0x000000078d880000, 0x00000007d6a80000)
  object space 156160K, 72% used [0x0000000784000000,0x000000078ae854d0,0x000000078d880000)
 PSPermGen       total 83456K, used 42600K [0x000000077ee00000, 0x0000000783f80000, 0x0000000784000000)
  object space 83456K, 51% used [0x000000077ee00000,0x000000078179a110,0x0000000783f80000)
Event: 19.849 GC heap after
Heap after GC invocations=11 (full 1):
 PSYoungGen      total 276992K, used 24544K [0x00000007d6a80000, 0x00000007ea180000, 0x0000000800000000)
  eden space 252416K, 0% used [0x00000007d6a80000,0x00000007d6a80000,0x00000007e6100000)
  from space 24576K, 99% used [0x00000007e7e80000,0x00000007e9678040,0x00000007e9680000)
  to   space 30208K, 0% used [0x00000007e6100000,0x00000007e6100000,0x00000007e7e80000)
 ParOldGen       total 156160K, used 152197K [0x0000000784000000, 0x000000078d880000, 0x00000007d6a80000)
  object space 156160K, 97% used [0x0000000784000000,0x000000078d4a14d0,0x000000078d880000)
 PSPermGen       total 83456K, used 42600K [0x000000077ee00000, 0x0000000783f80000, 0x0000000784000000)
  object space 83456K, 51% used [0x000000077ee00000,0x000000078179a110,0x0000000783f80000)
}
Event: 19.849 GC heap before
{Heap before GC invocations=12 (full 2):
 PSYoungGen      total 276992K, used 24544K [0x00000007d6a80000, 0x00000007ea180000, 0x0000000800000000)
  eden space 252416K, 0% used [0x00000007d6a80000,0x00000007d6a80000,0x00000007e6100000)
  from space 24576K, 99% used [0x00000007e7e80000,0x00000007e9678040,0x00000007e9680000)
  to   space 30208K, 0% used [0x00000007e6100000,0x00000007e6100000,0x00000007e7e80000)
 ParOldGen       total 156160K, used 152197K [0x0000000784000000, 0x000000078d880000, 0x00000007d6a80000)
  object space 156160K, 97% used [0x0000000784000000,0x000000078d4a14d0,0x000000078d880000)
 PSPermGen       total 83456K, used 42600K [0x000000077ee00000, 0x0000000783f80000, 0x0000000784000000)
  object space 83456K, 51% used [0x000000077ee00000,0x000000078179a110,0x0000000783f80000)
Event: 20.712 GC heap after
Heap after GC invocations=12 (full 2):
 PSYoungGen      total 276992K, used 0K [0x00000007d6a80000, 0x00000007ea180000, 0x0000000800000000)
  eden space 252416K, 0% used [0x00000007d6a80000,0x00000007d6a80000,0x00000007e6100000)
  from space 24576K, 0% used [0x00000007e7e80000,0x00000007e7e80000,0x00000007e9680000)
  to   space 30208K, 0% used [0x00000007e6100000,0x00000007e6100000,0x00000007e7e80000)
 ParOldGen       total 156160K, used 56521K [0x0000000784000000, 0x000000078d880000, 0x00000007d6a80000)
  object space 156160K, 36% used [0x0000000784000000,0x00000007877326b0,0x000000078d880000)
 PSPermGen       total 83456K, used 42599K [0x000000077ee00000, 0x0000000783f80000, 0x0000000784000000)
  object space 83456K, 51% used [0x000000077ee00000,0x0000000781799e38,0x0000000783f80000)
}
Event: 21.592 GC heap before
{Heap before GC invocations=13 (full 2):
 PSYoungGen      total 276992K, used 252416K [0x00000007d6a80000, 0x00000007ea180000, 0x0000000800000000)
  eden space 252416K, 100% used [0x00000007d6a80000,0x00000007e6100000,0x00000007e6100000)
  from space 24576K, 0% used [0x00000007e7e80000,0x00000007e7e80000,0x00000007e9680000)
  to   space 30208K, 0% used [0x00000007e6100000,0x00000007e6100000,0x00000007e7e80000)
 ParOldGen       total 156160K, used 56521K [0x0000000784000000, 0x000000078d880000, 0x00000007d6a80000)
  object space 156160K, 36% used [0x0000000784000000,0x00000007877326b0,0x000000078d880000)
 PSPermGen       total 83456K, used 42599K [0x000000077ee00000, 0x0000000783f80000, 0x0000000784000000)
  object space 83456K, 51% used [0x000000077ee00000,0x0000000781799e38,0x0000000783f80000)
Event: 21.690 GC heap after
Heap after GC invocations=13 (full 2):
 PSYoungGen      total 282624K, used 30176K [0x00000007d6a80000, 0x00000007ea180000, 0x0000000800000000)
  eden space 252416K, 0% used [0x00000007d6a80000,0x00000007d6a80000,0x00000007e6100000)
  from space 30208K, 99% used [0x00000007e6100000,0x00000007e7e78010,0x00000007e7e80000)
  to   space 24576K, 0% used [0x00000007e7e80000,0x00000007e7e80000,0x00000007e9680000)
 ParOldGen       total 156160K, used 68761K [0x0000000784000000, 0x000000078d880000, 0x00000007d6a80000)
  object space 156160K, 44% used [0x0000000784000000,0x00000007883266b0,0x000000078d880000)
 PSPermGen       total 83456K, used 42599K [0x000000077ee00000, 0x0000000783f80000, 0x0000000784000000)
  object space 83456K, 51% used [0x000000077ee00000,0x0000000781799e38,0x0000000783f80000)
}
Event: 22.984 GC heap before
{Heap before GC invocations=14 (full 2):
 PSYoungGen      total 282624K, used 282592K [0x00000007d6a80000, 0x00000007ea180000, 0x0000000800000000)
  eden space 252416K, 100% used [0x00000007d6a80000,0x00000007e6100000,0x00000007e6100000)
  from space 30208K, 99% used [0x00000007e6100000,0x00000007e7e78010,0x00000007e7e80000)
  to   space 24576K, 0% used [0x00000007e7e80000,0x00000007e7e80000,0x00000007e9680000)
 ParOldGen       total 156160K, used 68761K [0x0000000784000000, 0x000000078d880000, 0x00000007d6a80000)
  object space 156160K, 44% used [0x0000000784000000,0x00000007883266b0,0x000000078d880000)
 PSPermGen       total 83456K, used 42599K [0x000000077ee00000, 0x0000000783f80000, 0x0000000784000000)
  object space 83456K, 51% used [0x000000077ee00000,0x0000000781799fc0,0x0000000783f80000)
Event: 23.167 GC heap after
Heap after GC invocations=14 (full 2):
 PSYoungGen      total 276992K, used 24544K [0x00000007d6a80000, 0x00000007ea180000, 0x0000000800000000)
  eden space 252416K, 0% used [0x00000007d6a80000,0x00000007d6a80000,0x00000007e6100000)
  from space 24576K, 99% used [0x00000007e7e80000,0x00000007e9678010,0x00000007e9680000)
  to   space 30208K, 0% used [0x00000007e6100000,0x00000007e6100000,0x00000007e7e80000)
 ParOldGen       total 156160K, used 119409K [0x0000000784000000, 0x000000078d880000, 0x00000007d6a80000)
  object space 156160K, 76% used [0x0000000784000000,0x000000078b49c6d0,0x000000078d880000)
 PSPermGen       total 83456K, used 42599K [0x000000077ee00000, 0x0000000783f80000, 0x0000000784000000)
  object space 83456K, 51% used [0x000000077ee00000,0x0000000781799fc0,0x0000000783f80000)
}
Event: 23.167 GC heap before
{Heap before GC invocations=15 (full 3):
 PSYoungGen      total 276992K, used 24544K [0x00000007d6a80000, 0x00000007ea180000, 0x0000000800000000)
  eden space 252416K, 0% used [0x00000007d6a80000,0x00000007d6a80000,0x00000007e6100000)
  from space 24576K, 99% used [0x00000007e7e80000,0x00000007e9678010,0x00000007e9680000)
  to   space 30208K, 0% used [0x00000007e6100000,0x00000007e6100000,0x00000007e7e80000)
 ParOldGen       total 156160K, used 119409K [0x0000000784000000, 0x000000078d880000, 0x00000007d6a80000)
  object space 156160K, 76% used [0x0000000784000000,0x000000078b49c6d0,0x000000078d880000)
 PSPermGen       total 83456K, used 42599K [0x000000077ee00000, 0x0000000783f80000, 0x0000000784000000)
  object space 83456K, 51% used [0x000000077ee00000,0x0000000781799fc0,0x0000000783f80000)
Event: 24.400 GC heap after
Heap after GC invocations=15 (full 3):
 PSYoungGen      total 276992K, used 0K [0x00000007d6a80000, 0x00000007ea180000, 0x0000000800000000)
  eden space 252416K, 0% used [0x00000007d6a80000,0x00000007d6a80000,0x00000007e6100000)
  from space 24576K, 0% used [0x00000007e7e80000,0x00000007e7e80000,0x00000007e9680000)
  to   space 30208K, 0% used [0x00000007e6100000,0x00000007e6100000,0x00000007e7e80000)
 ParOldGen       total 156160K, used 119129K [0x0000000784000000, 0x000000078d880000, 0x00000007d6a80000)
  object space 156160K, 76% used [0x0000000784000000,0x000000078b4565e8,0x000000078d880000)
 PSPermGen       total 83968K, used 42599K [0x000000077ee00000, 0x0000000784000000, 0x0000000784000000)
  object space 83968K, 50% used [0x000000077ee00000,0x0000000781799fc0,0x0000000784000000)
}

# JRE version: Java(TM) SE Runtime Environment (7.0_79-b15) (build 1.7.0_79-b15)
# Java VM: Java HotSpot(TM) 64-Bit Server VM (24.79-b02 mixed mode windows-amd64 compressed oops)
Heap
 PSYoungGen      total 276992K, used 16174K [0x00000007d6a80000, 0x00000007ea180000, 0x0000000800000000)
  eden space 252416K, 6% used [0x00000007d6a80000,0x00000007d7a4bb30,0x00000007e6100000)
  from space 24576K, 0% used [0x00000007e7e80000,0x00000007e7e80000,0x00000007e9680000)
  to   space 30208K, 0% used [0x00000007e6100000,0x00000007e6100000,0x00000007e7e80000)
 ParOldGen       total 156160K, used 119129K [0x0000000784000000, 0x000000078d880000, 0x00000007d6a80000)
  object space 156160K, 76% used [0x0000000784000000,0x000000078b4565e8,0x000000078d880000)
 PSPermGen       total 83968K, used 42744K [0x000000077ee00000, 0x0000000784000000, 0x0000000784000000)
  object space 83968K, 50% used [0x000000077ee00000,0x00000007817be358,0x0000000784000000)
GC Heap History (10 events):
Event: 19.699 GC heap before
{Heap before GC invocations=11 (full 1):
 PSYoungGen      total 282624K, used 282592K [0x00000007d6a80000, 0x00000007ea180000, 0x0000000800000000)
  eden space 252416K, 100% used [0x00000007d6a80000,0x00000007e6100000,0x00000007e6100000)
  from space 30208K, 99% used [0x00000007e6100000,0x00000007e7e78040,0x00000007e7e80000)
  to   space 24576K, 0% used [0x00000007e7e80000,0x00000007e7e80000,0x00000007e9680000)
 ParOldGen       total 156160K, used 113173K [0x0000000784000000, 0x000000078d880000, 0x00000007d6a80000)
  object space 156160K, 72% used [0x0000000784000000,0x000000078ae854d0,0x000000078d880000)
 PSPermGen       total 83456K, used 42600K [0x000000077ee00000, 0x0000000783f80000, 0x0000000784000000)
  object space 83456K, 51% used [0x000000077ee00000,0x000000078179a110,0x0000000783f80000)
Event: 19.849 GC heap after
Heap after GC invocations=11 (full 1):
 PSYoungGen      total 276992K, used 24544K [0x00000007d6a80000, 0x00000007ea180000, 0x0000000800000000)
  eden space 252416K, 0% used [0x00000007d6a80000,0x00000007d6a80000,0x00000007e6100000)
  from space 24576K, 99% used [0x00000007e7e80000,0x00000007e9678040,0x00000007e9680000)
  to   space 30208K, 0% used [0x00000007e6100000,0x00000007e6100000,0x00000007e7e80000)
 ParOldGen       total 156160K, used 152197K [0x0000000784000000, 0x000000078d880000, 0x00000007d6a80000)
  object space 156160K, 97% used [0x0000000784000000,0x000000078d4a14d0,0x000000078d880000)
 PSPermGen       total 83456K, used 42600K [0x000000077ee00000, 0x0000000783f80000, 0x0000000784000000)
  object space 83456K, 51% used [0x000000077ee00000,0x000000078179a110,0x0000000783f80000)
}
Event: 19.849 GC heap before
{Heap before GC invocations=12 (full 2):
 PSYoungGen      total 276992K, used 24544K [0x00000007d6a80000, 0x00000007ea180000, 0x0000000800000000)
  eden space 252416K, 0% used [0x00000007d6a80000,0x00000007d6a80000,0x00000007e6100000)
  from space 24576K, 99% used [0x00000007e7e80000,0x00000007e9678040,0x00000007e9680000)
  to   space 30208K, 0% used [0x00000007e6100000,0x00000007e6100000,0x00000007e7e80000)
 ParOldGen       total 156160K, used 152197K [0x0000000784000000, 0x000000078d880000, 0x00000007d6a80000)
  object space 156160K, 97% used [0x0000000784000000,0x000000078d4a14d0,0x000000078d880000)
 PSPermGen       total 83456K, used 42600K [0x000000077ee00000, 0x0000000783f80000, 0x0000000784000000)
  object space 83456K, 51% used [0x000000077ee00000,0x000000078179a110,0x0000000783f80000)
Event: 20.712 GC heap after
Heap after GC invocations=12 (full 2):
 PSYoungGen      total 276992K, used 0K [0x00000007d6a80000, 0x00000007ea180000, 0x0000000800000000)
  eden space 252416K, 0% used [0x00000007d6a80000,0x00000007d6a80000,0x00000007e6100000)
  from space 24576K, 0% used [0x00000007e7e80000,0x00000007e7e80000,0x00000007e9680000)
  to   space 30208K, 0% used [0x00000007e6100000,0x00000007e6100000,0x00000007e7e80000)
 ParOldGen       total 156160K, used 56521K [0x0000000784000000, 0x000000078d880000, 0x00000007d6a80000)
  object space 156160K, 36% used [0x0000000784000000,0x00000007877326b0,0x000000078d880000)
 PSPermGen       total 83456K, used 42599K [0x000000077ee00000, 0x0000000783f80000, 0x0000000784000000)
  object space 83456K, 51% used [0x000000077ee00000,0x0000000781799e38,0x0000000783f80000)
}
Event: 21.592 GC heap before
{Heap before GC invocations=13 (full 2):
 PSYoungGen      total 276992K, used 252416K [0x00000007d6a80000, 0x00000007ea180000, 0x0000000800000000)
  eden space 252416K, 100% used [0x00000007d6a80000,0x00000007e6100000,0x00000007e6100000)
  from space 24576K, 0% used [0x00000007e7e80000,0x00000007e7e80000,0x00000007e9680000)
  to   space 30208K, 0% used [0x00000007e6100000,0x00000007e6100000,0x00000007e7e80000)
 ParOldGen       total 156160K, used 56521K [0x0000000784000000, 0x000000078d880000, 0x00000007d6a80000)
  object space 156160K, 36% used [0x0000000784000000,0x00000007877326b0,0x000000078d880000)
 PSPermGen       total 83456K, used 42599K [0x000000077ee00000, 0x0000000783f80000, 0x0000000784000000)
  object space 83456K, 51% used [0x000000077ee00000,0x0000000781799e38,0x0000000783f80000)
Event: 21.690 GC heap after
Heap after GC invocations=13 (full 2):
 PSYoungGen      total 282624K, used 30176K [0x00000007d6a80000, 0x00000007ea180000, 0x0000000800000000)
  eden space 252416K, 0% used [0x00000007d6a80000,0x00000007d6a80000,0x00000007e6100000)
  from space 30208K, 99% used [0x00000007e6100000,0x00000007e7e78010,0x00000007e7e80000)
  to   space 24576K, 0% used [0x00000007e7e80000,0x00000007e7e80000,0x00000007e9680000)
 ParOldGen       total 156160K, used 68761K [0x0000000784000000, 0x000000078d880000, 0x00000007d6a80000)
  object space 156160K, 44% used [0x0000000784000000,0x00000007883266b0,0x000000078d880000)
 PSPermGen       total 83456K, used 42599K [0x000000077ee00000, 0x0000000783f80000, 0x0000000784000000)
  object space 83456K, 51% used [0x000000077ee00000,0x0000000781799e38,0x0000000783f80000)
}
Event: 22.984 GC heap before
{Heap before GC invocations=14 (full 2):
 PSYoungGen      total 282624K, used 282592K [0x00000007d6a80000, 0x00000007ea180000, 0x0000000800000000)
  eden space 252416K, 100% used [0x00000007d6a80000,0x00000007e6100000,0x00000007e6100000)
  from space 30208K, 99% used [0x00000007e6100000,0x00000007e7e78010,0x00000007e7e80000)
  to   space 24576K, 0% used [0x00000007e7e80000,0x00000007e7e80000,0x00000007e9680000)
 ParOldGen       total 156160K, used 68761K [0x0000000784000000, 0x000000078d880000, 0x00000007d6a80000)
  object space 156160K, 44% used [0x0000000784000000,0x00000007883266b0,0x000000078d880000)
 PSPermGen       total 83456K, used 42599K [0x000000077ee00000, 0x0000000783f80000, 0x0000000784000000)
  object space 83456K, 51% used [0x000000077ee00000,0x0000000781799fc0,0x0000000783f80000)
Event: 23.167 GC heap after
Heap after GC invocations=14 (full 2):
 PSYoungGen      total 276992K, used 24544K [0x00000007d6a80000, 0x00000007ea180000, 0x0000000800000000)
  eden space 252416K, 0% used [0x00000007d6a80000,0x00000007d6a80000,0x00000007e6100000)
  from space 24576K, 99% used [0x00000007e7e80000,0x00000007e9678010,0x00000007e9680000)
  to   space 30208K, 0% used [0x00000007e6100000,0x00000007e6100000,0x00000007e7e80000)
 ParOldGen       total 156160K, used 119409K [0x0000000784000000, 0x000000078d880000, 0x00000007d6a80000)
  object space 156160K, 76% used [0x0000000784000000,0x000000078b49c6d0,0x000000078d880000)
 PSPermGen       total 83456K, used 42599K [0x000000077ee00000, 0x0000000783f80000, 0x0000000784000000)
  object space 83456K, 51% used [0x000000077ee00000,0x0000000781799fc0,0x0000000783f80000)
}
Event: 23.167 GC heap before
{Heap before GC invocations=15 (full 3):
 PSYoungGen      total 276992K, used 24544K [0x00000007d6a80000, 0x00000007ea180000, 0x0000000800000000)
  eden space 252416K, 0% used [0x00000007d6a80000,0x00000007d6a80000,0x00000007e6100000)
  from space 24576K, 99% used [0x00000007e7e80000,0x00000007e9678010,0x00000007e9680000)
  to   space 30208K, 0% used [0x00000007e6100000,0x00000007e6100000,0x00000007e7e80000)
 ParOldGen       total 156160K, used 119409K [0x0000000784000000, 0x000000078d880000, 0x00000007d6a80000)
  object space 156160K, 76% used [0x0000000784000000,0x000000078b49c6d0,0x000000078d880000)
 PSPermGen       total 83456K, used 42599K [0x000000077ee00000, 0x0000000783f80000, 0x0000000784000000)
  object space 83456K, 51% used [0x000000077ee00000,0x0000000781799fc0,0x0000000783f80000)
Event: 24.400 GC heap after
Heap after GC invocations=15 (full 3):
 PSYoungGen      total 276992K, used 0K [0x00000007d6a80000, 0x00000007ea180000, 0x0000000800000000)
  eden space 252416K, 0% used [0x00000007d6a80000,0x00000007d6a80000,0x00000007e6100000)
  from space 24576K, 0% used [0x00000007e7e80000,0x00000007e7e80000,0x00000007e9680000)
  to   space 30208K, 0% used [0x00000007e6100000,0x00000007e6100000,0x00000007e7e80000)
 ParOldGen       total 156160K, used 119129K [0x0000000784000000, 0x000000078d880000, 0x00000007d6a80000)
  object space 156160K, 76% used [0x0000000784000000,0x000000078b4565e8,0x000000078d880000)
 PSPermGen       total 83968K, used 42599K [0x000000077ee00000, 0x0000000784000000, 0x0000000784000000)
  object space 83968K, 50% used [0x000000077ee00000,0x0000000781799fc0,0x0000000784000000)
}

# JRE version: Java(TM) SE Runtime Environment (7.0_79-b15) (build 1.7.0_79-b15)
# Java VM: Java HotSpot(TM) 64-Bit Server VM (24.79-b02 mixed mode windows-amd64 compressed oops)
Heap
 PSYoungGen      total 276992K, used 16174K [0x00000007d6a80000, 0x00000007ea180000, 0x0000000800000000)
  eden space 252416K, 6% used [0x00000007d6a80000,0x00000007d7a4bb30,0x00000007e6100000)
  from space 24576K, 0% used [0x00000007e7e80000,0x00000007e7e80000,0x00000007e9680000)
  to   space 30208K, 0% used [0x00000007e6100000,0x00000007e6100000,0x00000007e7e80000)
 ParOldGen       total 156160K, used 119129K [0x0000000784000000, 0x000000078d880000, 0x00000007d6a80000)
  object space 156160K, 76% used [0x0000000784000000,0x000000078b4565e8,0x000000078d880000)
 PSPermGen       total 83968K, used 42744K [0x000000077ee00000, 0x0000000784000000, 0x0000000784000000)
  object space 83968K, 50% used [0x000000077ee00000,0x00000007817be358,0x0000000784000000)
GC Heap History (10 events):
Event: 19.699 GC heap before
{Heap before GC invocations=11 (full 1):
 PSYoungGen      total 282624K, used 282592K [0x00000007d6a80000, 0x00000007ea180000, 0x0000000800000000)
  eden space 252416K, 100% used [0x00000007d6a80000,0x00000007e6100000,0x00000007e6100000)
  from space 30208K, 99% used [0x00000007e6100000,0x00000007e7e78040,0x00000007e7e80000)
  to   space 24576K, 0% used [0x00000007e7e80000,0x00000007e7e80000,0x00000007e9680000)
 ParOldGen       total 156160K, used 113173K [0x0000000784000000, 0x000000078d880000, 0x00000007d6a80000)
  object space 156160K, 72% used [0x0000000784000000,0x000000078ae854d0,0x000000078d880000)
 PSPermGen       total 83456K, used 42600K [0x000000077ee00000, 0x0000000783f80000, 0x0000000784000000)
  object space 83456K, 51% used [0x000000077ee00000,0x000000078179a110,0x0000000783f80000)
Event: 19.849 GC heap after
Heap after GC invocations=11 (full 1):
 PSYoungGen      total 276992K, used 24544K [0x00000007d6a80000, 0x00000007ea180000, 0x0000000800000000)
  eden space 252416K, 0% used [0x00000007d6a80000,0x00000007d6a80000,0x00000007e6100000)
  from space 24576K, 99% used [0x00000007e7e80000,0x00000007e9678040,0x00000007e9680000)
  to   space 30208K, 0% used [0x00000007e6100000,0x00000007e6100000,0x00000007e7e80000)
 ParOldGen       total 156160K, used 152197K [0x0000000784000000, 0x000000078d880000, 0x00000007d6a80000)
  object space 156160K, 97% used [0x0000000784000000,0x000000078d4a14d0,0x000000078d880000)
 PSPermGen       total 83456K, used 42600K [0x000000077ee00000, 0x0000000783f80000, 0x0000000784000000)
  object space 83456K, 51% used [0x000000077ee00000,0x000000078179a110,0x0000000783f80000)
}
Event: 19.849 GC heap before
{Heap before GC invocations=12 (full 2):
 PSYoungGen      total 276992K, used 24544K [0x00000007d6a80000, 0x00000007ea180000, 0x0000000800000000)
  eden space 252416K, 0% used [0x00000007d6a80000,0x00000007d6a80000,0x00000007e6100000)
  from space 24576K, 99% used [0x00000007e7e80000,0x00000007e9678040,0x00000007e9680000)
  to   space 30208K, 0% used [0x00000007e6100000,0x00000007e6100000,0x00000007e7e80000)
 ParOldGen       total 156160K, used 152197K [0x0000000784000000, 0x000000078d880000, 0x00000007d6a80000)
  object space 156160K, 97% used [0x0000000784000000,0x000000078d4a14d0,0x000000078d880000)
 PSPermGen       total 83456K, used 42600K [0x000000077ee00000, 0x0000000783f80000, 0x0000000784000000)
  object space 83456K, 51% used [0x000000077ee00000,0x000000078179a110,0x0000000783f80000)
Event: 20.712 GC heap after
Heap after GC invocations=12 (full 2):
 PSYoungGen      total 276992K, used 0K [0x00000007d6a80000, 0x00000007ea180000, 0x0000000800000000)
  eden space 252416K, 0% used [0x00000007d6a80000,0x00000007d6a80000,0x00000007e6100000)
  from space 24576K, 0% used [0x00000007e7e80000,0x00000007e7e80000,0x00000007e9680000)
  to   space 30208K, 0% used [0x00000007e6100000,0x00000007e6100000,0x00000007e7e80000)
 ParOldGen       total 156160K, used 56521K [0x0000000784000000, 0x000000078d880000, 0x00000007d6a80000)
  object space 156160K, 36% used [0x0000000784000000,0x00000007877326b0,0x000000078d880000)
 PSPermGen       total 83456K, used 42599K [0x000000077ee00000, 0x0000000783f80000, 0x0000000784000000)
  object space 83456K, 51% used [0x000000077ee00000,0x0000000781799e38,0x0000000783f80000)
}
Event: 21.592 GC heap before
{Heap before GC invocations=13 (full 2):
 PSYoungGen      total 276992K, used 252416K [0x00000007d6a80000, 0x00000007ea180000, 0x0000000800000000)
  eden space 252416K, 100% used [0x00000007d6a80000,0x00000007e6100000,0x00000007e6100000)
  from space 24576K, 0% used [0x00000007e7e80000,0x00000007e7e80000,0x00000007e9680000)
  to   space 30208K, 0% used [0x00000007e6100000,0x00000007e6100000,0x00000007e7e80000)
 ParOldGen       total 156160K, used 56521K [0x0000000784000000, 0x000000078d880000, 0x00000007d6a80000)
  object space 156160K, 36% used [0x0000000784000000,0x00000007877326b0,0x000000078d880000)
 PSPermGen       total 83456K, used 42599K [0x000000077ee00000, 0x0000000783f80000, 0x0000000784000000)
  object space 83456K, 51% used [0x000000077ee00000,0x0000000781799e38,0x0000000783f80000)
Event: 21.690 GC heap after
Heap after GC invocations=13 (full 2):
 PSYoungGen      total 282624K, used 30176K [0x00000007d6a80000, 0x00000007ea180000, 0x0000000800000000)
  eden space 252416K, 0% used [0x00000007d6a80000,0x00000007d6a80000,0x00000007e6100000)
  from space 30208K, 99% used [0x00000007e6100000,0x00000007e7e78010,0x00000007e7e80000)
  to   space 24576K, 0% used [0x00000007e7e80000,0x00000007e7e80000,0x00000007e9680000)
 ParOldGen       total 156160K, used 68761K [0x0000000784000000, 0x000000078d880000, 0x00000007d6a80000)
  object space 156160K, 44% used [0x0000000784000000,0x00000007883266b0,0x000000078d880000)
 PSPermGen       total 83456K, used 42599K [0x000000077ee00000, 0x0000000783f80000, 0x0000000784000000)
  object space 83456K, 51% used [0x000000077ee00000,0x0000000781799e38,0x0000000783f80000)
}
Event: 22.984 GC heap before
{Heap before GC invocations=14 (full 2):
 PSYoungGen      total 282624K, used 282592K [0x00000007d6a80000, 0x00000007ea180000, 0x0000000800000000)
  eden space 252416K, 100% used [0x00000007d6a80000,0x00000007e6100000,0x00000007e6100000)
  from space 30208K, 99% used [0x00000007e6100000,0x00000007e7e78010,0x00000007e7e80000)
  to   space 24576K, 0% used [0x00000007e7e80000,0x00000007e7e80000,0x00000007e9680000)
 ParOldGen       total 156160K, used 68761K [0x0000000784000000, 0x000000078d880000, 0x00000007d6a80000)
  object space 156160K, 44% used [0x0000000784000000,0x00000007883266b0,0x000000078d880000)
 PSPermGen       total 83456K, used 42599K [0x000000077ee00000, 0x0000000783f80000, 0x0000000784000000)
  object space 83456K, 51% used [0x000000077ee00000,0x0000000781799fc0,0x0000000783f80000)
Event: 23.167 GC heap after
Heap after GC invocations=14 (full 2):
 PSYoungGen      total 276992K, used 24544K [0x00000007d6a80000, 0x00000007ea180000, 0x0000000800000000)
  eden space 252416K, 0% used [0x00000007d6a80000,0x00000007d6a80000,0x00000007e6100000)
  from space 24576K, 99% used [0x00000007e7e80000,0x00000007e9678010,0x00000007e9680000)
  to   space 30208K, 0% used [0x00000007e6100000,0x00000007e6100000,0x00000007e7e80000)
 ParOldGen       total 156160K, used 119409K [0x0000000784000000, 0x000000078d880000, 0x00000007d6a80000)
  object space 156160K, 76% used [0x0000000784000000,0x000000078b49c6d0,0x000000078d880000)
 PSPermGen       total 83456K, used 42599K [0x000000077ee00000, 0x0000000783f80000, 0x0000000784000000)
  object space 83456K, 51% used [0x000000077ee00000,0x0000000781799fc0,0x0000000783f80000)
}
Event: 23.167 GC heap before
{Heap before GC invocations=15 (full 3):
 PSYoungGen      total 276992K, used 24544K [0x00000007d6a80000, 0x00000007ea180000, 0x0000000800000000)
  eden space 252416K, 0% used [0x00000007d6a80000,0x00000007d6a80000,0x00000007e6100000)
  from space 24576K, 99% used [0x00000007e7e80000,0x00000007e9678010,0x00000007e9680000)
  to   space 30208K, 0% used [0x00000007e6100000,0x00000007e6100000,0x00000007e7e80000)
 ParOldGen       total 156160K, used 119409K [0x0000000784000000, 0x000000078d880000, 0x00000007d6a80000)
  object space 156160K, 76% used [0x0000000784000000,0x000000078b49c6d0,0x000000078d880000)
 PSPermGen       total 83456K, used 42599K [0x000000077ee00000, 0x0000000783f80000, 0x0000000784000000)
  object space 83456K, 51% used [0x000000077ee00000,0x0000000781799fc0,0x0000000783f80000)
Event: 24.400 GC heap after
Heap after GC invocations=15 (full 3):
 PSYoungGen      total 276992K, used 0K [0x00000007d6a80000, 0x00000007ea180000, 0x0000000800000000)
  eden space 252416K, 0% used [0x00000007d6a80000,0x00000007d6a80000,0x00000007e6100000)
  from space 24576K, 0% used [0x00000007e7e80000,0x00000007e7e80000,0x00000007e9680000)
  to   space 30208K, 0% used [0x00000007e6100000,0x00000007e6100000,0x00000007e7e80000)
 ParOldGen       total 156160K, used 119129K [0x0000000784000000, 0x000000078d880000, 0x00000007d6a80000)
  object space 156160K, 76% used [0x0000000784000000,0x000000078b4565e8,0x000000078d880000)
 PSPermGen       total 83968K, used 42599K [0x000000077ee00000, 0x0000000784000000, 0x0000000784000000)
  object space 83968K, 50% used [0x000000077ee00000,0x0000000781799fc0,0x0000000784000000)
}

# JRE version: Java(TM) SE Runtime Environment (7.0_79-b15) (build 1.7.0_79-b15)
# Java VM: Java HotSpot(TM) 64-Bit Server VM (24.79-b02 mixed mode windows-amd64 compressed oops)
Heap
 PSYoungGen      total 276992K, used 16174K [0x00000007d6a80000, 0x00000007ea180000, 0x0000000800000000)
  eden space 252416K, 6% used [0x00000007d6a80000,0x00000007d7a4bb30,0x00000007e6100000)
  from space 24576K, 0% used [0x00000007e7e80000,0x00000007e7e80000,0x00000007e9680000)
  to   space 30208K, 0% used [0x00000007e6100000,0x00000007e6100000,0x00000007e7e80000)
 ParOldGen       total 156160K, used 119129K [0x0000000784000000, 0x000000078d880000, 0x00000007d6a80000)
  object space 156160K, 76% used [0x0000000784000000,0x000000078b4565e8,0x000000078d880000)
 PSPermGen       total 83968K, used 42744K [0x000000077ee00000, 0x0000000784000000, 0x0000000784000000)
  object space 83968K, 50% used [0x000000077ee00000,0x00000007817be358,0x0000000784000000)
GC Heap History (10 events):
Event: 19.699 GC heap before
{Heap before GC invocations=11 (full 1):
 PSYoungGen      total 282624K, used 282592K [0x00000007d6a80000, 0x00000007ea180000, 0x0000000800000000)
  eden space 252416K, 100% used [0x00000007d6a80000,0x00000007e6100000,0x00000007e6100000)
  from space 30208K, 99% used [0x00000007e6100000,0x00000007e7e78040,0x00000007e7e80000)
  to   space 24576K, 0% used [0x00000007e7e80000,0x00000007e7e80000,0x00000007e9680000)
 ParOldGen       total 156160K, used 113173K [0x0000000784000000, 0x000000078d880000, 0x00000007d6a80000)
  object space 156160K, 72% used [0x0000000784000000,0x000000078ae854d0,0x000000078d880000)
 PSPermGen       total 83456K, used 42600K [0x000000077ee00000, 0x0000000783f80000, 0x0000000784000000)
  object space 83456K, 51% used [0x000000077ee00000,0x000000078179a110,0x0000000783f80000)
Event: 19.849 GC heap after
Heap after GC invocations=11 (full 1):
 PSYoungGen      total 276992K, used 24544K [0x00000007d6a80000, 0x00000007ea180000, 0x0000000800000000)
  eden space 252416K, 0% used [0x00000007d6a80000,0x00000007d6a80000,0x00000007e6100000)
  from space 24576K, 99% used [0x00000007e7e80000,0x00000007e9678040,0x00000007e9680000)
  to   space 30208K, 0% used [0x00000007e6100000,0x00000007e6100000,0x00000007e7e80000)
 ParOldGen       total 156160K, used 152197K [0x0000000784000000, 0x000000078d880000, 0x00000007d6a80000)
  object space 156160K, 97% used [0x0000000784000000,0x000000078d4a14d0,0x000000078d880000)
 PSPermGen       total 83456K, used 42600K [0x000000077ee00000, 0x0000000783f80000, 0x0000000784000000)
  object space 83456K, 51% used [0x000000077ee00000,0x000000078179a110,0x0000000783f80000)
}
Event: 19.849 GC heap before
{Heap before GC invocations=12 (full 2):
 PSYoungGen      total 276992K, used 24544K [0x00000007d6a80000, 0x00000007ea180000, 0x0000000800000000)
  eden space 252416K, 0% used [0x00000007d6a80000,0x00000007d6a80000,0x00000007e6100000)
  from space 24576K, 99% used [0x00000007e7e80000,0x00000007e9678040,0x00000007e9680000)
  to   space 30208K, 0% used [0x00000007e6100000,0x00000007e6100000,0x00000007e7e80000)
 ParOldGen       total 156160K, used 152197K [0x0000000784000000, 0x000000078d880000, 0x00000007d6a80000)
  object space 156160K, 97% used [0x0000000784000000,0x000000078d4a14d0,0x000000078d880000)
 PSPermGen       total 83456K, used 42600K [0x000000077ee00000, 0x0000000783f80000, 0x0000000784000000)
  object space 83456K, 51% used [0x000000077ee00000,0x000000078179a110,0x0000000783f80000)
Event: 20.712 GC heap after
Heap after GC invocations=12 (full 2):
 PSYoungGen      total 276992K, used 0K [0x00000007d6a80000, 0x00000007ea180000, 0x0000000800000000)
  eden space 252416K, 0% used [0x00000007d6a80000,0x00000007d6a80000,0x00000007e6100000)
  from space 24576K, 0% used [0x00000007e7e80000,0x00000007e7e80000,0x00000007e9680000)
  to   space 30208K, 0% used [0x00000007e6100000,0x00000007e6100000,0x00000007e7e80000)
 ParOldGen       total 156160K, used 56521K [0x0000000784000000, 0x000000078d880000, 0x00000007d6a80000)
  object space 156160K, 36% used [0x0000000784000000,0x00000007877326b0,0x000000078d880000)
 PSPermGen       total 83456K, used 42599K [0x000000077ee00000, 0x0000000783f80000, 0x0000000784000000)
  object space 83456K, 51% used [0x000000077ee00000,0x0000000781799e38,0x0000000783f80000)
}
Event: 21.592 GC heap before
{Heap before GC invocations=13 (full 2):
 PSYoungGen      total 276992K, used 252416K [0x00000007d6a80000, 0x00000007ea180000, 0x0000000800000000)
  eden space 252416K, 100% used [0x00000007d6a80000,0x00000007e6100000,0x00000007e6100000)
  from space 24576K, 0% used [0x00000007e7e80000,0x00000007e7e80000,0x00000007e9680000)
  to   space 30208K, 0% used [0x00000007e6100000,0x00000007e6100000,0x00000007e7e80000)
 ParOldGen       total 156160K, used 56521K [0x0000000784000000, 0x000000078d880000, 0x00000007d6a80000)
  object space 156160K, 36% used [0x0000000784000000,0x00000007877326b0,0x000000078d880000)
 PSPermGen       total 83456K, used 42599K [0x000000077ee00000, 0x0000000783f80000, 0x0000000784000000)
  object space 83456K, 51% used [0x000000077ee00000,0x0000000781799e38,0x0000000783f80000)
Event: 21.690 GC heap after
Heap after GC invocations=13 (full 2):
 PSYoungGen      total 282624K, used 30176K [0x00000007d6a80000, 0x00000007ea180000, 0x0000000800000000)
  eden space 252416K, 0% used [0x00000007d6a80000,0x00000007d6a80000,0x00000007e6100000)
  from space 30208K, 99% used [0x00000007e6100000,0x00000007e7e78010,0x00000007e7e80000)
  to   space 24576K, 0% used [0x00000007e7e80000,0x00000007e7e80000,0x00000007e9680000)
 ParOldGen       total 156160K, used 68761K [0x0000000784000000, 0x000000078d880000, 0x00000007d6a80000)
  object space 156160K, 44% used [0x0000000784000000,0x00000007883266b0,0x000000078d880000)
 PSPermGen       total 83456K, used 42599K [0x000000077ee00000, 0x0000000783f80000, 0x0000000784000000)
  object space 83456K, 51% used [0x000000077ee00000,0x0000000781799e38,0x0000000783f80000)
}
Event: 22.984 GC heap before
{Heap before GC invocations=14 (full 2):
 PSYoungGen      total 282624K, used 282592K [0x00000007d6a80000, 0x00000007ea180000, 0x0000000800000000)
  eden space 252416K, 100% used [0x00000007d6a80000,0x00000007e6100000,0x00000007e6100000)
  from space 30208K, 99% used [0x00000007e6100000,0x00000007e7e78010,0x00000007e7e80000)
  to   space 24576K, 0% used [0x00000007e7e80000,0x00000007e7e80000,0x00000007e9680000)
 ParOldGen       total 156160K, used 68761K [0x0000000784000000, 0x000000078d880000, 0x00000007d6a80000)
  object space 156160K, 44% used [0x0000000784000000,0x00000007883266b0,0x000000078d880000)
 PSPermGen       total 83456K, used 42599K [0x000000077ee00000, 0x0000000783f80000, 0x0000000784000000)
  object space 83456K, 51% used [0x000000077ee00000,0x0000000781799fc0,0x0000000783f80000)
Event: 23.167 GC heap after
Heap after GC invocations=14 (full 2):
 PSYoungGen      total 276992K, used 24544K [0x00000007d6a80000, 0x00000007ea180000, 0x0000000800000000)
  eden space 252416K, 0% used [0x00000007d6a80000,0x00000007d6a80000,0x00000007e6100000)
  from space 24576K, 99% used [0x00000007e7e80000,0x00000007e9678010,0x00000007e9680000)
  to   space 30208K, 0% used [0x00000007e6100000,0x00000007e6100000,0x00000007e7e80000)
 ParOldGen       total 156160K, used 119409K [0x0000000784000000, 0x000000078d880000, 0x00000007d6a80000)
  object space 156160K, 76% used [0x0000000784000000,0x000000078b49c6d0,0x000000078d880000)
 PSPermGen       total 83456K, used 42599K [0x000000077ee00000, 0x0000000783f80000, 0x0000000784000000)
  object space 83456K, 51% used [0x000000077ee00000,0x0000000781799fc0,0x0000000783f80000)
}
Event: 23.167 GC heap before
{Heap before GC invocations=15 (full 3):
 PSYoungGen      total 276992K, used 24544K [0x00000007d6a80000, 0x00000007ea180000, 0x0000000800000000)
  eden space 252416K, 0% used [0x00000007d6a80000,0x00000007d6a80000,0x00000007e6100000)
  from space 24576K, 99% used [0x00000007e7e80000,0x00000007e9678010,0x00000007e9680000)
  to   space 30208K, 0% used [0x00000007e6100000,0x00000007e6100000,0x00000007e7e80000)
 ParOldGen       total 156160K, used 119409K [0x0000000784000000, 0x000000078d880000, 0x00000007d6a80000)
  object space 156160K, 76% used [0x0000000784000000,0x000000078b49c6d0,0x000000078d880000)
 PSPermGen       total 83456K, used 42599K [0x000000077ee00000, 0x0000000783f80000, 0x0000000784000000)
  object space 83456K, 51% used [0x000000077ee00000,0x0000000781799fc0,0x0000000783f80000)
Event: 24.400 GC heap after
Heap after GC invocations=15 (full 3):
 PSYoungGen      total 276992K, used 0K [0x00000007d6a80000, 0x00000007ea180000, 0x0000000800000000)
  eden space 252416K, 0% used [0x00000007d6a80000,0x00000007d6a80000,0x00000007e6100000)
  from space 24576K, 0% used [0x00000007e7e80000,0x00000007e7e80000,0x00000007e9680000)
  to   space 30208K, 0% used [0x00000007e6100000,0x00000007e6100000,0x00000007e7e80000)
 ParOldGen       total 156160K, used 119129K [0x0000000784000000, 0x000000078d880000, 0x00000007d6a80000)
  object space 156160K, 76% used [0x0000000784000000,0x000000078b4565e8,0x000000078d880000)
 PSPermGen       total 83968K, used 42599K [0x000000077ee00000, 0x0000000784000000, 0x0000000784000000)
  object space 83968K, 50% used [0x000000077ee00000,0x0000000781799fc0,0x0000000784000000)
}

# JRE version: Java(TM) SE Runtime Environment (7.0_79-b15) (build 1.7.0_79-b15)
# Java VM: Java HotSpot(TM) 64-Bit Server VM (24.79-b02 mixed mode windows-amd64 compressed oops)
Heap
 PSYoungGen      total 276992K, used 16174K [0x00000007d6a80000, 0x00000007ea180000, 0x0000000800000000)
  eden space 252416K, 6% used [0x00000007d6a80000,0x00000007d7a4bb30,0x00000007e6100000)
  from space 24576K, 0% used [0x00000007e7e80000,0x00000007e7e80000,0x00000007e9680000)
  to   space 30208K, 0% used [0x00000007e6100000,0x00000007e6100000,0x00000007e7e80000)
 ParOldGen       total 156160K, used 119129K [0x0000000784000000, 0x000000078d880000, 0x00000007d6a80000)
  object space 156160K, 76% used [0x0000000784000000,0x000000078b4565e8,0x000000078d880000)
 PSPermGen       total 83968K, used 42744K [0x000000077ee00000, 0x0000000784000000, 0x0000000784000000)
  object space 83968K, 50% used [0x000000077ee00000,0x00000007817be358,0x0000000784000000)
GC Heap History (10 events):
Event: 19.699 GC heap before
{Heap before GC invocations=11 (full 1):
 PSYoungGen      total 282624K, used 282592K [0x00000007d6a80000, 0x00000007ea180000, 0x0000000800000000)
  eden space 252416K, 100% used [0x00000007d6a80000,0x00000007e6100000,0x00000007e6100000)
  from space 30208K, 99% used [0x00000007e6100000,0x00000007e7e78040,0x00000007e7e80000)
  to   space 24576K, 0% used [0x00000007e7e80000,0x00000007e7e80000,0x00000007e9680000)
 ParOldGen       total 156160K, used 113173K [0x0000000784000000, 0x000000078d880000, 0x00000007d6a80000)
  object space 156160K, 72% used [0x0000000784000000,0x000000078ae854d0,0x000000078d880000)
 PSPermGen       total 83456K, used 42600K [0x000000077ee00000, 0x0000000783f80000, 0x0000000784000000)
  object space 83456K, 51% used [0x000000077ee00000,0x000000078179a110,0x0000000783f80000)
Event: 19.849 GC heap after
Heap after GC invocations=11 (full 1):
 PSYoungGen      total 276992K, used 24544K [0x00000007d6a80000, 0x00000007ea180000, 0x0000000800000000)
  eden space 252416K, 0% used [0x00000007d6a80000,0x00000007d6a80000,0x00000007e6100000)
  from space 24576K, 99% used [0x00000007e7e80000,0x00000007e9678040,0x00000007e9680000)
  to   space 30208K, 0% used [0x00000007e6100000,0x00000007e6100000,0x00000007e7e80000)
 ParOldGen       total 156160K, used 152197K [0x0000000784000000, 0x000000078d880000, 0x00000007d6a80000)
  object space 156160K, 97% used [0x0000000784000000,0x000000078d4a14d0,0x000000078d880000)
 PSPermGen       total 83456K, used 42600K [0x000000077ee00000, 0x0000000783f80000, 0x0000000784000000)
  object space 83456K, 51% used [0x000000077ee00000,0x000000078179a110,0x0000000783f80000)
}
Event: 19.849 GC heap before
{Heap before GC invocations=12 (full 2):
 PSYoungGen      total 276992K, used 24544K [0x00000007d6a80000, 0x00000007ea180000, 0x0000000800000000)
  eden space 252416K, 0% used [0x00000007d6a80000,0x00000007d6a80000,0x00000007e6100000)
  from space 24576K, 99% used [0x00000007e7e80000,0x00000007e9678040,0x00000007e9680000)
  to   space 30208K, 0% used [0x00000007e6100000,0x00000007e6100000,0x00000007e7e80000)
 ParOldGen       total 156160K, used 152197K [0x0000000784000000, 0x000000078d880000, 0x00000007d6a80000)
  object space 156160K, 97% used [0x0000000784000000,0x000000078d4a14d0,0x000000078d880000)
 PSPermGen       total 83456K, used 42600K [0x000000077ee00000, 0x0000000783f80000, 0x0000000784000000)
  object space 83456K, 51% used [0x000000077ee00000,0x000000078179a110,0x0000000783f80000)
Event: 20.712 GC heap after
Heap after GC invocations=12 (full 2):
 PSYoungGen      total 276992K, used 0K [0x00000007d6a80000, 0x00000007ea180000, 0x0000000800000000)
  eden space 252416K, 0% used [0x00000007d6a80000,0x00000007d6a80000,0x00000007e6100000)
  from space 24576K, 0% used [0x00000007e7e80000,0x00000007e7e80000,0x00000007e9680000)
  to   space 30208K, 0% used [0x00000007e6100000,0x00000007e6100000,0x00000007e7e80000)
 ParOldGen       total 156160K, used 56521K [0x0000000784000000, 0x000000078d880000, 0x00000007d6a80000)
  object space 156160K, 36% used [0x0000000784000000,0x00000007877326b0,0x000000078d880000)
 PSPermGen       total 83456K, used 42599K [0x000000077ee00000, 0x0000000783f80000, 0x0000000784000000)
  object space 83456K, 51% used [0x000000077ee00000,0x0000000781799e38,0x0000000783f80000)
}
Event: 21.592 GC heap before
{Heap before GC invocations=13 (full 2):
 PSYoungGen      total 276992K, used 252416K [0x00000007d6a80000, 0x00000007ea180000, 0x0000000800000000)
  eden space 252416K, 100% used [0x00000007d6a80000,0x00000007e6100000,0x00000007e6100000)
  from space 24576K, 0% used [0x00000007e7e80000,0x00000007e7e80000,0x00000007e9680000)
  to   space 30208K, 0% used [0x00000007e6100000,0x00000007e6100000,0x00000007e7e80000)
 ParOldGen       total 156160K, used 56521K [0x0000000784000000, 0x000000078d880000, 0x00000007d6a80000)
  object space 156160K, 36% used [0x0000000784000000,0x00000007877326b0,0x000000078d880000)
 PSPermGen       total 83456K, used 42599K [0x000000077ee00000, 0x0000000783f80000, 0x0000000784000000)
  object space 83456K, 51% used [0x000000077ee00000,0x0000000781799e38,0x0000000783f80000)
Event: 21.690 GC heap after
Heap after GC invocations=13 (full 2):
 PSYoungGen      total 282624K, used 30176K [0x00000007d6a80000, 0x00000007ea180000, 0x0000000800000000)
  eden space 252416K, 0% used [0x00000007d6a80000,0x00000007d6a80000,0x00000007e6100000)
  from space 30208K, 99% used [0x00000007e6100000,0x00000007e7e78010,0x00000007e7e80000)
  to   space 24576K, 0% used [0x00000007e7e80000,0x00000007e7e80000,0x00000007e9680000)
 ParOldGen       total 156160K, used 68761K [0x0000000784000000, 0x000000078d880000, 0x00000007d6a80000)
  object space 156160K, 44% used [0x0000000784000000,0x00000007883266b0,0x000000078d880000)
 PSPermGen       total 83456K, used 42599K [0x000000077ee00000, 0x0000000783f80000, 0x0000000784000000)
  object space 83456K, 51% used [0x000000077ee00000,0x0000000781799e38,0x0000000783f80000)
}
Event: 22.984 GC heap before
{Heap before GC invocations=14 (full 2):
 PSYoungGen      total 282624K, used 282592K [0x00000007d6a80000, 0x00000007ea180000, 0x0000000800000000)
  eden space 252416K, 100% used [0x00000007d6a80000,0x00000007e6100000,0x00000007e6100000)
  from space 30208K, 99% used [0x00000007e6100000,0x00000007e7e78010,0x00000007e7e80000)
  to   space 24576K, 0% used [0x00000007e7e80000,0x00000007e7e80000,0x00000007e9680000)
 ParOldGen       total 156160K, used 68761K [0x0000000784000000, 0x000000078d880000, 0x00000007d6a80000)
  object space 156160K, 44% used [0x0000000784000000,0x00000007883266b0,0x000000078d880000)
 PSPermGen       total 83456K, used 42599K [0x000000077ee00000, 0x0000000783f80000, 0x0000000784000000)
  object space 83456K, 51% used [0x000000077ee00000,0x0000000781799fc0,0x0000000783f80000)
Event: 23.167 GC heap after
Heap after GC invocations=14 (full 2):
 PSYoungGen      total 276992K, used 24544K [0x00000007d6a80000, 0x00000007ea180000, 0x0000000800000000)
  eden space 252416K, 0% used [0x00000007d6a80000,0x00000007d6a80000,0x00000007e6100000)
  from space 24576K, 99% used [0x00000007e7e80000,0x00000007e9678010,0x00000007e9680000)
  to   space 30208K, 0% used [0x00000007e6100000,0x00000007e6100000,0x00000007e7e80000)
 ParOldGen       total 156160K, used 119409K [0x0000000784000000, 0x000000078d880000, 0x00000007d6a80000)
  object space 156160K, 76% used [0x0000000784000000,0x000000078b49c6d0,0x000000078d880000)
 PSPermGen       total 83456K, used 42599K [0x000000077ee00000, 0x0000000783f80000, 0x0000000784000000)
  object space 83456K, 51% used [0x000000077ee00000,0x0000000781799fc0,0x0000000783f80000)
}
Event: 23.167 GC heap before
{Heap before GC invocations=15 (full 3):
 PSYoungGen      total 276992K, used 24544K [0x00000007d6a80000, 0x00000007ea180000, 0x0000000800000000)
  eden space 252416K, 0% used [0x00000007d6a80000,0x00000007d6a80000,0x00000007e6100000)
  from space 24576K, 99% used [0x00000007e7e80000,0x00000007e9678010,0x00000007e9680000)
  to   space 30208K, 0% used [0x00000007e6100000,0x00000007e6100000,0x00000007e7e80000)
 ParOldGen       total 156160K, used 119409K [0x0000000784000000, 0x000000078d880000, 0x00000007d6a80000)
  object space 156160K, 76% used [0x0000000784000000,0x000000078b49c6d0,0x000000078d880000)
 PSPermGen       total 83456K, used 42599K [0x000000077ee00000, 0x0000000783f80000, 0x0000000784000000)
  object space 83456K, 51% used [0x000000077ee00000,0x0000000781799fc0,0x0000000783f80000)
Event: 24.400 GC heap after
Heap after GC invocations=15 (full 3):
 PSYoungGen      total 276992K, used 0K [0x00000007d6a80000, 0x00000007ea180000, 0x0000000800000000)
  eden space 252416K, 0% used [0x00000007d6a80000,0x00000007d6a80000,0x00000007e6100000)
  from space 24576K, 0% used [0x00000007e7e80000,0x00000007e7e80000,0x00000007e9680000)
  to   space 30208K, 0% used [0x00000007e6100000,0x00000007e6100000,0x00000007e7e80000)
 ParOldGen       total 156160K, used 119129K [0x0000000784000000, 0x000000078d880000, 0x00000007d6a80000)
  object space 156160K, 76% used [0x0000000784000000,0x000000078b4565e8,0x000000078d880000)
 PSPermGen       total 83968K, used 42599K [0x000000077ee00000, 0x0000000784000000, 0x0000000784000000)
  object space 83968K, 50% used [0x000000077ee00000,0x0000000781799fc0,0x0000000784000000)
}

# JRE version: Java(TM) SE Runtime Environment (7.0_79-b15) (build 1.7.0_79-b15)
# Java VM: Java HotSpot(TM) 64-Bit Server VM (24.79-b02 mixed mode windows-amd64 compressed oops)
Heap
 PSYoungGen      total 276992K, used 16174K [0x00000007d6a80000, 0x00000007ea180000, 0x0000000800000000)
  eden space 252416K, 6% used [0x00000007d6a80000,0x00000007d7a4bb30,0x00000007e6100000)
  from space 24576K, 0% used [0x00000007e7e80000,0x00000007e7e80000,0x00000007e9680000)
  to   space 30208K, 0% used [0x00000007e6100000,0x00000007e6100000,0x00000007e7e80000)
 ParOldGen       total 156160K, used 119129K [0x0000000784000000, 0x000000078d880000, 0x00000007d6a80000)
  object space 156160K, 76% used [0x0000000784000000,0x000000078b4565e8,0x000000078d880000)
 PSPermGen       total 83968K, used 42744K [0x000000077ee00000, 0x0000000784000000, 0x0000000784000000)
  object space 83968K, 50% used [0x000000077ee00000,0x00000007817be358,0x0000000784000000)
GC Heap History (10 events):
Event: 19.699 GC heap before
{Heap before GC invocations=11 (full 1):
 PSYoungGen      total 282624K, used 282592K [0x00000007d6a80000, 0x00000007ea180000, 0x0000000800000000)
  eden space 252416K, 100% used [0x00000007d6a80000,0x00000007e6100000,0x00000007e6100000)
  from space 30208K, 99% used [0x00000007e6100000,0x00000007e7e78040,0x00000007e7e80000)
  to   space 24576K, 0% used [0x00000007e7e80000,0x00000007e7e80000,0x00000007e9680000)
 ParOldGen       total 156160K, used 113173K [0x0000000784000000, 0x000000078d880000, 0x00000007d6a80000)
  object space 156160K, 72% used [0x0000000784000000,0x000000078ae854d0,0x000000078d880000)
 PSPermGen       total 83456K, used 42600K [0x000000077ee00000, 0x0000000783f80000, 0x0000000784000000)
  object space 83456K, 51% used [0x000000077ee00000,0x000000078179a110,0x0000000783f80000)
Event: 19.849 GC heap after
Heap after GC invocations=11 (full 1):
 PSYoungGen      total 276992K, used 24544K [0x00000007d6a80000, 0x00000007ea180000, 0x0000000800000000)
  eden space 252416K, 0% used [0x00000007d6a80000,0x00000007d6a80000,0x00000007e6100000)
  from space 24576K, 99% used [0x00000007e7e80000,0x00000007e9678040,0x00000007e9680000)
  to   space 30208K, 0% used [0x00000007e6100000,0x00000007e6100000,0x00000007e7e80000)
 ParOldGen       total 156160K, used 152197K [0x0000000784000000, 0x000000078d880000, 0x00000007d6a80000)
  object space 156160K, 97% used [0x0000000784000000,0x000000078d4a14d0,0x000000078d880000)
 PSPermGen       total 83456K, used 42600K [0x000000077ee00000, 0x0000000783f80000, 0x0000000784000000)
  object space 83456K, 51% used [0x000000077ee00000,0x000000078179a110,0x0000000783f80000)
}
Event: 19.849 GC heap before
{Heap before GC invocations=12 (full 2):
 PSYoungGen      total 276992K, used 24544K [0x00000007d6a80000, 0x00000007ea180000, 0x0000000800000000)
  eden space 252416K, 0% used [0x00000007d6a80000,0x00000007d6a80000,0x00000007e6100000)
  from space 24576K, 99% used [0x00000007e7e80000,0x00000007e9678040,0x00000007e9680000)
  to   space 30208K, 0% used [0x00000007e6100000,0x00000007e6100000,0x00000007e7e80000)
 ParOldGen       total 156160K, used 152197K [0x0000000784000000, 0x000000078d880000, 0x00000007d6a80000)
  object space 156160K, 97% used [0x0000000784000000,0x000000078d4a14d0,0x000000078d880000)
 PSPermGen       total 83456K, used 42600K [0x000000077ee00000, 0x0000000783f80000, 0x0000000784000000)
  object space 83456K, 51% used [0x000000077ee00000,0x000000078179a110,0x0000000783f80000)
Event: 20.712 GC heap after
Heap after GC invocations=12 (full 2):
 PSYoungGen      total 276992K, used 0K [0x00000007d6a80000, 0x00000007ea180000, 0x0000000800000000)
  eden space 252416K, 0% used [0x00000007d6a80000,0x00000007d6a80000,0x00000007e6100000)
  from space 24576K, 0% used [0x00000007e7e80000,0x00000007e7e80000,0x00000007e9680000)
  to   space 30208K, 0% used [0x00000007e6100000,0x00000007e6100000,0x00000007e7e80000)
 ParOldGen       total 156160K, used 56521K [0x0000000784000000, 0x000000078d880000, 0x00000007d6a80000)
  object space 156160K, 36% used [0x0000000784000000,0x00000007877326b0,0x000000078d880000)
 PSPermGen       total 83456K, used 42599K [0x000000077ee00000, 0x0000000783f80000, 0x0000000784000000)
  object space 83456K, 51% used [0x000000077ee00000,0x0000000781799e38,0x0000000783f80000)
}
Event: 21.592 GC heap before
{Heap before GC invocations=13 (full 2):
 PSYoungGen      total 276992K, used 252416K [0x00000007d6a80000, 0x00000007ea180000, 0x0000000800000000)
  eden space 252416K, 100% used [0x00000007d6a80000,0x00000007e6100000,0x00000007e6100000)
  from space 24576K, 0% used [0x00000007e7e80000,0x00000007e7e80000,0x00000007e9680000)
  to   space 30208K, 0% used [0x00000007e6100000,0x00000007e6100000,0x00000007e7e80000)
 ParOldGen       total 156160K, used 56521K [0x0000000784000000, 0x000000078d880000, 0x00000007d6a80000)
  object space 156160K, 36% used [0x0000000784000000,0x00000007877326b0,0x000000078d880000)
 PSPermGen       total 83456K, used 42599K [0x000000077ee00000, 0x0000000783f80000, 0x0000000784000000)
  object space 83456K, 51% used [0x000000077ee00000,0x0000000781799e38,0x0000000783f80000)
Event: 21.690 GC heap after
Heap after GC invocations=13 (full 2):
 PSYoungGen      total 282624K, used 30176K [0x00000007d6a80000, 0x00000007ea180000, 0x0000000800000000)
  eden space 252416K, 0% used [0x00000007d6a80000,0x00000007d6a80000,0x00000007e6100000)
  from space 30208K, 99% used [0x00000007e6100000,0x00000007e7e78010,0x00000007e7e80000)
  to   space 24576K, 0% used [0x00000007e7e80000,0x00000007e7e80000,0x00000007e9680000)
 ParOldGen       total 156160K, used 68761K [0x0000000784000000, 0x000000078d880000, 0x00000007d6a80000)
  object space 156160K, 44% used [0x0000000784000000,0x00000007883266b0,0x000000078d880000)
 PSPermGen       total 83456K, used 42599K [0x000000077ee00000, 0x0000000783f80000, 0x0000000784000000)
  object space 83456K, 51% used [0x000000077ee00000,0x0000000781799e38,0x0000000783f80000)
}
Event: 22.984 GC heap before
{Heap before GC invocations=14 (full 2):
 PSYoungGen      total 282624K, used 282592K [0x00000007d6a80000, 0x00000007ea180000, 0x0000000800000000)
  eden space 252416K, 100% used [0x00000007d6a80000,0x00000007e6100000,0x00000007e6100000)
  from space 30208K, 99% used [0x00000007e6100000,0x00000007e7e78010,0x00000007e7e80000)
  to   space 24576K, 0% used [0x00000007e7e80000,0x00000007e7e80000,0x00000007e9680000)
 ParOldGen       total 156160K, used 68761K [0x0000000784000000, 0x000000078d880000, 0x00000007d6a80000)
  object space 156160K, 44% used [0x0000000784000000,0x00000007883266b0,0x000000078d880000)
 PSPermGen       total 83456K, used 42599K [0x000000077ee00000, 0x0000000783f80000, 0x0000000784000000)
  object space 83456K, 51% used [0x000000077ee00000,0x0000000781799fc0,0x0000000783f80000)
Event: 23.167 GC heap after
Heap after GC invocations=14 (full 2):
 PSYoungGen      total 276992K, used 24544K [0x00000007d6a80000, 0x00000007ea180000, 0x0000000800000000)
  eden space 252416K, 0% used [0x00000007d6a80000,0x00000007d6a80000,0x00000007e6100000)
  from space 24576K, 99% used [0x00000007e7e80000,0x00000007e9678010,0x00000007e9680000)
  to   space 30208K, 0% used [0x00000007e6100000,0x00000007e6100000,0x00000007e7e80000)
 ParOldGen       total 156160K, used 119409K [0x0000000784000000, 0x000000078d880000, 0x00000007d6a80000)
  object space 156160K, 76% used [0x0000000784000000,0x000000078b49c6d0,0x000000078d880000)
 PSPermGen       total 83456K, used 42599K [0x000000077ee00000, 0x0000000783f80000, 0x0000000784000000)
  object space 83456K, 51% used [0x000000077ee00000,0x0000000781799fc0,0x0000000783f80000)
}
Event: 23.167 GC heap before
{Heap before GC invocations=15 (full 3):
 PSYoungGen      total 276992K, used 24544K [0x00000007d6a80000, 0x00000007ea180000, 0x0000000800000000)
  eden space 252416K, 0% used [0x00000007d6a80000,0x00000007d6a80000,0x00000007e6100000)
  from space 24576K, 99% used [0x00000007e7e80000,0x00000007e9678010,0x00000007e9680000)
  to   space 30208K, 0% used [0x00000007e6100000,0x00000007e6100000,0x00000007e7e80000)
 ParOldGen       total 156160K, used 119409K [0x0000000784000000, 0x000000078d880000, 0x00000007d6a80000)
  object space 156160K, 76% used [0x0000000784000000,0x000000078b49c6d0,0x000000078d880000)
 PSPermGen       total 83456K, used 42599K [0x000000077ee00000, 0x0000000783f80000, 0x0000000784000000)
  object space 83456K, 51% used [0x000000077ee00000,0x0000000781799fc0,0x0000000783f80000)
Event: 24.400 GC heap after
Heap after GC invocations=15 (full 3):
 PSYoungGen      total 276992K, used 0K [0x00000007d6a80000, 0x00000007ea180000, 0x0000000800000000)
  eden space 252416K, 0% used [0x00000007d6a80000,0x00000007d6a80000,0x00000007e6100000)
  from space 24576K, 0% used [0x00000007e7e80000,0x00000007e7e80000,0x00000007e9680000)
  to   space 30208K, 0% used [0x00000007e6100000,0x00000007e6100000,0x00000007e7e80000)
 ParOldGen       total 156160K, used 119129K [0x0000000784000000, 0x000000078d880000, 0x00000007d6a80000)
  object space 156160K, 76% used [0x0000000784000000,0x000000078b4565e8,0x000000078d880000)
 PSPermGen       total 83968K, used 42599K [0x000000077ee00000, 0x0000000784000000, 0x0000000784000000)
  object space 83968K, 50% used [0x000000077ee00000,0x0000000781799fc0,0x0000000784000000)
}

# JRE version: Java(TM) SE Runtime Environment (7.0_79-b15) (build 1.7.0_79-b15)
# Java VM: Java HotSpot(TM) 64-Bit Server VM (24.79-b02 mixed mode windows-amd64 compressed oops)
Heap
 PSYoungGen      total 276992K, used 16174K [0x00000007d6a80000, 0x00000007ea180000, 0x0000000800000000)
  eden space 252416K, 6% used [0x00000007d6a80000,0x00000007d7a4bb30,0x00000007e6100000)
  from space 24576K, 0% used [0x00000007e7e80000,0x00000007e7e80000,0x00000007e9680000)
  to   space 30208K, 0% used [0x00000007e6100000,0x00000007e6100000,0x00000007e7e80000)
 ParOldGen       total 156160K, used 119129K [0x0000000784000000, 0x000000078d880000, 0x00000007d6a80000)
  object space 156160K, 76% used [0x0000000784000000,0x000000078b4565e8,0x000000078d880000)
 PSPermGen       total 83968K, used 42744K [0x000000077ee00000, 0x0000000784000000, 0x0000000784000000)
  object space 83968K, 50% used [0x000000077ee00000,0x00000007817be358,0x0000000784000000)
GC Heap History (10 events):
Event: 19.699 GC heap before
{Heap before GC invocations=11 (full 1):
 PSYoungGen      total 282624K, used 282592K [0x00000007d6a80000, 0x00000007ea180000, 0x0000000800000000)
  eden space 252416K, 100% used [0x00000007d6a80000,0x00000007e6100000,0x00000007e6100000)
  from space 30208K, 99% used [0x00000007e6100000,0x00000007e7e78040,0x00000007e7e80000)
  to   space 24576K, 0% used [0x00000007e7e80000,0x00000007e7e80000,0x00000007e9680000)
 ParOldGen       total 156160K, used 113173K [0x0000000784000000, 0x000000078d880000, 0x00000007d6a80000)
  object space 156160K, 72% used [0x0000000784000000,0x000000078ae854d0,0x000000078d880000)
 PSPermGen       total 83456K, used 42600K [0x000000077ee00000, 0x0000000783f80000, 0x0000000784000000)
  object space 83456K, 51% used [0x000000077ee00000,0x000000078179a110,0x0000000783f80000)
Event: 19.849 GC heap after
Heap after GC invocations=11 (full 1):
 PSYoungGen      total 276992K, used 24544K [0x00000007d6a80000, 0x00000007ea180000, 0x0000000800000000)
  eden space 252416K, 0% used [0x00000007d6a80000,0x00000007d6a80000,0x00000007e6100000)
  from space 24576K, 99% used [0x00000007e7e80000,0x00000007e9678040,0x00000007e9680000)
  to   space 30208K, 0% used [0x00000007e6100000,0x00000007e6100000,0x00000007e7e80000)
 ParOldGen       total 156160K, used 152197K [0x0000000784000000, 0x000000078d880000, 0x00000007d6a80000)
  object space 156160K, 97% used [0x0000000784000000,0x000000078d4a14d0,0x000000078d880000)
 PSPermGen       total 83456K, used 42600K [0x000000077ee00000, 0x0000000783f80000, 0x0000000784000000)
  object space 83456K, 51% used [0x000000077ee00000,0x000000078179a110,0x0000000783f80000)
}
Event: 19.849 GC heap before
{Heap before GC invocations=12 (full 2):
 PSYoungGen      total 276992K, used 24544K [0x00000007d6a80000, 0x00000007ea180000, 0x0000000800000000)
  eden space 252416K, 0% used [0x00000007d6a80000,0x00000007d6a80000,0x00000007e6100000)
  from space 24576K, 99% used [0x00000007e7e80000,0x00000007e9678040,0x00000007e9680000)
  to   space 30208K, 0% used [0x00000007e6100000,0x00000007e6100000,0x00000007e7e80000)
 ParOldGen       total 156160K, used 152197K [0x0000000784000000, 0x000000078d880000, 0x00000007d6a80000)
  object space 156160K, 97% used [0x0000000784000000,0x000000078d4a14d0,0x000000078d880000)
 PSPermGen       total 83456K, used 42600K [0x000000077ee00000, 0x0000000783f80000, 0x0000000784000000)
  object space 83456K, 51% used [0x000000077ee00000,0x000000078179a110,0x0000000783f80000)
Event: 20.712 GC heap after
Heap after GC invocations=12 (full 2):
 PSYoungGen      total 276992K, used 0K [0x00000007d6a80000, 0x00000007ea180000, 0x0000000800000000)
  eden space 252416K, 0% used [0x00000007d6a80000,0x00000007d6a80000,0x00000007e6100000)
  from space 24576K, 0% used [0x00000007e7e80000,0x00000007e7e80000,0x00000007e9680000)
  to   space 30208K, 0% used [0x00000007e6100000,0x00000007e6100000,0x00000007e7e80000)
 ParOldGen       total 156160K, used 56521K [0x0000000784000000, 0x000000078d880000, 0x00000007d6a80000)
  object space 156160K, 36% used [0x0000000784000000,0x00000007877326b0,0x000000078d880000)
 PSPermGen       total 83456K, used 42599K [0x000000077ee00000, 0x0000000783f80000, 0x0000000784000000)
  object space 83456K, 51% used [0x000000077ee00000,0x0000000781799e38,0x0000000783f80000)
}
Event: 21.592 GC heap before
{Heap before GC invocations=13 (full 2):
 PSYoungGen      total 276992K, used 252416K [0x00000007d6a80000, 0x00000007ea180000, 0x0000000800000000)
  eden space 252416K, 100% used [0x00000007d6a80000,0x00000007e6100000,0x00000007e6100000)
  from space 24576K, 0% used [0x00000007e7e80000,0x00000007e7e80000,0x00000007e9680000)
  to   space 30208K, 0% used [0x00000007e6100000,0x00000007e6100000,0x00000007e7e80000)
 ParOldGen       total 156160K, used 56521K [0x0000000784000000, 0x000000078d880000, 0x00000007d6a80000)
  object space 156160K, 36% used [0x0000000784000000,0x00000007877326b0,0x000000078d880000)
 PSPermGen       total 83456K, used 42599K [0x000000077ee00000, 0x0000000783f80000, 0x0000000784000000)
  object space 83456K, 51% used [0x000000077ee00000,0x0000000781799e38,0x0000000783f80000)
Event: 21.690 GC heap after
Heap after GC invocations=13 (full 2):
 PSYoungGen      total 282624K, used 30176K [0x00000007d6a80000, 0x00000007ea180000, 0x0000000800000000)
  eden space 252416K, 0% used [0x00000007d6a80000,0x00000007d6a80000,0x00000007e6100000)
  from space 30208K, 99% used [0x00000007e6100000,0x00000007e7e78010,0x00000007e7e80000)
  to   space 24576K, 0% used [0x00000007e7e80000,0x00000007e7e80000,0x00000007e9680000)
 ParOldGen       total 156160K, used 68761K [0x0000000784000000, 0x000000078d880000, 0x00000007d6a80000)
  object space 156160K, 44% used [0x0000000784000000,0x00000007883266b0,0x000000078d880000)
 PSPermGen       total 83456K, used 42599K [0x000000077ee00000, 0x0000000783f80000, 0x0000000784000000)
  object space 83456K, 51% used [0x000000077ee00000,0x0000000781799e38,0x0000000783f80000)
}
Event: 22.984 GC heap before
{Heap before GC invocations=14 (full 2):
 PSYoungGen      total 282624K, used 282592K [0x00000007d6a80000, 0x00000007ea180000, 0x0000000800000000)
  eden space 252416K, 100% used [0x00000007d6a80000,0x00000007e6100000,0x00000007e6100000)
  from space 30208K, 99% used [0x00000007e6100000,0x00000007e7e78010,0x00000007e7e80000)
  to   space 24576K, 0% used [0x00000007e7e80000,0x00000007e7e80000,0x00000007e9680000)
 ParOldGen       total 156160K, used 68761K [0x0000000784000000, 0x000000078d880000, 0x00000007d6a80000)
  object space 156160K, 44% used [0x0000000784000000,0x00000007883266b0,0x000000078d880000)
 PSPermGen       total 83456K, used 42599K [0x000000077ee00000, 0x0000000783f80000, 0x0000000784000000)
  object space 83456K, 51% used [0x000000077ee00000,0x0000000781799fc0,0x0000000783f80000)
Event: 23.167 GC heap after
Heap after GC invocations=14 (full 2):
 PSYoungGen      total 276992K, used 24544K [0x00000007d6a80000, 0x00000007ea180000, 0x0000000800000000)
  eden space 252416K, 0% used [0x00000007d6a80000,0x00000007d6a80000,0x00000007e6100000)
  from space 24576K, 99% used [0x00000007e7e80000,0x00000007e9678010,0x00000007e9680000)
  to   space 30208K, 0% used [0x00000007e6100000,0x00000007e6100000,0x00000007e7e80000)
 ParOldGen       total 156160K, used 119409K [0x0000000784000000, 0x000000078d880000, 0x00000007d6a80000)
  object space 156160K, 76% used [0x0000000784000000,0x000000078b49c6d0,0x000000078d880000)
 PSPermGen       total 83456K, used 42599K [0x000000077ee00000, 0x0000000783f80000, 0x0000000784000000)
  object space 83456K, 51% used [0x000000077ee00000,0x0000000781799fc0,0x0000000783f80000)
}
Event: 23.167 GC heap before
{Heap before GC invocations=15 (full 3):
 PSYoungGen      total 276992K, used 24544K [0x00000007d6a80000, 0x00000007ea180000, 0x0000000800000000)
  eden space 252416K, 0% used [0x00000007d6a80000,0x00000007d6a80000,0x00000007e6100000)
  from space 24576K, 99% used [0x00000007e7e80000,0x00000007e9678010,0x00000007e9680000)
  to   space 30208K, 0% used [0x00000007e6100000,0x00000007e6100000,0x00000007e7e80000)
 ParOldGen       total 156160K, used 119409K [0x0000000784000000, 0x000000078d880000, 0x00000007d6a80000)
  object space 156160K, 76% used [0x0000000784000000,0x000000078b49c6d0,0x000000078d880000)
 PSPermGen       total 83456K, used 42599K [0x000000077ee00000, 0x0000000783f80000, 0x0000000784000000)
  object space 83456K, 51% used [0x000000077ee00000,0x0000000781799fc0,0x0000000783f80000)
Event: 24.400 GC heap after
Heap after GC invocations=15 (full 3):
 PSYoungGen      total 276992K, used 0K [0x00000007d6a80000, 0x00000007ea180000, 0x0000000800000000)
  eden space 252416K, 0% used [0x00000007d6a80000,0x00000007d6a80000,0x00000007e6100000)
  from space 24576K, 0% used [0x00000007e7e80000,0x00000007e7e80000,0x00000007e9680000)
  to   space 30208K, 0% used [0x00000007e6100000,0x00000007e6100000,0x00000007e7e80000)
 ParOldGen       total 156160K, used 119129K [0x0000000784000000, 0x000000078d880000, 0x00000007d6a80000)
  object space 156160K, 76% used [0x0000000784000000,0x000000078b4565e8,0x000000078d880000)
 PSPermGen       total 83968K, used 42599K [0x000000077ee00000, 0x0000000784000000, 0x0000000784000000)
  object space 83968K, 50% used [0x000000077ee00000,0x0000000781799fc0,0x0000000784000000)
}

# JRE version: Java(TM) SE Runtime Environment (7.0_79-b15) (build 1.7.0_79-b15)
# Java VM: Java HotSpot(TM) 64-Bit Server VM (24.79-b02 mixed mode windows-amd64 compressed oops)
Heap
 PSYoungGen      total 276992K, used 16174K [0x00000007d6a80000, 0x00000007ea180000, 0x0000000800000000)
  eden space 252416K, 6% used [0x00000007d6a80000,0x00000007d7a4bb30,0x00000007e6100000)
  from space 24576K, 0% used [0x00000007e7e80000,0x00000007e7e80000,0x00000007e9680000)
  to   space 30208K, 0% used [0x00000007e6100000,0x00000007e6100000,0x00000007e7e80000)
 ParOldGen       total 156160K, used 119129K [0x0000000784000000, 0x000000078d880000, 0x00000007d6a80000)
  object space 156160K, 76% used [0x0000000784000000,0x000000078b4565e8,0x000000078d880000)
 PSPermGen       total 83968K, used 42744K [0x000000077ee00000, 0x0000000784000000, 0x0000000784000000)
  object space 83968K, 50% used [0x000000077ee00000,0x00000007817be358,0x0000000784000000)
GC Heap History (10 events):
Event: 19.699 GC heap before
{Heap before GC invocations=11 (full 1):
 PSYoungGen      total 282624K, used 282592K [0x00000007d6a80000, 0x00000007ea180000, 0x0000000800000000)
  eden space 252416K, 100% used [0x00000007d6a80000,0x00000007e6100000,0x00000007e6100000)
  from space 30208K, 99% used [0x00000007e6100000,0x00000007e7e78040,0x00000007e7e80000)
  to   space 24576K, 0% used [0x00000007e7e80000,0x00000007e7e80000,0x00000007e9680000)
 ParOldGen       total 156160K, used 113173K [0x0000000784000000, 0x000000078d880000, 0x00000007d6a80000)
  object space 156160K, 72% used [0x0000000784000000,0x000000078ae854d0,0x000000078d880000)
 PSPermGen       total 83456K, used 42600K [0x000000077ee00000, 0x0000000783f80000, 0x0000000784000000)
  object space 83456K, 51% used [0x000000077ee00000,0x000000078179a110,0x0000000783f80000)
Event: 19.849 GC heap after
Heap after GC invocations=11 (full 1):
 PSYoungGen      total 276992K, used 24544K [0x00000007d6a80000, 0x00000007ea180000, 0x0000000800000000)
  eden space 252416K, 0% used [0x00000007d6a80000,0x00000007d6a80000,0x00000007e6100000)
  from space 24576K, 99% used [0x00000007e7e80000,0x00000007e9678040,0x00000007e9680000)
  to   space 30208K, 0% used [0x00000007e6100000,0x00000007e6100000,0x00000007e7e80000)
 ParOldGen       total 156160K, used 152197K [0x0000000784000000, 0x000000078d880000, 0x00000007d6a80000)
  object space 156160K, 97% used [0x0000000784000000,0x000000078d4a14d0,0x000000078d880000)
 PSPermGen       total 83456K, used 42600K [0x000000077ee00000, 0x0000000783f80000, 0x0000000784000000)
  object space 83456K, 51% used [0x000000077ee00000,0x000000078179a110,0x0000000783f80000)
}
Event: 19.849 GC heap before
{Heap before GC invocations=12 (full 2):
 PSYoungGen      total 276992K, used 24544K [0x00000007d6a80000, 0x00000007ea180000, 0x0000000800000000)
  eden space 252416K, 0% used [0x00000007d6a80000,0x00000007d6a80000,0x00000007e6100000)
  from space 24576K, 99% used [0x00000007e7e80000,0x00000007e9678040,0x00000007e9680000)
  to   space 30208K, 0% used [0x00000007e6100000,0x00000007e6100000,0x00000007e7e80000)
 ParOldGen       total 156160K, used 152197K [0x0000000784000000, 0x000000078d880000, 0x00000007d6a80000)
  object space 156160K, 97% used [0x0000000784000000,0x000000078d4a14d0,0x000000078d880000)
 PSPermGen       total 83456K, used 42600K [0x000000077ee00000, 0x0000000783f80000, 0x0000000784000000)
  object space 83456K, 51% used [0x000000077ee00000,0x000000078179a110,0x0000000783f80000)
Event: 20.712 GC heap after
Heap after GC invocations=12 (full 2):
 PSYoungGen      total 276992K, used 0K [0x00000007d6a80000, 0x00000007ea180000, 0x0000000800000000)
  eden space 252416K, 0% used [0x00000007d6a80000,0x00000007d6a80000,0x00000007e6100000)
  from space 24576K, 0% used [0x00000007e7e80000,0x00000007e7e80000,0x00000007e9680000)
  to   space 30208K, 0% used [0x00000007e6100000,0x00000007e6100000,0x00000007e7e80000)
 ParOldGen       total 156160K, used 56521K [0x0000000784000000, 0x000000078d880000, 0x00000007d6a80000)
  object space 156160K, 36% used [0x0000000784000000,0x00000007877326b0,0x000000078d880000)
 PSPermGen       total 83456K, used 42599K [0x000000077ee00000, 0x0000000783f80000, 0x0000000784000000)
  object space 83456K, 51% used [0x000000077ee00000,0x0000000781799e38,0x0000000783f80000)
}
Event: 21.592 GC heap before
{Heap before GC invocations=13 (full 2):
 PSYoungGen      total 276992K, used 252416K [0x00000007d6a80000, 0x00000007ea180000, 0x0000000800000000)
  eden space 252416K, 100% used [0x00000007d6a80000,0x00000007e6100000,0x00000007e6100000)
  from space 24576K, 0% used [0x00000007e7e80000,0x00000007e7e80000,0x00000007e9680000)
  to   space 30208K, 0% used [0x00000007e6100000,0x00000007e6100000,0x00000007e7e80000)
 ParOldGen       total 156160K, used 56521K [0x0000000784000000, 0x000000078d880000, 0x00000007d6a80000)
  object space 156160K, 36% used [0x0000000784000000,0x00000007877326b0,0x000000078d880000)
 PSPermGen       total 83456K, used 42599K [0x000000077ee00000, 0x0000000783f80000, 0x0000000784000000)
  object space 83456K, 51% used [0x000000077ee00000,0x0000000781799e38,0x0000000783f80000)
Event: 21.690 GC heap after
Heap after GC invocations=13 (full 2):
 PSYoungGen      total 282624K, used 30176K [0x00000007d6a80000, 0x00000007ea180000, 0x0000000800000000)
  eden space 252416K, 0% used [0x00000007d6a80000,0x00000007d6a80000,0x00000007e6100000)
  from space 30208K, 99% used [0x00000007e6100000,0x00000007e7e78010,0x00000007e7e80000)
  to   space 24576K, 0% used [0x00000007e7e80000,0x00000007e7e80000,0x00000007e9680000)
 ParOldGen       total 156160K, used 68761K [0x0000000784000000, 0x000000078d880000, 0x00000007d6a80000)
  object space 156160K, 44% used [0x0000000784000000,0x00000007883266b0,0x000000078d880000)
 PSPermGen       total 83456K, used 42599K [0x000000077ee00000, 0x0000000783f80000, 0x0000000784000000)
  object space 83456K, 51% used [0x000000077ee00000,0x0000000781799e38,0x0000000783f80000)
}
Event: 22.984 GC heap before
{Heap before GC invocations=14 (full 2):
 PSYoungGen      total 282624K, used 282592K [0x00000007d6a80000, 0x00000007ea180000, 0x0000000800000000)
  eden space 252416K, 100% used [0x00000007d6a80000,0x00000007e6100000,0x00000007e6100000)
  from space 30208K, 99% used [0x00000007e6100000,0x00000007e7e78010,0x00000007e7e80000)
  to   space 24576K, 0% used [0x00000007e7e80000,0x00000007e7e80000,0x00000007e9680000)
 ParOldGen       total 156160K, used 68761K [0x0000000784000000, 0x000000078d880000, 0x00000007d6a80000)
  object space 156160K, 44% used [0x0000000784000000,0x00000007883266b0,0x000000078d880000)
 PSPermGen       total 83456K, used 42599K [0x000000077ee00000, 0x0000000783f80000, 0x0000000784000000)
  object space 83456K, 51% used [0x000000077ee00000,0x0000000781799fc0,0x0000000783f80000)
Event: 23.167 GC heap after
Heap after GC invocations=14 (full 2):
 PSYoungGen      total 276992K, used 24544K [0x00000007d6a80000, 0x00000007ea180000, 0x0000000800000000)
  eden space 252416K, 0% used [0x00000007d6a80000,0x00000007d6a80000,0x00000007e6100000)
  from space 24576K, 99% used [0x00000007e7e80000,0x00000007e9678010,0x00000007e9680000)
  to   space 30208K, 0% used [0x00000007e6100000,0x00000007e6100000,0x00000007e7e80000)
 ParOldGen       total 156160K, used 119409K [0x0000000784000000, 0x000000078d880000, 0x00000007d6a80000)
  object space 156160K, 76% used [0x0000000784000000,0x000000078b49c6d0,0x000000078d880000)
 PSPermGen       total 83456K, used 42599K [0x000000077ee00000, 0x0000000783f80000, 0x0000000784000000)
  object space 83456K, 51% used [0x000000077ee00000,0x0000000781799fc0,0x0000000783f80000)
}
Event: 23.167 GC heap before
{Heap before GC invocations=15 (full 3):
 PSYoungGen      total 276992K, used 24544K [0x00000007d6a80000, 0x00000007ea180000, 0x0000000800000000)
  eden space 252416K, 0% used [0x00000007d6a80000,0x00000007d6a80000,0x00000007e6100000)
  from space 24576K, 99% used [0x00000007e7e80000,0x00000007e9678010,0x00000007e9680000)
  to   space 30208K, 0% used [0x00000007e6100000,0x00000007e6100000,0x00000007e7e80000)
 ParOldGen       total 156160K, used 119409K [0x0000000784000000, 0x000000078d880000, 0x00000007d6a80000)
  object space 156160K, 76% used [0x0000000784000000,0x000000078b49c6d0,0x000000078d880000)
 PSPermGen       total 83456K, used 42599K [0x000000077ee00000, 0x0000000783f80000, 0x0000000784000000)
  object space 83456K, 51% used [0x000000077ee00000,0x0000000781799fc0,0x0000000783f80000)
Event: 24.400 GC heap after
Heap after GC invocations=15 (full 3):
 PSYoungGen      total 276992K, used 0K [0x00000007d6a80000, 0x00000007ea180000, 0x0000000800000000)
  eden space 252416K, 0% used [0x00000007d6a80000,0x00000007d6a80000,0x00000007e6100000)
  from space 24576K, 0% used [0x00000007e7e80000,0x00000007e7e80000,0x00000007e9680000)
  to   space 30208K, 0% used [0x00000007e6100000,0x00000007e6100000,0x00000007e7e80000)
 ParOldGen       total 156160K, used 119129K [0x0000000784000000, 0x000000078d880000, 0x00000007d6a80000)
  object space 156160K, 76% used [0x0000000784000000,0x000000078b4565e8,0x000000078d880000)
 PSPermGen       total 83968K, used 42599K [0x000000077ee00000, 0x0000000784000000, 0x0000000784000000)
  object space 83968K, 50% used [0x000000077ee00000,0x0000000781799fc0,0x0000000784000000)
}

# JRE version: Java(TM) SE Runtime Environment (7.0_79-b15) (build 1.7.0_79-b15)
# Java VM: Java HotSpot(TM) 64-Bit Server VM (24.79-b02 mixed mode windows-amd64 compressed oops)
Heap
 PSYoungGen      total 276992K, used 16174K [0x00000007d6a80000, 0x00000007ea180000, 0x0000000800000000)
  eden space 252416K, 6% used [0x00000007d6a80000,0x00000007d7a4bb30,0x00000007e6100000)
  from space 24576K, 0% used [0x00000007e7e80000,0x00000007e7e80000,0x00000007e9680000)
  to   space 30208K, 0% used [0x00000007e6100000,0x00000007e6100000,0x00000007e7e80000)
 ParOldGen       total 156160K, used 119129K [0x0000000784000000, 0x000000078d880000, 0x00000007d6a80000)
  object space 156160K, 76% used [0x0000000784000000,0x000000078b4565e8,0x000000078d880000)
 PSPermGen       total 83968K, used 42744K [0x000000077ee00000, 0x0000000784000000, 0x0000000784000000)
  object space 83968K, 50% used [0x000000077ee00000,0x00000007817be358,0x0000000784000000)
GC Heap History (10 events):
Event: 19.699 GC heap before
{Heap before GC invocations=11 (full 1):
 PSYoungGen      total 282624K, used 282592K [0x00000007d6a80000, 0x00000007ea180000, 0x0000000800000000)
  eden space 252416K, 100% used [0x00000007d6a80000,0x00000007e6100000,0x00000007e6100000)
  from space 30208K, 99% used [0x00000007e6100000,0x00000007e7e78040,0x00000007e7e80000)
  to   space 24576K, 0% used [0x00000007e7e80000,0x00000007e7e80000,0x00000007e9680000)
 ParOldGen       total 156160K, used 113173K [0x0000000784000000, 0x000000078d880000, 0x00000007d6a80000)
  object space 156160K, 72% used [0x0000000784000000,0x000000078ae854d0,0x000000078d880000)
 PSPermGen       total 83456K, used 42600K [0x000000077ee00000, 0x0000000783f80000, 0x0000000784000000)
  object space 83456K, 51% used [0x000000077ee00000,0x000000078179a110,0x0000000783f80000)
Event: 19.849 GC heap after
Heap after GC invocations=11 (full 1):
 PSYoungGen      total 276992K, used 24544K [0x00000007d6a80000, 0x00000007ea180000, 0x0000000800000000)
  eden space 252416K, 0% used [0x00000007d6a80000,0x00000007d6a80000,0x00000007e6100000)
  from space 24576K, 99% used [0x00000007e7e80000,0x00000007e9678040,0x00000007e9680000)
  to   space 30208K, 0% used [0x00000007e6100000,0x00000007e6100000,0x00000007e7e80000)
 ParOldGen       total 156160K, used 152197K [0x0000000784000000, 0x000000078d880000, 0x00000007d6a80000)
  object space 156160K, 97% used [0x0000000784000000,0x000000078d4a14d0,0x000000078d880000)
 PSPermGen       total 83456K, used 42600K [0x000000077ee00000, 0x0000000783f80000, 0x0000000784000000)
  object space 83456K, 51% used [0x000000077ee00000,0x000000078179a110,0x0000000783f80000)
}
Event: 19.849 GC heap before
{Heap before GC invocations=12 (full 2):
 PSYoungGen      total 276992K, used 24544K [0x00000007d6a80000, 0x00000007ea180000, 0x0000000800000000)
  eden space 252416K, 0% used [0x00000007d6a80000,0x00000007d6a80000,0x00000007e6100000)
  from space 24576K, 99% used [0x00000007e7e80000,0x00000007e9678040,0x00000007e9680000)
  to   space 30208K, 0% used [0x00000007e6100000,0x00000007e6100000,0x00000007e7e80000)
 ParOldGen       total 156160K, used 152197K [0x0000000784000000, 0x000000078d880000, 0x00000007d6a80000)
  object space 156160K, 97% used [0x0000000784000000,0x000000078d4a14d0,0x000000078d880000)
 PSPermGen       total 83456K, used 42600K [0x000000077ee00000, 0x0000000783f80000, 0x0000000784000000)
  object space 83456K, 51% used [0x000000077ee00000,0x000000078179a110,0x0000000783f80000)
Event: 20.712 GC heap after
Heap after GC invocations=12 (full 2):
 PSYoungGen      total 276992K, used 0K [0x00000007d6a80000, 0x00000007ea180000, 0x0000000800000000)
  eden space 252416K, 0% used [0x00000007d6a80000,0x00000007d6a80000,0x00000007e6100000)
  from space 24576K, 0% used [0x00000007e7e80000,0x00000007e7e80000,0x00000007e9680000)
  to   space 30208K, 0% used [0x00000007e6100000,0x00000007e6100000,0x00000007e7e80000)
 ParOldGen       total 156160K, used 56521K [0x0000000784000000, 0x000000078d880000, 0x00000007d6a80000)
  object space 156160K, 36% used [0x0000000784000000,0x00000007877326b0,0x000000078d880000)
 PSPermGen       total 83456K, used 42599K [0x000000077ee00000, 0x0000000783f80000, 0x0000000784000000)
  object space 83456K, 51% used [0x000000077ee00000,0x0000000781799e38,0x0000000783f80000)
}
Event: 21.592 GC heap before
{Heap before GC invocations=13 (full 2):
 PSYoungGen      total 276992K, used 252416K [0x00000007d6a80000, 0x00000007ea180000, 0x0000000800000000)
  eden space 252416K, 100% used [0x00000007d6a80000,0x00000007e6100000,0x00000007e6100000)
  from space 24576K, 0% used [0x00000007e7e80000,0x00000007e7e80000,0x00000007e9680000)
  to   space 30208K, 0% used [0x00000007e6100000,0x00000007e6100000,0x00000007e7e80000)
 ParOldGen       total 156160K, used 56521K [0x0000000784000000, 0x000000078d880000, 0x00000007d6a80000)
  object space 156160K, 36% used [0x0000000784000000,0x00000007877326b0,0x000000078d880000)
 PSPermGen       total 83456K, used 42599K [0x000000077ee00000, 0x0000000783f80000, 0x0000000784000000)
  object space 83456K, 51% used [0x000000077ee00000,0x0000000781799e38,0x0000000783f80000)
Event: 21.690 GC heap after
Heap after GC invocations=13 (full 2):
 PSYoungGen      total 282624K, used 30176K [0x00000007d6a80000, 0x00000007ea180000, 0x0000000800000000)
  eden space 252416K, 0% used [0x00000007d6a80000,0x00000007d6a80000,0x00000007e6100000)
  from space 30208K, 99% used [0x00000007e6100000,0x00000007e7e78010,0x00000007e7e80000)
  to   space 24576K, 0% used [0x00000007e7e80000,0x00000007e7e80000,0x00000007e9680000)
 ParOldGen       total 156160K, used 68761K [0x0000000784000000, 0x000000078d880000, 0x00000007d6a80000)
  object space 156160K, 44% used [0x0000000784000000,0x00000007883266b0,0x000000078d880000)
 PSPermGen       total 83456K, used 42599K [0x000000077ee00000, 0x0000000783f80000, 0x0000000784000000)
  object space 83456K, 51% used [0x000000077ee00000,0x0000000781799e38,0x0000000783f80000)
}
Event: 22.984 GC heap before
{Heap before GC invocations=14 (full 2):
 PSYoungGen      total 282624K, used 282592K [0x00000007d6a80000, 0x00000007ea180000, 0x0000000800000000)
  eden space 252416K, 100% used [0x00000007d6a80000,0x00000007e6100000,0x00000007e6100000)
  from space 30208K, 99% used [0x00000007e6100000,0x00000007e7e78010,0x00000007e7e80000)
  to   space 24576K, 0% used [0x00000007e7e80000,0x00000007e7e80000,0x00000007e9680000)
 ParOldGen       total 156160K, used 68761K [0x0000000784000000, 0x000000078d880000, 0x00000007d6a80000)
  object space 156160K, 44% used [0x0000000784000000,0x00000007883266b0,0x000000078d880000)
 PSPermGen       total 83456K, used 42599K [0x000000077ee00000, 0x0000000783f80000, 0x0000000784000000)
  object space 83456K, 51% used [0x000000077ee00000,0x0000000781799fc0,0x0000000783f80000)
Event: 23.167 GC heap after
Heap after GC invocations=14 (full 2):
 PSYoungGen      total 276992K, used 24544K [0x00000007d6a80000, 0x00000007ea180000, 0x0000000800000000)
  eden space 252416K, 0% used [0x00000007d6a80000,0x00000007d6a80000,0x00000007e6100000)
  from space 24576K, 99% used [0x00000007e7e80000,0x00000007e9678010,0x00000007e9680000)
  to   space 30208K, 0% used [0x00000007e6100000,0x00000007e6100000,0x00000007e7e80000)
 ParOldGen       total 156160K, used 119409K [0x0000000784000000, 0x000000078d880000, 0x00000007d6a80000)
  object space 156160K, 76% used [0x0000000784000000,0x000000078b49c6d0,0x000000078d880000)
 PSPermGen       total 83456K, used 42599K [0x000000077ee00000, 0x0000000783f80000, 0x0000000784000000)
  object space 83456K, 51% used [0x000000077ee00000,0x0000000781799fc0,0x0000000783f80000)
}
Event: 23.167 GC heap before
{Heap before GC invocations=15 (full 3):
 PSYoungGen      total 276992K, used 24544K [0x00000007d6a80000, 0x00000007ea180000, 0x0000000800000000)
  eden space 252416K, 0% used [0x00000007d6a80000,0x00000007d6a80000,0x00000007e6100000)
  from space 24576K, 99% used [0x00000007e7e80000,0x00000007e9678010,0x00000007e9680000)
  to   space 30208K, 0% used [0x00000007e6100000,0x00000007e6100000,0x00000007e7e80000)
 ParOldGen       total 156160K, used 119409K [0x0000000784000000, 0x000000078d880000, 0x00000007d6a80000)
  object space 156160K, 76% used [0x0000000784000000,0x000000078b49c6d0,0x000000078d880000)
 PSPermGen       total 83456K, used 42599K [0x000000077ee00000, 0x0000000783f80000, 0x0000000784000000)
  object space 83456K, 51% used [0x000000077ee00000,0x0000000781799fc0,0x0000000783f80000)
Event: 24.400 GC heap after
Heap after GC invocations=15 (full 3):
 PSYoungGen      total 276992K, used 0K [0x00000007d6a80000, 0x00000007ea180000, 0x0000000800000000)
  eden space 252416K, 0% used [0x00000007d6a80000,0x00000007d6a80000,0x00000007e6100000)
  from space 24576K, 0% used [0x00000007e7e80000,0x00000007e7e80000,0x00000007e9680000)
  to   space 30208K, 0% used [0x00000007e6100000,0x00000007e6100000,0x00000007e7e80000)
 ParOldGen       total 156160K, used 119129K [0x0000000784000000, 0x000000078d880000, 0x00000007d6a80000)
  object space 156160K, 76% used [0x0000000784000000,0x000000078b4565e8,0x000000078d880000)
 PSPermGen       total 83968K, used 42599K [0x000000077ee00000, 0x0000000784000000, 0x0000000784000000)
  object space 83968K, 50% used [0x000000077ee00000,0x0000000781799fc0,0x0000000784000000)
}

# JRE version: Java(TM) SE Runtime Environment (7.0_79-b15) (build 1.7.0_79-b15)
# Java VM: Java HotSpot(TM) 64-Bit Server VM (24.79-b02 mixed mode windows-amd64 compressed oops)
Heap
 PSYoungGen      total 276992K, used 16174K [0x00000007d6a80000, 0x00000007ea180000, 0x0000000800000000)
  eden space 252416K, 6% used [0x00000007d6a80000,0x00000007d7a4bb30,0x00000007e6100000)
  from space 24576K, 0% used [0x00000007e7e80000,0x00000007e7e80000,0x00000007e9680000)
  to   space 30208K, 0% used [0x00000007e6100000,0x00000007e6100000,0x00000007e7e80000)
 ParOldGen       total 156160K, used 119129K [0x0000000784000000, 0x000000078d880000, 0x00000007d6a80000)
  object space 156160K, 76% used [0x0000000784000000,0x000000078b4565e8,0x000000078d880000)
 PSPermGen       total 83968K, used 42744K [0x000000077ee00000, 0x0000000784000000, 0x0000000784000000)
  object space 83968K, 50% used [0x000000077ee00000,0x00000007817be358,0x0000000784000000)
GC Heap History (10 events):
Event: 19.699 GC heap before
{Heap before GC invocations=11 (full 1):
 PSYoungGen      total 282624K, used 282592K [0x00000007d6a80000, 0x00000007ea180000, 0x0000000800000000)
  eden space 252416K, 100% used [0x00000007d6a80000,0x00000007e6100000,0x00000007e6100000)
  from space 30208K, 99% used [0x00000007e6100000,0x00000007e7e78040,0x00000007e7e80000)
  to   space 24576K, 0% used [0x00000007e7e80000,0x00000007e7e80000,0x00000007e9680000)
 ParOldGen       total 156160K, used 113173K [0x0000000784000000, 0x000000078d880000, 0x00000007d6a80000)
  object space 156160K, 72% used [0x0000000784000000,0x000000078ae854d0,0x000000078d880000)
 PSPermGen       total 83456K, used 42600K [0x000000077ee00000, 0x0000000783f80000, 0x0000000784000000)
  object space 83456K, 51% used [0x000000077ee00000,0x000000078179a110,0x0000000783f80000)
Event: 19.849 GC heap after
Heap after GC invocations=11 (full 1):
 PSYoungGen      total 276992K, used 24544K [0x00000007d6a80000, 0x00000007ea180000, 0x0000000800000000)
  eden space 252416K, 0% used [0x00000007d6a80000,0x00000007d6a80000,0x00000007e6100000)
  from space 24576K, 99% used [0x00000007e7e80000,0x00000007e9678040,0x00000007e9680000)
  to   space 30208K, 0% used [0x00000007e6100000,0x00000007e6100000,0x00000007e7e80000)
 ParOldGen       total 156160K, used 152197K [0x0000000784000000, 0x000000078d880000, 0x00000007d6a80000)
  object space 156160K, 97% used [0x0000000784000000,0x000000078d4a14d0,0x000000078d880000)
 PSPermGen       total 83456K, used 42600K [0x000000077ee00000, 0x0000000783f80000, 0x0000000784000000)
  object space 83456K, 51% used [0x000000077ee00000,0x000000078179a110,0x0000000783f80000)
}
Event: 19.849 GC heap before
{Heap before GC invocations=12 (full 2):
 PSYoungGen      total 276992K, used 24544K [0x00000007d6a80000, 0x00000007ea180000, 0x0000000800000000)
  eden space 252416K, 0% used [0x00000007d6a80000,0x00000007d6a80000,0x00000007e6100000)
  from space 24576K, 99% used [0x00000007e7e80000,0x00000007e9678040,0x00000007e9680000)
  to   space 30208K, 0% used [0x00000007e6100000,0x00000007e6100000,0x00000007e7e80000)
 ParOldGen       total 156160K, used 152197K [0x0000000784000000, 0x000000078d880000, 0x00000007d6a80000)
  object space 156160K, 97% used [0x0000000784000000,0x000000078d4a14d0,0x000000078d880000)
 PSPermGen       total 83456K, used 42600K [0x000000077ee00000, 0x0000000783f80000, 0x0000000784000000)
  object space 83456K, 51% used [0x000000077ee00000,0x000000078179a110,0x0000000783f80000)
Event: 20.712 GC heap after
Heap after GC invocations=12 (full 2):
 PSYoungGen      total 276992K, used 0K [0x00000007d6a80000, 0x00000007ea180000, 0x0000000800000000)
  eden space 252416K, 0% used [0x00000007d6a80000,0x00000007d6a80000,0x00000007e6100000)
  from space 24576K, 0% used [0x00000007e7e80000,0x00000007e7e80000,0x00000007e9680000)
  to   space 30208K, 0% used [0x00000007e6100000,0x00000007e6100000,0x00000007e7e80000)
 ParOldGen       total 156160K, used 56521K [0x0000000784000000, 0x000000078d880000, 0x00000007d6a80000)
  object space 156160K, 36% used [0x0000000784000000,0x00000007877326b0,0x000000078d880000)
 PSPermGen       total 83456K, used 42599K [0x000000077ee00000, 0x0000000783f80000, 0x0000000784000000)
  object space 83456K, 51% used [0x000000077ee00000,0x0000000781799e38,0x0000000783f80000)
}
Event: 21.592 GC heap before
{Heap before GC invocations=13 (full 2):
 PSYoungGen      total 276992K, used 252416K [0x00000007d6a80000, 0x00000007ea180000, 0x0000000800000000)
  eden space 252416K, 100% used [0x00000007d6a80000,0x00000007e6100000,0x00000007e6100000)
  from space 24576K, 0% used [0x00000007e7e80000,0x00000007e7e80000,0x00000007e9680000)
  to   space 30208K, 0% used [0x00000007e6100000,0x00000007e6100000,0x00000007e7e80000)
 ParOldGen       total 156160K, used 56521K [0x0000000784000000, 0x000000078d880000, 0x00000007d6a80000)
  object space 156160K, 36% used [0x0000000784000000,0x00000007877326b0,0x000000078d880000)
 PSPermGen       total 83456K, used 42599K [0x000000077ee00000, 0x0000000783f80000, 0x0000000784000000)
  object space 83456K, 51% used [0x000000077ee00000,0x0000000781799e38,0x0000000783f80000)
Event: 21.690 GC heap after
Heap after GC invocations=13 (full 2):
 PSYoungGen      total 282624K, used 30176K [0x00000007d6a80000, 0x00000007ea180000, 0x0000000800000000)
  eden space 252416K, 0% used [0x00000007d6a80000,0x00000007d6a80000,0x00000007e6100000)
  from space 30208K, 99% used [0x00000007e6100000,0x00000007e7e78010,0x00000007e7e80000)
  to   space 24576K, 0% used [0x00000007e7e80000,0x00000007e7e80000,0x00000007e9680000)
 ParOldGen       total 156160K, used 68761K [0x0000000784000000, 0x000000078d880000, 0x00000007d6a80000)
  object space 156160K, 44% used [0x0000000784000000,0x00000007883266b0,0x000000078d880000)
 PSPermGen       total 83456K, used 42599K [0x000000077ee00000, 0x0000000783f80000, 0x0000000784000000)
  object space 83456K, 51% used [0x000000077ee00000,0x0000000781799e38,0x0000000783f80000)
}
Event: 22.984 GC heap before
{Heap before GC invocations=14 (full 2):
 PSYoungGen      total 282624K, used 282592K [0x00000007d6a80000, 0x00000007ea180000, 0x0000000800000000)
  eden space 252416K, 100% used [0x00000007d6a80000,0x00000007e6100000,0x00000007e6100000)
  from space 30208K, 99% used [0x00000007e6100000,0x00000007e7e78010,0x00000007e7e80000)
  to   space 24576K, 0% used [0x00000007e7e80000,0x00000007e7e80000,0x00000007e9680000)
 ParOldGen       total 156160K, used 68761K [0x0000000784000000, 0x000000078d880000, 0x00000007d6a80000)
  object space 156160K, 44% used [0x0000000784000000,0x00000007883266b0,0x000000078d880000)
 PSPermGen       total 83456K, used 42599K [0x000000077ee00000, 0x0000000783f80000, 0x0000000784000000)
  object space 83456K, 51% used [0x000000077ee00000,0x0000000781799fc0,0x0000000783f80000)
Event: 23.167 GC heap after
Heap after GC invocations=14 (full 2):
 PSYoungGen      total 276992K, used 24544K [0x00000007d6a80000, 0x00000007ea180000, 0x0000000800000000)
  eden space 252416K, 0% used [0x00000007d6a80000,0x00000007d6a80000,0x00000007e6100000)
  from space 24576K, 99% used [0x00000007e7e80000,0x00000007e9678010,0x00000007e9680000)
  to   space 30208K, 0% used [0x00000007e6100000,0x00000007e6100000,0x00000007e7e80000)
 ParOldGen       total 156160K, used 119409K [0x0000000784000000, 0x000000078d880000, 0x00000007d6a80000)
  object space 156160K, 76% used [0x0000000784000000,0x000000078b49c6d0,0x000000078d880000)
 PSPermGen       total 83456K, used 42599K [0x000000077ee00000, 0x0000000783f80000, 0x0000000784000000)
  object space 83456K, 51% used [0x000000077ee00000,0x0000000781799fc0,0x0000000783f80000)
}
Event: 23.167 GC heap before
{Heap before GC invocations=15 (full 3):
 PSYoungGen      total 276992K, used 24544K [0x00000007d6a80000, 0x00000007ea180000, 0x0000000800000000)
  eden space 252416K, 0% used [0x00000007d6a80000,0x00000007d6a80000,0x00000007e6100000)
  from space 24576K, 99% used [0x00000007e7e80000,0x00000007e9678010,0x00000007e9680000)
  to   space 30208K, 0% used [0x00000007e6100000,0x00000007e6100000,0x00000007e7e80000)
 ParOldGen       total 156160K, used 119409K [0x0000000784000000, 0x000000078d880000, 0x00000007d6a80000)
  object space 156160K, 76% used [0x0000000784000000,0x000000078b49c6d0,0x000000078d880000)
 PSPermGen       total 83456K, used 42599K [0x000000077ee00000, 0x0000000783f80000, 0x0000000784000000)
  object space 83456K, 51% used [0x000000077ee00000,0x0000000781799fc0,0x0000000783f80000)
Event: 24.400 GC heap after
Heap after GC invocations=15 (full 3):
 PSYoungGen      total 276992K, used 0K [0x00000007d6a80000, 0x00000007ea180000, 0x0000000800000000)
  eden space 252416K, 0% used [0x00000007d6a80000,0x00000007d6a80000,0x00000007e6100000)
  from space 24576K, 0% used [0x00000007e7e80000,0x00000007e7e80000,0x00000007e9680000)
  to   space 30208K, 0% used [0x00000007e6100000,0x00000007e6100000,0x00000007e7e80000)
 ParOldGen       total 156160K, used 119129K [0x0000000784000000, 0x000000078d880000, 0x00000007d6a80000)
  object space 156160K, 76% used [0x0000000784000000,0x000000078b4565e8,0x000000078d880000)
 PSPermGen       total 83968K, used 42599K [0x000000077ee00000, 0x0000000784000000, 0x0000000784000000)
  object space 83968K, 50% used [0x000000077ee00000,0x0000000781799fc0,0x0000000784000000)
}

# JRE version: Java(TM) SE Runtime Environment (7.0_79-b15) (build 1.7.0_79-b15)
# Java VM: Java HotSpot(TM) 64-Bit Server VM (24.79-b02 mixed mode windows-amd64 compressed oops)
Heap
 PSYoungGen      total 276992K, used 16174K [0x00000007d6a80000, 0x00000007ea180000, 0x0000000800000000)
  eden space 252416K, 6% used [0x00000007d6a80000,0x00000007d7a4bb30,0x00000007e6100000)
  from space 24576K, 0% used [0x00000007e7e80000,0x00000007e7e80000,0x00000007e9680000)
  to   space 30208K, 0% used [0x00000007e6100000,0x00000007e6100000,0x00000007e7e80000)
 ParOldGen       total 156160K, used 119129K [0x0000000784000000, 0x000000078d880000, 0x00000007d6a80000)
  object space 156160K, 76% used [0x0000000784000000,0x000000078b4565e8,0x000000078d880000)
 PSPermGen       total 83968K, used 42744K [0x000000077ee00000, 0x0000000784000000, 0x0000000784000000)
  object space 83968K, 50% used [0x000000077ee00000,0x00000007817be358,0x0000000784000000)
GC Heap History (10 events):
Event: 19.699 GC heap before
{Heap before GC invocations=11 (full 1):
 PSYoungGen      total 282624K, used 282592K [0x00000007d6a80000, 0x00000007ea180000, 0x0000000800000000)
  eden space 252416K, 100% used [0x00000007d6a80000,0x00000007e6100000,0x00000007e6100000)
  from space 30208K, 99% used [0x00000007e6100000,0x00000007e7e78040,0x00000007e7e80000)
  to   space 24576K, 0% used [0x00000007e7e80000,0x00000007e7e80000,0x00000007e9680000)
 ParOldGen       total 156160K, used 113173K [0x0000000784000000, 0x000000078d880000, 0x00000007d6a80000)
  object space 156160K, 72% used [0x0000000784000000,0x000000078ae854d0,0x000000078d880000)
 PSPermGen       total 83456K, used 42600K [0x000000077ee00000, 0x0000000783f80000, 0x0000000784000000)
  object space 83456K, 51% used [0x000000077ee00000,0x000000078179a110,0x0000000783f80000)
Event: 19.849 GC heap after
Heap after GC invocations=11 (full 1):
 PSYoungGen      total 276992K, used 24544K [0x00000007d6a80000, 0x00000007ea180000, 0x0000000800000000)
  eden space 252416K, 0% used [0x00000007d6a80000,0x00000007d6a80000,0x00000007e6100000)
  from space 24576K, 99% used [0x00000007e7e80000,0x00000007e9678040,0x00000007e9680000)
  to   space 30208K, 0% used [0x00000007e6100000,0x00000007e6100000,0x00000007e7e80000)
 ParOldGen       total 156160K, used 152197K [0x0000000784000000, 0x000000078d880000, 0x00000007d6a80000)
  object space 156160K, 97% used [0x0000000784000000,0x000000078d4a14d0,0x000000078d880000)
 PSPermGen       total 83456K, used 42600K [0x000000077ee00000, 0x0000000783f80000, 0x0000000784000000)
  object space 83456K, 51% used [0x000000077ee00000,0x000000078179a110,0x0000000783f80000)
}
Event: 19.849 GC heap before
{Heap before GC invocations=12 (full 2):
 PSYoungGen      total 276992K, used 24544K [0x00000007d6a80000, 0x00000007ea180000, 0x0000000800000000)
  eden space 252416K, 0% used [0x00000007d6a80000,0x00000007d6a80000,0x00000007e6100000)
  from space 24576K, 99% used [0x00000007e7e80000,0x00000007e9678040,0x00000007e9680000)
  to   space 30208K, 0% used [0x00000007e6100000,0x00000007e6100000,0x00000007e7e80000)
 ParOldGen       total 156160K, used 152197K [0x0000000784000000, 0x000000078d880000, 0x00000007d6a80000)
  object space 156160K, 97% used [0x0000000784000000,0x000000078d4a14d0,0x000000078d880000)
 PSPermGen       total 83456K, used 42600K [0x000000077ee00000, 0x0000000783f80000, 0x0000000784000000)
  object space 83456K, 51% used [0x000000077ee00000,0x000000078179a110,0x0000000783f80000)
Event: 20.712 GC heap after
Heap after GC invocations=12 (full 2):
 PSYoungGen      total 276992K, used 0K [0x00000007d6a80000, 0x00000007ea180000, 0x0000000800000000)
  eden space 252416K, 0% used [0x00000007d6a80000,0x00000007d6a80000,0x00000007e6100000)
  from space 24576K, 0% used [0x00000007e7e80000,0x00000007e7e80000,0x00000007e9680000)
  to   space 30208K, 0% used [0x00000007e6100000,0x00000007e6100000,0x00000007e7e80000)
 ParOldGen       total 156160K, used 56521K [0x0000000784000000, 0x000000078d880000, 0x00000007d6a80000)
  object space 156160K, 36% used [0x0000000784000000,0x00000007877326b0,0x000000078d880000)
 PSPermGen       total 83456K, used 42599K [0x000000077ee00000, 0x0000000783f80000, 0x0000000784000000)
  object space 83456K, 51% used [0x000000077ee00000,0x0000000781799e38,0x0000000783f80000)
}
Event: 21.592 GC heap before
{Heap before GC invocations=13 (full 2):
 PSYoungGen      total 276992K, used 252416K [0x00000007d6a80000, 0x00000007ea180000, 0x0000000800000000)
  eden space 252416K, 100% used [0x00000007d6a80000,0x00000007e6100000,0x00000007e6100000)
  from space 24576K, 0% used [0x00000007e7e80000,0x00000007e7e80000,0x00000007e9680000)
  to   space 30208K, 0% used [0x00000007e6100000,0x00000007e6100000,0x00000007e7e80000)
 ParOldGen       total 156160K, used 56521K [0x0000000784000000, 0x000000078d880000, 0x00000007d6a80000)
  object space 156160K, 36% used [0x0000000784000000,0x00000007877326b0,0x000000078d880000)
 PSPermGen       total 83456K, used 42599K [0x000000077ee00000, 0x0000000783f80000, 0x0000000784000000)
  object space 83456K, 51% used [0x000000077ee00000,0x0000000781799e38,0x0000000783f80000)
Event: 21.690 GC heap after
Heap after GC invocations=13 (full 2):
 PSYoungGen      total 282624K, used 30176K [0x00000007d6a80000, 0x00000007ea180000, 0x0000000800000000)
  eden space 252416K, 0% used [0x00000007d6a80000,0x00000007d6a80000,0x00000007e6100000)
  from space 30208K, 99% used [0x00000007e6100000,0x00000007e7e78010,0x00000007e7e80000)
  to   space 24576K, 0% used [0x00000007e7e80000,0x00000007e7e80000,0x00000007e9680000)
 ParOldGen       total 156160K, used 68761K [0x0000000784000000, 0x000000078d880000, 0x00000007d6a80000)
  object space 156160K, 44% used [0x0000000784000000,0x00000007883266b0,0x000000078d880000)
 PSPermGen       total 83456K, used 42599K [0x000000077ee00000, 0x0000000783f80000, 0x0000000784000000)
  object space 83456K, 51% used [0x000000077ee00000,0x0000000781799e38,0x0000000783f80000)
}
Event: 22.984 GC heap before
{Heap before GC invocations=14 (full 2):
 PSYoungGen      total 282624K, used 282592K [0x00000007d6a80000, 0x00000007ea180000, 0x0000000800000000)
  eden space 252416K, 100% used [0x00000007d6a80000,0x00000007e6100000,0x00000007e6100000)
  from space 30208K, 99% used [0x00000007e6100000,0x00000007e7e78010,0x00000007e7e80000)
  to   space 24576K, 0% used [0x00000007e7e80000,0x00000007e7e80000,0x00000007e9680000)
 ParOldGen       total 156160K, used 68761K [0x0000000784000000, 0x000000078d880000, 0x00000007d6a80000)
  object space 156160K, 44% used [0x0000000784000000,0x00000007883266b0,0x000000078d880000)
 PSPermGen       total 83456K, used 42599K [0x000000077ee00000, 0x0000000783f80000, 0x0000000784000000)
  object space 83456K, 51% used [0x000000077ee00000,0x0000000781799fc0,0x0000000783f80000)
Event: 23.167 GC heap after
Heap after GC invocations=14 (full 2):
 PSYoungGen      total 276992K, used 24544K [0x00000007d6a80000, 0x00000007ea180000, 0x0000000800000000)
  eden space 252416K, 0% used [0x00000007d6a80000,0x00000007d6a80000,0x00000007e6100000)
  from space 24576K, 99% used [0x00000007e7e80000,0x00000007e9678010,0x00000007e9680000)
  to   space 30208K, 0% used [0x00000007e6100000,0x00000007e6100000,0x00000007e7e80000)
 ParOldGen       total 156160K, used 119409K [0x0000000784000000, 0x000000078d880000, 0x00000007d6a80000)
  object space 156160K, 76% used [0x0000000784000000,0x000000078b49c6d0,0x000000078d880000)
 PSPermGen       total 83456K, used 42599K [0x000000077ee00000, 0x0000000783f80000, 0x0000000784000000)
  object space 83456K, 51% used [0x000000077ee00000,0x0000000781799fc0,0x0000000783f80000)
}
Event: 23.167 GC heap before
{Heap before GC invocations=15 (full 3):
 PSYoungGen      total 276992K, used 24544K [0x00000007d6a80000, 0x00000007ea180000, 0x0000000800000000)
  eden space 252416K, 0% used [0x00000007d6a80000,0x00000007d6a80000,0x00000007e6100000)
  from space 24576K, 99% used [0x00000007e7e80000,0x00000007e9678010,0x00000007e9680000)
  to   space 30208K, 0% used [0x00000007e6100000,0x00000007e6100000,0x00000007e7e80000)
 ParOldGen       total 156160K, used 119409K [0x0000000784000000, 0x000000078d880000, 0x00000007d6a80000)
  object space 156160K, 76% used [0x0000000784000000,0x000000078b49c6d0,0x000000078d880000)
 PSPermGen       total 83456K, used 42599K [0x000000077ee00000, 0x0000000783f80000, 0x0000000784000000)
  object space 83456K, 51% used [0x000000077ee00000,0x0000000781799fc0,0x0000000783f80000)
Event: 24.400 GC heap after
Heap after GC invocations=15 (full 3):
 PSYoungGen      total 276992K, used 0K [0x00000007d6a80000, 0x00000007ea180000, 0x0000000800000000)
  eden space 252416K, 0% used [0x00000007d6a80000,0x00000007d6a80000,0x00000007e6100000)
  from space 24576K, 0% used [0x00000007e7e80000,0x00000007e7e80000,0x00000007e9680000)
  to   space 30208K, 0% used [0x00000007e6100000,0x00000007e6100000,0x00000007e7e80000)
 ParOldGen       total 156160K, used 119129K [0x0000000784000000, 0x000000078d880000, 0x00000007d6a80000)
  object space 156160K, 76% used [0x0000000784000000,0x000000078b4565e8,0x000000078d880000)
 PSPermGen       total 83968K, used 42599K [0x000000077ee00000, 0x0000000784000000, 0x0000000784000000)
  object space 83968K, 50% used [0x000000077ee00000,0x0000000781799fc0,0x0000000784000000)
}

# JRE version: Java(TM) SE Runtime Environment (7.0_79-b15) (build 1.7.0_79-b15)
# Java VM: Java HotSpot(TM) 64-Bit Server VM (24.79-b02 mixed mode windows-amd64 compressed oops)
Heap
 PSYoungGen      total 276992K, used 16174K [0x00000007d6a80000, 0x00000007ea180000, 0x0000000800000000)
  eden space 252416K, 6% used [0x00000007d6a80000,0x00000007d7a4bb30,0x00000007e6100000)
  from space 24576K, 0% used [0x00000007e7e80000,0x00000007e7e80000,0x00000007e9680000)
  to   space 30208K, 0% used [0x00000007e6100000,0x00000007e6100000,0x00000007e7e80000)
 ParOldGen       total 156160K, used 119129K [0x0000000784000000, 0x000000078d880000, 0x00000007d6a80000)
  object space 156160K, 76% used [0x0000000784000000,0x000000078b4565e8,0x000000078d880000)
 PSPermGen       total 83968K, used 42744K [0x000000077ee00000, 0x0000000784000000, 0x0000000784000000)
  object space 83968K, 50% used [0x000000077ee00000,0x00000007817be358,0x0000000784000000)
GC Heap History (10 events):
Event: 19.699 GC heap before
{Heap before GC invocations=11 (full 1):
 PSYoungGen      total 282624K, used 282592K [0x00000007d6a80000, 0x00000007ea180000, 0x0000000800000000)
  eden space 252416K, 100% used [0x00000007d6a80000,0x00000007e6100000,0x00000007e6100000)
  from space 30208K, 99% used [0x00000007e6100000,0x00000007e7e78040,0x00000007e7e80000)
  to   space 24576K, 0% used [0x00000007e7e80000,0x00000007e7e80000,0x00000007e9680000)
 ParOldGen       total 156160K, used 113173K [0x0000000784000000, 0x000000078d880000, 0x00000007d6a80000)
  object space 156160K, 72% used [0x0000000784000000,0x000000078ae854d0,0x000000078d880000)
 PSPermGen       total 83456K, used 42600K [0x000000077ee00000, 0x0000000783f80000, 0x0000000784000000)
  object space 83456K, 51% used [0x000000077ee00000,0x000000078179a110,0x0000000783f80000)
Event: 19.849 GC heap after
Heap after GC invocations=11 (full 1):
 PSYoungGen      total 276992K, used 24544K [0x00000007d6a80000, 0x00000007ea180000, 0x0000000800000000)
  eden space 252416K, 0% used [0x00000007d6a80000,0x00000007d6a80000,0x00000007e6100000)
  from space 24576K, 99% used [0x00000007e7e80000,0x00000007e9678040,0x00000007e9680000)
  to   space 30208K, 0% used [0x00000007e6100000,0x00000007e6100000,0x00000007e7e80000)
 ParOldGen       total 156160K, used 152197K [0x0000000784000000, 0x000000078d880000, 0x00000007d6a80000)
  object space 156160K, 97% used [0x0000000784000000,0x000000078d4a14d0,0x000000078d880000)
 PSPermGen       total 83456K, used 42600K [0x000000077ee00000, 0x0000000783f80000, 0x0000000784000000)
  object space 83456K, 51% used [0x000000077ee00000,0x000000078179a110,0x0000000783f80000)
}
Event: 19.849 GC heap before
{Heap before GC invocations=12 (full 2):
 PSYoungGen      total 276992K, used 24544K [0x00000007d6a80000, 0x00000007ea180000, 0x0000000800000000)
  eden space 252416K, 0% used [0x00000007d6a80000,0x00000007d6a80000,0x00000007e6100000)
  from space 24576K, 99% used [0x00000007e7e80000,0x00000007e9678040,0x00000007e9680000)
  to   space 30208K, 0% used [0x00000007e6100000,0x00000007e6100000,0x00000007e7e80000)
 ParOldGen       total 156160K, used 152197K [0x0000000784000000, 0x000000078d880000, 0x00000007d6a80000)
  object space 156160K, 97% used [0x0000000784000000,0x000000078d4a14d0,0x000000078d880000)
 PSPermGen       total 83456K, used 42600K [0x000000077ee00000, 0x0000000783f80000, 0x0000000784000000)
  object space 83456K, 51% used [0x000000077ee00000,0x000000078179a110,0x0000000783f80000)
Event: 20.712 GC heap after
Heap after GC invocations=12 (full 2):
 PSYoungGen      total 276992K, used 0K [0x00000007d6a80000, 0x00000007ea180000, 0x0000000800000000)
  eden space 252416K, 0% used [0x00000007d6a80000,0x00000007d6a80000,0x00000007e6100000)
  from space 24576K, 0% used [0x00000007e7e80000,0x00000007e7e80000,0x00000007e9680000)
  to   space 30208K, 0% used [0x00000007e6100000,0x00000007e6100000,0x00000007e7e80000)
 ParOldGen       total 156160K, used 56521K [0x0000000784000000, 0x000000078d880000, 0x00000007d6a80000)
  object space 156160K, 36% used [0x0000000784000000,0x00000007877326b0,0x000000078d880000)
 PSPermGen       total 83456K, used 42599K [0x000000077ee00000, 0x0000000783f80000, 0x0000000784000000)
  object space 83456K, 51% used [0x000000077ee00000,0x0000000781799e38,0x0000000783f80000)
}
Event: 21.592 GC heap before
{Heap before GC invocations=13 (full 2):
 PSYoungGen      total 276992K, used 252416K [0x00000007d6a80000, 0x00000007ea180000, 0x0000000800000000)
  eden space 252416K, 100% used [0x00000007d6a80000,0x00000007e6100000,0x00000007e6100000)
  from space 24576K, 0% used [0x00000007e7e80000,0x00000007e7e80000,0x00000007e9680000)
  to   space 30208K, 0% used [0x00000007e6100000,0x00000007e6100000,0x00000007e7e80000)
 ParOldGen       total 156160K, used 56521K [0x0000000784000000, 0x000000078d880000, 0x00000007d6a80000)
  object space 156160K, 36% used [0x0000000784000000,0x00000007877326b0,0x000000078d880000)
 PSPermGen       total 83456K, used 42599K [0x000000077ee00000, 0x0000000783f80000, 0x0000000784000000)
  object space 83456K, 51% used [0x000000077ee00000,0x0000000781799e38,0x0000000783f80000)
Event: 21.690 GC heap after
Heap after GC invocations=13 (full 2):
 PSYoungGen      total 282624K, used 30176K [0x00000007d6a80000, 0x00000007ea180000, 0x0000000800000000)
  eden space 252416K, 0% used [0x00000007d6a80000,0x00000007d6a80000,0x00000007e6100000)
  from space 30208K, 99% used [0x00000007e6100000,0x00000007e7e78010,0x00000007e7e80000)
  to   space 24576K, 0% used [0x00000007e7e80000,0x00000007e7e80000,0x00000007e9680000)
 ParOldGen       total 156160K, used 68761K [0x0000000784000000, 0x000000078d880000, 0x00000007d6a80000)
  object space 156160K, 44% used [0x0000000784000000,0x00000007883266b0,0x000000078d880000)
 PSPermGen       total 83456K, used 42599K [0x000000077ee00000, 0x0000000783f80000, 0x0000000784000000)
  object space 83456K, 51% used [0x000000077ee00000,0x0000000781799e38,0x0000000783f80000)
}
Event: 22.984 GC heap before
{Heap before GC invocations=14 (full 2):
 PSYoungGen      total 282624K, used 282592K [0x00000007d6a80000, 0x00000007ea180000, 0x0000000800000000)
  eden space 252416K, 100% used [0x00000007d6a80000,0x00000007e6100000,0x00000007e6100000)
  from space 30208K, 99% used [0x00000007e6100000,0x00000007e7e78010,0x00000007e7e80000)
  to   space 24576K, 0% used [0x00000007e7e80000,0x00000007e7e80000,0x00000007e9680000)
 ParOldGen       total 156160K, used 68761K [0x0000000784000000, 0x000000078d880000, 0x00000007d6a80000)
  object space 156160K, 44% used [0x0000000784000000,0x00000007883266b0,0x000000078d880000)
 PSPermGen       total 83456K, used 42599K [0x000000077ee00000, 0x0000000783f80000, 0x0000000784000000)
  object space 83456K, 51% used [0x000000077ee00000,0x0000000781799fc0,0x0000000783f80000)
Event: 23.167 GC heap after
Heap after GC invocations=14 (full 2):
 PSYoungGen      total 276992K, used 24544K [0x00000007d6a80000, 0x00000007ea180000, 0x0000000800000000)
  eden space 252416K, 0% used [0x00000007d6a80000,0x00000007d6a80000,0x00000007e6100000)
  from space 24576K, 99% used [0x00000007e7e80000,0x00000007e9678010,0x00000007e9680000)
  to   space 30208K, 0% used [0x00000007e6100000,0x00000007e6100000,0x00000007e7e80000)
 ParOldGen       total 156160K, used 119409K [0x0000000784000000, 0x000000078d880000, 0x00000007d6a80000)
  object space 156160K, 76% used [0x0000000784000000,0x000000078b49c6d0,0x000000078d880000)
 PSPermGen       total 83456K, used 42599K [0x000000077ee00000, 0x0000000783f80000, 0x0000000784000000)
  object space 83456K, 51% used [0x000000077ee00000,0x0000000781799fc0,0x0000000783f80000)
}
Event: 23.167 GC heap before
{Heap before GC invocations=15 (full 3):
 PSYoungGen      total 276992K, used 24544K [0x00000007d6a80000, 0x00000007ea180000, 0x0000000800000000)
  eden space 252416K, 0% used [0x00000007d6a80000,0x00000007d6a80000,0x00000007e6100000)
  from space 24576K, 99% used [0x00000007e7e80000,0x00000007e9678010,0x00000007e9680000)
  to   space 30208K, 0% used [0x00000007e6100000,0x00000007e6100000,0x00000007e7e80000)
 ParOldGen       total 156160K, used 119409K [0x0000000784000000, 0x000000078d880000, 0x00000007d6a80000)
  object space 156160K, 76% used [0x0000000784000000,0x000000078b49c6d0,0x000000078d880000)
 PSPermGen       total 83456K, used 42599K [0x000000077ee00000, 0x0000000783f80000, 0x0000000784000000)
  object space 83456K, 51% used [0x000000077ee00000,0x0000000781799fc0,0x0000000783f80000)
Event: 24.400 GC heap after
Heap after GC invocations=15 (full 3):
 PSYoungGen      total 276992K, used 0K [0x00000007d6a80000, 0x00000007ea180000, 0x0000000800000000)
  eden space 252416K, 0% used [0x00000007d6a80000,0x00000007d6a80000,0x00000007e6100000)
  from space 24576K, 0% used [0x00000007e7e80000,0x00000007e7e80000,0x00000007e9680000)
  to   space 30208K, 0% used [0x00000007e6100000,0x00000007e6100000,0x00000007e7e80000)
 ParOldGen       total 156160K, used 119129K [0x0000000784000000, 0x000000078d880000, 0x00000007d6a80000)
  object space 156160K, 76% used [0x0000000784000000,0x000000078b4565e8,0x000000078d880000)
 PSPermGen       total 83968K, used 42599K [0x000000077ee00000, 0x0000000784000000, 0x0000000784000000)
  object space 83968K, 50% used [0x000000077ee00000,0x0000000781799fc0,0x0000000784000000)
}

# JRE version: Java(TM) SE Runtime Environment (7.0_79-b15) (build 1.7.0_79-b15)
# Java VM: Java HotSpot(TM) 64-Bit Server VM (24.79-b02 mixed mode windows-amd64 compressed oops)
Heap
 PSYoungGen      total 276992K, used 16174K [0x00000007d6a80000, 0x00000007ea180000, 0x0000000800000000)
  eden space 252416K, 6% used [0x00000007d6a80000,0x00000007d7a4bb30,0x00000007e6100000)
  from space 24576K, 0% used [0x00000007e7e80000,0x00000007e7e80000,0x00000007e9680000)
  to   space 30208K, 0% used [0x00000007e6100000,0x00000007e6100000,0x00000007e7e80000)
 ParOldGen       total 156160K, used 119129K [0x0000000784000000, 0x000000078d880000, 0x00000007d6a80000)
  object space 156160K, 76% used [0x0000000784000000,0x000000078b4565e8,0x000000078d880000)
 PSPermGen       total 83968K, used 42744K [0x000000077ee00000, 0x0000000784000000, 0x0000000784000000)
  object space 83968K, 50% used [0x000000077ee00000,0x00000007817be358,0x0000000784000000)
GC Heap History (10 events):
Event: 19.699 GC heap before
{Heap before GC invocations=11 (full 1):
 PSYoungGen      total 282624K, used 282592K [0x00000007d6a80000, 0x00000007ea180000, 0x0000000800000000)
  eden space 252416K, 100% used [0x00000007d6a80000,0x00000007e6100000,0x00000007e6100000)
  from space 30208K, 99% used [0x00000007e6100000,0x00000007e7e78040,0x00000007e7e80000)
  to   space 24576K, 0% used [0x00000007e7e80000,0x00000007e7e80000,0x00000007e9680000)
 ParOldGen       total 156160K, used 113173K [0x0000000784000000, 0x000000078d880000, 0x00000007d6a80000)
  object space 156160K, 72% used [0x0000000784000000,0x000000078ae854d0,0x000000078d880000)
 PSPermGen       total 83456K, used 42600K [0x000000077ee00000, 0x0000000783f80000, 0x0000000784000000)
  object space 83456K, 51% used [0x000000077ee00000,0x000000078179a110,0x0000000783f80000)
Event: 19.849 GC heap after
Heap after GC invocations=11 (full 1):
 PSYoungGen      total 276992K, used 24544K [0x00000007d6a80000, 0x00000007ea180000, 0x0000000800000000)
  eden space 252416K, 0% used [0x00000007d6a80000,0x00000007d6a80000,0x00000007e6100000)
  from space 24576K, 99% used [0x00000007e7e80000,0x00000007e9678040,0x00000007e9680000)
  to   space 30208K, 0% used [0x00000007e6100000,0x00000007e6100000,0x00000007e7e80000)
 ParOldGen       total 156160K, used 152197K [0x0000000784000000, 0x000000078d880000, 0x00000007d6a80000)
  object space 156160K, 97% used [0x0000000784000000,0x000000078d4a14d0,0x000000078d880000)
 PSPermGen       total 83456K, used 42600K [0x000000077ee00000, 0x0000000783f80000, 0x0000000784000000)
  object space 83456K, 51% used [0x000000077ee00000,0x000000078179a110,0x0000000783f80000)
}
Event: 19.849 GC heap before
{Heap before GC invocations=12 (full 2):
 PSYoungGen      total 276992K, used 24544K [0x00000007d6a80000, 0x00000007ea180000, 0x0000000800000000)
  eden space 252416K, 0% used [0x00000007d6a80000,0x00000007d6a80000,0x00000007e6100000)
  from space 24576K, 99% used [0x00000007e7e80000,0x00000007e9678040,0x00000007e9680000)
  to   space 30208K, 0% used [0x00000007e6100000,0x00000007e6100000,0x00000007e7e80000)
 ParOldGen       total 156160K, used 152197K [0x0000000784000000, 0x000000078d880000, 0x00000007d6a80000)
  object space 156160K, 97% used [0x0000000784000000,0x000000078d4a14d0,0x000000078d880000)
 PSPermGen       total 83456K, used 42600K [0x000000077ee00000, 0x0000000783f80000, 0x0000000784000000)
  object space 83456K, 51% used [0x000000077ee00000,0x000000078179a110,0x0000000783f80000)
Event: 20.712 GC heap after
Heap after GC invocations=12 (full 2):
 PSYoungGen      total 276992K, used 0K [0x00000007d6a80000, 0x00000007ea180000, 0x0000000800000000)
  eden space 252416K, 0% used [0x00000007d6a80000,0x00000007d6a80000,0x00000007e6100000)
  from space 24576K, 0% used [0x00000007e7e80000,0x00000007e7e80000,0x00000007e9680000)
  to   space 30208K, 0% used [0x00000007e6100000,0x00000007e6100000,0x00000007e7e80000)
 ParOldGen       total 156160K, used 56521K [0x0000000784000000, 0x000000078d880000, 0x00000007d6a80000)
  object space 156160K, 36% used [0x0000000784000000,0x00000007877326b0,0x000000078d880000)
 PSPermGen       total 83456K, used 42599K [0x000000077ee00000, 0x0000000783f80000, 0x0000000784000000)
  object space 83456K, 51% used [0x000000077ee00000,0x0000000781799e38,0x0000000783f80000)
}
Event: 21.592 GC heap before
{Heap before GC invocations=13 (full 2):
 PSYoungGen      total 276992K, used 252416K [0x00000007d6a80000, 0x00000007ea180000, 0x0000000800000000)
  eden space 252416K, 100% used [0x00000007d6a80000,0x00000007e6100000,0x00000007e6100000)
  from space 24576K, 0% used [0x00000007e7e80000,0x00000007e7e80000,0x00000007e9680000)
  to   space 30208K, 0% used [0x00000007e6100000,0x00000007e6100000,0x00000007e7e80000)
 ParOldGen       total 156160K, used 56521K [0x0000000784000000, 0x000000078d880000, 0x00000007d6a80000)
  object space 156160K, 36% used [0x0000000784000000,0x00000007877326b0,0x000000078d880000)
 PSPermGen       total 83456K, used 42599K [0x000000077ee00000, 0x0000000783f80000, 0x0000000784000000)
  object space 83456K, 51% used [0x000000077ee00000,0x0000000781799e38,0x0000000783f80000)
Event: 21.690 GC heap after
Heap after GC invocations=13 (full 2):
 PSYoungGen      total 282624K, used 30176K [0x00000007d6a80000, 0x00000007ea180000, 0x0000000800000000)
  eden space 252416K, 0% used [0x00000007d6a80000,0x00000007d6a80000,0x00000007e6100000)
  from space 30208K, 99% used [0x00000007e6100000,0x00000007e7e78010,0x00000007e7e80000)
  to   space 24576K, 0% used [0x00000007e7e80000,0x00000007e7e80000,0x00000007e9680000)
 ParOldGen       total 156160K, used 68761K [0x0000000784000000, 0x000000078d880000, 0x00000007d6a80000)
  object space 156160K, 44% used [0x0000000784000000,0x00000007883266b0,0x000000078d880000)
 PSPermGen       total 83456K, used 42599K [0x000000077ee00000, 0x0000000783f80000, 0x0000000784000000)
  object space 83456K, 51% used [0x000000077ee00000,0x0000000781799e38,0x0000000783f80000)
}
Event: 22.984 GC heap before
{Heap before GC invocations=14 (full 2):
 PSYoungGen      total 282624K, used 282592K [0x00000007d6a80000, 0x00000007ea180000, 0x0000000800000000)
  eden space 252416K, 100% used [0x00000007d6a80000,0x00000007e6100000,0x00000007e6100000)
  from space 30208K, 99% used [0x00000007e6100000,0x00000007e7e78010,0x00000007e7e80000)
  to   space 24576K, 0% used [0x00000007e7e80000,0x00000007e7e80000,0x00000007e9680000)
 ParOldGen       total 156160K, used 68761K [0x0000000784000000, 0x000000078d880000, 0x00000007d6a80000)
  object space 156160K, 44% used [0x0000000784000000,0x00000007883266b0,0x000000078d880000)
 PSPermGen       total 83456K, used 42599K [0x000000077ee00000, 0x0000000783f80000, 0x0000000784000000)
  object space 83456K, 51% used [0x000000077ee00000,0x0000000781799fc0,0x0000000783f80000)
Event: 23.167 GC heap after
Heap after GC invocations=14 (full 2):
 PSYoungGen      total 276992K, used 24544K [0x00000007d6a80000, 0x00000007ea180000, 0x0000000800000000)
  eden space 252416K, 0% used [0x00000007d6a80000,0x00000007d6a80000,0x00000007e6100000)
  from space 24576K, 99% used [0x00000007e7e80000,0x00000007e9678010,0x00000007e9680000)
  to   space 30208K, 0% used [0x00000007e6100000,0x00000007e6100000,0x00000007e7e80000)
 ParOldGen       total 156160K, used 119409K [0x0000000784000000, 0x000000078d880000, 0x00000007d6a80000)
  object space 156160K, 76% used [0x0000000784000000,0x000000078b49c6d0,0x000000078d880000)
 PSPermGen       total 83456K, used 42599K [0x000000077ee00000, 0x0000000783f80000, 0x0000000784000000)
  object space 83456K, 51% used [0x000000077ee00000,0x0000000781799fc0,0x0000000783f80000)
}
Event: 23.167 GC heap before
{Heap before GC invocations=15 (full 3):
 PSYoungGen      total 276992K, used 24544K [0x00000007d6a80000, 0x00000007ea180000, 0x0000000800000000)
  eden space 252416K, 0% used [0x00000007d6a80000,0x00000007d6a80000,0x00000007e6100000)
  from space 24576K, 99% used [0x00000007e7e80000,0x00000007e9678010,0x00000007e9680000)
  to   space 30208K, 0% used [0x00000007e6100000,0x00000007e6100000,0x00000007e7e80000)
 ParOldGen       total 156160K, used 119409K [0x0000000784000000, 0x000000078d880000, 0x00000007d6a80000)
  object space 156160K, 76% used [0x0000000784000000,0x000000078b49c6d0,0x000000078d880000)
 PSPermGen       total 83456K, used 42599K [0x000000077ee00000, 0x0000000783f80000, 0x0000000784000000)
  object space 83456K, 51% used [0x000000077ee00000,0x0000000781799fc0,0x0000000783f80000)
Event: 24.400 GC heap after
Heap after GC invocations=15 (full 3):
 PSYoungGen      total 276992K, used 0K [0x00000007d6a80000, 0x00000007ea180000, 0x0000000800000000)
  eden space 252416K, 0% used [0x00000007d6a80000,0x00000007d6a80000,0x00000007e6100000)
  from space 24576K, 0% used [0x00000007e7e80000,0x00000007e7e80000,0x00000007e9680000)
  to   space 30208K, 0% used [0x00000007e6100000,0x00000007e6100000,0x00000007e7e80000)
 ParOldGen       total 156160K, used 119129K [0x0000000784000000, 0x000000078d880000, 0x00000007d6a80000)
  object space 156160K, 76% used [0x0000000784000000,0x000000078b4565e8,0x000000078d880000)
 PSPermGen       total 83968K, used 42599K [0x000000077ee00000, 0x0000000784000000, 0x0000000784000000)
  object space 83968K, 50% used [0x000000077ee00000,0x0000000781799fc0,0x0000000784000000)
}

# JRE version: Java(TM) SE Runtime Environment (7.0_79-b15) (build 1.7.0_79-b15)
# Java VM: Java HotSpot(TM) 64-Bit Server VM (24.79-b02 mixed mode windows-amd64 compressed oops)
Heap
 PSYoungGen      total 276992K, used 16174K [0x00000007d6a80000, 0x00000007ea180000, 0x0000000800000000)
  eden space 252416K, 6% used [0x00000007d6a80000,0x00000007d7a4bb30,0x00000007e6100000)
  from space 24576K, 0% used [0x00000007e7e80000,0x00000007e7e80000,0x00000007e9680000)
  to   space 30208K, 0% used [0x00000007e6100000,0x00000007e6100000,0x00000007e7e80000)
 ParOldGen       total 156160K, used 119129K [0x0000000784000000, 0x000000078d880000, 0x00000007d6a80000)
  object space 156160K, 76% used [0x0000000784000000,0x000000078b4565e8,0x000000078d880000)
 PSPermGen       total 83968K, used 42744K [0x000000077ee00000, 0x0000000784000000, 0x0000000784000000)
  object space 83968K, 50% used [0x000000077ee00000,0x00000007817be358,0x0000000784000000)
GC Heap History (10 events):
Event: 19.699 GC heap before
{Heap before GC invocations=11 (full 1):
 PSYoungGen      total 282624K, used 282592K [0x00000007d6a80000, 0x00000007ea180000, 0x0000000800000000)
  eden space 252416K, 100% used [0x00000007d6a80000,0x00000007e6100000,0x00000007e6100000)
  from space 30208K, 99% used [0x00000007e6100000,0x00000007e7e78040,0x00000007e7e80000)
  to   space 24576K, 0% used [0x00000007e7e80000,0x00000007e7e80000,0x00000007e9680000)
 ParOldGen       total 156160K, used 113173K [0x0000000784000000, 0x000000078d880000, 0x00000007d6a80000)
  object space 156160K, 72% used [0x0000000784000000,0x000000078ae854d0,0x000000078d880000)
 PSPermGen       total 83456K, used 42600K [0x000000077ee00000, 0x0000000783f80000, 0x0000000784000000)
  object space 83456K, 51% used [0x000000077ee00000,0x000000078179a110,0x0000000783f80000)
Event: 19.849 GC heap after
Heap after GC invocations=11 (full 1):
 PSYoungGen      total 276992K, used 24544K [0x00000007d6a80000, 0x00000007ea180000, 0x0000000800000000)
  eden space 252416K, 0% used [0x00000007d6a80000,0x00000007d6a80000,0x00000007e6100000)
  from space 24576K, 99% used [0x00000007e7e80000,0x00000007e9678040,0x00000007e9680000)
  to   space 30208K, 0% used [0x00000007e6100000,0x00000007e6100000,0x00000007e7e80000)
 ParOldGen       total 156160K, used 152197K [0x0000000784000000, 0x000000078d880000, 0x00000007d6a80000)
  object space 156160K, 97% used [0x0000000784000000,0x000000078d4a14d0,0x000000078d880000)
 PSPermGen       total 83456K, used 42600K [0x000000077ee00000, 0x0000000783f80000, 0x0000000784000000)
  object space 83456K, 51% used [0x000000077ee00000,0x000000078179a110,0x0000000783f80000)
}
Event: 19.849 GC heap before
{Heap before GC invocations=12 (full 2):
 PSYoungGen      total 276992K, used 24544K [0x00000007d6a80000, 0x00000007ea180000, 0x0000000800000000)
  eden space 252416K, 0% used [0x00000007d6a80000,0x00000007d6a80000,0x00000007e6100000)
  from space 24576K, 99% used [0x00000007e7e80000,0x00000007e9678040,0x00000007e9680000)
  to   space 30208K, 0% used [0x00000007e6100000,0x00000007e6100000,0x00000007e7e80000)
 ParOldGen       total 156160K, used 152197K [0x0000000784000000, 0x000000078d880000, 0x00000007d6a80000)
  object space 156160K, 97% used [0x0000000784000000,0x000000078d4a14d0,0x000000078d880000)
 PSPermGen       total 83456K, used 42600K [0x000000077ee00000, 0x0000000783f80000, 0x0000000784000000)
  object space 83456K, 51% used [0x000000077ee00000,0x000000078179a110,0x0000000783f80000)
Event: 20.712 GC heap after
Heap after GC invocations=12 (full 2):
 PSYoungGen      total 276992K, used 0K [0x00000007d6a80000, 0x00000007ea180000, 0x0000000800000000)
  eden space 252416K, 0% used [0x00000007d6a80000,0x00000007d6a80000,0x00000007e6100000)
  from space 24576K, 0% used [0x00000007e7e80000,0x00000007e7e80000,0x00000007e9680000)
  to   space 30208K, 0% used [0x00000007e6100000,0x00000007e6100000,0x00000007e7e80000)
 ParOldGen       total 156160K, used 56521K [0x0000000784000000, 0x000000078d880000, 0x00000007d6a80000)
  object space 156160K, 36% used [0x0000000784000000,0x00000007877326b0,0x000000078d880000)
 PSPermGen       total 83456K, used 42599K [0x000000077ee00000, 0x0000000783f80000, 0x0000000784000000)
  object space 83456K, 51% used [0x000000077ee00000,0x0000000781799e38,0x0000000783f80000)
}
Event: 21.592 GC heap before
{Heap before GC invocations=13 (full 2):
 PSYoungGen      total 276992K, used 252416K [0x00000007d6a80000, 0x00000007ea180000, 0x0000000800000000)
  eden space 252416K, 100% used [0x00000007d6a80000,0x00000007e6100000,0x00000007e6100000)
  from space 24576K, 0% used [0x00000007e7e80000,0x00000007e7e80000,0x00000007e9680000)
  to   space 30208K, 0% used [0x00000007e6100000,0x00000007e6100000,0x00000007e7e80000)
 ParOldGen       total 156160K, used 56521K [0x0000000784000000, 0x000000078d880000, 0x00000007d6a80000)
  object space 156160K, 36% used [0x0000000784000000,0x00000007877326b0,0x000000078d880000)
 PSPermGen       total 83456K, used 42599K [0x000000077ee00000, 0x0000000783f80000, 0x0000000784000000)
  object space 83456K, 51% used [0x000000077ee00000,0x0000000781799e38,0x0000000783f80000)
Event: 21.690 GC heap after
Heap after GC invocations=13 (full 2):
 PSYoungGen      total 282624K, used 30176K [0x00000007d6a80000, 0x00000007ea180000, 0x0000000800000000)
  eden space 252416K, 0% used [0x00000007d6a80000,0x00000007d6a80000,0x00000007e6100000)
  from space 30208K, 99% used [0x00000007e6100000,0x00000007e7e78010,0x00000007e7e80000)
  to   space 24576K, 0% used [0x00000007e7e80000,0x00000007e7e80000,0x00000007e9680000)
 ParOldGen       total 156160K, used 68761K [0x0000000784000000, 0x000000078d880000, 0x00000007d6a80000)
  object space 156160K, 44% used [0x0000000784000000,0x00000007883266b0,0x000000078d880000)
 PSPermGen       total 83456K, used 42599K [0x000000077ee00000, 0x0000000783f80000, 0x0000000784000000)
  object space 83456K, 51% used [0x000000077ee00000,0x0000000781799e38,0x0000000783f80000)
}
Event: 22.984 GC heap before
{Heap before GC invocations=14 (full 2):
 PSYoungGen      total 282624K, used 282592K [0x00000007d6a80000, 0x00000007ea180000, 0x0000000800000000)
  eden space 252416K, 100% used [0x00000007d6a80000,0x00000007e6100000,0x00000007e6100000)
  from space 30208K, 99% used [0x00000007e6100000,0x00000007e7e78010,0x00000007e7e80000)
  to   space 24576K, 0% used [0x00000007e7e80000,0x00000007e7e80000,0x00000007e9680000)
 ParOldGen       total 156160K, used 68761K [0x0000000784000000, 0x000000078d880000, 0x00000007d6a80000)
  object space 156160K, 44% used [0x0000000784000000,0x00000007883266b0,0x000000078d880000)
 PSPermGen       total 83456K, used 42599K [0x000000077ee00000, 0x0000000783f80000, 0x0000000784000000)
  object space 83456K, 51% used [0x000000077ee00000,0x0000000781799fc0,0x0000000783f80000)
Event: 23.167 GC heap after
Heap after GC invocations=14 (full 2):
 PSYoungGen      total 276992K, used 24544K [0x00000007d6a80000, 0x00000007ea180000, 0x0000000800000000)
  eden space 252416K, 0% used [0x00000007d6a80000,0x00000007d6a80000,0x00000007e6100000)
  from space 24576K, 99% used [0x00000007e7e80000,0x00000007e9678010,0x00000007e9680000)
  to   space 30208K, 0% used [0x00000007e6100000,0x00000007e6100000,0x00000007e7e80000)
 ParOldGen       total 156160K, used 119409K [0x0000000784000000, 0x000000078d880000, 0x00000007d6a80000)
  object space 156160K, 76% used [0x0000000784000000,0x000000078b49c6d0,0x000000078d880000)
 PSPermGen       total 83456K, used 42599K [0x000000077ee00000, 0x0000000783f80000, 0x0000000784000000)
  object space 83456K, 51% used [0x000000077ee00000,0x0000000781799fc0,0x0000000783f80000)
}
Event: 23.167 GC heap before
{Heap before GC invocations=15 (full 3):
 PSYoungGen      total 276992K, used 24544K [0x00000007d6a80000, 0x00000007ea180000, 0x0000000800000000)
  eden space 252416K, 0% used [0x00000007d6a80000,0x00000007d6a80000,0x00000007e6100000)
  from space 24576K, 99% used [0x00000007e7e80000,0x00000007e9678010,0x00000007e9680000)
  to   space 30208K, 0% used [0x00000007e6100000,0x00000007e6100000,0x00000007e7e80000)
 ParOldGen       total 156160K, used 119409K [0x0000000784000000, 0x000000078d880000, 0x00000007d6a80000)
  object space 156160K, 76% used [0x0000000784000000,0x000000078b49c6d0,0x000000078d880000)
 PSPermGen       total 83456K, used 42599K [0x000000077ee00000, 0x0000000783f80000, 0x0000000784000000)
  object space 83456K, 51% used [0x000000077ee00000,0x0000000781799fc0,0x0000000783f80000)
Event: 24.400 GC heap after
Heap after GC invocations=15 (full 3):
 PSYoungGen      total 276992K, used 0K [0x00000007d6a80000, 0x00000007ea180000, 0x0000000800000000)
  eden space 252416K, 0% used [0x00000007d6a80000,0x00000007d6a80000,0x00000007e6100000)
  from space 24576K, 0% used [0x00000007e7e80000,0x00000007e7e80000,0x00000007e9680000)
  to   space 30208K, 0% used [0x00000007e6100000,0x00000007e6100000,0x00000007e7e80000)
 ParOldGen       total 156160K, used 119129K [0x0000000784000000, 0x000000078d880000, 0x00000007d6a80000)
  object space 156160K, 76% used [0x0000000784000000,0x000000078b4565e8,0x000000078d880000)
 PSPermGen       total 83968K, used 42599K [0x000000077ee00000, 0x0000000784000000, 0x0000000784000000)
  object space 83968K, 50% used [0x000000077ee00000,0x0000000781799fc0,0x0000000784000000)
}

# JRE version: Java(TM) SE Runtime Environment (7.0_79-b15) (build 1.7.0_79-b15)
# Java VM: Java HotSpot(TM) 64-Bit Server VM (24.79-b02 mixed mode windows-amd64 compressed oops)
Heap
 PSYoungGen      total 276992K, used 16174K [0x00000007d6a80000, 0x00000007ea180000, 0x0000000800000000)
  eden space 252416K, 6% used [0x00000007d6a80000,0x00000007d7a4bb30,0x00000007e6100000)
  from space 24576K, 0% used [0x00000007e7e80000,0x00000007e7e80000,0x00000007e9680000)
  to   space 30208K, 0% used [0x00000007e6100000,0x00000007e6100000,0x00000007e7e80000)
 ParOldGen       total 156160K, used 119129K [0x0000000784000000, 0x000000078d880000, 0x00000007d6a80000)
  object space 156160K, 76% used [0x0000000784000000,0x000000078b4565e8,0x000000078d880000)
 PSPermGen       total 83968K, used 42744K [0x000000077ee00000, 0x0000000784000000, 0x0000000784000000)
  object space 83968K, 50% used [0x000000077ee00000,0x00000007817be358,0x0000000784000000)
GC Heap History (10 events):
Event: 19.699 GC heap before
{Heap before GC invocations=11 (full 1):
 PSYoungGen      total 282624K, used 282592K [0x00000007d6a80000, 0x00000007ea180000, 0x0000000800000000)
  eden space 252416K, 100% used [0x00000007d6a80000,0x00000007e6100000,0x00000007e6100000)
  from space 30208K, 99% used [0x00000007e6100000,0x00000007e7e78040,0x00000007e7e80000)
  to   space 24576K, 0% used [0x00000007e7e80000,0x00000007e7e80000,0x00000007e9680000)
 ParOldGen       total 156160K, used 113173K [0x0000000784000000, 0x000000078d880000, 0x00000007d6a80000)
  object space 156160K, 72% used [0x0000000784000000,0x000000078ae854d0,0x000000078d880000)
 PSPermGen       total 83456K, used 42600K [0x000000077ee00000, 0x0000000783f80000, 0x0000000784000000)
  object space 83456K, 51% used [0x000000077ee00000,0x000000078179a110,0x0000000783f80000)
Event: 19.849 GC heap after
Heap after GC invocations=11 (full 1):
 PSYoungGen      total 276992K, used 24544K [0x00000007d6a80000, 0x00000007ea180000, 0x0000000800000000)
  eden space 252416K, 0% used [0x00000007d6a80000,0x00000007d6a80000,0x00000007e6100000)
  from space 24576K, 99% used [0x00000007e7e80000,0x00000007e9678040,0x00000007e9680000)
  to   space 30208K, 0% used [0x00000007e6100000,0x00000007e6100000,0x00000007e7e80000)
 ParOldGen       total 156160K, used 152197K [0x0000000784000000, 0x000000078d880000, 0x00000007d6a80000)
  object space 156160K, 97% used [0x0000000784000000,0x000000078d4a14d0,0x000000078d880000)
 PSPermGen       total 83456K, used 42600K [0x000000077ee00000, 0x0000000783f80000, 0x0000000784000000)
  object space 83456K, 51% used [0x000000077ee00000,0x000000078179a110,0x0000000783f80000)
}
Event: 19.849 GC heap before
{Heap before GC invocations=12 (full 2):
 PSYoungGen      total 276992K, used 24544K [0x00000007d6a80000, 0x00000007ea180000, 0x0000000800000000)
  eden space 252416K, 0% used [0x00000007d6a80000,0x00000007d6a80000,0x00000007e6100000)
  from space 24576K, 99% used [0x00000007e7e80000,0x00000007e9678040,0x00000007e9680000)
  to   space 30208K, 0% used [0x00000007e6100000,0x00000007e6100000,0x00000007e7e80000)
 ParOldGen       total 156160K, used 152197K [0x0000000784000000, 0x000000078d880000, 0x00000007d6a80000)
  object space 156160K, 97% used [0x0000000784000000,0x000000078d4a14d0,0x000000078d880000)
 PSPermGen       total 83456K, used 42600K [0x000000077ee00000, 0x0000000783f80000, 0x0000000784000000)
  object space 83456K, 51% used [0x000000077ee00000,0x000000078179a110,0x0000000783f80000)
Event: 20.712 GC heap after
Heap after GC invocations=12 (full 2):
 PSYoungGen      total 276992K, used 0K [0x00000007d6a80000, 0x00000007ea180000, 0x0000000800000000)
  eden space 252416K, 0% used [0x00000007d6a80000,0x00000007d6a80000,0x00000007e6100000)
  from space 24576K, 0% used [0x00000007e7e80000,0x00000007e7e80000,0x00000007e9680000)
  to   space 30208K, 0% used [0x00000007e6100000,0x00000007e6100000,0x00000007e7e80000)
 ParOldGen       total 156160K, used 56521K [0x0000000784000000, 0x000000078d880000, 0x00000007d6a80000)
  object space 156160K, 36% used [0x0000000784000000,0x00000007877326b0,0x000000078d880000)
 PSPermGen       total 83456K, used 42599K [0x000000077ee00000, 0x0000000783f80000, 0x0000000784000000)
  object space 83456K, 51% used [0x000000077ee00000,0x0000000781799e38,0x0000000783f80000)
}
Event: 21.592 GC heap before
{Heap before GC invocations=13 (full 2):
 PSYoungGen      total 276992K, used 252416K [0x00000007d6a80000, 0x00000007ea180000, 0x0000000800000000)
  eden space 252416K, 100% used [0x00000007d6a80000,0x00000007e6100000,0x00000007e6100000)
  from space 24576K, 0% used [0x00000007e7e80000,0x00000007e7e80000,0x00000007e9680000)
  to   space 30208K, 0% used [0x00000007e6100000,0x00000007e6100000,0x00000007e7e80000)
 ParOldGen       total 156160K, used 56521K [0x0000000784000000, 0x000000078d880000, 0x00000007d6a80000)
  object space 156160K, 36% used [0x0000000784000000,0x00000007877326b0,0x000000078d880000)
 PSPermGen       total 83456K, used 42599K [0x000000077ee00000, 0x0000000783f80000, 0x0000000784000000)
  object space 83456K, 51% used [0x000000077ee00000,0x0000000781799e38,0x0000000783f80000)
Event: 21.690 GC heap after
Heap after GC invocations=13 (full 2):
 PSYoungGen      total 282624K, used 30176K [0x00000007d6a80000, 0x00000007ea180000, 0x0000000800000000)
  eden space 252416K, 0% used [0x00000007d6a80000,0x00000007d6a80000,0x00000007e6100000)
  from space 30208K, 99% used [0x00000007e6100000,0x00000007e7e78010,0x00000007e7e80000)
  to   space 24576K, 0% used [0x00000007e7e80000,0x00000007e7e80000,0x00000007e9680000)
 ParOldGen       total 156160K, used 68761K [0x0000000784000000, 0x000000078d880000, 0x00000007d6a80000)
  object space 156160K, 44% used [0x0000000784000000,0x00000007883266b0,0x000000078d880000)
 PSPermGen       total 83456K, used 42599K [0x000000077ee00000, 0x0000000783f80000, 0x0000000784000000)
  object space 83456K, 51% used [0x000000077ee00000,0x0000000781799e38,0x0000000783f80000)
}
Event: 22.984 GC heap before
{Heap before GC invocations=14 (full 2):
 PSYoungGen      total 282624K, used 282592K [0x00000007d6a80000, 0x00000007ea180000, 0x0000000800000000)
  eden space 252416K, 100% used [0x00000007d6a80000,0x00000007e6100000,0x00000007e6100000)
  from space 30208K, 99% used [0x00000007e6100000,0x00000007e7e78010,0x00000007e7e80000)
  to   space 24576K, 0% used [0x00000007e7e80000,0x00000007e7e80000,0x00000007e9680000)
 ParOldGen       total 156160K, used 68761K [0x0000000784000000, 0x000000078d880000, 0x00000007d6a80000)
  object space 156160K, 44% used [0x0000000784000000,0x00000007883266b0,0x000000078d880000)
 PSPermGen       total 83456K, used 42599K [0x000000077ee00000, 0x0000000783f80000, 0x0000000784000000)
  object space 83456K, 51% used [0x000000077ee00000,0x0000000781799fc0,0x0000000783f80000)
Event: 23.167 GC heap after
Heap after GC invocations=14 (full 2):
 PSYoungGen      total 276992K, used 24544K [0x00000007d6a80000, 0x00000007ea180000, 0x0000000800000000)
  eden space 252416K, 0% used [0x00000007d6a80000,0x00000007d6a80000,0x00000007e6100000)
  from space 24576K, 99% used [0x00000007e7e80000,0x00000007e9678010,0x00000007e9680000)
  to   space 30208K, 0% used [0x00000007e6100000,0x00000007e6100000,0x00000007e7e80000)
 ParOldGen       total 156160K, used 119409K [0x0000000784000000, 0x000000078d880000, 0x00000007d6a80000)
  object space 156160K, 76% used [0x0000000784000000,0x000000078b49c6d0,0x000000078d880000)
 PSPermGen       total 83456K, used 42599K [0x000000077ee00000, 0x0000000783f80000, 0x0000000784000000)
  object space 83456K, 51% used [0x000000077ee00000,0x0000000781799fc0,0x0000000783f80000)
}
Event: 23.167 GC heap before
{Heap before GC invocations=15 (full 3):
 PSYoungGen      total 276992K, used 24544K [0x00000007d6a80000, 0x00000007ea180000, 0x0000000800000000)
  eden space 252416K, 0% used [0x00000007d6a80000,0x00000007d6a80000,0x00000007e6100000)
  from space 24576K, 99% used [0x00000007e7e80000,0x00000007e9678010,0x00000007e9680000)
  to   space 30208K, 0% used [0x00000007e6100000,0x00000007e6100000,0x00000007e7e80000)
 ParOldGen       total 156160K, used 119409K [0x0000000784000000, 0x000000078d880000, 0x00000007d6a80000)
  object space 156160K, 76% used [0x0000000784000000,0x000000078b49c6d0,0x000000078d880000)
 PSPermGen       total 83456K, used 42599K [0x000000077ee00000, 0x0000000783f80000, 0x0000000784000000)
  object space 83456K, 51% used [0x000000077ee00000,0x0000000781799fc0,0x0000000783f80000)
Event: 24.400 GC heap after
Heap after GC invocations=15 (full 3):
 PSYoungGen      total 276992K, used 0K [0x00000007d6a80000, 0x00000007ea180000, 0x0000000800000000)
  eden space 252416K, 0% used [0x00000007d6a80000,0x00000007d6a80000,0x00000007e6100000)
  from space 24576K, 0% used [0x00000007e7e80000,0x00000007e7e80000,0x00000007e9680000)
  to   space 30208K, 0% used [0x00000007e6100000,0x00000007e6100000,0x00000007e7e80000)
 ParOldGen       total 156160K, used 119129K [0x0000000784000000, 0x000000078d880000, 0x00000007d6a80000)
  object space 156160K, 76% used [0x0000000784000000,0x000000078b4565e8,0x000000078d880000)
 PSPermGen       total 83968K, used 42599K [0x000000077ee00000, 0x0000000784000000, 0x0000000784000000)
  object space 83968K, 50% used [0x000000077ee00000,0x0000000781799fc0,0x0000000784000000)
}

# JRE version: Java(TM) SE Runtime Environment (7.0_79-b15) (build 1.7.0_79-b15)
# Java VM: Java HotSpot(TM) 64-Bit Server VM (24.79-b02 mixed mode windows-amd64 compressed oops)
Heap
 PSYoungGen      total 276992K, used 16174K [0x00000007d6a80000, 0x00000007ea180000, 0x0000000800000000)
  eden space 252416K, 6% used [0x00000007d6a80000,0x00000007d7a4bb30,0x00000007e6100000)
  from space 24576K, 0% used [0x00000007e7e80000,0x00000007e7e80000,0x00000007e9680000)
  to   space 30208K, 0% used [0x00000007e6100000,0x00000007e6100000,0x00000007e7e80000)
 ParOldGen       total 156160K, used 119129K [0x0000000784000000, 0x000000078d880000, 0x00000007d6a80000)
  object space 156160K, 76% used [0x0000000784000000,0x000000078b4565e8,0x000000078d880000)
 PSPermGen       total 83968K, used 42744K [0x000000077ee00000, 0x0000000784000000, 0x0000000784000000)
  object space 83968K, 50% used [0x000000077ee00000,0x00000007817be358,0x0000000784000000)
GC Heap History (10 events):
Event: 19.699 GC heap before
{Heap before GC invocations=11 (full 1):
 PSYoungGen      total 282624K, used 282592K [0x00000007d6a80000, 0x00000007ea180000, 0x0000000800000000)
  eden space 252416K, 100% used [0x00000007d6a80000,0x00000007e6100000,0x00000007e6100000)
  from space 30208K, 99% used [0x00000007e6100000,0x00000007e7e78040,0x00000007e7e80000)
  to   space 24576K, 0% used [0x00000007e7e80000,0x00000007e7e80000,0x00000007e9680000)
 ParOldGen       total 156160K, used 113173K [0x0000000784000000, 0x000000078d880000, 0x00000007d6a80000)
  object space 156160K, 72% used [0x0000000784000000,0x000000078ae854d0,0x000000078d880000)
 PSPermGen       total 83456K, used 42600K [0x000000077ee00000, 0x0000000783f80000, 0x0000000784000000)
  object space 83456K, 51% used [0x000000077ee00000,0x000000078179a110,0x0000000783f80000)
Event: 19.849 GC heap after
Heap after GC invocations=11 (full 1):
 PSYoungGen      total 276992K, used 24544K [0x00000007d6a80000, 0x00000007ea180000, 0x0000000800000000)
  eden space 252416K, 0% used [0x00000007d6a80000,0x00000007d6a80000,0x00000007e6100000)
  from space 24576K, 99% used [0x00000007e7e80000,0x00000007e9678040,0x00000007e9680000)
  to   space 30208K, 0% used [0x00000007e6100000,0x00000007e6100000,0x00000007e7e80000)
 ParOldGen       total 156160K, used 152197K [0x0000000784000000, 0x000000078d880000, 0x00000007d6a80000)
  object space 156160K, 97% used [0x0000000784000000,0x000000078d4a14d0,0x000000078d880000)
 PSPermGen       total 83456K, used 42600K [0x000000077ee00000, 0x0000000783f80000, 0x0000000784000000)
  object space 83456K, 51% used [0x000000077ee00000,0x000000078179a110,0x0000000783f80000)
}
Event: 19.849 GC heap before
{Heap before GC invocations=12 (full 2):
 PSYoungGen      total 276992K, used 24544K [0x00000007d6a80000, 0x00000007ea180000, 0x0000000800000000)
  eden space 252416K, 0% used [0x00000007d6a80000,0x00000007d6a80000,0x00000007e6100000)
  from space 24576K, 99% used [0x00000007e7e80000,0x00000007e9678040,0x00000007e9680000)
  to   space 30208K, 0% used [0x00000007e6100000,0x00000007e6100000,0x00000007e7e80000)
 ParOldGen       total 156160K, used 152197K [0x0000000784000000, 0x000000078d880000, 0x00000007d6a80000)
  object space 156160K, 97% used [0x0000000784000000,0x000000078d4a14d0,0x000000078d880000)
 PSPermGen       total 83456K, used 42600K [0x000000077ee00000, 0x0000000783f80000, 0x0000000784000000)
  object space 83456K, 51% used [0x000000077ee00000,0x000000078179a110,0x0000000783f80000)
Event: 20.712 GC heap after
Heap after GC invocations=12 (full 2):
 PSYoungGen      total 276992K, used 0K [0x00000007d6a80000, 0x00000007ea180000, 0x0000000800000000)
  eden space 252416K, 0% used [0x00000007d6a80000,0x00000007d6a80000,0x00000007e6100000)
  from space 24576K, 0% used [0x00000007e7e80000,0x00000007e7e80000,0x00000007e9680000)
  to   space 30208K, 0% used [0x00000007e6100000,0x00000007e6100000,0x00000007e7e80000)
 ParOldGen       total 156160K, used 56521K [0x0000000784000000, 0x000000078d880000, 0x00000007d6a80000)
  object space 156160K, 36% used [0x0000000784000000,0x00000007877326b0,0x000000078d880000)
 PSPermGen       total 83456K, used 42599K [0x000000077ee00000, 0x0000000783f80000, 0x0000000784000000)
  object space 83456K, 51% used [0x000000077ee00000,0x0000000781799e38,0x0000000783f80000)
}
Event: 21.592 GC heap before
{Heap before GC invocations=13 (full 2):
 PSYoungGen      total 276992K, used 252416K [0x00000007d6a80000, 0x00000007ea180000, 0x0000000800000000)
  eden space 252416K, 100% used [0x00000007d6a80000,0x00000007e6100000,0x00000007e6100000)
  from space 24576K, 0% used [0x00000007e7e80000,0x00000007e7e80000,0x00000007e9680000)
  to   space 30208K, 0% used [0x00000007e6100000,0x00000007e6100000,0x00000007e7e80000)
 ParOldGen       total 156160K, used 56521K [0x0000000784000000, 0x000000078d880000, 0x00000007d6a80000)
  object space 156160K, 36% used [0x0000000784000000,0x00000007877326b0,0x000000078d880000)
 PSPermGen       total 83456K, used 42599K [0x000000077ee00000, 0x0000000783f80000, 0x0000000784000000)
  object space 83456K, 51% used [0x000000077ee00000,0x0000000781799e38,0x0000000783f80000)
Event: 21.690 GC heap after
Heap after GC invocations=13 (full 2):
 PSYoungGen      total 282624K, used 30176K [0x00000007d6a80000, 0x00000007ea180000, 0x0000000800000000)
  eden space 252416K, 0% used [0x00000007d6a80000,0x00000007d6a80000,0x00000007e6100000)
  from space 30208K, 99% used [0x00000007e6100000,0x00000007e7e78010,0x00000007e7e80000)
  to   space 24576K, 0% used [0x00000007e7e80000,0x00000007e7e80000,0x00000007e9680000)
 ParOldGen       total 156160K, used 68761K [0x0000000784000000, 0x000000078d880000, 0x00000007d6a80000)
  object space 156160K, 44% used [0x0000000784000000,0x00000007883266b0,0x000000078d880000)
 PSPermGen       total 83456K, used 42599K [0x000000077ee00000, 0x0000000783f80000, 0x0000000784000000)
  object space 83456K, 51% used [0x000000077ee00000,0x0000000781799e38,0x0000000783f80000)
}
Event: 22.984 GC heap before
{Heap before GC invocations=14 (full 2):
 PSYoungGen      total 282624K, used 282592K [0x00000007d6a80000, 0x00000007ea180000, 0x0000000800000000)
  eden space 252416K, 100% used [0x00000007d6a80000,0x00000007e6100000,0x00000007e6100000)
  from space 30208K, 99% used [0x00000007e6100000,0x00000007e7e78010,0x00000007e7e80000)
  to   space 24576K, 0% used [0x00000007e7e80000,0x00000007e7e80000,0x00000007e9680000)
 ParOldGen       total 156160K, used 68761K [0x0000000784000000, 0x000000078d880000, 0x00000007d6a80000)
  object space 156160K, 44% used [0x0000000784000000,0x00000007883266b0,0x000000078d880000)
 PSPermGen       total 83456K, used 42599K [0x000000077ee00000, 0x0000000783f80000, 0x0000000784000000)
  object space 83456K, 51% used [0x000000077ee00000,0x0000000781799fc0,0x0000000783f80000)
Event: 23.167 GC heap after
Heap after GC invocations=14 (full 2):
 PSYoungGen      total 276992K, used 24544K [0x00000007d6a80000, 0x00000007ea180000, 0x0000000800000000)
  eden space 252416K, 0% used [0x00000007d6a80000,0x00000007d6a80000,0x00000007e6100000)
  from space 24576K, 99% used [0x00000007e7e80000,0x00000007e9678010,0x00000007e9680000)
  to   space 30208K, 0% used [0x00000007e6100000,0x00000007e6100000,0x00000007e7e80000)
 ParOldGen       total 156160K, used 119409K [0x0000000784000000, 0x000000078d880000, 0x00000007d6a80000)
  object space 156160K, 76% used [0x0000000784000000,0x000000078b49c6d0,0x000000078d880000)
 PSPermGen       total 83456K, used 42599K [0x000000077ee00000, 0x0000000783f80000, 0x0000000784000000)
  object space 83456K, 51% used [0x000000077ee00000,0x0000000781799fc0,0x0000000783f80000)
}
Event: 23.167 GC heap before
{Heap before GC invocations=15 (full 3):
 PSYoungGen      total 276992K, used 24544K [0x00000007d6a80000, 0x00000007ea180000, 0x0000000800000000)
  eden space 252416K, 0% used [0x00000007d6a80000,0x00000007d6a80000,0x00000007e6100000)
  from space 24576K, 99% used [0x00000007e7e80000,0x00000007e9678010,0x00000007e9680000)
  to   space 30208K, 0% used [0x00000007e6100000,0x00000007e6100000,0x00000007e7e80000)
 ParOldGen       total 156160K, used 119409K [0x0000000784000000, 0x000000078d880000, 0x00000007d6a80000)
  object space 156160K, 76% used [0x0000000784000000,0x000000078b49c6d0,0x000000078d880000)
 PSPermGen       total 83456K, used 42599K [0x000000077ee00000, 0x0000000783f80000, 0x0000000784000000)
  object space 83456K, 51% used [0x000000077ee00000,0x0000000781799fc0,0x0000000783f80000)
Event: 24.400 GC heap after
Heap after GC invocations=15 (full 3):
 PSYoungGen      total 276992K, used 0K [0x00000007d6a80000, 0x00000007ea180000, 0x0000000800000000)
  eden space 252416K, 0% used [0x00000007d6a80000,0x00000007d6a80000,0x00000007e6100000)
  from space 24576K, 0% used [0x00000007e7e80000,0x00000007e7e80000,0x00000007e9680000)
  to   space 30208K, 0% used [0x00000007e6100000,0x00000007e6100000,0x00000007e7e80000)
 ParOldGen       total 156160K, used 119129K [0x0000000784000000, 0x000000078d880000, 0x00000007d6a80000)
  object space 156160K, 76% used [0x0000000784000000,0x000000078b4565e8,0x000000078d880000)
 PSPermGen       total 83968K, used 42599K [0x000000077ee00000, 0x0000000784000000, 0x0000000784000000)
  object space 83968K, 50% used [0x000000077ee00000,0x0000000781799fc0,0x0000000784000000)
}

# JRE version: Java(TM) SE Runtime Environment (7.0_79-b15) (build 1.7.0_79-b15)
# Java VM: Java HotSpot(TM) 64-Bit Server VM (24.79-b02 mixed mode windows-amd64 compressed oops)
Heap
 PSYoungGen      total 276992K, used 16174K [0x00000007d6a80000, 0x00000007ea180000, 0x0000000800000000)
  eden space 252416K, 6% used [0x00000007d6a80000,0x00000007d7a4bb30,0x00000007e6100000)
  from space 24576K, 0% used [0x00000007e7e80000,0x00000007e7e80000,0x00000007e9680000)
  to   space 30208K, 0% used [0x00000007e6100000,0x00000007e6100000,0x00000007e7e80000)
 ParOldGen       total 156160K, used 119129K [0x0000000784000000, 0x000000078d880000, 0x00000007d6a80000)
  object space 156160K, 76% used [0x0000000784000000,0x000000078b4565e8,0x000000078d880000)
 PSPermGen       total 83968K, used 42744K [0x000000077ee00000, 0x0000000784000000, 0x0000000784000000)
  object space 83968K, 50% used [0x000000077ee00000,0x00000007817be358,0x0000000784000000)
GC Heap History (10 events):
Event: 19.699 GC heap before
{Heap before GC invocations=11 (full 1):
 PSYoungGen      total 282624K, used 282592K [0x00000007d6a80000, 0x00000007ea180000, 0x0000000800000000)
  eden space 252416K, 100% used [0x00000007d6a80000,0x00000007e6100000,0x00000007e6100000)
  from space 30208K, 99% used [0x00000007e6100000,0x00000007e7e78040,0x00000007e7e80000)
  to   space 24576K, 0% used [0x00000007e7e80000,0x00000007e7e80000,0x00000007e9680000)
 ParOldGen       total 156160K, used 113173K [0x0000000784000000, 0x000000078d880000, 0x00000007d6a80000)
  object space 156160K, 72% used [0x0000000784000000,0x000000078ae854d0,0x000000078d880000)
 PSPermGen       total 83456K, used 42600K [0x000000077ee00000, 0x0000000783f80000, 0x0000000784000000)
  object space 83456K, 51% used [0x000000077ee00000,0x000000078179a110,0x0000000783f80000)
Event: 19.849 GC heap after
Heap after GC invocations=11 (full 1):
 PSYoungGen      total 276992K, used 24544K [0x00000007d6a80000, 0x00000007ea180000, 0x0000000800000000)
  eden space 252416K, 0% used [0x00000007d6a80000,0x00000007d6a80000,0x00000007e6100000)
  from space 24576K, 99% used [0x00000007e7e80000,0x00000007e9678040,0x00000007e9680000)
  to   space 30208K, 0% used [0x00000007e6100000,0x00000007e6100000,0x00000007e7e80000)
 ParOldGen       total 156160K, used 152197K [0x0000000784000000, 0x000000078d880000, 0x00000007d6a80000)
  object space 156160K, 97% used [0x0000000784000000,0x000000078d4a14d0,0x000000078d880000)
 PSPermGen       total 83456K, used 42600K [0x000000077ee00000, 0x0000000783f80000, 0x0000000784000000)
  object space 83456K, 51% used [0x000000077ee00000,0x000000078179a110,0x0000000783f80000)
}
Event: 19.849 GC heap before
{Heap before GC invocations=12 (full 2):
 PSYoungGen      total 276992K, used 24544K [0x00000007d6a80000, 0x00000007ea180000, 0x0000000800000000)
  eden space 252416K, 0% used [0x00000007d6a80000,0x00000007d6a80000,0x00000007e6100000)
  from space 24576K, 99% used [0x00000007e7e80000,0x00000007e9678040,0x00000007e9680000)
  to   space 30208K, 0% used [0x00000007e6100000,0x00000007e6100000,0x00000007e7e80000)
 ParOldGen       total 156160K, used 152197K [0x0000000784000000, 0x000000078d880000, 0x00000007d6a80000)
  object space 156160K, 97% used [0x0000000784000000,0x000000078d4a14d0,0x000000078d880000)
 PSPermGen       total 83456K, used 42600K [0x000000077ee00000, 0x0000000783f80000, 0x0000000784000000)
  object space 83456K, 51% used [0x000000077ee00000,0x000000078179a110,0x0000000783f80000)
Event: 20.712 GC heap after
Heap after GC invocations=12 (full 2):
 PSYoungGen      total 276992K, used 0K [0x00000007d6a80000, 0x00000007ea180000, 0x0000000800000000)
  eden space 252416K, 0% used [0x00000007d6a80000,0x00000007d6a80000,0x00000007e6100000)
  from space 24576K, 0% used [0x00000007e7e80000,0x00000007e7e80000,0x00000007e9680000)
  to   space 30208K, 0% used [0x00000007e6100000,0x00000007e6100000,0x00000007e7e80000)
 ParOldGen       total 156160K, used 56521K [0x0000000784000000, 0x000000078d880000, 0x00000007d6a80000)
  object space 156160K, 36% used [0x0000000784000000,0x00000007877326b0,0x000000078d880000)
 PSPermGen       total 83456K, used 42599K [0x000000077ee00000, 0x0000000783f80000, 0x0000000784000000)
  object space 83456K, 51% used [0x000000077ee00000,0x0000000781799e38,0x0000000783f80000)
}
Event: 21.592 GC heap before
{Heap before GC invocations=13 (full 2):
 PSYoungGen      total 276992K, used 252416K [0x00000007d6a80000, 0x00000007ea180000, 0x0000000800000000)
  eden space 252416K, 100% used [0x00000007d6a80000,0x00000007e6100000,0x00000007e6100000)
  from space 24576K, 0% used [0x00000007e7e80000,0x00000007e7e80000,0x00000007e9680000)
  to   space 30208K, 0% used [0x00000007e6100000,0x00000007e6100000,0x00000007e7e80000)
 ParOldGen       total 156160K, used 56521K [0x0000000784000000, 0x000000078d880000, 0x00000007d6a80000)
  object space 156160K, 36% used [0x0000000784000000,0x00000007877326b0,0x000000078d880000)
 PSPermGen       total 83456K, used 42599K [0x000000077ee00000, 0x0000000783f80000, 0x0000000784000000)
  object space 83456K, 51% used [0x000000077ee00000,0x0000000781799e38,0x0000000783f80000)
Event: 21.690 GC heap after
Heap after GC invocations=13 (full 2):
 PSYoungGen      total 282624K, used 30176K [0x00000007d6a80000, 0x00000007ea180000, 0x0000000800000000)
  eden space 252416K, 0% used [0x00000007d6a80000,0x00000007d6a80000,0x00000007e6100000)
  from space 30208K, 99% used [0x00000007e6100000,0x00000007e7e78010,0x00000007e7e80000)
  to   space 24576K, 0% used [0x00000007e7e80000,0x00000007e7e80000,0x00000007e9680000)
 ParOldGen       total 156160K, used 68761K [0x0000000784000000, 0x000000078d880000, 0x00000007d6a80000)
  object space 156160K, 44% used [0x0000000784000000,0x00000007883266b0,0x000000078d880000)
 PSPermGen       total 83456K, used 42599K [0x000000077ee00000, 0x0000000783f80000, 0x0000000784000000)
  object space 83456K, 51% used [0x000000077ee00000,0x0000000781799e38,0x0000000783f80000)
}
Event: 22.984 GC heap before
{Heap before GC invocations=14 (full 2):
 PSYoungGen      total 282624K, used 282592K [0x00000007d6a80000, 0x00000007ea180000, 0x0000000800000000)
  eden space 252416K, 100% used [0x00000007d6a80000,0x00000007e6100000,0x00000007e6100000)
  from space 30208K, 99% used [0x00000007e6100000,0x00000007e7e78010,0x00000007e7e80000)
  to   space 24576K, 0% used [0x00000007e7e80000,0x00000007e7e80000,0x00000007e9680000)
 ParOldGen       total 156160K, used 68761K [0x0000000784000000, 0x000000078d880000, 0x00000007d6a80000)
  object space 156160K, 44% used [0x0000000784000000,0x00000007883266b0,0x000000078d880000)
 PSPermGen       total 83456K, used 42599K [0x000000077ee00000, 0x0000000783f80000, 0x0000000784000000)
  object space 83456K, 51% used [0x000000077ee00000,0x0000000781799fc0,0x0000000783f80000)
Event: 23.167 GC heap after
Heap after GC invocations=14 (full 2):
 PSYoungGen      total 276992K, used 24544K [0x00000007d6a80000, 0x00000007ea180000, 0x0000000800000000)
  eden space 252416K, 0% used [0x00000007d6a80000,0x00000007d6a80000,0x00000007e6100000)
  from space 24576K, 99% used [0x00000007e7e80000,0x00000007e9678010,0x00000007e9680000)
  to   space 30208K, 0% used [0x00000007e6100000,0x00000007e6100000,0x00000007e7e80000)
 ParOldGen       total 156160K, used 119409K [0x0000000784000000, 0x000000078d880000, 0x00000007d6a80000)
  object space 156160K, 76% used [0x0000000784000000,0x000000078b49c6d0,0x000000078d880000)
 PSPermGen       total 83456K, used 42599K [0x000000077ee00000, 0x0000000783f80000, 0x0000000784000000)
  object space 83456K, 51% used [0x000000077ee00000,0x0000000781799fc0,0x0000000783f80000)
}
Event: 23.167 GC heap before
{Heap before GC invocations=15 (full 3):
 PSYoungGen      total 276992K, used 24544K [0x00000007d6a80000, 0x00000007ea180000, 0x0000000800000000)
  eden space 252416K, 0% used [0x00000007d6a80000,0x00000007d6a80000,0x00000007e6100000)
  from space 24576K, 99% used [0x00000007e7e80000,0x00000007e9678010,0x00000007e9680000)
  to   space 30208K, 0% used [0x00000007e6100000,0x00000007e6100000,0x00000007e7e80000)
 ParOldGen       total 156160K, used 119409K [0x0000000784000000, 0x000000078d880000, 0x00000007d6a80000)
  object space 156160K, 76% used [0x0000000784000000,0x000000078b49c6d0,0x000000078d880000)
 PSPermGen       total 83456K, used 42599K [0x000000077ee00000, 0x0000000783f80000, 0x0000000784000000)
  object space 83456K, 51% used [0x000000077ee00000,0x0000000781799fc0,0x0000000783f80000)
Event: 24.400 GC heap after
Heap after GC invocations=15 (full 3):
 PSYoungGen      total 276992K, used 0K [0x00000007d6a80000, 0x00000007ea180000, 0x0000000800000000)
  eden space 252416K, 0% used [0x00000007d6a80000,0x00000007d6a80000,0x00000007e6100000)
  from space 24576K, 0% used [0x00000007e7e80000,0x00000007e7e80000,0x00000007e9680000)
  to   space 30208K, 0% used [0x00000007e6100000,0x00000007e6100000,0x00000007e7e80000)
 ParOldGen       total 156160K, used 119129K [0x0000000784000000, 0x000000078d880000, 0x00000007d6a80000)
  object space 156160K, 76% used [0x0000000784000000,0x000000078b4565e8,0x000000078d880000)
 PSPermGen       total 83968K, used 42599K [0x000000077ee00000, 0x0000000784000000, 0x0000000784000000)
  object space 83968K, 50% used [0x000000077ee00000,0x0000000781799fc0,0x0000000784000000)
}

# JRE version: Java(TM) SE Runtime Environment (7.0_79-b15) (build 1.7.0_79-b15)
# Java VM: Java HotSpot(TM) 64-Bit Server VM (24.79-b02 mixed mode windows-amd64 compressed oops)
Heap
 PSYoungGen      total 276992K, used 16174K [0x00000007d6a80000, 0x00000007ea180000, 0x0000000800000000)
  eden space 252416K, 6% used [0x00000007d6a80000,0x00000007d7a4bb30,0x00000007e6100000)
  from space 24576K, 0% used [0x00000007e7e80000,0x00000007e7e80000,0x00000007e9680000)
  to   space 30208K, 0% used [0x00000007e6100000,0x00000007e6100000,0x00000007e7e80000)
 ParOldGen       total 156160K, used 119129K [0x0000000784000000, 0x000000078d880000, 0x00000007d6a80000)
  object space 156160K, 76% used [0x0000000784000000,0x000000078b4565e8,0x000000078d880000)
 PSPermGen       total 83968K, used 42744K [0x000000077ee00000, 0x0000000784000000, 0x0000000784000000)
  object space 83968K, 50% used [0x000000077ee00000,0x00000007817be358,0x0000000784000000)
GC Heap History (10 events):
Event: 19.699 GC heap before
{Heap before GC invocations=11 (full 1):
 PSYoungGen      total 282624K, used 282592K [0x00000007d6a80000, 0x00000007ea180000, 0x0000000800000000)
  eden space 252416K, 100% used [0x00000007d6a80000,0x00000007e6100000,0x00000007e6100000)
  from space 30208K, 99% used [0x00000007e6100000,0x00000007e7e78040,0x00000007e7e80000)
  to   space 24576K, 0% used [0x00000007e7e80000,0x00000007e7e80000,0x00000007e9680000)
 ParOldGen       total 156160K, used 113173K [0x0000000784000000, 0x000000078d880000, 0x00000007d6a80000)
  object space 156160K, 72% used [0x0000000784000000,0x000000078ae854d0,0x000000078d880000)
 PSPermGen       total 83456K, used 42600K [0x000000077ee00000, 0x0000000783f80000, 0x0000000784000000)
  object space 83456K, 51% used [0x000000077ee00000,0x000000078179a110,0x0000000783f80000)
Event: 19.849 GC heap after
Heap after GC invocations=11 (full 1):
 PSYoungGen      total 276992K, used 24544K [0x00000007d6a80000, 0x00000007ea180000, 0x0000000800000000)
  eden space 252416K, 0% used [0x00000007d6a80000,0x00000007d6a80000,0x00000007e6100000)
  from space 24576K, 99% used [0x00000007e7e80000,0x00000007e9678040,0x00000007e9680000)
  to   space 30208K, 0% used [0x00000007e6100000,0x00000007e6100000,0x00000007e7e80000)
 ParOldGen       total 156160K, used 152197K [0x0000000784000000, 0x000000078d880000, 0x00000007d6a80000)
  object space 156160K, 97% used [0x0000000784000000,0x000000078d4a14d0,0x000000078d880000)
 PSPermGen       total 83456K, used 42600K [0x000000077ee00000, 0x0000000783f80000, 0x0000000784000000)
  object space 83456K, 51% used [0x000000077ee00000,0x000000078179a110,0x0000000783f80000)
}
Event: 19.849 GC heap before
{Heap before GC invocations=12 (full 2):
 PSYoungGen      total 276992K, used 24544K [0x00000007d6a80000, 0x00000007ea180000, 0x0000000800000000)
  eden space 252416K, 0% used [0x00000007d6a80000,0x00000007d6a80000,0x00000007e6100000)
  from space 24576K, 99% used [0x00000007e7e80000,0x00000007e9678040,0x00000007e9680000)
  to   space 30208K, 0% used [0x00000007e6100000,0x00000007e6100000,0x00000007e7e80000)
 ParOldGen       total 156160K, used 152197K [0x0000000784000000, 0x000000078d880000, 0x00000007d6a80000)
  object space 156160K, 97% used [0x0000000784000000,0x000000078d4a14d0,0x000000078d880000)
 PSPermGen       total 83456K, used 42600K [0x000000077ee00000, 0x0000000783f80000, 0x0000000784000000)
  object space 83456K, 51% used [0x000000077ee00000,0x000000078179a110,0x0000000783f80000)
Event: 20.712 GC heap after
Heap after GC invocations=12 (full 2):
 PSYoungGen      total 276992K, used 0K [0x00000007d6a80000, 0x00000007ea180000, 0x0000000800000000)
  eden space 252416K, 0% used [0x00000007d6a80000,0x00000007d6a80000,0x00000007e6100000)
  from space 24576K, 0% used [0x00000007e7e80000,0x00000007e7e80000,0x00000007e9680000)
  to   space 30208K, 0% used [0x00000007e6100000,0x00000007e6100000,0x00000007e7e80000)
 ParOldGen       total 156160K, used 56521K [0x0000000784000000, 0x000000078d880000, 0x00000007d6a80000)
  object space 156160K, 36% used [0x0000000784000000,0x00000007877326b0,0x000000078d880000)
 PSPermGen       total 83456K, used 42599K [0x000000077ee00000, 0x0000000783f80000, 0x0000000784000000)
  object space 83456K, 51% used [0x000000077ee00000,0x0000000781799e38,0x0000000783f80000)
}
Event: 21.592 GC heap before
{Heap before GC invocations=13 (full 2):
 PSYoungGen      total 276992K, used 252416K [0x00000007d6a80000, 0x00000007ea180000, 0x0000000800000000)
  eden space 252416K, 100% used [0x00000007d6a80000,0x00000007e6100000,0x00000007e6100000)
  from space 24576K, 0% used [0x00000007e7e80000,0x00000007e7e80000,0x00000007e9680000)
  to   space 30208K, 0% used [0x00000007e6100000,0x00000007e6100000,0x00000007e7e80000)
 ParOldGen       total 156160K, used 56521K [0x0000000784000000, 0x000000078d880000, 0x00000007d6a80000)
  object space 156160K, 36% used [0x0000000784000000,0x00000007877326b0,0x000000078d880000)
 PSPermGen       total 83456K, used 42599K [0x000000077ee00000, 0x0000000783f80000, 0x0000000784000000)
  object space 83456K, 51% used [0x000000077ee00000,0x0000000781799e38,0x0000000783f80000)
Event: 21.690 GC heap after
Heap after GC invocations=13 (full 2):
 PSYoungGen      total 282624K, used 30176K [0x00000007d6a80000, 0x00000007ea180000, 0x0000000800000000)
  eden space 252416K, 0% used [0x00000007d6a80000,0x00000007d6a80000,0x00000007e6100000)
  from space 30208K, 99% used [0x00000007e6100000,0x00000007e7e78010,0x00000007e7e80000)
  to   space 24576K, 0% used [0x00000007e7e80000,0x00000007e7e80000,0x00000007e9680000)
 ParOldGen       total 156160K, used 68761K [0x0000000784000000, 0x000000078d880000, 0x00000007d6a80000)
  object space 156160K, 44% used [0x0000000784000000,0x00000007883266b0,0x000000078d880000)
 PSPermGen       total 83456K, used 42599K [0x000000077ee00000, 0x0000000783f80000, 0x0000000784000000)
  object space 83456K, 51% used [0x000000077ee00000,0x0000000781799e38,0x0000000783f80000)
}
Event: 22.984 GC heap before
{Heap before GC invocations=14 (full 2):
 PSYoungGen      total 282624K, used 282592K [0x00000007d6a80000, 0x00000007ea180000, 0x0000000800000000)
  eden space 252416K, 100% used [0x00000007d6a80000,0x00000007e6100000,0x00000007e6100000)
  from space 30208K, 99% used [0x00000007e6100000,0x00000007e7e78010,0x00000007e7e80000)
  to   space 24576K, 0% used [0x00000007e7e80000,0x00000007e7e80000,0x00000007e9680000)
 ParOldGen       total 156160K, used 68761K [0x0000000784000000, 0x000000078d880000, 0x00000007d6a80000)
  object space 156160K, 44% used [0x0000000784000000,0x00000007883266b0,0x000000078d880000)
 PSPermGen       total 83456K, used 42599K [0x000000077ee00000, 0x0000000783f80000, 0x0000000784000000)
  object space 83456K, 51% used [0x000000077ee00000,0x0000000781799fc0,0x0000000783f80000)
Event: 23.167 GC heap after
Heap after GC invocations=14 (full 2):
 PSYoungGen      total 276992K, used 24544K [0x00000007d6a80000, 0x00000007ea180000, 0x0000000800000000)
  eden space 252416K, 0% used [0x00000007d6a80000,0x00000007d6a80000,0x00000007e6100000)
  from space 24576K, 99% used [0x00000007e7e80000,0x00000007e9678010,0x00000007e9680000)
  to   space 30208K, 0% used [0x00000007e6100000,0x00000007e6100000,0x00000007e7e80000)
 ParOldGen       total 156160K, used 119409K [0x0000000784000000, 0x000000078d880000, 0x00000007d6a80000)
  object space 156160K, 76% used [0x0000000784000000,0x000000078b49c6d0,0x000000078d880000)
 PSPermGen       total 83456K, used 42599K [0x000000077ee00000, 0x0000000783f80000, 0x0000000784000000)
  object space 83456K, 51% used [0x000000077ee00000,0x0000000781799fc0,0x0000000783f80000)
}
Event: 23.167 GC heap before
{Heap before GC invocations=15 (full 3):
 PSYoungGen      total 276992K, used 24544K [0x00000007d6a80000, 0x00000007ea180000, 0x0000000800000000)
  eden space 252416K, 0% used [0x00000007d6a80000,0x00000007d6a80000,0x00000007e6100000)
  from space 24576K, 99% used [0x00000007e7e80000,0x00000007e9678010,0x00000007e9680000)
  to   space 30208K, 0% used [0x00000007e6100000,0x00000007e6100000,0x00000007e7e80000)
 ParOldGen       total 156160K, used 119409K [0x0000000784000000, 0x000000078d880000, 0x00000007d6a80000)
  object space 156160K, 76% used [0x0000000784000000,0x000000078b49c6d0,0x000000078d880000)
 PSPermGen       total 83456K, used 42599K [0x000000077ee00000, 0x0000000783f80000, 0x0000000784000000)
  object space 83456K, 51% used [0x000000077ee00000,0x0000000781799fc0,0x0000000783f80000)
Event: 24.400 GC heap after
Heap after GC invocations=15 (full 3):
 PSYoungGen      total 276992K, used 0K [0x00000007d6a80000, 0x00000007ea180000, 0x0000000800000000)
  eden space 252416K, 0% used [0x00000007d6a80000,0x00000007d6a80000,0x00000007e6100000)
  from space 24576K, 0% used [0x00000007e7e80000,0x00000007e7e80000,0x00000007e9680000)
  to   space 30208K, 0% used [0x00000007e6100000,0x00000007e6100000,0x00000007e7e80000)
 ParOldGen       total 156160K, used 119129K [0x0000000784000000, 0x000000078d880000, 0x00000007d6a80000)
  object space 156160K, 76% used [0x0000000784000000,0x000000078b4565e8,0x000000078d880000)
 PSPermGen       total 83968K, used 42599K [0x000000077ee00000, 0x0000000784000000, 0x0000000784000000)
  object space 83968K, 50% used [0x000000077ee00000,0x0000000781799fc0,0x0000000784000000)
}

# JRE version: Java(TM) SE Runtime Environment (7.0_79-b15) (build 1.7.0_79-b15)
# Java VM: Java HotSpot(TM) 64-Bit Server VM (24.79-b02 mixed mode windows-amd64 compressed oops)
Heap
 PSYoungGen      total 276992K, used 16174K [0x00000007d6a80000, 0x00000007ea180000, 0x0000000800000000)
  eden space 252416K, 6% used [0x00000007d6a80000,0x00000007d7a4bb30,0x00000007e6100000)
  from space 24576K, 0% used [0x00000007e7e80000,0x00000007e7e80000,0x00000007e9680000)
  to   space 30208K, 0% used [0x00000007e6100000,0x00000007e6100000,0x00000007e7e80000)
 ParOldGen       total 156160K, used 119129K [0x0000000784000000, 0x000000078d880000, 0x00000007d6a80000)
  object space 156160K, 76% used [0x0000000784000000,0x000000078b4565e8,0x000000078d880000)
 PSPermGen       total 83968K, used 42744K [0x000000077ee00000, 0x0000000784000000, 0x0000000784000000)
  object space 83968K, 50% used [0x000000077ee00000,0x00000007817be358,0x0000000784000000)
GC Heap History (10 events):
Event: 19.699 GC heap before
{Heap before GC invocations=11 (full 1):
 PSYoungGen      total 282624K, used 282592K [0x00000007d6a80000, 0x00000007ea180000, 0x0000000800000000)
  eden space 252416K, 100% used [0x00000007d6a80000,0x00000007e6100000,0x00000007e6100000)
  from space 30208K, 99% used [0x00000007e6100000,0x00000007e7e78040,0x00000007e7e80000)
  to   space 24576K, 0% used [0x00000007e7e80000,0x00000007e7e80000,0x00000007e9680000)
 ParOldGen       total 156160K, used 113173K [0x0000000784000000, 0x000000078d880000, 0x00000007d6a80000)
  object space 156160K, 72% used [0x0000000784000000,0x000000078ae854d0,0x000000078d880000)
 PSPermGen       total 83456K, used 42600K [0x000000077ee00000, 0x0000000783f80000, 0x0000000784000000)
  object space 83456K, 51% used [0x000000077ee00000,0x000000078179a110,0x0000000783f80000)
Event: 19.849 GC heap after
Heap after GC invocations=11 (full 1):
 PSYoungGen      total 276992K, used 24544K [0x00000007d6a80000, 0x00000007ea180000, 0x0000000800000000)
  eden space 252416K, 0% used [0x00000007d6a80000,0x00000007d6a80000,0x00000007e6100000)
  from space 24576K, 99% used [0x00000007e7e80000,0x00000007e9678040,0x00000007e9680000)
  to   space 30208K, 0% used [0x00000007e6100000,0x00000007e6100000,0x00000007e7e80000)
 ParOldGen       total 156160K, used 152197K [0x0000000784000000, 0x000000078d880000, 0x00000007d6a80000)
  object space 156160K, 97% used [0x0000000784000000,0x000000078d4a14d0,0x000000078d880000)
 PSPermGen       total 83456K, used 42600K [0x000000077ee00000, 0x0000000783f80000, 0x0000000784000000)
  object space 83456K, 51% used [0x000000077ee00000,0x000000078179a110,0x0000000783f80000)
}
Event: 19.849 GC heap before
{Heap before GC invocations=12 (full 2):
 PSYoungGen      total 276992K, used 24544K [0x00000007d6a80000, 0x00000007ea180000, 0x0000000800000000)
  eden space 252416K, 0% used [0x00000007d6a80000,0x00000007d6a80000,0x00000007e6100000)
  from space 24576K, 99% used [0x00000007e7e80000,0x00000007e9678040,0x00000007e9680000)
  to   space 30208K, 0% used [0x00000007e6100000,0x00000007e6100000,0x00000007e7e80000)
 ParOldGen       total 156160K, used 152197K [0x0000000784000000, 0x000000078d880000, 0x00000007d6a80000)
  object space 156160K, 97% used [0x0000000784000000,0x000000078d4a14d0,0x000000078d880000)
 PSPermGen       total 83456K, used 42600K [0x000000077ee00000, 0x0000000783f80000, 0x0000000784000000)
  object space 83456K, 51% used [0x000000077ee00000,0x000000078179a110,0x0000000783f80000)
Event: 20.712 GC heap after
Heap after GC invocations=12 (full 2):
 PSYoungGen      total 276992K, used 0K [0x00000007d6a80000, 0x00000007ea180000, 0x0000000800000000)
  eden space 252416K, 0% used [0x00000007d6a80000,0x00000007d6a80000,0x00000007e6100000)
  from space 24576K, 0% used [0x00000007e7e80000,0x00000007e7e80000,0x00000007e9680000)
  to   space 30208K, 0% used [0x00000007e6100000,0x00000007e6100000,0x00000007e7e80000)
 ParOldGen       total 156160K, used 56521K [0x0000000784000000, 0x000000078d880000, 0x00000007d6a80000)
  object space 156160K, 36% used [0x0000000784000000,0x00000007877326b0,0x000000078d880000)
 PSPermGen       total 83456K, used 42599K [0x000000077ee00000, 0x0000000783f80000, 0x0000000784000000)
  object space 83456K, 51% used [0x000000077ee00000,0x0000000781799e38,0x0000000783f80000)
}
Event: 21.592 GC heap before
{Heap before GC invocations=13 (full 2):
 PSYoungGen      total 276992K, used 252416K [0x00000007d6a80000, 0x00000007ea180000, 0x0000000800000000)
  eden space 252416K, 100% used [0x00000007d6a80000,0x00000007e6100000,0x00000007e6100000)
  from space 24576K, 0% used [0x00000007e7e80000,0x00000007e7e80000,0x00000007e9680000)
  to   space 30208K, 0% used [0x00000007e6100000,0x00000007e6100000,0x00000007e7e80000)
 ParOldGen       total 156160K, used 56521K [0x0000000784000000, 0x000000078d880000, 0x00000007d6a80000)
  object space 156160K, 36% used [0x0000000784000000,0x00000007877326b0,0x000000078d880000)
 PSPermGen       total 83456K, used 42599K [0x000000077ee00000, 0x0000000783f80000, 0x0000000784000000)
  object space 83456K, 51% used [0x000000077ee00000,0x0000000781799e38,0x0000000783f80000)
Event: 21.690 GC heap after
Heap after GC invocations=13 (full 2):
 PSYoungGen      total 282624K, used 30176K [0x00000007d6a80000, 0x00000007ea180000, 0x0000000800000000)
  eden space 252416K, 0% used [0x00000007d6a80000,0x00000007d6a80000,0x00000007e6100000)
  from space 30208K, 99% used [0x00000007e6100000,0x00000007e7e78010,0x00000007e7e80000)
  to   space 24576K, 0% used [0x00000007e7e80000,0x00000007e7e80000,0x00000007e9680000)
 ParOldGen       total 156160K, used 68761K [0x0000000784000000, 0x000000078d880000, 0x00000007d6a80000)
  object space 156160K, 44% used [0x0000000784000000,0x00000007883266b0,0x000000078d880000)
 PSPermGen       total 83456K, used 42599K [0x000000077ee00000, 0x0000000783f80000, 0x0000000784000000)
  object space 83456K, 51% used [0x000000077ee00000,0x0000000781799e38,0x0000000783f80000)
}
Event: 22.984 GC heap before
{Heap before GC invocations=14 (full 2):
 PSYoungGen      total 282624K, used 282592K [0x00000007d6a80000, 0x00000007ea180000, 0x0000000800000000)
  eden space 252416K, 100% used [0x00000007d6a80000,0x00000007e6100000,0x00000007e6100000)
  from space 30208K, 99% used [0x00000007e6100000,0x00000007e7e78010,0x00000007e7e80000)
  to   space 24576K, 0% used [0x00000007e7e80000,0x00000007e7e80000,0x00000007e9680000)
 ParOldGen       total 156160K, used 68761K [0x0000000784000000, 0x000000078d880000, 0x00000007d6a80000)
  object space 156160K, 44% used [0x0000000784000000,0x00000007883266b0,0x000000078d880000)
 PSPermGen       total 83456K, used 42599K [0x000000077ee00000, 0x0000000783f80000, 0x0000000784000000)
  object space 83456K, 51% used [0x000000077ee00000,0x0000000781799fc0,0x0000000783f80000)
Event: 23.167 GC heap after
Heap after GC invocations=14 (full 2):
 PSYoungGen      total 276992K, used 24544K [0x00000007d6a80000, 0x00000007ea180000, 0x0000000800000000)
  eden space 252416K, 0% used [0x00000007d6a80000,0x00000007d6a80000,0x00000007e6100000)
  from space 24576K, 99% used [0x00000007e7e80000,0x00000007e9678010,0x00000007e9680000)
  to   space 30208K, 0% used [0x00000007e6100000,0x00000007e6100000,0x00000007e7e80000)
 ParOldGen       total 156160K, used 119409K [0x0000000784000000, 0x000000078d880000, 0x00000007d6a80000)
  object space 156160K, 76% used [0x0000000784000000,0x000000078b49c6d0,0x000000078d880000)
 PSPermGen       total 83456K, used 42599K [0x000000077ee00000, 0x0000000783f80000, 0x0000000784000000)
  object space 83456K, 51% used [0x000000077ee00000,0x0000000781799fc0,0x0000000783f80000)
}
Event: 23.167 GC heap before
{Heap before GC invocations=15 (full 3):
 PSYoungGen      total 276992K, used 24544K [0x00000007d6a80000, 0x00000007ea180000, 0x0000000800000000)
  eden space 252416K, 0% used [0x00000007d6a80000,0x00000007d6a80000,0x00000007e6100000)
  from space 24576K, 99% used [0x00000007e7e80000,0x00000007e9678010,0x00000007e9680000)
  to   space 30208K, 0% used [0x00000007e6100000,0x00000007e6100000,0x00000007e7e80000)
 ParOldGen       total 156160K, used 119409K [0x0000000784000000, 0x000000078d880000, 0x00000007d6a80000)
  object space 156160K, 76% used [0x0000000784000000,0x000000078b49c6d0,0x000000078d880000)
 PSPermGen       total 83456K, used 42599K [0x000000077ee00000, 0x0000000783f80000, 0x0000000784000000)
  object space 83456K, 51% used [0x000000077ee00000,0x0000000781799fc0,0x0000000783f80000)
Event: 24.400 GC heap after
Heap after GC invocations=15 (full 3):
 PSYoungGen      total 276992K, used 0K [0x00000007d6a80000, 0x00000007ea180000, 0x0000000800000000)
  eden space 252416K, 0% used [0x00000007d6a80000,0x00000007d6a80000,0x00000007e6100000)
  from space 24576K, 0% used [0x00000007e7e80000,0x00000007e7e80000,0x00000007e9680000)
  to   space 30208K, 0% used [0x00000007e6100000,0x00000007e6100000,0x00000007e7e80000)
 ParOldGen       total 156160K, used 119129K [0x0000000784000000, 0x000000078d880000, 0x00000007d6a80000)
  object space 156160K, 76% used [0x0000000784000000,0x000000078b4565e8,0x000000078d880000)
 PSPermGen       total 83968K, used 42599K [0x000000077ee00000, 0x0000000784000000, 0x0000000784000000)
  object space 83968K, 50% used [0x000000077ee00000,0x0000000781799fc0,0x0000000784000000)
}

# JRE version: Java(TM) SE Runtime Environment (7.0_79-b15) (build 1.7.0_79-b15)
# Java VM: Java HotSpot(TM) 64-Bit Server VM (24.79-b02 mixed mode windows-amd64 compressed oops)
Heap
 PSYoungGen      total 276992K, used 16174K [0x00000007d6a80000, 0x00000007ea180000, 0x0000000800000000)
  eden space 252416K, 6% used [0x00000007d6a80000,0x00000007d7a4bb30,0x00000007e6100000)
  from space 24576K, 0% used [0x00000007e7e80000,0x00000007e7e80000,0x00000007e9680000)
  to   space 30208K, 0% used [0x00000007e6100000,0x00000007e6100000,0x00000007e7e80000)
 ParOldGen       total 156160K, used 119129K [0x0000000784000000, 0x000000078d880000, 0x00000007d6a80000)
  object space 156160K, 76% used [0x0000000784000000,0x000000078b4565e8,0x000000078d880000)
 PSPermGen       total 83968K, used 42744K [0x000000077ee00000, 0x0000000784000000, 0x0000000784000000)
  object space 83968K, 50% used [0x000000077ee00000,0x00000007817be358,0x0000000784000000)
GC Heap History (10 events):
Event: 19.699 GC heap before
{Heap before GC invocations=11 (full 1):
 PSYoungGen      total 282624K, used 282592K [0x00000007d6a80000, 0x00000007ea180000, 0x0000000800000000)
  eden space 252416K, 100% used [0x00000007d6a80000,0x00000007e6100000,0x00000007e6100000)
  from space 30208K, 99% used [0x00000007e6100000,0x00000007e7e78040,0x00000007e7e80000)
  to   space 24576K, 0% used [0x00000007e7e80000,0x00000007e7e80000,0x00000007e9680000)
 ParOldGen       total 156160K, used 113173K [0x0000000784000000, 0x000000078d880000, 0x00000007d6a80000)
  object space 156160K, 72% used [0x0000000784000000,0x000000078ae854d0,0x000000078d880000)
 PSPermGen       total 83456K, used 42600K [0x000000077ee00000, 0x0000000783f80000, 0x0000000784000000)
  object space 83456K, 51% used [0x000000077ee00000,0x000000078179a110,0x0000000783f80000)
Event: 19.849 GC heap after
Heap after GC invocations=11 (full 1):
 PSYoungGen      total 276992K, used 24544K [0x00000007d6a80000, 0x00000007ea180000, 0x0000000800000000)
  eden space 252416K, 0% used [0x00000007d6a80000,0x00000007d6a80000,0x00000007e6100000)
  from space 24576K, 99% used [0x00000007e7e80000,0x00000007e9678040,0x00000007e9680000)
  to   space 30208K, 0% used [0x00000007e6100000,0x00000007e6100000,0x00000007e7e80000)
 ParOldGen       total 156160K, used 152197K [0x0000000784000000, 0x000000078d880000, 0x00000007d6a80000)
  object space 156160K, 97% used [0x0000000784000000,0x000000078d4a14d0,0x000000078d880000)
 PSPermGen       total 83456K, used 42600K [0x000000077ee00000, 0x0000000783f80000, 0x0000000784000000)
  object space 83456K, 51% used [0x000000077ee00000,0x000000078179a110,0x0000000783f80000)
}
Event: 19.849 GC heap before
{Heap before GC invocations=12 (full 2):
 PSYoungGen      total 276992K, used 24544K [0x00000007d6a80000, 0x00000007ea180000, 0x0000000800000000)
  eden space 252416K, 0% used [0x00000007d6a80000,0x00000007d6a80000,0x00000007e6100000)
  from space 24576K, 99% used [0x00000007e7e80000,0x00000007e9678040,0x00000007e9680000)
  to   space 30208K, 0% used [0x00000007e6100000,0x00000007e6100000,0x00000007e7e80000)
 ParOldGen       total 156160K, used 152197K [0x0000000784000000, 0x000000078d880000, 0x00000007d6a80000)
  object space 156160K, 97% used [0x0000000784000000,0x000000078d4a14d0,0x000000078d880000)
 PSPermGen       total 83456K, used 42600K [0x000000077ee00000, 0x0000000783f80000, 0x0000000784000000)
  object space 83456K, 51% used [0x000000077ee00000,0x000000078179a110,0x0000000783f80000)
Event: 20.712 GC heap after
Heap after GC invocations=12 (full 2):
 PSYoungGen      total 276992K, used 0K [0x00000007d6a80000, 0x00000007ea180000, 0x0000000800000000)
  eden space 252416K, 0% used [0x00000007d6a80000,0x00000007d6a80000,0x00000007e6100000)
  from space 24576K, 0% used [0x00000007e7e80000,0x00000007e7e80000,0x00000007e9680000)
  to   space 30208K, 0% used [0x00000007e6100000,0x00000007e6100000,0x00000007e7e80000)
 ParOldGen       total 156160K, used 56521K [0x0000000784000000, 0x000000078d880000, 0x00000007d6a80000)
  object space 156160K, 36% used [0x0000000784000000,0x00000007877326b0,0x000000078d880000)
 PSPermGen       total 83456K, used 42599K [0x000000077ee00000, 0x0000000783f80000, 0x0000000784000000)
  object space 83456K, 51% used [0x000000077ee00000,0x0000000781799e38,0x0000000783f80000)
}
Event: 21.592 GC heap before
{Heap before GC invocations=13 (full 2):
 PSYoungGen      total 276992K, used 252416K [0x00000007d6a80000, 0x00000007ea180000, 0x0000000800000000)
  eden space 252416K, 100% used [0x00000007d6a80000,0x00000007e6100000,0x00000007e6100000)
  from space 24576K, 0% used [0x00000007e7e80000,0x00000007e7e80000,0x00000007e9680000)
  to   space 30208K, 0% used [0x00000007e6100000,0x00000007e6100000,0x00000007e7e80000)
 ParOldGen       total 156160K, used 56521K [0x0000000784000000, 0x000000078d880000, 0x00000007d6a80000)
  object space 156160K, 36% used [0x0000000784000000,0x00000007877326b0,0x000000078d880000)
 PSPermGen       total 83456K, used 42599K [0x000000077ee00000, 0x0000000783f80000, 0x0000000784000000)
  object space 83456K, 51% used [0x000000077ee00000,0x0000000781799e38,0x0000000783f80000)
Event: 21.690 GC heap after
Heap after GC invocations=13 (full 2):
 PSYoungGen      total 282624K, used 30176K [0x00000007d6a80000, 0x00000007ea180000, 0x0000000800000000)
  eden space 252416K, 0% used [0x00000007d6a80000,0x00000007d6a80000,0x00000007e6100000)
  from space 30208K, 99% used [0x00000007e6100000,0x00000007e7e78010,0x00000007e7e80000)
  to   space 24576K, 0% used [0x00000007e7e80000,0x00000007e7e80000,0x00000007e9680000)
 ParOldGen       total 156160K, used 68761K [0x0000000784000000, 0x000000078d880000, 0x00000007d6a80000)
  object space 156160K, 44% used [0x0000000784000000,0x00000007883266b0,0x000000078d880000)
 PSPermGen       total 83456K, used 42599K [0x000000077ee00000, 0x0000000783f80000, 0x0000000784000000)
  object space 83456K, 51% used [0x000000077ee00000,0x0000000781799e38,0x0000000783f80000)
}
Event: 22.984 GC heap before
{Heap before GC invocations=14 (full 2):
 PSYoungGen      total 282624K, used 282592K [0x00000007d6a80000, 0x00000007ea180000, 0x0000000800000000)
  eden space 252416K, 100% used [0x00000007d6a80000,0x00000007e6100000,0x00000007e6100000)
  from space 30208K, 99% used [0x00000007e6100000,0x00000007e7e78010,0x00000007e7e80000)
  to   space 24576K, 0% used [0x00000007e7e80000,0x00000007e7e80000,0x00000007e9680000)
 ParOldGen       total 156160K, used 68761K [0x0000000784000000, 0x000000078d880000, 0x00000007d6a80000)
  object space 156160K, 44% used [0x0000000784000000,0x00000007883266b0,0x000000078d880000)
 PSPermGen       total 83456K, used 42599K [0x000000077ee00000, 0x0000000783f80000, 0x0000000784000000)
  object space 83456K, 51% used [0x000000077ee00000,0x0000000781799fc0,0x0000000783f80000)
Event: 23.167 GC heap after
Heap after GC invocations=14 (full 2):
 PSYoungGen      total 276992K, used 24544K [0x00000007d6a80000, 0x00000007ea180000, 0x0000000800000000)
  eden space 252416K, 0% used [0x00000007d6a80000,0x00000007d6a80000,0x00000007e6100000)
  from space 24576K, 99% used [0x00000007e7e80000,0x00000007e9678010,0x00000007e9680000)
  to   space 30208K, 0% used [0x00000007e6100000,0x00000007e6100000,0x00000007e7e80000)
 ParOldGen       total 156160K, used 119409K [0x0000000784000000, 0x000000078d880000, 0x00000007d6a80000)
  object space 156160K, 76% used [0x0000000784000000,0x000000078b49c6d0,0x000000078d880000)
 PSPermGen       total 83456K, used 42599K [0x000000077ee00000, 0x0000000783f80000, 0x0000000784000000)
  object space 83456K, 51% used [0x000000077ee00000,0x0000000781799fc0,0x0000000783f80000)
}
Event: 23.167 GC heap before
{Heap before GC invocations=15 (full 3):
 PSYoungGen      total 276992K, used 24544K [0x00000007d6a80000, 0x00000007ea180000, 0x0000000800000000)
  eden space 252416K, 0% used [0x00000007d6a80000,0x00000007d6a80000,0x00000007e6100000)
  from space 24576K, 99% used [0x00000007e7e80000,0x00000007e9678010,0x00000007e9680000)
  to   space 30208K, 0% used [0x00000007e6100000,0x00000007e6100000,0x00000007e7e80000)
 ParOldGen       total 156160K, used 119409K [0x0000000784000000, 0x000000078d880000, 0x00000007d6a80000)
  object space 156160K, 76% used [0x0000000784000000,0x000000078b49c6d0,0x000000078d880000)
 PSPermGen       total 83456K, used 42599K [0x000000077ee00000, 0x0000000783f80000, 0x0000000784000000)
  object space 83456K, 51% used [0x000000077ee00000,0x0000000781799fc0,0x0000000783f80000)
Event: 24.400 GC heap after
Heap after GC invocations=15 (full 3):
 PSYoungGen      total 276992K, used 0K [0x00000007d6a80000, 0x00000007ea180000, 0x0000000800000000)
  eden space 252416K, 0% used [0x00000007d6a80000,0x00000007d6a80000,0x00000007e6100000)
  from space 24576K, 0% used [0x00000007e7e80000,0x00000007e7e80000,0x00000007e9680000)
  to   space 30208K, 0% used [0x00000007e6100000,0x00000007e6100000,0x00000007e7e80000)
 ParOldGen       total 156160K, used 119129K [0x0000000784000000, 0x000000078d880000, 0x00000007d6a80000)
  object space 156160K, 76% used [0x0000000784000000,0x000000078b4565e8,0x000000078d880000)
 PSPermGen       total 83968K, used 42599K [0x000000077ee00000, 0x0000000784000000, 0x0000000784000000)
  object space 83968K, 50% used [0x000000077ee00000,0x0000000781799fc0,0x0000000784000000)
}

